DEBUG:root:[ Iteration 0 ] Training loss: 0.173617
DEBUG:root:[ Iteration 0 ] Test loss: 0.167575
DEBUG:root:[ Iteration 3 ] Training loss: 0.171808
DEBUG:root:[ Iteration 6 ] Training loss: 0.157945
DEBUG:root:[ Iteration 9 ] Training loss: 0.155951
DEBUG:root:[ Iteration 12 ] Training loss: 0.178033
DEBUG:root:[ Iteration 15 ] Training loss: 0.161198
DEBUG:root:[ Iteration 18 ] Training loss: 0.169006
DEBUG:root:[ Iteration 20 ] Test loss: 0.164082
DEBUG:root:[ Iteration 21 ] Training loss: 0.151584
DEBUG:root:[ Iteration 24 ] Training loss: 0.162811
DEBUG:root:[ Iteration 27 ] Training loss: 0.16577
DEBUG:root:[ Iteration 30 ] Training loss: 0.169345
DEBUG:root:[ Iteration 33 ] Training loss: 0.162159
DEBUG:root:[ Iteration 36 ] Training loss: 0.161171
DEBUG:root:[ Iteration 39 ] Training loss: 0.160031
DEBUG:root:[ Iteration 40 ] Test loss: 0.160344
DEBUG:root:[ Iteration 42 ] Training loss: 0.158838
DEBUG:root:[ Iteration 45 ] Training loss: 0.174164
DEBUG:root:[ Iteration 48 ] Training loss: 0.156974
DEBUG:root:[ Iteration 51 ] Training loss: 0.17087
DEBUG:root:[ Iteration 54 ] Training loss: 0.162857
DEBUG:root:[ Iteration 57 ] Training loss: 0.156162
DEBUG:root:[ Iteration 60 ] Training loss: 0.148666
DEBUG:root:[ Iteration 60 ] Test loss: 0.159288
DEBUG:root:[ Iteration 63 ] Training loss: 0.161749
DEBUG:root:[ Iteration 66 ] Training loss: 0.150905
DEBUG:root:[ Iteration 69 ] Training loss: 0.170554
DEBUG:root:[ Iteration 72 ] Training loss: 0.154744
DEBUG:root:[ Iteration 75 ] Training loss: 0.147863
DEBUG:root:[ Iteration 78 ] Training loss: 0.162291
DEBUG:root:[ Iteration 80 ] Test loss: 0.159073
DEBUG:root:[ Iteration 81 ] Training loss: 0.162764
DEBUG:root:[ Iteration 84 ] Training loss: 0.147911
DEBUG:root:[ Iteration 87 ] Training loss: 0.139189
DEBUG:root:[ Iteration 90 ] Training loss: 0.168601
DEBUG:root:[ Iteration 93 ] Training loss: 0.151303
DEBUG:root:[ Iteration 96 ] Training loss: 0.153591
DEBUG:root:[ Iteration 99 ] Training loss: 0.159805
DEBUG:root:Saving...
DEBUG:root:Saved model to /home/annal/Izzy/vision_amt/Net/tensor/./net6/net6_02-14-2016_19h05m53s.ckpt
DEBUG:root:Optimization done.
DEBUG:root:[ Iteration 0 ] Training loss: 0.186004
DEBUG:root:[ Iteration 0 ] Test loss: 0.187346
DEBUG:root:[ Iteration 3 ] Training loss: 0.177744
DEBUG:root:[ Iteration 6 ] Training loss: 0.19548
DEBUG:root:[ Iteration 9 ] Training loss: 0.186236
DEBUG:root:[ Iteration 12 ] Training loss: 0.186154
DEBUG:root:[ Iteration 15 ] Training loss: 0.18407
DEBUG:root:[ Iteration 18 ] Training loss: 0.187182
DEBUG:root:[ Iteration 20 ] Test loss: 0.181616
DEBUG:root:[ Iteration 21 ] Training loss: 0.183707
DEBUG:root:[ Iteration 24 ] Training loss: 0.180565
DEBUG:root:[ Iteration 27 ] Training loss: 0.184745
DEBUG:root:[ Iteration 30 ] Training loss: 0.1812
DEBUG:root:[ Iteration 33 ] Training loss: 0.186996
DEBUG:root:[ Iteration 36 ] Training loss: 0.174902
DEBUG:root:[ Iteration 39 ] Training loss: 0.177699
DEBUG:root:[ Iteration 40 ] Test loss: 0.177504
DEBUG:root:[ Iteration 42 ] Training loss: 0.180098
DEBUG:root:[ Iteration 45 ] Training loss: 0.170354
DEBUG:root:[ Iteration 48 ] Training loss: 0.181157
DEBUG:root:[ Iteration 51 ] Training loss: 0.179292
DEBUG:root:[ Iteration 54 ] Training loss: 0.177847
DEBUG:root:Saving...
DEBUG:root:Saved model to /home/annal/Izzy/vision_amt/Net/tensor/./net6/net6_02-14-2016_19h07m35s.ckpt
DEBUG:root:Optimization done.
DEBUG:root:[ Iteration 0 ] Training loss: 0.166048
DEBUG:root:[ Iteration 0 ] Test loss: 0.167573
DEBUG:root:[ Iteration 3 ] Training loss: 0.165956
DEBUG:root:[ Iteration 6 ] Training loss: 0.165796
DEBUG:root:[ Iteration 9 ] Training loss: 0.165613
DEBUG:root:[ Iteration 12 ] Training loss: 0.165421
DEBUG:root:[ Iteration 15 ] Training loss: 0.165229
DEBUG:root:Saving...
DEBUG:root:Saved model to /home/annal/Izzy/vision_amt/Net/tensor/./net6/net6_02-14-2016_19h08m31s.ckpt
DEBUG:root:Optimization done.
DEBUG:root:[ Iteration 0 ] Training loss: 0.174003
DEBUG:root:[ Iteration 0 ] Test loss: 0.174534
DEBUG:root:[ Iteration 3 ] Training loss: 0.170861
DEBUG:root:[ Iteration 6 ] Training loss: 0.166844
DEBUG:root:[ Iteration 9 ] Training loss: 0.163321
DEBUG:root:[ Iteration 12 ] Training loss: 0.160155
DEBUG:root:[ Iteration 15 ] Training loss: 0.157431
DEBUG:root:[ Iteration 18 ] Training loss: 0.155183
DEBUG:root:[ Iteration 20 ] Test loss: 0.161487
DEBUG:root:[ Iteration 21 ] Training loss: 0.153413
DEBUG:root:[ Iteration 24 ] Training loss: 0.15212
DEBUG:root:[ Iteration 27 ] Training loss: 0.151241
DEBUG:root:[ Iteration 30 ] Training loss: 0.150681
DEBUG:root:[ Iteration 33 ] Training loss: 0.150343
DEBUG:root:Saving...
DEBUG:root:Saved model to /home/annal/Izzy/vision_amt/Net/tensor/./net6/net6_02-14-2016_19h09m23s.ckpt
DEBUG:root:Optimization done.
DEBUG:root:[ Iteration 0 ] Training loss: 0.173845
DEBUG:root:[ Iteration 0 ] Test loss: 0.177812
DEBUG:root:[ Iteration 3 ] Training loss: 0.172451
DEBUG:root:[ Iteration 6 ] Training loss: 0.169804
DEBUG:root:[ Iteration 9 ] Training loss: 0.16671
DEBUG:root:[ Iteration 12 ] Training loss: 0.162978
DEBUG:root:[ Iteration 15 ] Training loss: 0.158517
DEBUG:root:[ Iteration 18 ] Training loss: 0.154642
DEBUG:root:[ Iteration 20 ] Test loss: 0.162808
DEBUG:root:[ Iteration 21 ] Training loss: 0.1523
DEBUG:root:[ Iteration 24 ] Training loss: 0.151724
DEBUG:root:[ Iteration 27 ] Training loss: 0.151624
DEBUG:root:[ Iteration 30 ] Training loss: 0.151282
DEBUG:root:[ Iteration 33 ] Training loss: 0.150821
DEBUG:root:[ Iteration 36 ] Training loss: 0.150503
DEBUG:root:[ Iteration 39 ] Training loss: 0.150303
DEBUG:root:[ Iteration 40 ] Test loss: 0.159248
DEBUG:root:[ Iteration 42 ] Training loss: 0.15012
DEBUG:root:[ Iteration 45 ] Training loss: 0.14995
DEBUG:root:Saving...
DEBUG:root:Saved model to /home/annal/Izzy/vision_amt/Net/tensor/./net6/net6_02-14-2016_19h11m28s.ckpt
DEBUG:root:Optimization done.
DEBUG:root:[ Iteration 0 ] Training loss: 0.20273
DEBUG:root:[ Iteration 0 ] Test loss: 0.203702
DEBUG:root:[ Iteration 3 ] Training loss: 0.173312
DEBUG:root:[ Iteration 6 ] Training loss: 0.16989
DEBUG:root:[ Iteration 9 ] Training loss: 0.165847
DEBUG:root:[ Iteration 12 ] Training loss: 0.162718
DEBUG:root:[ Iteration 15 ] Training loss: 0.162961
DEBUG:root:[ Iteration 18 ] Training loss: 0.163639
DEBUG:root:[ Iteration 20 ] Test loss: 0.161406
DEBUG:root:[ Iteration 21 ] Training loss: 0.163617
DEBUG:root:[ Iteration 24 ] Training loss: 0.163235
DEBUG:root:[ Iteration 27 ] Training loss: 0.162896
DEBUG:root:[ Iteration 30 ] Training loss: 0.162651
DEBUG:root:[ Iteration 33 ] Training loss: 0.162534
DEBUG:root:[ Iteration 36 ] Training loss: 0.16252
DEBUG:root:[ Iteration 39 ] Training loss: 0.162555
DEBUG:root:[ Iteration 40 ] Test loss: 0.16043
DEBUG:root:[ Iteration 42 ] Training loss: 0.162579
DEBUG:root:[ Iteration 45 ] Training loss: 0.162577
DEBUG:root:[ Iteration 48 ] Training loss: 0.162563
DEBUG:root:[ Iteration 51 ] Training loss: 0.162546
DEBUG:root:[ Iteration 54 ] Training loss: 0.16253
DEBUG:root:[ Iteration 57 ] Training loss: 0.162519
DEBUG:root:Saving...
DEBUG:root:Saved model to /home/annal/Izzy/vision_amt/Net/tensor/./net6/net6_02-14-2016_19h14m06s.ckpt
DEBUG:root:Optimization done.
DEBUG:root:[ Iteration 0 ] Training loss: 0.326788
DEBUG:root:[ Iteration 0 ] Test loss: 0.353377
DEBUG:root:[ Iteration 3 ] Training loss: 0.141189
DEBUG:root:[ Iteration 6 ] Training loss: 0.162673
DEBUG:root:[ Iteration 9 ] Training loss: 0.161024
DEBUG:root:[ Iteration 12 ] Training loss: 0.152084
DEBUG:root:[ Iteration 15 ] Training loss: 0.149768
DEBUG:root:[ Iteration 18 ] Training loss: 0.150066
DEBUG:root:[ Iteration 20 ] Test loss: 0.159789
DEBUG:root:[ Iteration 21 ] Training loss: 0.149943
DEBUG:root:[ Iteration 24 ] Training loss: 0.149249
DEBUG:root:[ Iteration 27 ] Training loss: 0.148334
DEBUG:root:[ Iteration 30 ] Training loss: 0.147519
DEBUG:root:[ Iteration 33 ] Training loss: 0.146924
DEBUG:root:[ Iteration 36 ] Training loss: 0.146423
DEBUG:root:[ Iteration 39 ] Training loss: 0.14591
DEBUG:root:Saving...
DEBUG:root:Saved model to /home/annal/Izzy/vision_amt/Net/tensor/./net6/net6_02-14-2016_19h20m10s.ckpt
DEBUG:root:Optimization done.
DEBUG:root:[ Iteration 0 ] Training loss: 0.172972
DEBUG:root:[ Iteration 0 ] Test loss: 0.166191
DEBUG:root:[ Iteration 3 ] Training loss: 0.157606
DEBUG:root:[ Iteration 6 ] Training loss: 0.152339
DEBUG:root:[ Iteration 9 ] Training loss: 0.142891
DEBUG:root:[ Iteration 12 ] Training loss: 0.128625
DEBUG:root:[ Iteration 15 ] Training loss: 0.105197
DEBUG:root:[ Iteration 18 ] Training loss: 0.0751605
DEBUG:root:[ Iteration 20 ] Test loss: 0.166481
DEBUG:root:[ Iteration 21 ] Training loss: 0.0455712
DEBUG:root:[ Iteration 24 ] Training loss: 0.0396058
DEBUG:root:[ Iteration 27 ] Training loss: 0.121889
DEBUG:root:[ Iteration 30 ] Training loss: 0.186032
DEBUG:root:[ Iteration 33 ] Training loss: 0.13746
DEBUG:root:[ Iteration 36 ] Training loss: 0.136323
DEBUG:root:[ Iteration 39 ] Training loss: 0.130602
DEBUG:root:[ Iteration 40 ] Test loss: 0.296368
DEBUG:root:[ Iteration 42 ] Training loss: 0.131622
DEBUG:root:[ Iteration 45 ] Training loss: 0.129476
DEBUG:root:[ Iteration 48 ] Training loss: 0.127099
DEBUG:root:[ Iteration 51 ] Training loss: 0.126882
DEBUG:root:[ Iteration 54 ] Training loss: 0.126722
DEBUG:root:[ Iteration 57 ] Training loss: 0.126376
DEBUG:root:[ Iteration 60 ] Training loss: 0.126209
DEBUG:root:[ Iteration 60 ] Test loss: 0.302619
DEBUG:root:[ Iteration 63 ] Training loss: 0.126118
DEBUG:root:[ Iteration 66 ] Training loss: 0.125928
DEBUG:root:[ Iteration 69 ] Training loss: 0.125747
DEBUG:root:[ Iteration 72 ] Training loss: 0.12568
DEBUG:root:[ Iteration 75 ] Training loss: 0.125582
DEBUG:root:[ Iteration 78 ] Training loss: 0.125477
DEBUG:root:[ Iteration 80 ] Test loss: 0.306011
DEBUG:root:[ Iteration 81 ] Training loss: 0.125452
DEBUG:root:[ Iteration 84 ] Training loss: 0.125405
DEBUG:root:[ Iteration 87 ] Training loss: 0.125366
DEBUG:root:[ Iteration 90 ] Training loss: 0.125342
DEBUG:root:[ Iteration 93 ] Training loss: 0.12531
DEBUG:root:[ Iteration 96 ] Training loss: 0.125295
DEBUG:root:[ Iteration 99 ] Training loss: 0.125281
DEBUG:root:Saving...
DEBUG:root:Saved model to /home/annal/Izzy/vision_amt/Net/tensor/./net6/net6_02-14-2016_19h20m35s.ckpt
DEBUG:root:Optimization done.
DEBUG:root:[ Iteration 0 ] Training loss: 0.180192
DEBUG:root:[ Iteration 0 ] Test loss: 0.172456
DEBUG:root:[ Iteration 3 ] Training loss: 0.163634
DEBUG:root:[ Iteration 6 ] Training loss: 0.157531
DEBUG:root:[ Iteration 9 ] Training loss: 0.155372
DEBUG:root:[ Iteration 12 ] Training loss: 0.153731
DEBUG:root:[ Iteration 15 ] Training loss: 0.15043
DEBUG:root:[ Iteration 18 ] Training loss: 0.146143
DEBUG:root:[ Iteration 20 ] Test loss: 0.17418
DEBUG:root:[ Iteration 21 ] Training loss: 0.143622
DEBUG:root:[ Iteration 24 ] Training loss: 0.142222
DEBUG:root:[ Iteration 27 ] Training loss: 0.138763
DEBUG:root:[ Iteration 30 ] Training loss: 0.136822
DEBUG:root:[ Iteration 33 ] Training loss: 0.13388
DEBUG:root:[ Iteration 36 ] Training loss: 0.1317
DEBUG:root:[ Iteration 39 ] Training loss: 0.129046
DEBUG:root:[ Iteration 40 ] Test loss: 0.17358
DEBUG:root:[ Iteration 42 ] Training loss: 0.126086
DEBUG:root:[ Iteration 45 ] Training loss: 0.12335
DEBUG:root:[ Iteration 48 ] Training loss: 0.120199
DEBUG:root:[ Iteration 51 ] Training loss: 0.11726
DEBUG:root:[ Iteration 54 ] Training loss: 0.113729
DEBUG:root:[ Iteration 57 ] Training loss: 0.11024
DEBUG:root:[ Iteration 60 ] Training loss: 0.106712
DEBUG:root:[ Iteration 60 ] Test loss: 0.170378
DEBUG:root:[ Iteration 63 ] Training loss: 0.102936
DEBUG:root:[ Iteration 66 ] Training loss: 0.0989267
DEBUG:root:[ Iteration 69 ] Training loss: 0.0949276
DEBUG:root:[ Iteration 72 ] Training loss: 0.0908091
DEBUG:root:[ Iteration 75 ] Training loss: 0.0866444
DEBUG:root:[ Iteration 78 ] Training loss: 0.0824178
DEBUG:root:[ Iteration 80 ] Test loss: 0.16885
DEBUG:root:[ Iteration 81 ] Training loss: 0.0781474
DEBUG:root:[ Iteration 84 ] Training loss: 0.0739075
DEBUG:root:[ Iteration 87 ] Training loss: 0.0696104
DEBUG:root:[ Iteration 90 ] Training loss: 0.0653892
DEBUG:root:[ Iteration 93 ] Training loss: 0.0612808
DEBUG:root:[ Iteration 96 ] Training loss: 0.057292
DEBUG:root:[ Iteration 99 ] Training loss: 0.0534528
DEBUG:root:Saving...
DEBUG:root:Saved model to /home/annal/Izzy/vision_amt/Net/tensor/./net6/net6_02-14-2016_19h21m35s.ckpt
DEBUG:root:Optimization done.
DEBUG:root:[ Iteration 0 ] Training loss: 0.188933
DEBUG:root:[ Iteration 0 ] Test loss: 0.183848
DEBUG:root:[ Iteration 3 ] Training loss: 0.189728
DEBUG:root:[ Iteration 6 ] Training loss: 0.18785
DEBUG:root:[ Iteration 9 ] Training loss: 0.186584
DEBUG:root:[ Iteration 12 ] Training loss: 0.19203
DEBUG:root:[ Iteration 15 ] Training loss: 0.181682
DEBUG:root:[ Iteration 18 ] Training loss: 0.183813
DEBUG:root:[ Iteration 20 ] Test loss: 0.177001
DEBUG:root:[ Iteration 21 ] Training loss: 0.184607
DEBUG:root:[ Iteration 24 ] Training loss: 0.174685
DEBUG:root:[ Iteration 27 ] Training loss: 0.174251
DEBUG:root:[ Iteration 30 ] Training loss: 0.170316
DEBUG:root:[ Iteration 33 ] Training loss: 0.171406
DEBUG:root:[ Iteration 36 ] Training loss: 0.172443
DEBUG:root:[ Iteration 39 ] Training loss: 0.168584
DEBUG:root:[ Iteration 40 ] Test loss: 0.169737
DEBUG:root:[ Iteration 42 ] Training loss: 0.166815
DEBUG:root:[ Iteration 45 ] Training loss: 0.162034
DEBUG:root:[ Iteration 48 ] Training loss: 0.165578
DEBUG:root:[ Iteration 51 ] Training loss: 0.163964
DEBUG:root:[ Iteration 54 ] Training loss: 0.163663
DEBUG:root:[ Iteration 57 ] Training loss: 0.161312
DEBUG:root:[ Iteration 60 ] Training loss: 0.158999
DEBUG:root:[ Iteration 60 ] Test loss: 0.164987
DEBUG:root:[ Iteration 63 ] Training loss: 0.164309
DEBUG:root:[ Iteration 66 ] Training loss: 0.163891
DEBUG:root:[ Iteration 69 ] Training loss: 0.157289
DEBUG:root:[ Iteration 72 ] Training loss: 0.164287
DEBUG:root:[ Iteration 75 ] Training loss: 0.16344
DEBUG:root:[ Iteration 78 ] Training loss: 0.160429
DEBUG:root:[ Iteration 80 ] Test loss: 0.162197
DEBUG:root:[ Iteration 81 ] Training loss: 0.163549
DEBUG:root:[ Iteration 84 ] Training loss: 0.155249
DEBUG:root:[ Iteration 87 ] Training loss: 0.151522
DEBUG:root:[ Iteration 90 ] Training loss: 0.164602
DEBUG:root:[ Iteration 93 ] Training loss: 0.159389
DEBUG:root:[ Iteration 96 ] Training loss: 0.168021
DEBUG:root:[ Iteration 99 ] Training loss: 0.151414
DEBUG:root:[ Iteration 100 ] Test loss: 0.160492
DEBUG:root:[ Iteration 102 ] Training loss: 0.158185
DEBUG:root:[ Iteration 105 ] Training loss: 0.155721
DEBUG:root:[ Iteration 108 ] Training loss: 0.154237
DEBUG:root:[ Iteration 111 ] Training loss: 0.164057
DEBUG:root:[ Iteration 114 ] Training loss: 0.160498
DEBUG:root:[ Iteration 117 ] Training loss: 0.157345
DEBUG:root:[ Iteration 120 ] Training loss: 0.1556
DEBUG:root:[ Iteration 120 ] Test loss: 0.159636
DEBUG:root:[ Iteration 123 ] Training loss: 0.155745
DEBUG:root:[ Iteration 126 ] Training loss: 0.144587
DEBUG:root:[ Iteration 129 ] Training loss: 0.156979
DEBUG:root:[ Iteration 132 ] Training loss: 0.160633
DEBUG:root:[ Iteration 135 ] Training loss: 0.163593
DEBUG:root:[ Iteration 138 ] Training loss: 0.161197
DEBUG:root:[ Iteration 140 ] Test loss: 0.159371
DEBUG:root:[ Iteration 141 ] Training loss: 0.142709
DEBUG:root:[ Iteration 144 ] Training loss: 0.153677
DEBUG:root:[ Iteration 147 ] Training loss: 0.157097
DEBUG:root:[ Iteration 150 ] Training loss: 0.139041
DEBUG:root:[ Iteration 153 ] Training loss: 0.148091
DEBUG:root:[ Iteration 156 ] Training loss: 0.151402
DEBUG:root:[ Iteration 159 ] Training loss: 0.144082
DEBUG:root:[ Iteration 160 ] Test loss: 0.159337
DEBUG:root:[ Iteration 162 ] Training loss: 0.149422
DEBUG:root:[ Iteration 165 ] Training loss: 0.150381
DEBUG:root:[ Iteration 168 ] Training loss: 0.145864
DEBUG:root:[ Iteration 171 ] Training loss: 0.147851
DEBUG:root:[ Iteration 174 ] Training loss: 0.152565
DEBUG:root:[ Iteration 177 ] Training loss: 0.151803
DEBUG:root:[ Iteration 180 ] Training loss: 0.150258
DEBUG:root:[ Iteration 180 ] Test loss: 0.159495
DEBUG:root:[ Iteration 183 ] Training loss: 0.156274
DEBUG:root:[ Iteration 186 ] Training loss: 0.13814
DEBUG:root:[ Iteration 189 ] Training loss: 0.137859
DEBUG:root:[ Iteration 192 ] Training loss: 0.151711
DEBUG:root:[ Iteration 195 ] Training loss: 0.149553
DEBUG:root:[ Iteration 198 ] Training loss: 0.150414
DEBUG:root:Saving...
DEBUG:root:Saved model to /home/annal/Izzy/vision_amt/Net/tensor/./net6/net6_02-14-2016_19h24m02s.ckpt
DEBUG:root:Optimization done.
DEBUG:root:[ Iteration 0 ] Training loss: 0.182971
DEBUG:root:[ Iteration 0 ] Test loss: 0.174861
DEBUG:root:[ Iteration 3 ] Training loss: 0.175062
DEBUG:root:[ Iteration 6 ] Training loss: 0.179685
DEBUG:root:[ Iteration 9 ] Training loss: 0.180599
DEBUG:root:[ Iteration 12 ] Training loss: 0.17348
DEBUG:root:[ Iteration 15 ] Training loss: 0.177123
DEBUG:root:[ Iteration 18 ] Training loss: 0.179218
DEBUG:root:[ Iteration 20 ] Test loss: 0.174759
DEBUG:root:[ Iteration 21 ] Training loss: 0.17181
DEBUG:root:[ Iteration 24 ] Training loss: 0.179764
DEBUG:root:[ Iteration 27 ] Training loss: 0.18061
DEBUG:root:[ Iteration 30 ] Training loss: 0.173365
DEBUG:root:[ Iteration 33 ] Training loss: 0.177708
DEBUG:root:[ Iteration 36 ] Training loss: 0.177085
DEBUG:root:[ Iteration 39 ] Training loss: 0.181577
DEBUG:root:[ Iteration 40 ] Test loss: 0.174654
DEBUG:root:[ Iteration 42 ] Training loss: 0.180019
DEBUG:root:[ Iteration 45 ] Training loss: 0.180061
DEBUG:root:[ Iteration 48 ] Training loss: 0.177679
DEBUG:root:[ Iteration 51 ] Training loss: 0.175541
DEBUG:root:[ Iteration 54 ] Training loss: 0.178727
DEBUG:root:[ Iteration 57 ] Training loss: 0.174317
DEBUG:root:[ Iteration 60 ] Training loss: 0.177031
DEBUG:root:[ Iteration 60 ] Test loss: 0.174548
DEBUG:root:[ Iteration 63 ] Training loss: 0.180226
DEBUG:root:[ Iteration 66 ] Training loss: 0.177941
DEBUG:root:[ Iteration 69 ] Training loss: 0.177629
DEBUG:root:[ Iteration 72 ] Training loss: 0.175723
DEBUG:root:[ Iteration 75 ] Training loss: 0.175163
DEBUG:root:[ Iteration 78 ] Training loss: 0.177069
DEBUG:root:[ Iteration 80 ] Test loss: 0.174443
DEBUG:root:[ Iteration 81 ] Training loss: 0.174822
DEBUG:root:[ Iteration 84 ] Training loss: 0.17646
DEBUG:root:[ Iteration 87 ] Training loss: 0.173905
DEBUG:root:[ Iteration 90 ] Training loss: 0.175773
DEBUG:root:Saving...
DEBUG:root:Saved model to /home/annal/Izzy/vision_amt/Net/tensor/./net6/net6_02-14-2016_19h28m03s.ckpt
DEBUG:root:Optimization done.
DEBUG:root:[ Iteration 0 ] Training loss: 0.171635
DEBUG:root:[ Iteration 0 ] Test loss: 0.174727
DEBUG:root:[ Iteration 3 ] Training loss: 0.171613
DEBUG:root:[ Iteration 6 ] Training loss: 0.171584
DEBUG:root:[ Iteration 9 ] Training loss: 0.171554
DEBUG:root:[ Iteration 12 ] Training loss: 0.171524
DEBUG:root:[ Iteration 15 ] Training loss: 0.171495
DEBUG:root:[ Iteration 18 ] Training loss: 0.171465
DEBUG:root:[ Iteration 20 ] Test loss: 0.174548
DEBUG:root:[ Iteration 21 ] Training loss: 0.171435
DEBUG:root:[ Iteration 24 ] Training loss: 0.171405
DEBUG:root:[ Iteration 27 ] Training loss: 0.171375
DEBUG:root:[ Iteration 30 ] Training loss: 0.171346
DEBUG:root:[ Iteration 33 ] Training loss: 0.171316
DEBUG:root:[ Iteration 36 ] Training loss: 0.171287
DEBUG:root:[ Iteration 39 ] Training loss: 0.171257
DEBUG:root:[ Iteration 40 ] Test loss: 0.174361
DEBUG:root:[ Iteration 42 ] Training loss: 0.171228
DEBUG:root:[ Iteration 45 ] Training loss: 0.171198
DEBUG:root:[ Iteration 48 ] Training loss: 0.171169
DEBUG:root:[ Iteration 51 ] Training loss: 0.17114
DEBUG:root:[ Iteration 54 ] Training loss: 0.171111
DEBUG:root:[ Iteration 57 ] Training loss: 0.171081
DEBUG:root:[ Iteration 60 ] Training loss: 0.171052
DEBUG:root:[ Iteration 60 ] Test loss: 0.174178
DEBUG:root:[ Iteration 63 ] Training loss: 0.171023
DEBUG:root:[ Iteration 66 ] Training loss: 0.170994
DEBUG:root:[ Iteration 69 ] Training loss: 0.170966
DEBUG:root:[ Iteration 72 ] Training loss: 0.170937
DEBUG:root:[ Iteration 75 ] Training loss: 0.170908
DEBUG:root:[ Iteration 78 ] Training loss: 0.170879
DEBUG:root:Saving...
DEBUG:root:Saved model to /home/annal/Izzy/vision_amt/Net/tensor/./net6/net6_02-14-2016_19h28m30s.ckpt
DEBUG:root:Optimization done.
DEBUG:root:[ Iteration 0 ] Training loss: 0.168384
DEBUG:root:[ Iteration 0 ] Test loss: 0.17407
DEBUG:root:[ Iteration 3 ] Training loss: 0.168252
DEBUG:root:[ Iteration 6 ] Training loss: 0.168073
DEBUG:root:[ Iteration 9 ] Training loss: 0.16789
DEBUG:root:[ Iteration 12 ] Training loss: 0.167707
DEBUG:root:[ Iteration 15 ] Training loss: 0.167526
DEBUG:root:[ Iteration 18 ] Training loss: 0.167347
DEBUG:root:[ Iteration 20 ] Test loss: 0.17311
DEBUG:root:[ Iteration 21 ] Training loss: 0.167169
DEBUG:root:[ Iteration 24 ] Training loss: 0.166992
DEBUG:root:[ Iteration 27 ] Training loss: 0.166817
DEBUG:root:[ Iteration 30 ] Training loss: 0.166643
DEBUG:root:[ Iteration 33 ] Training loss: 0.16647
DEBUG:root:[ Iteration 36 ] Training loss: 0.166299
DEBUG:root:[ Iteration 39 ] Training loss: 0.16613
DEBUG:root:[ Iteration 40 ] Test loss: 0.172157
DEBUG:root:[ Iteration 42 ] Training loss: 0.165961
DEBUG:root:[ Iteration 45 ] Training loss: 0.165794
DEBUG:root:[ Iteration 48 ] Training loss: 0.165627
DEBUG:root:[ Iteration 51 ] Training loss: 0.165462
DEBUG:root:[ Iteration 54 ] Training loss: 0.165299
DEBUG:root:[ Iteration 57 ] Training loss: 0.165136
DEBUG:root:[ Iteration 60 ] Training loss: 0.164974
DEBUG:root:[ Iteration 60 ] Test loss: 0.171255
DEBUG:root:[ Iteration 63 ] Training loss: 0.164813
DEBUG:root:[ Iteration 66 ] Training loss: 0.164653
DEBUG:root:[ Iteration 69 ] Training loss: 0.164494
DEBUG:root:[ Iteration 72 ] Training loss: 0.164336
DEBUG:root:[ Iteration 75 ] Training loss: 0.164179
DEBUG:root:[ Iteration 78 ] Training loss: 0.164022
DEBUG:root:[ Iteration 80 ] Test loss: 0.170396
DEBUG:root:[ Iteration 81 ] Training loss: 0.163867
DEBUG:root:[ Iteration 84 ] Training loss: 0.163712
DEBUG:root:[ Iteration 87 ] Training loss: 0.163558
DEBUG:root:[ Iteration 90 ] Training loss: 0.163404
DEBUG:root:[ Iteration 93 ] Training loss: 0.163251
DEBUG:root:[ Iteration 96 ] Training loss: 0.163098
DEBUG:root:[ Iteration 99 ] Training loss: 0.162946
DEBUG:root:Saving...
DEBUG:root:Saved model to /home/annal/Izzy/vision_amt/Net/tensor/./net6/net6_02-14-2016_19h29m37s.ckpt
DEBUG:root:Optimization done.
DEBUG:root:[ Iteration 0 ] Training loss: 0.177447
DEBUG:root:[ Iteration 0 ] Test loss: 0.175414
DEBUG:root:[ Iteration 3 ] Training loss: 0.177039
DEBUG:root:[ Iteration 6 ] Training loss: 0.176167
DEBUG:root:[ Iteration 9 ] Training loss: 0.174915
DEBUG:root:[ Iteration 12 ] Training loss: 0.173237
DEBUG:root:[ Iteration 15 ] Training loss: 0.170934
DEBUG:root:[ Iteration 18 ] Training loss: 0.167514
DEBUG:root:[ Iteration 20 ] Test loss: 0.16782
DEBUG:root:[ Iteration 21 ] Training loss: 0.161985
DEBUG:root:[ Iteration 24 ] Training loss: 0.152997
DEBUG:root:[ Iteration 27 ] Training loss: 0.141399
DEBUG:root:[ Iteration 30 ] Training loss: 0.135879
DEBUG:root:[ Iteration 33 ] Training loss: 0.139377
DEBUG:root:Saving...
DEBUG:root:Saved model to /home/annal/Izzy/vision_amt/Net/tensor/./net6/net6_02-14-2016_19h32m24s.ckpt
DEBUG:root:Optimization done.
DEBUG:root:[ Iteration 0 ] Training loss: 0.179828
DEBUG:root:[ Iteration 0 ] Test loss: 0.173749
DEBUG:root:[ Iteration 3 ] Training loss: 0.179812
DEBUG:root:[ Iteration 6 ] Training loss: 0.179776
DEBUG:root:[ Iteration 9 ] Training loss: 0.179726
DEBUG:root:[ Iteration 12 ] Training loss: 0.179668
DEBUG:root:[ Iteration 15 ] Training loss: 0.179604
DEBUG:root:[ Iteration 18 ] Training loss: 0.179537
DEBUG:root:[ Iteration 20 ] Test loss: 0.172843
DEBUG:root:[ Iteration 21 ] Training loss: 0.179469
DEBUG:root:[ Iteration 24 ] Training loss: 0.179401
DEBUG:root:[ Iteration 27 ] Training loss: 0.179333
DEBUG:root:[ Iteration 30 ] Training loss: 0.179267
DEBUG:root:[ Iteration 33 ] Training loss: 0.179203
DEBUG:root:[ Iteration 36 ] Training loss: 0.179141
DEBUG:root:[ Iteration 39 ] Training loss: 0.179081
DEBUG:root:[ Iteration 40 ] Test loss: 0.171593
DEBUG:root:[ Iteration 42 ] Training loss: 0.179023
DEBUG:root:[ Iteration 45 ] Training loss: 0.178968
DEBUG:root:[ Iteration 48 ] Training loss: 0.178916
DEBUG:root:[ Iteration 51 ] Training loss: 0.178865
DEBUG:root:[ Iteration 54 ] Training loss: 0.178817
DEBUG:root:[ Iteration 57 ] Training loss: 0.178771
DEBUG:root:[ Iteration 60 ] Training loss: 0.178728
DEBUG:root:[ Iteration 60 ] Test loss: 0.170515
DEBUG:root:[ Iteration 63 ] Training loss: 0.178686
DEBUG:root:[ Iteration 66 ] Training loss: 0.178646
DEBUG:root:[ Iteration 69 ] Training loss: 0.178608
DEBUG:root:[ Iteration 72 ] Training loss: 0.178572
DEBUG:root:[ Iteration 75 ] Training loss: 0.178538
DEBUG:root:[ Iteration 78 ] Training loss: 0.178505
DEBUG:root:[ Iteration 80 ] Test loss: 0.169635
DEBUG:root:[ Iteration 81 ] Training loss: 0.178474
DEBUG:root:[ Iteration 84 ] Training loss: 0.178444
DEBUG:root:[ Iteration 87 ] Training loss: 0.178416
DEBUG:root:[ Iteration 90 ] Training loss: 0.178389
DEBUG:root:[ Iteration 93 ] Training loss: 0.178363
DEBUG:root:[ Iteration 96 ] Training loss: 0.178339
DEBUG:root:[ Iteration 99 ] Training loss: 0.178316
DEBUG:root:[ Iteration 100 ] Test loss: 0.168917
DEBUG:root:[ Iteration 102 ] Training loss: 0.178294
DEBUG:root:[ Iteration 105 ] Training loss: 0.178272
DEBUG:root:[ Iteration 108 ] Training loss: 0.178252
DEBUG:root:[ Iteration 111 ] Training loss: 0.178233
DEBUG:root:[ Iteration 114 ] Training loss: 0.178215
DEBUG:root:[ Iteration 117 ] Training loss: 0.178198
DEBUG:root:[ Iteration 120 ] Training loss: 0.178181
DEBUG:root:[ Iteration 120 ] Test loss: 0.168332
DEBUG:root:[ Iteration 123 ] Training loss: 0.178165
DEBUG:root:[ Iteration 126 ] Training loss: 0.178151
DEBUG:root:[ Iteration 129 ] Training loss: 0.178136
DEBUG:root:[ Iteration 132 ] Training loss: 0.178123
DEBUG:root:[ Iteration 135 ] Training loss: 0.17811
DEBUG:root:[ Iteration 138 ] Training loss: 0.178097
DEBUG:root:Saving...
DEBUG:root:Saved model to /home/annal/Izzy/vision_amt/Net/tensor/./net6/net6_02-14-2016_19h36m18s.ckpt
DEBUG:root:Optimization done.
DEBUG:root:[ Iteration 0 ] Training loss: 0.183775
DEBUG:root:[ Iteration 0 ] Test loss: 0.173884
DEBUG:root:[ Iteration 3 ] Training loss: 0.183362
DEBUG:root:[ Iteration 6 ] Training loss: 0.182937
DEBUG:root:[ Iteration 9 ] Training loss: 0.182514
DEBUG:root:[ Iteration 12 ] Training loss: 0.182093
DEBUG:root:[ Iteration 15 ] Training loss: 0.181674
DEBUG:root:[ Iteration 18 ] Training loss: 0.181257
DEBUG:root:[ Iteration 20 ] Test loss: 0.174666
DEBUG:root:[ Iteration 21 ] Training loss: 0.180842
DEBUG:root:[ Iteration 24 ] Training loss: 0.18043
DEBUG:root:[ Iteration 27 ] Training loss: 0.180019
DEBUG:root:[ Iteration 30 ] Training loss: 0.179611
DEBUG:root:[ Iteration 33 ] Training loss: 0.179204
DEBUG:root:[ Iteration 36 ] Training loss: 0.1788
DEBUG:root:[ Iteration 39 ] Training loss: 0.178397
DEBUG:root:Saving...
DEBUG:root:Saved model to /home/annal/Izzy/vision_amt/Net/tensor/./net6/net6_02-14-2016_19h38m19s.ckpt
DEBUG:root:Optimization done.
DEBUG:root:[ Iteration 0 ] Training loss: 0.175754
DEBUG:root:Saving...
DEBUG:root:Saved model to /home/annal/Izzy/vision_amt/Net/tensor/./net6/net6_02-14-2016_19h38m49s.ckpt
DEBUG:root:Optimization done.
DEBUG:root:[ Iteration 0 ] Training loss: 0.200106
DEBUG:root:Saving...
DEBUG:root:Saved model to /home/annal/Izzy/vision_amt/Net/tensor/./net6/net6_02-14-2016_19h41m37s.ckpt
DEBUG:root:Optimization done.
DEBUG:root:[ Iteration 0 ] Training loss: 0.557407
DEBUG:root:Saving...
DEBUG:root:Saved model to /home/annal/Izzy/vision_amt/Net/tensor/./net6/net6_02-14-2016_19h42m56s.ckpt
DEBUG:root:Optimization done.
DEBUG:root:[ Iteration 0 ] Training loss: 0.266401
DEBUG:root:Saving...
DEBUG:root:Saved model to /home/annal/Izzy/vision_amt/Net/tensor/./net6/net6_02-14-2016_19h44m03s.ckpt
DEBUG:root:Optimization done.
DEBUG:root:[ Iteration 0 ] Training loss: 0.189743
DEBUG:root:[ Iteration 0 ] Test loss: 0.188355
DEBUG:root:[ Iteration 3 ] Training loss: 0.179728
DEBUG:root:[ Iteration 6 ] Training loss: 0.172093
DEBUG:root:[ Iteration 9 ] Training loss: 0.16589
DEBUG:root:[ Iteration 12 ] Training loss: 0.16054
DEBUG:root:[ Iteration 15 ] Training loss: 0.155747
DEBUG:root:[ Iteration 18 ] Training loss: 0.151464
DEBUG:root:[ Iteration 20 ] Test loss: 0.2095
DEBUG:root:[ Iteration 21 ] Training loss: 0.147599
DEBUG:root:[ Iteration 24 ] Training loss: 0.144198
DEBUG:root:[ Iteration 27 ] Training loss: 0.141329
DEBUG:root:[ Iteration 30 ] Training loss: 0.138786
DEBUG:root:[ Iteration 33 ] Training loss: 0.136602
DEBUG:root:[ Iteration 36 ] Training loss: 0.134716
DEBUG:root:[ Iteration 39 ] Training loss: 0.133098
DEBUG:root:[ Iteration 40 ] Test loss: 0.236134
DEBUG:root:[ Iteration 42 ] Training loss: 0.131696
DEBUG:root:[ Iteration 45 ] Training loss: 0.130515
DEBUG:root:[ Iteration 48 ] Training loss: 0.129483
DEBUG:root:[ Iteration 51 ] Training loss: 0.128577
DEBUG:root:[ Iteration 54 ] Training loss: 0.127778
DEBUG:root:[ Iteration 57 ] Training loss: 0.12706
DEBUG:root:[ Iteration 60 ] Training loss: 0.126325
DEBUG:root:[ Iteration 60 ] Test loss: 0.251347
DEBUG:root:[ Iteration 63 ] Training loss: 0.125486
DEBUG:root:[ Iteration 66 ] Training loss: 0.124671
DEBUG:root:[ Iteration 69 ] Training loss: 0.124065
DEBUG:root:[ Iteration 72 ] Training loss: 0.123513
DEBUG:root:[ Iteration 75 ] Training loss: 0.123059
DEBUG:root:[ Iteration 78 ] Training loss: 0.122609
DEBUG:root:[ Iteration 80 ] Test loss: 0.260893
DEBUG:root:[ Iteration 81 ] Training loss: 0.122158
DEBUG:root:[ Iteration 84 ] Training loss: 0.121732
DEBUG:root:[ Iteration 87 ] Training loss: 0.121287
DEBUG:root:[ Iteration 90 ] Training loss: 0.120843
DEBUG:root:[ Iteration 93 ] Training loss: 0.120373
DEBUG:root:[ Iteration 96 ] Training loss: 0.119911
DEBUG:root:[ Iteration 99 ] Training loss: 0.119439
DEBUG:root:[ Iteration 100 ] Test loss: 0.267551
DEBUG:root:[ Iteration 102 ] Training loss: 0.118953
DEBUG:root:[ Iteration 105 ] Training loss: 0.118463
DEBUG:root:[ Iteration 108 ] Training loss: 0.117965
DEBUG:root:[ Iteration 111 ] Training loss: 0.117466
DEBUG:root:[ Iteration 114 ] Training loss: 0.116932
DEBUG:root:[ Iteration 117 ] Training loss: 0.116391
DEBUG:root:[ Iteration 120 ] Training loss: 0.115844
DEBUG:root:[ Iteration 120 ] Test loss: 0.272217
DEBUG:root:[ Iteration 123 ] Training loss: 0.115281
DEBUG:root:[ Iteration 126 ] Training loss: 0.1147
DEBUG:root:[ Iteration 129 ] Training loss: 0.114096
DEBUG:root:[ Iteration 132 ] Training loss: 0.113487
DEBUG:root:[ Iteration 135 ] Training loss: 0.112868
DEBUG:root:[ Iteration 138 ] Training loss: 0.112214
DEBUG:root:Saving...
DEBUG:root:Saved model to /home/annal/Izzy/vision_amt/Net/tensor/./net6/net6_02-14-2016_19h45m27s.ckpt
DEBUG:root:Optimization done.
DEBUG:root:[ Iteration 0 ] Training loss: 0.18998
DEBUG:root:[ Iteration 0 ] Test loss: 0.18861
DEBUG:root:[ Iteration 3 ] Training loss: 0.180704
DEBUG:root:[ Iteration 6 ] Training loss: 0.178644
DEBUG:root:[ Iteration 9 ] Training loss: 0.178686
DEBUG:root:[ Iteration 12 ] Training loss: 0.176136
DEBUG:root:[ Iteration 15 ] Training loss: 0.173854
DEBUG:root:[ Iteration 18 ] Training loss: 0.177637
DEBUG:root:[ Iteration 20 ] Test loss: 0.175632
DEBUG:root:[ Iteration 21 ] Training loss: 0.175101
DEBUG:root:[ Iteration 24 ] Training loss: 0.173204
DEBUG:root:[ Iteration 27 ] Training loss: 0.172706
DEBUG:root:[ Iteration 30 ] Training loss: 0.176133
DEBUG:root:[ Iteration 33 ] Training loss: 0.175326
DEBUG:root:[ Iteration 36 ] Training loss: 0.169879
DEBUG:root:[ Iteration 39 ] Training loss: 0.174887
DEBUG:root:[ Iteration 40 ] Test loss: 0.173195
DEBUG:root:[ Iteration 42 ] Training loss: 0.173737
DEBUG:root:[ Iteration 45 ] Training loss: 0.170875
DEBUG:root:[ Iteration 48 ] Training loss: 0.172533
DEBUG:root:[ Iteration 51 ] Training loss: 0.170213
DEBUG:root:[ Iteration 54 ] Training loss: 0.170799
DEBUG:root:[ Iteration 57 ] Training loss: 0.177115
DEBUG:root:[ Iteration 60 ] Training loss: 0.164246
DEBUG:root:[ Iteration 60 ] Test loss: 0.172228
DEBUG:root:[ Iteration 63 ] Training loss: 0.176428
DEBUG:root:[ Iteration 66 ] Training loss: 0.1753
DEBUG:root:[ Iteration 69 ] Training loss: 0.168545
DEBUG:root:[ Iteration 72 ] Training loss: 0.170092
DEBUG:root:[ Iteration 75 ] Training loss: 0.165573
DEBUG:root:[ Iteration 78 ] Training loss: 0.174132
DEBUG:root:[ Iteration 80 ] Test loss: 0.171302
DEBUG:root:[ Iteration 81 ] Training loss: 0.169767
DEBUG:root:[ Iteration 84 ] Training loss: 0.169025
DEBUG:root:[ Iteration 87 ] Training loss: 0.171219
DEBUG:root:[ Iteration 90 ] Training loss: 0.168345
DEBUG:root:[ Iteration 93 ] Training loss: 0.172003
DEBUG:root:[ Iteration 96 ] Training loss: 0.164018
DEBUG:root:[ Iteration 99 ] Training loss: 0.17251
DEBUG:root:[ Iteration 100 ] Test loss: 0.170394
DEBUG:root:[ Iteration 102 ] Training loss: 0.170893
DEBUG:root:[ Iteration 105 ] Training loss: 0.170589
DEBUG:root:[ Iteration 108 ] Training loss: 0.168622
DEBUG:root:[ Iteration 111 ] Training loss: 0.16378
DEBUG:root:[ Iteration 114 ] Training loss: 0.172446
DEBUG:root:[ Iteration 117 ] Training loss: 0.166617
DEBUG:root:[ Iteration 120 ] Training loss: 0.163143
DEBUG:root:[ Iteration 120 ] Test loss: 0.169477
DEBUG:root:[ Iteration 123 ] Training loss: 0.172897
DEBUG:root:[ Iteration 126 ] Training loss: 0.170348
DEBUG:root:[ Iteration 129 ] Training loss: 0.165646
DEBUG:root:[ Iteration 132 ] Training loss: 0.164003
DEBUG:root:[ Iteration 135 ] Training loss: 0.174128
DEBUG:root:[ Iteration 138 ] Training loss: 0.165048
DEBUG:root:[ Iteration 140 ] Test loss: 0.168526
DEBUG:root:[ Iteration 141 ] Training loss: 0.169251
DEBUG:root:[ Iteration 144 ] Training loss: 0.171967
DEBUG:root:[ Iteration 147 ] Training loss: 0.160545
DEBUG:root:[ Iteration 150 ] Training loss: 0.163597
DEBUG:root:[ Iteration 153 ] Training loss: 0.163677
DEBUG:root:[ Iteration 156 ] Training loss: 0.16906
DEBUG:root:[ Iteration 159 ] Training loss: 0.161482
DEBUG:root:[ Iteration 160 ] Test loss: 0.16747
DEBUG:root:[ Iteration 162 ] Training loss: 0.171815
DEBUG:root:[ Iteration 165 ] Training loss: 0.160828
DEBUG:root:Saving...
DEBUG:root:Saved model to /home/annal/Izzy/vision_amt/Net/tensor/./net6/net6_02-14-2016_19h52m41s.ckpt
DEBUG:root:Optimization done.
DEBUG:root:[ Iteration 0 ] Training loss: 0.543662
DEBUG:root:[ Iteration 0 ] Test loss: 0.566447
DEBUG:root:[ Iteration 3 ] Training loss: 0.201591
DEBUG:root:[ Iteration 6 ] Training loss: 0.16694
DEBUG:root:[ Iteration 9 ] Training loss: 0.157172
DEBUG:root:[ Iteration 12 ] Training loss: 0.154956
DEBUG:root:[ Iteration 15 ] Training loss: 0.154302
DEBUG:root:[ Iteration 18 ] Training loss: 0.158666
DEBUG:root:[ Iteration 20 ] Test loss: 0.154368
DEBUG:root:[ Iteration 21 ] Training loss: 0.148697
DEBUG:root:[ Iteration 24 ] Training loss: 0.14612
DEBUG:root:[ Iteration 27 ] Training loss: 0.141993
DEBUG:root:[ Iteration 30 ] Training loss: 0.148857
DEBUG:root:[ Iteration 33 ] Training loss: 0.147198
DEBUG:root:[ Iteration 36 ] Training loss: 0.143977
DEBUG:root:[ Iteration 39 ] Training loss: 0.149767
DEBUG:root:[ Iteration 40 ] Test loss: 0.145655
DEBUG:root:[ Iteration 42 ] Training loss: 0.139296
DEBUG:root:[ Iteration 45 ] Training loss: 0.139273
DEBUG:root:[ Iteration 48 ] Training loss: 0.135423
DEBUG:root:[ Iteration 51 ] Training loss: 0.13053
DEBUG:root:[ Iteration 54 ] Training loss: 0.133196
DEBUG:root:[ Iteration 57 ] Training loss: 0.141797
DEBUG:root:[ Iteration 60 ] Training loss: 0.132189
DEBUG:root:[ Iteration 60 ] Test loss: 0.140526
DEBUG:root:[ Iteration 63 ] Training loss: 0.13615
DEBUG:root:[ Iteration 66 ] Training loss: 0.147198
DEBUG:root:[ Iteration 69 ] Training loss: 0.137802
DEBUG:root:[ Iteration 72 ] Training loss: 0.13943
DEBUG:root:[ Iteration 75 ] Training loss: 0.146376
DEBUG:root:[ Iteration 78 ] Training loss: 0.121616
DEBUG:root:[ Iteration 80 ] Test loss: 0.13745
DEBUG:root:[ Iteration 81 ] Training loss: 0.128532
DEBUG:root:[ Iteration 84 ] Training loss: 0.142504
DEBUG:root:[ Iteration 87 ] Training loss: 0.142561
DEBUG:root:[ Iteration 90 ] Training loss: 0.13416
DEBUG:root:[ Iteration 93 ] Training loss: 0.129005
DEBUG:root:[ Iteration 96 ] Training loss: 0.1267
DEBUG:root:[ Iteration 99 ] Training loss: 0.130197
DEBUG:root:[ Iteration 100 ] Test loss: 0.135507
DEBUG:root:[ Iteration 102 ] Training loss: 0.144774
DEBUG:root:[ Iteration 105 ] Training loss: 0.131918
DEBUG:root:[ Iteration 108 ] Training loss: 0.139696
DEBUG:root:[ Iteration 111 ] Training loss: 0.118006
DEBUG:root:[ Iteration 114 ] Training loss: 0.12175
DEBUG:root:[ Iteration 117 ] Training loss: 0.121576
DEBUG:root:[ Iteration 120 ] Training loss: 0.14415
DEBUG:root:[ Iteration 120 ] Test loss: 0.134206
DEBUG:root:[ Iteration 123 ] Training loss: 0.134563
DEBUG:root:[ Iteration 126 ] Training loss: 0.12194
DEBUG:root:[ Iteration 129 ] Training loss: 0.122032
DEBUG:root:[ Iteration 132 ] Training loss: 0.130306
DEBUG:root:[ Iteration 135 ] Training loss: 0.132184
DEBUG:root:[ Iteration 138 ] Training loss: 0.130601
DEBUG:root:[ Iteration 140 ] Test loss: 0.133284
DEBUG:root:[ Iteration 141 ] Training loss: 0.113022
DEBUG:root:[ Iteration 144 ] Training loss: 0.130246
DEBUG:root:[ Iteration 147 ] Training loss: 0.121282
DEBUG:root:[ Iteration 150 ] Training loss: 0.123306
DEBUG:root:[ Iteration 153 ] Training loss: 0.137286
DEBUG:root:[ Iteration 156 ] Training loss: 0.119858
DEBUG:root:[ Iteration 159 ] Training loss: 0.129459
DEBUG:root:[ Iteration 160 ] Test loss: 0.132658
DEBUG:root:[ Iteration 162 ] Training loss: 0.128409
DEBUG:root:[ Iteration 165 ] Training loss: 0.135586
DEBUG:root:[ Iteration 168 ] Training loss: 0.107508
DEBUG:root:[ Iteration 171 ] Training loss: 0.116868
DEBUG:root:[ Iteration 174 ] Training loss: 0.121304
DEBUG:root:[ Iteration 177 ] Training loss: 0.119805
DEBUG:root:[ Iteration 180 ] Training loss: 0.132372
DEBUG:root:[ Iteration 180 ] Test loss: 0.132114
DEBUG:root:[ Iteration 183 ] Training loss: 0.13667
DEBUG:root:[ Iteration 186 ] Training loss: 0.118312
DEBUG:root:[ Iteration 189 ] Training loss: 0.122916
DEBUG:root:[ Iteration 192 ] Training loss: 0.132281
DEBUG:root:[ Iteration 195 ] Training loss: 0.126608
DEBUG:root:[ Iteration 198 ] Training loss: 0.11893
DEBUG:root:Saving...
DEBUG:root:Saved model to /home/annal/Izzy/vision_amt/Net/tensor/./net6/net6_02-15-2016_12h48m51s.ckpt
DEBUG:root:Optimization done.
DEBUG:root:[ Iteration 0 ] Training loss: 0.134029
DEBUG:root:[ Iteration 0 ] Test loss: 0.131742
DEBUG:root:[ Iteration 3 ] Training loss: 0.122359
DEBUG:root:[ Iteration 6 ] Training loss: 0.124041
DEBUG:root:[ Iteration 9 ] Training loss: 0.125284
DEBUG:root:[ Iteration 12 ] Training loss: 0.130677
DEBUG:root:[ Iteration 15 ] Training loss: 0.127507
DEBUG:root:[ Iteration 18 ] Training loss: 0.13131
DEBUG:root:[ Iteration 20 ] Test loss: 0.131284
DEBUG:root:[ Iteration 21 ] Training loss: 0.12447
DEBUG:root:[ Iteration 24 ] Training loss: 0.123738
DEBUG:root:[ Iteration 27 ] Training loss: 0.124976
DEBUG:root:[ Iteration 30 ] Training loss: 0.130955
DEBUG:root:[ Iteration 33 ] Training loss: 0.131952
DEBUG:root:[ Iteration 36 ] Training loss: 0.131195
DEBUG:root:[ Iteration 39 ] Training loss: 0.12235
DEBUG:root:[ Iteration 40 ] Test loss: 0.131011
DEBUG:root:[ Iteration 42 ] Training loss: 0.133362
DEBUG:root:[ Iteration 45 ] Training loss: 0.127361
DEBUG:root:[ Iteration 48 ] Training loss: 0.121394
DEBUG:root:[ Iteration 51 ] Training loss: 0.110515
DEBUG:root:[ Iteration 54 ] Training loss: 0.133534
DEBUG:root:[ Iteration 57 ] Training loss: 0.124112
DEBUG:root:[ Iteration 60 ] Training loss: 0.131603
DEBUG:root:[ Iteration 60 ] Test loss: 0.130626
DEBUG:root:[ Iteration 63 ] Training loss: 0.114665
DEBUG:root:[ Iteration 66 ] Training loss: 0.124101
DEBUG:root:[ Iteration 69 ] Training loss: 0.118172
DEBUG:root:[ Iteration 72 ] Training loss: 0.115442
DEBUG:root:[ Iteration 75 ] Training loss: 0.141035
DEBUG:root:[ Iteration 78 ] Training loss: 0.122226
DEBUG:root:[ Iteration 80 ] Test loss: 0.130295
DEBUG:root:[ Iteration 81 ] Training loss: 0.11738
DEBUG:root:[ Iteration 84 ] Training loss: 0.114805
DEBUG:root:[ Iteration 87 ] Training loss: 0.117079
DEBUG:root:[ Iteration 90 ] Training loss: 0.129824
DEBUG:root:[ Iteration 93 ] Training loss: 0.116034
DEBUG:root:[ Iteration 96 ] Training loss: 0.142086
DEBUG:root:[ Iteration 99 ] Training loss: 0.122348
DEBUG:root:[ Iteration 100 ] Test loss: 0.130024
DEBUG:root:[ Iteration 102 ] Training loss: 0.133794
DEBUG:root:[ Iteration 105 ] Training loss: 0.122147
DEBUG:root:Saving...
DEBUG:root:[ Iteration 0 ] Training loss: 0.680741
DEBUG:root:[ Iteration 0 ] Test loss: 0.698288
DEBUG:root:[ Iteration 0 ] Training loss: 0.542222
DEBUG:root:[ Iteration 0 ] Test loss: 0.477242
DEBUG:root:[ Iteration 3 ] Training loss: 0.378234
DEBUG:root:[ Iteration 6 ] Training loss: 0.32523
DEBUG:root:[ Iteration 9 ] Training loss: 0.361871
DEBUG:root:[ Iteration 12 ] Training loss: 0.23526
DEBUG:root:[ Iteration 15 ] Training loss: 0.253741
DEBUG:root:[ Iteration 18 ] Training loss: 0.242699
DEBUG:root:[ Iteration 20 ] Test loss: 0.259008
DEBUG:root:[ Iteration 21 ] Training loss: 0.226739
DEBUG:root:[ Iteration 24 ] Training loss: 0.237972
DEBUG:root:[ Iteration 27 ] Training loss: 0.194077
DEBUG:root:[ Iteration 30 ] Training loss: 0.245766
DEBUG:root:[ Iteration 33 ] Training loss: 0.203908
DEBUG:root:[ Iteration 36 ] Training loss: 0.168665
DEBUG:root:[ Iteration 39 ] Training loss: 0.15879
DEBUG:root:[ Iteration 40 ] Test loss: 0.174787
DEBUG:root:[ Iteration 42 ] Training loss: 0.200719
DEBUG:root:[ Iteration 45 ] Training loss: 0.170061
DEBUG:root:[ Iteration 48 ] Training loss: 0.182317
DEBUG:root:[ Iteration 51 ] Training loss: 0.186176
DEBUG:root:[ Iteration 54 ] Training loss: 0.149352
DEBUG:root:[ Iteration 57 ] Training loss: 0.168221
DEBUG:root:[ Iteration 60 ] Training loss: 0.168657
DEBUG:root:[ Iteration 60 ] Test loss: 0.149366
DEBUG:root:[ Iteration 63 ] Training loss: 0.143689
DEBUG:root:[ Iteration 66 ] Training loss: 0.141336
DEBUG:root:[ Iteration 69 ] Training loss: 0.128344
DEBUG:root:[ Iteration 72 ] Training loss: 0.166366
DEBUG:root:[ Iteration 75 ] Training loss: 0.146576
DEBUG:root:[ Iteration 78 ] Training loss: 0.140626
DEBUG:root:[ Iteration 80 ] Test loss: 0.137041
DEBUG:root:[ Iteration 81 ] Training loss: 0.19446
DEBUG:root:[ Iteration 84 ] Training loss: 0.140973
DEBUG:root:[ Iteration 87 ] Training loss: 0.144235
DEBUG:root:[ Iteration 90 ] Training loss: 0.108227
DEBUG:root:[ Iteration 93 ] Training loss: 0.119521
DEBUG:root:[ Iteration 96 ] Training loss: 0.135227
DEBUG:root:[ Iteration 99 ] Training loss: 0.149005
DEBUG:root:[ Iteration 100 ] Test loss: 0.132857
DEBUG:root:[ Iteration 102 ] Training loss: 0.138258
DEBUG:root:[ Iteration 105 ] Training loss: 0.116177
DEBUG:root:[ Iteration 108 ] Training loss: 0.143794
DEBUG:root:[ Iteration 111 ] Training loss: 0.129642
DEBUG:root:[ Iteration 114 ] Training loss: 0.116737
DEBUG:root:[ Iteration 117 ] Training loss: 0.162632
DEBUG:root:[ Iteration 120 ] Training loss: 0.114155
DEBUG:root:[ Iteration 120 ] Test loss: 0.127118
DEBUG:root:[ Iteration 123 ] Training loss: 0.132674
DEBUG:root:[ Iteration 126 ] Training loss: 0.129771
DEBUG:root:[ Iteration 129 ] Training loss: 0.120995
DEBUG:root:[ Iteration 132 ] Training loss: 0.114147
DEBUG:root:[ Iteration 135 ] Training loss: 0.149544
DEBUG:root:[ Iteration 138 ] Training loss: 0.143253
DEBUG:root:[ Iteration 140 ] Test loss: 0.120686
DEBUG:root:[ Iteration 141 ] Training loss: 0.118262
DEBUG:root:[ Iteration 144 ] Training loss: 0.121839
DEBUG:root:[ Iteration 147 ] Training loss: 0.120908
DEBUG:root:[ Iteration 150 ] Training loss: 0.115537
DEBUG:root:[ Iteration 153 ] Training loss: 0.12518
DEBUG:root:[ Iteration 156 ] Training loss: 0.117498
DEBUG:root:[ Iteration 159 ] Training loss: 0.122495
DEBUG:root:[ Iteration 160 ] Test loss: 0.116777
DEBUG:root:[ Iteration 162 ] Training loss: 0.118593
DEBUG:root:[ Iteration 165 ] Training loss: 0.102919
DEBUG:root:[ Iteration 168 ] Training loss: 0.127421
DEBUG:root:[ Iteration 171 ] Training loss: 0.102137
DEBUG:root:[ Iteration 174 ] Training loss: 0.148283
DEBUG:root:[ Iteration 177 ] Training loss: 0.138579
DEBUG:root:[ Iteration 180 ] Training loss: 0.139621
DEBUG:root:[ Iteration 180 ] Test loss: 0.114831
DEBUG:root:[ Iteration 183 ] Training loss: 0.129803
DEBUG:root:[ Iteration 186 ] Training loss: 0.136717
DEBUG:root:[ Iteration 189 ] Training loss: 0.112552
DEBUG:root:[ Iteration 192 ] Training loss: 0.101781
DEBUG:root:[ Iteration 195 ] Training loss: 0.136025
DEBUG:root:[ Iteration 198 ] Training loss: 0.113399
DEBUG:root:Saving...
DEBUG:root:Saved model to /home/annal/Izzy/vision_amt/Net/tensor/./net6/net6_02-15-2016_13h29m29s.ckpt
DEBUG:root:Optimization done.
DEBUG:root:[ Iteration 0 ] Training loss: 0.736196
DEBUG:root:Saving...
DEBUG:root:[ Iteration 0 ] Training loss: 0.128512
DEBUG:root:[ Iteration 0 ] Test loss: 0.113351
DEBUG:root:[ Iteration 3 ] Training loss: 0.102719
DEBUG:root:[ Iteration 6 ] Training loss: 0.12465
DEBUG:root:[ Iteration 9 ] Training loss: 0.122578
DEBUG:root:[ Iteration 12 ] Training loss: 0.115419
DEBUG:root:[ Iteration 15 ] Training loss: 0.102003
DEBUG:root:[ Iteration 18 ] Training loss: 0.118328
DEBUG:root:[ Iteration 20 ] Test loss: 0.112278
DEBUG:root:[ Iteration 21 ] Training loss: 0.110736
DEBUG:root:[ Iteration 24 ] Training loss: 0.0951936
DEBUG:root:[ Iteration 27 ] Training loss: 0.1158
DEBUG:root:[ Iteration 30 ] Training loss: 0.105534
DEBUG:root:[ Iteration 33 ] Training loss: 0.110213
DEBUG:root:[ Iteration 36 ] Training loss: 0.0958546
DEBUG:root:[ Iteration 39 ] Training loss: 0.14163
DEBUG:root:[ Iteration 40 ] Test loss: 0.113104
DEBUG:root:[ Iteration 42 ] Training loss: 0.120737
DEBUG:root:[ Iteration 45 ] Training loss: 0.125917
DEBUG:root:[ Iteration 48 ] Training loss: 0.135109
DEBUG:root:[ Iteration 51 ] Training loss: 0.114595
DEBUG:root:[ Iteration 54 ] Training loss: 0.105075
DEBUG:root:[ Iteration 57 ] Training loss: 0.109014
DEBUG:root:[ Iteration 60 ] Training loss: 0.133503
DEBUG:root:[ Iteration 60 ] Test loss: 0.109558
DEBUG:root:[ Iteration 63 ] Training loss: 0.0960028
DEBUG:root:[ Iteration 66 ] Training loss: 0.116799
DEBUG:root:[ Iteration 69 ] Training loss: 0.0924438
DEBUG:root:[ Iteration 72 ] Training loss: 0.116216
DEBUG:root:[ Iteration 75 ] Training loss: 0.113413
DEBUG:root:[ Iteration 78 ] Training loss: 0.132551
DEBUG:root:[ Iteration 80 ] Test loss: 0.109271
DEBUG:root:[ Iteration 81 ] Training loss: 0.132717
DEBUG:root:[ Iteration 84 ] Training loss: 0.140909
DEBUG:root:[ Iteration 87 ] Training loss: 0.088364
DEBUG:root:[ Iteration 90 ] Training loss: 0.104079
DEBUG:root:[ Iteration 93 ] Training loss: 0.102339
DEBUG:root:[ Iteration 96 ] Training loss: 0.12518
DEBUG:root:[ Iteration 99 ] Training loss: 0.108485
DEBUG:root:[ Iteration 100 ] Test loss: 0.106893
DEBUG:root:[ Iteration 102 ] Training loss: 0.10598
DEBUG:root:[ Iteration 105 ] Training loss: 0.100287
DEBUG:root:[ Iteration 108 ] Training loss: 0.0981877
DEBUG:root:[ Iteration 111 ] Training loss: 0.10179
DEBUG:root:[ Iteration 114 ] Training loss: 0.105573
DEBUG:root:[ Iteration 117 ] Training loss: 0.0940692
DEBUG:root:[ Iteration 120 ] Training loss: 0.127544
DEBUG:root:[ Iteration 120 ] Test loss: 0.108476
DEBUG:root:[ Iteration 123 ] Training loss: 0.102371
DEBUG:root:[ Iteration 126 ] Training loss: 0.102103
DEBUG:root:[ Iteration 129 ] Training loss: 0.0977843
DEBUG:root:[ Iteration 132 ] Training loss: 0.0867964
DEBUG:root:[ Iteration 135 ] Training loss: 0.107994
DEBUG:root:[ Iteration 138 ] Training loss: 0.131411
DEBUG:root:[ Iteration 140 ] Test loss: 0.108203
DEBUG:root:[ Iteration 141 ] Training loss: 0.142631
DEBUG:root:[ Iteration 144 ] Training loss: 0.121555
DEBUG:root:[ Iteration 147 ] Training loss: 0.125996
DEBUG:root:[ Iteration 150 ] Training loss: 0.095924
DEBUG:root:[ Iteration 153 ] Training loss: 0.0992566
DEBUG:root:[ Iteration 156 ] Training loss: 0.102172
DEBUG:root:[ Iteration 159 ] Training loss: 0.0970656
DEBUG:root:[ Iteration 160 ] Test loss: 0.106058
DEBUG:root:[ Iteration 162 ] Training loss: 0.095325
DEBUG:root:[ Iteration 165 ] Training loss: 0.0957922
DEBUG:root:[ Iteration 168 ] Training loss: 0.0878445
DEBUG:root:[ Iteration 171 ] Training loss: 0.101606
DEBUG:root:[ Iteration 174 ] Training loss: 0.121797
DEBUG:root:[ Iteration 177 ] Training loss: 0.111145
DEBUG:root:[ Iteration 180 ] Training loss: 0.114908
DEBUG:root:[ Iteration 180 ] Test loss: 0.105151
DEBUG:root:[ Iteration 183 ] Training loss: 0.10743
DEBUG:root:[ Iteration 186 ] Training loss: 0.111187
DEBUG:root:[ Iteration 189 ] Training loss: 0.0953474
DEBUG:root:[ Iteration 192 ] Training loss: 0.10429
DEBUG:root:[ Iteration 195 ] Training loss: 0.0964178
DEBUG:root:[ Iteration 198 ] Training loss: 0.100739
DEBUG:root:Saving...
DEBUG:root:[ Iteration 0 ] Training loss: 0.123312
DEBUG:root:Saving...
DEBUG:root:[ Iteration 0 ] Training loss: 0.133029
DEBUG:root:Saving...
DEBUG:root:Saved model to /home/annal/Izzy/vision_amt/Net/tensor/net6/net6_02-15-2016_13h44m16s.ckpt
DEBUG:root:Optimization done.
DEBUG:root:[ Iteration 0 ] Training loss: 0.119189
DEBUG:root:[ Iteration 0 ] Test loss: 0.11335
DEBUG:root:[ Iteration 3 ] Training loss: 0.110114
DEBUG:root:[ Iteration 6 ] Training loss: 0.10752
DEBUG:root:[ Iteration 9 ] Training loss: 0.108812
DEBUG:root:[ Iteration 12 ] Training loss: 0.133335
DEBUG:root:[ Iteration 15 ] Training loss: 0.112957
DEBUG:root:[ Iteration 18 ] Training loss: 0.129161
DEBUG:root:[ Iteration 20 ] Test loss: 0.112202
DEBUG:root:[ Iteration 21 ] Training loss: 0.113814
DEBUG:root:[ Iteration 24 ] Training loss: 0.113295
DEBUG:root:[ Iteration 27 ] Training loss: 0.136231
DEBUG:root:[ Iteration 30 ] Training loss: 0.117016
DEBUG:root:[ Iteration 33 ] Training loss: 0.109096
DEBUG:root:[ Iteration 36 ] Training loss: 0.0935028
DEBUG:root:[ Iteration 39 ] Training loss: 0.123792
DEBUG:root:[ Iteration 40 ] Test loss: 0.110565
DEBUG:root:[ Iteration 42 ] Training loss: 0.111226
DEBUG:root:[ Iteration 45 ] Training loss: 0.078434
DEBUG:root:[ Iteration 48 ] Training loss: 0.105718
DEBUG:root:[ Iteration 51 ] Training loss: 0.113818
DEBUG:root:[ Iteration 54 ] Training loss: 0.105794
DEBUG:root:[ Iteration 57 ] Training loss: 0.116589
DEBUG:root:[ Iteration 60 ] Training loss: 0.114638
DEBUG:root:[ Iteration 60 ] Test loss: 0.109811
DEBUG:root:[ Iteration 63 ] Training loss: 0.101608
DEBUG:root:[ Iteration 66 ] Training loss: 0.105813
DEBUG:root:[ Iteration 69 ] Training loss: 0.104291
DEBUG:root:[ Iteration 72 ] Training loss: 0.101696
DEBUG:root:[ Iteration 75 ] Training loss: 0.117739
DEBUG:root:[ Iteration 78 ] Training loss: 0.121253
DEBUG:root:[ Iteration 80 ] Test loss: 0.107976
DEBUG:root:[ Iteration 81 ] Training loss: 0.11793
DEBUG:root:[ Iteration 84 ] Training loss: 0.106399
DEBUG:root:[ Iteration 87 ] Training loss: 0.103286
DEBUG:root:[ Iteration 90 ] Training loss: 0.108926
DEBUG:root:[ Iteration 93 ] Training loss: 0.117188
DEBUG:root:[ Iteration 96 ] Training loss: 0.10679
DEBUG:root:[ Iteration 99 ] Training loss: 0.109458
DEBUG:root:[ Iteration 100 ] Test loss: 0.107238
DEBUG:root:[ Iteration 102 ] Training loss: 0.13517
DEBUG:root:[ Iteration 105 ] Training loss: 0.115945
DEBUG:root:[ Iteration 108 ] Training loss: 0.107733
DEBUG:root:[ Iteration 111 ] Training loss: 0.0903432
DEBUG:root:[ Iteration 114 ] Training loss: 0.103768
DEBUG:root:[ Iteration 117 ] Training loss: 0.126736
DEBUG:root:[ Iteration 120 ] Training loss: 0.0966899
DEBUG:root:[ Iteration 120 ] Test loss: 0.107369
DEBUG:root:[ Iteration 123 ] Training loss: 0.0942526
DEBUG:root:[ Iteration 126 ] Training loss: 0.0945421
DEBUG:root:[ Iteration 129 ] Training loss: 0.105493
DEBUG:root:[ Iteration 132 ] Training loss: 0.106836
DEBUG:root:[ Iteration 135 ] Training loss: 0.104689
DEBUG:root:[ Iteration 138 ] Training loss: 0.0908785
DEBUG:root:[ Iteration 140 ] Test loss: 0.104872
DEBUG:root:[ Iteration 141 ] Training loss: 0.115012
DEBUG:root:[ Iteration 144 ] Training loss: 0.121201
DEBUG:root:[ Iteration 147 ] Training loss: 0.104571
DEBUG:root:[ Iteration 150 ] Training loss: 0.101475
DEBUG:root:[ Iteration 153 ] Training loss: 0.115572
DEBUG:root:[ Iteration 156 ] Training loss: 0.103851
DEBUG:root:[ Iteration 159 ] Training loss: 0.100552
DEBUG:root:[ Iteration 160 ] Test loss: 0.104267
DEBUG:root:[ Iteration 162 ] Training loss: 0.110361
DEBUG:root:[ Iteration 165 ] Training loss: 0.103709
DEBUG:root:[ Iteration 168 ] Training loss: 0.0969238
DEBUG:root:[ Iteration 171 ] Training loss: 0.111408
DEBUG:root:[ Iteration 174 ] Training loss: 0.100297
DEBUG:root:[ Iteration 177 ] Training loss: 0.120532
DEBUG:root:[ Iteration 180 ] Training loss: 0.100439
DEBUG:root:[ Iteration 180 ] Test loss: 0.103237
DEBUG:root:[ Iteration 183 ] Training loss: 0.0873775
DEBUG:root:[ Iteration 186 ] Training loss: 0.0960252
DEBUG:root:[ Iteration 189 ] Training loss: 0.0998988
DEBUG:root:[ Iteration 192 ] Training loss: 0.0987946
DEBUG:root:[ Iteration 195 ] Training loss: 0.0907203
DEBUG:root:[ Iteration 198 ] Training loss: 0.10667
DEBUG:root:Saving...
DEBUG:root:Saved model to /home/annal/Izzy/vision_amt/Net/tensor/net6/net6_02-15-2016_13h48m35s.ckpt
DEBUG:root:Optimization done.
DEBUG:root:[ Iteration 0 ] Training loss: 0.10129
DEBUG:root:[ Iteration 0 ] Test loss: 0.103436
DEBUG:root:[ Iteration 3 ] Training loss: 0.103642
DEBUG:root:[ Iteration 6 ] Training loss: 0.107876
DEBUG:root:[ Iteration 9 ] Training loss: 0.0968528
DEBUG:root:[ Iteration 12 ] Training loss: 0.102248
DEBUG:root:[ Iteration 15 ] Training loss: 0.0953402
DEBUG:root:[ Iteration 18 ] Training loss: 0.10794
DEBUG:root:[ Iteration 20 ] Test loss: 0.103737
DEBUG:root:[ Iteration 21 ] Training loss: 0.10275
DEBUG:root:[ Iteration 24 ] Training loss: 0.0962745
DEBUG:root:[ Iteration 27 ] Training loss: 0.0705856
DEBUG:root:[ Iteration 30 ] Training loss: 0.0979792
DEBUG:root:[ Iteration 33 ] Training loss: 0.114157
DEBUG:root:[ Iteration 36 ] Training loss: 0.0986293
DEBUG:root:[ Iteration 39 ] Training loss: 0.0963812
DEBUG:root:[ Iteration 40 ] Test loss: 0.100782
DEBUG:root:[ Iteration 42 ] Training loss: 0.104023
DEBUG:root:[ Iteration 45 ] Training loss: 0.0822531
DEBUG:root:[ Iteration 48 ] Training loss: 0.0922795
DEBUG:root:[ Iteration 51 ] Training loss: 0.101556
DEBUG:root:[ Iteration 54 ] Training loss: 0.0913708
DEBUG:root:[ Iteration 57 ] Training loss: 0.0915227
DEBUG:root:[ Iteration 60 ] Training loss: 0.104911
DEBUG:root:[ Iteration 60 ] Test loss: 0.0997215
DEBUG:root:[ Iteration 63 ] Training loss: 0.110762
DEBUG:root:[ Iteration 66 ] Training loss: 0.0879966
DEBUG:root:[ Iteration 69 ] Training loss: 0.0981693
DEBUG:root:[ Iteration 72 ] Training loss: 0.102336
DEBUG:root:[ Iteration 75 ] Training loss: 0.121293
DEBUG:root:[ Iteration 78 ] Training loss: 0.109288
DEBUG:root:[ Iteration 80 ] Test loss: 0.0986863
DEBUG:root:[ Iteration 81 ] Training loss: 0.0824973
DEBUG:root:[ Iteration 84 ] Training loss: 0.0964464
DEBUG:root:[ Iteration 87 ] Training loss: 0.0767409
DEBUG:root:[ Iteration 90 ] Training loss: 0.0973205
DEBUG:root:[ Iteration 93 ] Training loss: 0.132461
DEBUG:root:[ Iteration 96 ] Training loss: 0.0794681
DEBUG:root:[ Iteration 99 ] Training loss: 0.0941559
DEBUG:root:[ Iteration 100 ] Test loss: 0.0977624
DEBUG:root:[ Iteration 102 ] Training loss: 0.105686
DEBUG:root:[ Iteration 105 ] Training loss: 0.123835
DEBUG:root:[ Iteration 108 ] Training loss: 0.0828095
DEBUG:root:[ Iteration 111 ] Training loss: 0.0920884
DEBUG:root:[ Iteration 114 ] Training loss: 0.0862641
DEBUG:root:[ Iteration 117 ] Training loss: 0.0987314
DEBUG:root:[ Iteration 120 ] Training loss: 0.103442
DEBUG:root:[ Iteration 120 ] Test loss: 0.098037
DEBUG:root:[ Iteration 123 ] Training loss: 0.0950995
DEBUG:root:[ Iteration 126 ] Training loss: 0.0817248
DEBUG:root:[ Iteration 129 ] Training loss: 0.0939955
DEBUG:root:[ Iteration 132 ] Training loss: 0.093302
DEBUG:root:[ Iteration 135 ] Training loss: 0.0981713
DEBUG:root:[ Iteration 138 ] Training loss: 0.0970903
DEBUG:root:[ Iteration 140 ] Test loss: 0.0961633
DEBUG:root:[ Iteration 141 ] Training loss: 0.102649
DEBUG:root:[ Iteration 144 ] Training loss: 0.0942431
DEBUG:root:[ Iteration 147 ] Training loss: 0.0860566
DEBUG:root:[ Iteration 150 ] Training loss: 0.102258
DEBUG:root:[ Iteration 153 ] Training loss: 0.0681115
DEBUG:root:[ Iteration 156 ] Training loss: 0.0941001
DEBUG:root:[ Iteration 159 ] Training loss: 0.100297
DEBUG:root:[ Iteration 160 ] Test loss: 0.0956383
DEBUG:root:[ Iteration 162 ] Training loss: 0.101699
DEBUG:root:[ Iteration 165 ] Training loss: 0.092614
DEBUG:root:[ Iteration 168 ] Training loss: 0.110809
DEBUG:root:[ Iteration 171 ] Training loss: 0.105897
DEBUG:root:[ Iteration 174 ] Training loss: 0.108216
DEBUG:root:[ Iteration 177 ] Training loss: 0.0821529
DEBUG:root:[ Iteration 180 ] Training loss: 0.092768
DEBUG:root:[ Iteration 180 ] Test loss: 0.0951607
DEBUG:root:[ Iteration 183 ] Training loss: 0.10519
DEBUG:root:[ Iteration 186 ] Training loss: 0.0774215
DEBUG:root:[ Iteration 189 ] Training loss: 0.0921951
DEBUG:root:[ Iteration 192 ] Training loss: 0.0899538
DEBUG:root:[ Iteration 195 ] Training loss: 0.0893446
DEBUG:root:[ Iteration 198 ] Training loss: 0.0837681
DEBUG:root:[ Iteration 200 ] Test loss: 0.0938902
DEBUG:root:[ Iteration 201 ] Training loss: 0.104305
DEBUG:root:[ Iteration 204 ] Training loss: 0.106954
DEBUG:root:[ Iteration 207 ] Training loss: 0.0838279
DEBUG:root:[ Iteration 210 ] Training loss: 0.110953
DEBUG:root:[ Iteration 213 ] Training loss: 0.0842635
DEBUG:root:[ Iteration 216 ] Training loss: 0.0883103
DEBUG:root:[ Iteration 219 ] Training loss: 0.0919074
DEBUG:root:[ Iteration 220 ] Test loss: 0.0932788
DEBUG:root:[ Iteration 222 ] Training loss: 0.0913478
DEBUG:root:[ Iteration 225 ] Training loss: 0.102491
DEBUG:root:[ Iteration 228 ] Training loss: 0.0842305
DEBUG:root:[ Iteration 231 ] Training loss: 0.0926299
DEBUG:root:[ Iteration 234 ] Training loss: 0.098329
DEBUG:root:[ Iteration 237 ] Training loss: 0.0837995
DEBUG:root:[ Iteration 240 ] Training loss: 0.0825771
DEBUG:root:[ Iteration 240 ] Test loss: 0.0933612
DEBUG:root:[ Iteration 243 ] Training loss: 0.0770338
DEBUG:root:[ Iteration 246 ] Training loss: 0.0967049
DEBUG:root:[ Iteration 249 ] Training loss: 0.0763203
DEBUG:root:[ Iteration 252 ] Training loss: 0.100426
DEBUG:root:[ Iteration 255 ] Training loss: 0.0878457
DEBUG:root:[ Iteration 258 ] Training loss: 0.085398
DEBUG:root:[ Iteration 260 ] Test loss: 0.0917435
DEBUG:root:[ Iteration 261 ] Training loss: 0.0963184
DEBUG:root:[ Iteration 264 ] Training loss: 0.0853424
DEBUG:root:[ Iteration 267 ] Training loss: 0.0873075
DEBUG:root:[ Iteration 270 ] Training loss: 0.105692
DEBUG:root:[ Iteration 273 ] Training loss: 0.0934893
DEBUG:root:[ Iteration 276 ] Training loss: 0.101669
DEBUG:root:[ Iteration 279 ] Training loss: 0.0957656
DEBUG:root:[ Iteration 280 ] Test loss: 0.0914243
DEBUG:root:[ Iteration 282 ] Training loss: 0.0874146
DEBUG:root:[ Iteration 285 ] Training loss: 0.0852114
DEBUG:root:[ Iteration 288 ] Training loss: 0.0902067
DEBUG:root:[ Iteration 291 ] Training loss: 0.0742364
DEBUG:root:[ Iteration 294 ] Training loss: 0.0978371
DEBUG:root:[ Iteration 297 ] Training loss: 0.0953097
DEBUG:root:[ Iteration 300 ] Training loss: 0.0721929
DEBUG:root:[ Iteration 300 ] Test loss: 0.0905916
DEBUG:root:[ Iteration 303 ] Training loss: 0.0875486
DEBUG:root:[ Iteration 306 ] Training loss: 0.093289
DEBUG:root:[ Iteration 309 ] Training loss: 0.0759501
DEBUG:root:[ Iteration 312 ] Training loss: 0.0911291
DEBUG:root:[ Iteration 315 ] Training loss: 0.0799277
DEBUG:root:[ Iteration 318 ] Training loss: 0.0846449
DEBUG:root:[ Iteration 320 ] Test loss: 0.0896681
DEBUG:root:[ Iteration 321 ] Training loss: 0.105043
DEBUG:root:[ Iteration 324 ] Training loss: 0.0845488
DEBUG:root:[ Iteration 327 ] Training loss: 0.096545
DEBUG:root:[ Iteration 330 ] Training loss: 0.0828573
DEBUG:root:[ Iteration 333 ] Training loss: 0.0967525
DEBUG:root:[ Iteration 336 ] Training loss: 0.0682163
DEBUG:root:[ Iteration 339 ] Training loss: 0.0844021
DEBUG:root:[ Iteration 340 ] Test loss: 0.0890553
DEBUG:root:[ Iteration 342 ] Training loss: 0.0748248
DEBUG:root:[ Iteration 345 ] Training loss: 0.0971247
DEBUG:root:[ Iteration 348 ] Training loss: 0.0829332
DEBUG:root:[ Iteration 351 ] Training loss: 0.0961045
DEBUG:root:[ Iteration 354 ] Training loss: 0.0805125
DEBUG:root:[ Iteration 357 ] Training loss: 0.0888349
DEBUG:root:[ Iteration 360 ] Training loss: 0.0855489
DEBUG:root:[ Iteration 360 ] Test loss: 0.088167
DEBUG:root:[ Iteration 363 ] Training loss: 0.0821129
DEBUG:root:[ Iteration 366 ] Training loss: 0.0876065
DEBUG:root:[ Iteration 369 ] Training loss: 0.0946883
DEBUG:root:[ Iteration 372 ] Training loss: 0.0861949
DEBUG:root:[ Iteration 375 ] Training loss: 0.0747334
DEBUG:root:[ Iteration 378 ] Training loss: 0.0908182
DEBUG:root:[ Iteration 380 ] Test loss: 0.0902299
DEBUG:root:[ Iteration 381 ] Training loss: 0.0856411
DEBUG:root:[ Iteration 384 ] Training loss: 0.0961682
DEBUG:root:[ Iteration 387 ] Training loss: 0.0784799
DEBUG:root:[ Iteration 390 ] Training loss: 0.0882843
DEBUG:root:[ Iteration 393 ] Training loss: 0.0817166
DEBUG:root:[ Iteration 396 ] Training loss: 0.094608
DEBUG:root:[ Iteration 399 ] Training loss: 0.0846519
DEBUG:root:Saving...
DEBUG:root:Saved model to /home/annal/Izzy/vision_amt/Net/tensor/net6/net6_02-15-2016_13h57m43s.ckpt
DEBUG:root:Optimization done.
DEBUG:root:[ Iteration 0 ] Training loss: 0.550097
DEBUG:root:[ Iteration 0 ] Test loss: 0.554209
DEBUG:root:[ Iteration 0 ] Training loss: 0.554746
DEBUG:root:[ Iteration 0 ] Test loss: 0.511749
DEBUG:root:[ Iteration 3 ] Training loss: 0.424506
DEBUG:root:[ Iteration 6 ] Training loss: 0.387756
DEBUG:root:[ Iteration 9 ] Training loss: 0.323816
DEBUG:root:[ Iteration 12 ] Training loss: 0.329896
DEBUG:root:[ Iteration 15 ] Training loss: 0.31825
DEBUG:root:[ Iteration 18 ] Training loss: 0.273847
DEBUG:root:[ Iteration 20 ] Test loss: 0.292394
DEBUG:root:[ Iteration 21 ] Training loss: 0.296242
DEBUG:root:[ Iteration 24 ] Training loss: 0.291828
DEBUG:root:[ Iteration 27 ] Training loss: 0.270209
DEBUG:root:[ Iteration 30 ] Training loss: 0.238
DEBUG:root:[ Iteration 33 ] Training loss: 0.251161
DEBUG:root:[ Iteration 36 ] Training loss: 0.221567
DEBUG:root:[ Iteration 39 ] Training loss: 0.255125
DEBUG:root:[ Iteration 40 ] Test loss: 0.234138
DEBUG:root:[ Iteration 42 ] Training loss: 0.254024
DEBUG:root:[ Iteration 45 ] Training loss: 0.220591
DEBUG:root:[ Iteration 48 ] Training loss: 0.230891
DEBUG:root:[ Iteration 51 ] Training loss: 0.189414
DEBUG:root:[ Iteration 54 ] Training loss: 0.242858
DEBUG:root:[ Iteration 57 ] Training loss: 0.175212
DEBUG:root:[ Iteration 60 ] Training loss: 0.197568
DEBUG:root:[ Iteration 60 ] Test loss: 0.186863
DEBUG:root:[ Iteration 63 ] Training loss: 0.193498
DEBUG:root:[ Iteration 66 ] Training loss: 0.16961
DEBUG:root:[ Iteration 69 ] Training loss: 0.167491
DEBUG:root:[ Iteration 72 ] Training loss: 0.158946
DEBUG:root:[ Iteration 75 ] Training loss: 0.151529
DEBUG:root:[ Iteration 78 ] Training loss: 0.155857
DEBUG:root:[ Iteration 80 ] Test loss: 0.153415
DEBUG:root:[ Iteration 81 ] Training loss: 0.145133
DEBUG:root:[ Iteration 84 ] Training loss: 0.181868
DEBUG:root:[ Iteration 87 ] Training loss: 0.15249
DEBUG:root:[ Iteration 90 ] Training loss: 0.158486
DEBUG:root:[ Iteration 93 ] Training loss: 0.155873
DEBUG:root:[ Iteration 96 ] Training loss: 0.131188
DEBUG:root:[ Iteration 99 ] Training loss: 0.137412
DEBUG:root:[ Iteration 100 ] Test loss: 0.139431
DEBUG:root:[ Iteration 102 ] Training loss: 0.162786
DEBUG:root:[ Iteration 105 ] Training loss: 0.147165
DEBUG:root:[ Iteration 108 ] Training loss: 0.131567
DEBUG:root:[ Iteration 111 ] Training loss: 0.155772
DEBUG:root:[ Iteration 114 ] Training loss: 0.131626
DEBUG:root:[ Iteration 117 ] Training loss: 0.122157
DEBUG:root:[ Iteration 120 ] Training loss: 0.127891
DEBUG:root:[ Iteration 120 ] Test loss: 0.131365
DEBUG:root:[ Iteration 123 ] Training loss: 0.131743
DEBUG:root:[ Iteration 126 ] Training loss: 0.126641
DEBUG:root:[ Iteration 129 ] Training loss: 0.140945
DEBUG:root:[ Iteration 132 ] Training loss: 0.115023
DEBUG:root:[ Iteration 135 ] Training loss: 0.12856
DEBUG:root:[ Iteration 138 ] Training loss: 0.145268
DEBUG:root:[ Iteration 140 ] Test loss: 0.125732
DEBUG:root:[ Iteration 141 ] Training loss: 0.113449
DEBUG:root:[ Iteration 144 ] Training loss: 0.108863
DEBUG:root:[ Iteration 147 ] Training loss: 0.135433
DEBUG:root:[ Iteration 150 ] Training loss: 0.168044
DEBUG:root:[ Iteration 153 ] Training loss: 0.114587
DEBUG:root:[ Iteration 156 ] Training loss: 0.133125
DEBUG:root:[ Iteration 159 ] Training loss: 0.123201
DEBUG:root:[ Iteration 160 ] Test loss: 0.121394
DEBUG:root:[ Iteration 162 ] Training loss: 0.118945
DEBUG:root:[ Iteration 165 ] Training loss: 0.12782
DEBUG:root:[ Iteration 168 ] Training loss: 0.122252
DEBUG:root:[ Iteration 171 ] Training loss: 0.116479
DEBUG:root:[ Iteration 174 ] Training loss: 0.125393
DEBUG:root:[ Iteration 177 ] Training loss: 0.112016
DEBUG:root:[ Iteration 180 ] Training loss: 0.10617
DEBUG:root:[ Iteration 180 ] Test loss: 0.118048
DEBUG:root:[ Iteration 183 ] Training loss: 0.118524
DEBUG:root:[ Iteration 186 ] Training loss: 0.137606
DEBUG:root:[ Iteration 189 ] Training loss: 0.114333
DEBUG:root:[ Iteration 192 ] Training loss: 0.110767
DEBUG:root:[ Iteration 195 ] Training loss: 0.126068
DEBUG:root:[ Iteration 198 ] Training loss: 0.116438
DEBUG:root:[ Iteration 200 ] Test loss: 0.115562
DEBUG:root:[ Iteration 201 ] Training loss: 0.122343
DEBUG:root:[ Iteration 204 ] Training loss: 0.119509
DEBUG:root:[ Iteration 207 ] Training loss: 0.120092
DEBUG:root:[ Iteration 210 ] Training loss: 0.107711
DEBUG:root:[ Iteration 213 ] Training loss: 0.10826
DEBUG:root:[ Iteration 216 ] Training loss: 0.104613
DEBUG:root:[ Iteration 219 ] Training loss: 0.114076
DEBUG:root:[ Iteration 220 ] Test loss: 0.113629
DEBUG:root:[ Iteration 222 ] Training loss: 0.109015
DEBUG:root:[ Iteration 225 ] Training loss: 0.126791
DEBUG:root:[ Iteration 228 ] Training loss: 0.122608
DEBUG:root:[ Iteration 231 ] Training loss: 0.125567
DEBUG:root:[ Iteration 234 ] Training loss: 0.121067
DEBUG:root:[ Iteration 237 ] Training loss: 0.129687
DEBUG:root:[ Iteration 240 ] Training loss: 0.0909492
DEBUG:root:[ Iteration 240 ] Test loss: 0.112129
DEBUG:root:[ Iteration 243 ] Training loss: 0.0985657
DEBUG:root:[ Iteration 246 ] Training loss: 0.103045
DEBUG:root:[ Iteration 249 ] Training loss: 0.107786
DEBUG:root:[ Iteration 252 ] Training loss: 0.0896735
DEBUG:root:[ Iteration 255 ] Training loss: 0.104231
DEBUG:root:[ Iteration 258 ] Training loss: 0.13321
DEBUG:root:[ Iteration 260 ] Test loss: 0.110356
DEBUG:root:[ Iteration 261 ] Training loss: 0.110005
DEBUG:root:[ Iteration 264 ] Training loss: 0.101451
DEBUG:root:[ Iteration 267 ] Training loss: 0.132732
DEBUG:root:[ Iteration 270 ] Training loss: 0.098138
DEBUG:root:[ Iteration 273 ] Training loss: 0.1144
DEBUG:root:[ Iteration 276 ] Training loss: 0.107048
DEBUG:root:[ Iteration 279 ] Training loss: 0.117694
DEBUG:root:[ Iteration 280 ] Test loss: 0.108877
DEBUG:root:[ Iteration 282 ] Training loss: 0.113074
DEBUG:root:[ Iteration 285 ] Training loss: 0.118922
DEBUG:root:[ Iteration 288 ] Training loss: 0.10526
DEBUG:root:[ Iteration 291 ] Training loss: 0.100892
DEBUG:root:[ Iteration 294 ] Training loss: 0.0999168
DEBUG:root:[ Iteration 297 ] Training loss: 0.0976288
DEBUG:root:[ Iteration 300 ] Training loss: 0.109556
DEBUG:root:[ Iteration 300 ] Test loss: 0.107026
DEBUG:root:[ Iteration 303 ] Training loss: 0.113534
DEBUG:root:[ Iteration 306 ] Training loss: 0.120611
DEBUG:root:[ Iteration 309 ] Training loss: 0.106501
DEBUG:root:[ Iteration 312 ] Training loss: 0.0891278
DEBUG:root:[ Iteration 315 ] Training loss: 0.105335
DEBUG:root:[ Iteration 318 ] Training loss: 0.112364
DEBUG:root:[ Iteration 320 ] Test loss: 0.105672
DEBUG:root:[ Iteration 321 ] Training loss: 0.119368
DEBUG:root:[ Iteration 324 ] Training loss: 0.113955
DEBUG:root:[ Iteration 327 ] Training loss: 0.120967
DEBUG:root:[ Iteration 330 ] Training loss: 0.0907712
DEBUG:root:[ Iteration 333 ] Training loss: 0.133913
DEBUG:root:[ Iteration 336 ] Training loss: 0.109496
DEBUG:root:[ Iteration 339 ] Training loss: 0.126257
DEBUG:root:[ Iteration 340 ] Test loss: 0.104657
DEBUG:root:[ Iteration 342 ] Training loss: 0.100279
DEBUG:root:[ Iteration 345 ] Training loss: 0.120444
DEBUG:root:[ Iteration 348 ] Training loss: 0.101392
DEBUG:root:[ Iteration 351 ] Training loss: 0.108522
DEBUG:root:[ Iteration 354 ] Training loss: 0.0924464
DEBUG:root:[ Iteration 357 ] Training loss: 0.107393
DEBUG:root:[ Iteration 360 ] Training loss: 0.0851092
DEBUG:root:[ Iteration 360 ] Test loss: 0.103328
DEBUG:root:[ Iteration 363 ] Training loss: 0.111779
DEBUG:root:[ Iteration 366 ] Training loss: 0.115206
DEBUG:root:[ Iteration 369 ] Training loss: 0.106572
DEBUG:root:[ Iteration 372 ] Training loss: 0.104629
DEBUG:root:[ Iteration 375 ] Training loss: 0.0918817
DEBUG:root:[ Iteration 378 ] Training loss: 0.107151
DEBUG:root:[ Iteration 380 ] Test loss: 0.102173
DEBUG:root:[ Iteration 381 ] Training loss: 0.111764
DEBUG:root:[ Iteration 384 ] Training loss: 0.107121
DEBUG:root:[ Iteration 387 ] Training loss: 0.103272
DEBUG:root:[ Iteration 390 ] Training loss: 0.113833
DEBUG:root:[ Iteration 393 ] Training loss: 0.102884
DEBUG:root:[ Iteration 396 ] Training loss: 0.106313
DEBUG:root:[ Iteration 399 ] Training loss: 0.110862
DEBUG:root:Saving...
DEBUG:root:[ Iteration 0 ] Training loss: 0.782467
DEBUG:root:Saving...
DEBUG:root:[ Iteration 0 ] Training loss: 0.493393
DEBUG:root:Saving...
DEBUG:root:[ Iteration 0 ] Training loss: 0.392942
DEBUG:root:Saving...
DEBUG:root:[ Iteration 0 ] Training loss: 0.368055
DEBUG:root:[ Iteration 0 ] Test loss: 0.374361
DEBUG:root:[ Iteration 3 ] Training loss: 0.299851
DEBUG:root:[ Iteration 6 ] Training loss: 0.283034
DEBUG:root:[ Iteration 9 ] Training loss: 0.2368
DEBUG:root:[ Iteration 12 ] Training loss: 0.203583
DEBUG:root:[ Iteration 15 ] Training loss: 0.214776
DEBUG:root:[ Iteration 18 ] Training loss: 0.241186
DEBUG:root:[ Iteration 20 ] Test loss: 0.197347
DEBUG:root:[ Iteration 21 ] Training loss: 0.211921
DEBUG:root:[ Iteration 24 ] Training loss: 0.185994
DEBUG:root:[ Iteration 27 ] Training loss: 0.176041
DEBUG:root:[ Iteration 30 ] Training loss: 0.167019
DEBUG:root:[ Iteration 33 ] Training loss: 0.171738
DEBUG:root:[ Iteration 36 ] Training loss: 0.182356
DEBUG:root:[ Iteration 39 ] Training loss: 0.161762
DEBUG:root:[ Iteration 40 ] Test loss: 0.165909
DEBUG:root:[ Iteration 42 ] Training loss: 0.149759
DEBUG:root:[ Iteration 45 ] Training loss: 0.173379
DEBUG:root:[ Iteration 48 ] Training loss: 0.170151
DEBUG:root:[ Iteration 51 ] Training loss: 0.131553
DEBUG:root:[ Iteration 54 ] Training loss: 0.153842
DEBUG:root:[ Iteration 57 ] Training loss: 0.183421
DEBUG:root:[ Iteration 60 ] Training loss: 0.158391
DEBUG:root:[ Iteration 60 ] Test loss: 0.149622
DEBUG:root:[ Iteration 63 ] Training loss: 0.144953
DEBUG:root:[ Iteration 66 ] Training loss: 0.178592
DEBUG:root:[ Iteration 69 ] Training loss: 0.13595
DEBUG:root:[ Iteration 72 ] Training loss: 0.170829
DEBUG:root:[ Iteration 75 ] Training loss: 0.122804
DEBUG:root:[ Iteration 78 ] Training loss: 0.132796
DEBUG:root:[ Iteration 80 ] Test loss: 0.138669
DEBUG:root:[ Iteration 81 ] Training loss: 0.134224
DEBUG:root:[ Iteration 84 ] Training loss: 0.124933
DEBUG:root:[ Iteration 87 ] Training loss: 0.142349
DEBUG:root:[ Iteration 90 ] Training loss: 0.142061
DEBUG:root:[ Iteration 93 ] Training loss: 0.147586
DEBUG:root:[ Iteration 96 ] Training loss: 0.160352
DEBUG:root:[ Iteration 99 ] Training loss: 0.109807
DEBUG:root:[ Iteration 100 ] Test loss: 0.132532
DEBUG:root:[ Iteration 102 ] Training loss: 0.135066
DEBUG:root:[ Iteration 105 ] Training loss: 0.124143
DEBUG:root:[ Iteration 108 ] Training loss: 0.145954
DEBUG:root:[ Iteration 111 ] Training loss: 0.138219
DEBUG:root:[ Iteration 114 ] Training loss: 0.134378
DEBUG:root:[ Iteration 117 ] Training loss: 0.130145
DEBUG:root:[ Iteration 120 ] Training loss: 0.133931
DEBUG:root:[ Iteration 120 ] Test loss: 0.127933
DEBUG:root:[ Iteration 123 ] Training loss: 0.126589
DEBUG:root:[ Iteration 126 ] Training loss: 0.129318
DEBUG:root:[ Iteration 129 ] Training loss: 0.143607
DEBUG:root:[ Iteration 132 ] Training loss: 0.137866
DEBUG:root:[ Iteration 135 ] Training loss: 0.118384
DEBUG:root:[ Iteration 138 ] Training loss: 0.116068
DEBUG:root:[ Iteration 140 ] Test loss: 0.124795
DEBUG:root:[ Iteration 141 ] Training loss: 0.116611
DEBUG:root:[ Iteration 144 ] Training loss: 0.140037
DEBUG:root:[ Iteration 147 ] Training loss: 0.126125
DEBUG:root:[ Iteration 150 ] Training loss: 0.139743
DEBUG:root:[ Iteration 153 ] Training loss: 0.127323
DEBUG:root:[ Iteration 156 ] Training loss: 0.136807
DEBUG:root:[ Iteration 159 ] Training loss: 0.126928
DEBUG:root:[ Iteration 160 ] Test loss: 0.122008
DEBUG:root:[ Iteration 162 ] Training loss: 0.130153
DEBUG:root:[ Iteration 165 ] Training loss: 0.128111
DEBUG:root:[ Iteration 168 ] Training loss: 0.111445
DEBUG:root:[ Iteration 171 ] Training loss: 0.114143
DEBUG:root:[ Iteration 174 ] Training loss: 0.118711
DEBUG:root:[ Iteration 177 ] Training loss: 0.1083
DEBUG:root:[ Iteration 180 ] Training loss: 0.134683
DEBUG:root:[ Iteration 180 ] Test loss: 0.119698
DEBUG:root:[ Iteration 183 ] Training loss: 0.117128
DEBUG:root:[ Iteration 186 ] Training loss: 0.110475
DEBUG:root:[ Iteration 189 ] Training loss: 0.129371
DEBUG:root:[ Iteration 192 ] Training loss: 0.132173
DEBUG:root:[ Iteration 195 ] Training loss: 0.119931
DEBUG:root:[ Iteration 198 ] Training loss: 0.127324
DEBUG:root:[ Iteration 200 ] Test loss: 0.117501
DEBUG:root:[ Iteration 201 ] Training loss: 0.127791
DEBUG:root:[ Iteration 204 ] Training loss: 0.127906
DEBUG:root:[ Iteration 207 ] Training loss: 0.126511
DEBUG:root:[ Iteration 210 ] Training loss: 0.108262
DEBUG:root:[ Iteration 213 ] Training loss: 0.112165
DEBUG:root:[ Iteration 216 ] Training loss: 0.135863
DEBUG:root:[ Iteration 219 ] Training loss: 0.12604
DEBUG:root:[ Iteration 220 ] Test loss: 0.115844
DEBUG:root:[ Iteration 222 ] Training loss: 0.115136
DEBUG:root:[ Iteration 225 ] Training loss: 0.125564
DEBUG:root:[ Iteration 228 ] Training loss: 0.11048
DEBUG:root:[ Iteration 231 ] Training loss: 0.113594
DEBUG:root:[ Iteration 234 ] Training loss: 0.114725
DEBUG:root:[ Iteration 237 ] Training loss: 0.124205
DEBUG:root:[ Iteration 240 ] Training loss: 0.118653
DEBUG:root:[ Iteration 240 ] Test loss: 0.114293
DEBUG:root:[ Iteration 243 ] Training loss: 0.142068
DEBUG:root:[ Iteration 246 ] Training loss: 0.126469
DEBUG:root:[ Iteration 249 ] Training loss: 0.112115
DEBUG:root:[ Iteration 252 ] Training loss: 0.106958
DEBUG:root:[ Iteration 255 ] Training loss: 0.103003
DEBUG:root:[ Iteration 258 ] Training loss: 0.129351
DEBUG:root:[ Iteration 260 ] Test loss: 0.112861
DEBUG:root:[ Iteration 261 ] Training loss: 0.110045
DEBUG:root:[ Iteration 264 ] Training loss: 0.107647
DEBUG:root:[ Iteration 267 ] Training loss: 0.10072
DEBUG:root:[ Iteration 270 ] Training loss: 0.102026
DEBUG:root:[ Iteration 273 ] Training loss: 0.10993
DEBUG:root:[ Iteration 276 ] Training loss: 0.132456
DEBUG:root:[ Iteration 279 ] Training loss: 0.13295
DEBUG:root:[ Iteration 280 ] Test loss: 0.111612
DEBUG:root:[ Iteration 282 ] Training loss: 0.10762
DEBUG:root:[ Iteration 285 ] Training loss: 0.112614
DEBUG:root:[ Iteration 288 ] Training loss: 0.109306
DEBUG:root:[ Iteration 291 ] Training loss: 0.103718
DEBUG:root:[ Iteration 294 ] Training loss: 0.126713
DEBUG:root:[ Iteration 297 ] Training loss: 0.112731
DEBUG:root:[ Iteration 300 ] Training loss: 0.0903235
DEBUG:root:[ Iteration 300 ] Test loss: 0.110584
DEBUG:root:[ Iteration 303 ] Training loss: 0.0998811
DEBUG:root:[ Iteration 306 ] Training loss: 0.11586
DEBUG:root:[ Iteration 309 ] Training loss: 0.107625
DEBUG:root:[ Iteration 312 ] Training loss: 0.115157
DEBUG:root:[ Iteration 315 ] Training loss: 0.107903
DEBUG:root:[ Iteration 318 ] Training loss: 0.131771
DEBUG:root:[ Iteration 320 ] Test loss: 0.109613
DEBUG:root:[ Iteration 321 ] Training loss: 0.106273
DEBUG:root:[ Iteration 324 ] Training loss: 0.114277
DEBUG:root:[ Iteration 327 ] Training loss: 0.111927
DEBUG:root:[ Iteration 330 ] Training loss: 0.109446
DEBUG:root:[ Iteration 333 ] Training loss: 0.114279
DEBUG:root:[ Iteration 336 ] Training loss: 0.11157
DEBUG:root:[ Iteration 339 ] Training loss: 0.121416
DEBUG:root:[ Iteration 340 ] Test loss: 0.108476
DEBUG:root:[ Iteration 342 ] Training loss: 0.0924697
DEBUG:root:[ Iteration 345 ] Training loss: 0.0913877
DEBUG:root:[ Iteration 348 ] Training loss: 0.121698
DEBUG:root:[ Iteration 351 ] Training loss: 0.109612
DEBUG:root:[ Iteration 354 ] Training loss: 0.10403
DEBUG:root:[ Iteration 357 ] Training loss: 0.109658
DEBUG:root:[ Iteration 360 ] Training loss: 0.0907404
DEBUG:root:[ Iteration 360 ] Test loss: 0.107491
DEBUG:root:[ Iteration 363 ] Training loss: 0.0888771
DEBUG:root:[ Iteration 366 ] Training loss: 0.0997231
DEBUG:root:[ Iteration 369 ] Training loss: 0.113681
DEBUG:root:[ Iteration 372 ] Training loss: 0.109374
DEBUG:root:[ Iteration 375 ] Training loss: 0.116733
DEBUG:root:[ Iteration 378 ] Training loss: 0.104361
DEBUG:root:[ Iteration 380 ] Test loss: 0.106537
DEBUG:root:[ Iteration 381 ] Training loss: 0.11874
DEBUG:root:[ Iteration 384 ] Training loss: 0.107271
DEBUG:root:[ Iteration 387 ] Training loss: 0.106201
DEBUG:root:[ Iteration 390 ] Training loss: 0.114342
DEBUG:root:[ Iteration 393 ] Training loss: 0.103867
DEBUG:root:[ Iteration 396 ] Training loss: 0.0983829
DEBUG:root:[ Iteration 399 ] Training loss: 0.0996799
DEBUG:root:Saving...
DEBUG:root:Saved model to /media/1tb/Izzy/nets/net6_02-16-2016_19h41m11s.ckpt
DEBUG:root:Optimization done.
DEBUG:root:[ Iteration 0 ] Training loss: 0.177089
DEBUG:root:[ Iteration 0 ] Test loss: 0.177722
DEBUG:root:[ Iteration 3 ] Training loss: 0.175317
DEBUG:root:[ Iteration 6 ] Training loss: 0.174883
DEBUG:root:[ Iteration 9 ] Training loss: 0.181925
DEBUG:root:[ Iteration 12 ] Training loss: 0.174428
DEBUG:root:[ Iteration 15 ] Training loss: 0.174867
DEBUG:root:[ Iteration 18 ] Training loss: 0.175937
DEBUG:root:[ Iteration 20 ] Test loss: 0.17439
DEBUG:root:[ Iteration 21 ] Training loss: 0.166627
DEBUG:root:[ Iteration 24 ] Training loss: 0.175392
DEBUG:root:[ Iteration 27 ] Training loss: 0.170032
DEBUG:root:[ Iteration 30 ] Training loss: 0.170954
DEBUG:root:[ Iteration 33 ] Training loss: 0.165885
DEBUG:root:[ Iteration 36 ] Training loss: 0.146915
DEBUG:root:[ Iteration 39 ] Training loss: 0.168332
DEBUG:root:[ Iteration 40 ] Test loss: 0.164625
DEBUG:root:[ Iteration 42 ] Training loss: 0.163391
DEBUG:root:[ Iteration 45 ] Training loss: 0.176344
DEBUG:root:[ Iteration 48 ] Training loss: 0.142571
DEBUG:root:[ Iteration 51 ] Training loss: 0.153311
DEBUG:root:[ Iteration 54 ] Training loss: 0.150813
DEBUG:root:[ Iteration 57 ] Training loss: 0.171324
DEBUG:root:[ Iteration 60 ] Training loss: 0.151787
DEBUG:root:[ Iteration 60 ] Test loss: 0.157951
DEBUG:root:[ Iteration 63 ] Training loss: 0.170033
DEBUG:root:[ Iteration 66 ] Training loss: 0.160392
DEBUG:root:[ Iteration 69 ] Training loss: 0.157213
DEBUG:root:[ Iteration 72 ] Training loss: 0.148758
DEBUG:root:[ Iteration 75 ] Training loss: 0.138972
DEBUG:root:[ Iteration 78 ] Training loss: 0.122812
DEBUG:root:[ Iteration 80 ] Test loss: 0.134486
DEBUG:root:[ Iteration 81 ] Training loss: 0.138144
DEBUG:root:[ Iteration 84 ] Training loss: 0.122468
DEBUG:root:[ Iteration 87 ] Training loss: 0.116853
DEBUG:root:[ Iteration 90 ] Training loss: 0.110009
DEBUG:root:[ Iteration 93 ] Training loss: 0.120531
DEBUG:root:[ Iteration 96 ] Training loss: 0.114055
DEBUG:root:[ Iteration 99 ] Training loss: 0.091299
DEBUG:root:[ Iteration 100 ] Test loss: 0.104054
DEBUG:root:[ Iteration 102 ] Training loss: 0.125037
DEBUG:root:[ Iteration 105 ] Training loss: 0.102427
DEBUG:root:[ Iteration 108 ] Training loss: 0.0958901
DEBUG:root:[ Iteration 111 ] Training loss: 0.0971976
DEBUG:root:[ Iteration 114 ] Training loss: 0.0740192
DEBUG:root:[ Iteration 117 ] Training loss: 0.0809431
DEBUG:root:[ Iteration 120 ] Training loss: 0.0844483
DEBUG:root:[ Iteration 120 ] Test loss: 0.0856999
DEBUG:root:[ Iteration 123 ] Training loss: 0.112226
DEBUG:root:[ Iteration 126 ] Training loss: 0.0761397
DEBUG:root:[ Iteration 129 ] Training loss: 0.0981799
DEBUG:root:[ Iteration 132 ] Training loss: 0.0994272
DEBUG:root:[ Iteration 135 ] Training loss: 0.128563
DEBUG:root:[ Iteration 138 ] Training loss: 0.125849
DEBUG:root:[ Iteration 140 ] Test loss: 0.0691073
DEBUG:root:[ Iteration 141 ] Training loss: 0.114548
DEBUG:root:[ Iteration 144 ] Training loss: 0.0761157
DEBUG:root:[ Iteration 147 ] Training loss: 0.0613074
DEBUG:root:[ Iteration 150 ] Training loss: 0.0588922
DEBUG:root:[ Iteration 153 ] Training loss: 0.0441195
DEBUG:root:[ Iteration 156 ] Training loss: 0.0602422
DEBUG:root:[ Iteration 159 ] Training loss: 0.0463554
DEBUG:root:[ Iteration 160 ] Test loss: 0.0454509
DEBUG:root:[ Iteration 162 ] Training loss: 0.035719
DEBUG:root:[ Iteration 0 ] Training loss: 0.179253
DEBUG:root:[ Iteration 0 ] Test loss: 0.177674
DEBUG:root:[ Iteration 3 ] Training loss: 0.173906
DEBUG:root:[ Iteration 6 ] Training loss: 0.168486
DEBUG:root:[ Iteration 9 ] Training loss: 0.171525
DEBUG:root:[ Iteration 12 ] Training loss: 0.17174
DEBUG:root:[ Iteration 15 ] Training loss: 0.151099
DEBUG:root:[ Iteration 18 ] Training loss: 0.180729
DEBUG:root:[ Iteration 20 ] Test loss: 0.165054
DEBUG:root:[ Iteration 21 ] Training loss: 0.179265
DEBUG:root:[ Iteration 24 ] Training loss: 0.162472
DEBUG:root:[ Iteration 27 ] Training loss: 0.139873
DEBUG:root:[ Iteration 30 ] Training loss: 0.174868
DEBUG:root:[ Iteration 33 ] Training loss: 0.161328
DEBUG:root:[ Iteration 36 ] Training loss: 0.155765
DEBUG:root:[ Iteration 39 ] Training loss: 0.162852
DEBUG:root:[ Iteration 40 ] Test loss: 0.158429
DEBUG:root:[ Iteration 42 ] Training loss: 0.148446
DEBUG:root:[ Iteration 45 ] Training loss: 0.143057
DEBUG:root:[ Iteration 48 ] Training loss: 0.14914
DEBUG:root:[ Iteration 51 ] Training loss: 0.141827
DEBUG:root:[ Iteration 54 ] Training loss: 0.147648
DEBUG:root:[ Iteration 57 ] Training loss: 0.158685
DEBUG:root:[ Iteration 60 ] Training loss: 0.134273
DEBUG:root:[ Iteration 60 ] Test loss: 0.142922
DEBUG:root:[ Iteration 63 ] Training loss: 0.142203
DEBUG:root:[ Iteration 66 ] Training loss: 0.112381
DEBUG:root:[ Iteration 69 ] Training loss: 0.139856
DEBUG:root:[ Iteration 72 ] Training loss: 0.118007
DEBUG:root:[ Iteration 75 ] Training loss: 0.108631
DEBUG:root:[ Iteration 78 ] Training loss: 0.0927251
DEBUG:root:[ Iteration 80 ] Test loss: 0.109375
DEBUG:root:[ Iteration 81 ] Training loss: 0.0991114
DEBUG:root:[ Iteration 84 ] Training loss: 0.14365
DEBUG:root:[ Iteration 87 ] Training loss: 0.0913849
DEBUG:root:[ Iteration 90 ] Training loss: 0.0825824
DEBUG:root:[ Iteration 93 ] Training loss: 0.0825819
DEBUG:root:[ Iteration 96 ] Training loss: 0.148291
DEBUG:root:[ Iteration 99 ] Training loss: 0.0930897
DEBUG:root:[ Iteration 100 ] Test loss: 0.135983
DEBUG:root:[ Iteration 102 ] Training loss: 0.131685
DEBUG:root:[ Iteration 105 ] Training loss: 0.125981
DEBUG:root:[ Iteration 108 ] Training loss: 0.15523
DEBUG:root:[ Iteration 111 ] Training loss: 0.0952541
DEBUG:root:[ Iteration 114 ] Training loss: 0.106201
DEBUG:root:[ Iteration 117 ] Training loss: 0.0863263
DEBUG:root:[ Iteration 120 ] Training loss: 0.0898074
DEBUG:root:[ Iteration 120 ] Test loss: 0.0901525
DEBUG:root:[ Iteration 123 ] Training loss: 0.094326
DEBUG:root:[ Iteration 126 ] Training loss: 0.0719132
DEBUG:root:[ Iteration 129 ] Training loss: 0.0858944
DEBUG:root:[ Iteration 132 ] Training loss: 0.0620586
DEBUG:root:[ Iteration 135 ] Training loss: 0.0713717
DEBUG:root:[ Iteration 138 ] Training loss: 0.0529551
DEBUG:root:[ Iteration 140 ] Test loss: 0.0531836
DEBUG:root:[ Iteration 141 ] Training loss: 0.0537351
DEBUG:root:[ Iteration 144 ] Training loss: 0.0499397
DEBUG:root:[ Iteration 147 ] Training loss: 0.0518604
DEBUG:root:[ Iteration 150 ] Training loss: 0.044962
DEBUG:root:[ Iteration 153 ] Training loss: 0.0245395
DEBUG:root:[ Iteration 156 ] Training loss: 0.0302424
DEBUG:root:[ Iteration 159 ] Training loss: 0.0387722
DEBUG:root:[ Iteration 160 ] Test loss: 0.0425856
DEBUG:root:[ Iteration 162 ] Training loss: 0.0524353
DEBUG:root:[ Iteration 165 ] Training loss: 0.0243682
DEBUG:root:[ Iteration 168 ] Training loss: 0.038011
DEBUG:root:[ Iteration 171 ] Training loss: 0.0232485
DEBUG:root:[ Iteration 174 ] Training loss: 0.0416101
DEBUG:root:[ Iteration 177 ] Training loss: 0.0369877
DEBUG:root:[ Iteration 180 ] Training loss: 0.0308753
DEBUG:root:[ Iteration 180 ] Test loss: 0.032647
DEBUG:root:[ Iteration 183 ] Training loss: 0.019612
DEBUG:root:[ Iteration 186 ] Training loss: 0.0196081
DEBUG:root:[ Iteration 189 ] Training loss: 0.016866
DEBUG:root:[ Iteration 192 ] Training loss: 0.0178624
DEBUG:root:[ Iteration 195 ] Training loss: 0.0171349
DEBUG:root:[ Iteration 198 ] Training loss: 0.0212073
DEBUG:root:[ Iteration 200 ] Test loss: 0.0180364
DEBUG:root:[ Iteration 201 ] Training loss: 0.010624
DEBUG:root:[ Iteration 204 ] Training loss: 0.0137434
DEBUG:root:[ Iteration 207 ] Training loss: 0.0160218
DEBUG:root:[ Iteration 210 ] Training loss: 0.0273923
DEBUG:root:[ Iteration 213 ] Training loss: 0.0391198
DEBUG:root:[ Iteration 216 ] Training loss: 0.0144638
DEBUG:root:[ Iteration 219 ] Training loss: 0.0122979
DEBUG:root:[ Iteration 220 ] Test loss: 0.0252092
DEBUG:root:[ Iteration 222 ] Training loss: 0.022505
DEBUG:root:[ Iteration 225 ] Training loss: 0.0116073
DEBUG:root:[ Iteration 228 ] Training loss: 0.00713368
DEBUG:root:[ Iteration 231 ] Training loss: 0.0124542
DEBUG:root:[ Iteration 234 ] Training loss: 0.0161116
DEBUG:root:[ Iteration 237 ] Training loss: 0.0141556
DEBUG:root:[ Iteration 240 ] Training loss: 0.0164502
DEBUG:root:[ Iteration 240 ] Test loss: 0.0123608
DEBUG:root:[ Iteration 243 ] Training loss: 0.00834366
DEBUG:root:[ Iteration 246 ] Training loss: 0.00927003
DEBUG:root:[ Iteration 249 ] Training loss: 0.00664601
DEBUG:root:[ Iteration 252 ] Training loss: 0.0194808
DEBUG:root:[ Iteration 255 ] Training loss: 0.0229886
DEBUG:root:[ Iteration 258 ] Training loss: 0.0151018
DEBUG:root:[ Iteration 260 ] Test loss: 0.0124806
DEBUG:root:[ Iteration 261 ] Training loss: 0.0219714
DEBUG:root:[ Iteration 264 ] Training loss: 0.0103194
DEBUG:root:[ Iteration 267 ] Training loss: 0.00517238
DEBUG:root:[ Iteration 270 ] Training loss: 0.00711638
DEBUG:root:[ Iteration 273 ] Training loss: 0.0109172
DEBUG:root:[ Iteration 276 ] Training loss: 0.00595067
DEBUG:root:[ Iteration 279 ] Training loss: 0.0156021
DEBUG:root:[ Iteration 280 ] Test loss: 0.00969733
DEBUG:root:[ Iteration 282 ] Training loss: 0.0104904
DEBUG:root:[ Iteration 285 ] Training loss: 0.00460699
DEBUG:root:[ Iteration 288 ] Training loss: 0.0127759
DEBUG:root:[ Iteration 291 ] Training loss: 0.00716885
DEBUG:root:[ Iteration 294 ] Training loss: 0.00561453
DEBUG:root:[ Iteration 297 ] Training loss: 0.00911945
DEBUG:root:[ Iteration 300 ] Training loss: 0.0142047
DEBUG:root:[ Iteration 300 ] Test loss: 0.0139874
DEBUG:root:[ Iteration 303 ] Training loss: 0.0171992
DEBUG:root:[ Iteration 306 ] Training loss: 0.00917417
DEBUG:root:[ Iteration 309 ] Training loss: 0.0099433
DEBUG:root:[ Iteration 312 ] Training loss: 0.0211388
DEBUG:root:[ Iteration 315 ] Training loss: 0.00881802
DEBUG:root:[ Iteration 318 ] Training loss: 0.0068146
DEBUG:root:[ Iteration 320 ] Test loss: 0.00708752
DEBUG:root:[ Iteration 321 ] Training loss: 0.00611461
DEBUG:root:[ Iteration 324 ] Training loss: 0.00489514
DEBUG:root:[ Iteration 327 ] Training loss: 0.00628385
DEBUG:root:[ Iteration 330 ] Training loss: 0.002662
DEBUG:root:[ Iteration 333 ] Training loss: 0.0133023
DEBUG:root:[ Iteration 336 ] Training loss: 0.00853235
DEBUG:root:[ Iteration 339 ] Training loss: 0.0116266
DEBUG:root:[ Iteration 340 ] Test loss: 0.00600915
DEBUG:root:[ Iteration 342 ] Training loss: 0.00670713
DEBUG:root:[ Iteration 345 ] Training loss: 0.00908557
DEBUG:root:[ Iteration 348 ] Training loss: 0.00279492
DEBUG:root:[ Iteration 351 ] Training loss: 0.00493705
DEBUG:root:[ Iteration 354 ] Training loss: 0.00748738
DEBUG:root:[ Iteration 357 ] Training loss: 0.00649809
DEBUG:root:[ Iteration 360 ] Training loss: 0.00680387
DEBUG:root:[ Iteration 360 ] Test loss: 0.00761667
DEBUG:root:[ Iteration 363 ] Training loss: 0.00330974
DEBUG:root:[ Iteration 366 ] Training loss: 0.00518513
DEBUG:root:[ Iteration 369 ] Training loss: 0.0028376
DEBUG:root:[ Iteration 372 ] Training loss: 0.0044185
DEBUG:root:[ Iteration 375 ] Training loss: 0.00466131
DEBUG:root:[ Iteration 378 ] Training loss: 0.00679854
DEBUG:root:[ Iteration 380 ] Test loss: 0.00496548
DEBUG:root:[ Iteration 381 ] Training loss: 0.00602006
DEBUG:root:[ Iteration 384 ] Training loss: 0.00408747
DEBUG:root:[ Iteration 387 ] Training loss: 0.00885134
DEBUG:root:[ Iteration 390 ] Training loss: 0.00346721
DEBUG:root:[ Iteration 393 ] Training loss: 0.00710706
DEBUG:root:[ Iteration 396 ] Training loss: 0.00865164
DEBUG:root:[ Iteration 399 ] Training loss: 0.00510483
DEBUG:root:Saving...
DEBUG:root:Saved model to /media/1tb/Izzy/nets/net6_02-17-2016_22h57m55s.ckpt
DEBUG:root:Optimization done.
DEBUG:root:[ Iteration 0 ] Training loss: 0.215895
DEBUG:root:[ Iteration 0 ] Test loss: 0.213649
DEBUG:root:[ Iteration 3 ] Training loss: 0.223761
DEBUG:root:[ Iteration 6 ] Training loss: 0.204439
DEBUG:root:[ Iteration 9 ] Training loss: 0.208799
DEBUG:root:[ Iteration 12 ] Training loss: 0.200424
DEBUG:root:[ Iteration 15 ] Training loss: 0.187916
DEBUG:root:[ Iteration 18 ] Training loss: 0.139247
DEBUG:root:[ Iteration 20 ] Test loss: 0.11299
DEBUG:root:[ Iteration 21 ] Training loss: 0.0987103
DEBUG:root:[ Iteration 24 ] Training loss: 0.128874
DEBUG:root:[ Iteration 27 ] Training loss: 0.0973827
DEBUG:root:[ Iteration 30 ] Training loss: 0.0999535
DEBUG:root:[ Iteration 33 ] Training loss: 0.109133
DEBUG:root:[ Iteration 36 ] Training loss: 0.0749438
DEBUG:root:[ Iteration 39 ] Training loss: 0.0899713
DEBUG:root:[ Iteration 40 ] Test loss: 0.0806742
DEBUG:root:[ Iteration 42 ] Training loss: 0.0796085
DEBUG:root:[ Iteration 45 ] Training loss: 0.0611037
DEBUG:root:[ Iteration 48 ] Training loss: 0.0650142
DEBUG:root:[ Iteration 51 ] Training loss: 0.0521923
DEBUG:root:[ Iteration 54 ] Training loss: 0.0694878
DEBUG:root:[ Iteration 57 ] Training loss: 0.0507335
DEBUG:root:[ Iteration 60 ] Training loss: 0.0769297
DEBUG:root:[ Iteration 60 ] Test loss: 0.0606672
DEBUG:root:[ Iteration 63 ] Training loss: 0.0360718
DEBUG:root:[ Iteration 66 ] Training loss: 0.0477007
DEBUG:root:[ Iteration 69 ] Training loss: 0.0444414
DEBUG:root:[ Iteration 72 ] Training loss: 0.0397844
DEBUG:root:[ Iteration 75 ] Training loss: 0.0224528
DEBUG:root:[ Iteration 78 ] Training loss: 0.0289214
DEBUG:root:[ Iteration 80 ] Test loss: 0.0340413
DEBUG:root:[ Iteration 81 ] Training loss: 0.0617645
DEBUG:root:[ Iteration 84 ] Training loss: 0.0466045
DEBUG:root:[ Iteration 87 ] Training loss: 0.049593
DEBUG:root:[ Iteration 90 ] Training loss: 0.0249906
DEBUG:root:[ Iteration 93 ] Training loss: 0.0543634
DEBUG:root:[ Iteration 96 ] Training loss: 0.0396497
DEBUG:root:[ Iteration 99 ] Training loss: 0.0530419
DEBUG:root:[ Iteration 100 ] Test loss: 0.0329444
DEBUG:root:[ Iteration 102 ] Training loss: 0.039374
DEBUG:root:[ Iteration 105 ] Training loss: 0.0484268
DEBUG:root:[ Iteration 108 ] Training loss: 0.0304141
DEBUG:root:[ Iteration 111 ] Training loss: 0.0269509
DEBUG:root:[ Iteration 114 ] Training loss: 0.0226325
DEBUG:root:[ Iteration 117 ] Training loss: 0.0240017
DEBUG:root:[ Iteration 120 ] Training loss: 0.0268878
DEBUG:root:[ Iteration 120 ] Test loss: 0.0333793
DEBUG:root:[ Iteration 123 ] Training loss: 0.024642
DEBUG:root:[ Iteration 126 ] Training loss: 0.0293282
DEBUG:root:[ Iteration 129 ] Training loss: 0.0265243
DEBUG:root:[ Iteration 132 ] Training loss: 0.0265874
DEBUG:root:[ Iteration 135 ] Training loss: 0.0345731
DEBUG:root:[ Iteration 138 ] Training loss: 0.0225838
DEBUG:root:[ Iteration 140 ] Test loss: 0.0247356
DEBUG:root:[ Iteration 141 ] Training loss: 0.0292855
DEBUG:root:[ Iteration 144 ] Training loss: 0.0241309
DEBUG:root:[ Iteration 147 ] Training loss: 0.0152042
DEBUG:root:[ Iteration 150 ] Training loss: 0.0200231
DEBUG:root:[ Iteration 153 ] Training loss: 0.0196147
DEBUG:root:[ Iteration 156 ] Training loss: 0.0087884
DEBUG:root:[ Iteration 159 ] Training loss: 0.00949416
DEBUG:root:[ Iteration 160 ] Test loss: 0.00908623
DEBUG:root:[ Iteration 162 ] Training loss: 0.0052498
DEBUG:root:[ Iteration 165 ] Training loss: 0.00498916
DEBUG:root:[ Iteration 168 ] Training loss: 0.00477114
DEBUG:root:[ Iteration 171 ] Training loss: 0.00415666
DEBUG:root:[ Iteration 174 ] Training loss: 0.00590432
DEBUG:root:[ Iteration 177 ] Training loss: 0.00639946
DEBUG:root:[ Iteration 180 ] Training loss: 0.00655497
DEBUG:root:[ Iteration 180 ] Test loss: 0.00410481
DEBUG:root:[ Iteration 183 ] Training loss: 0.00332089
DEBUG:root:[ Iteration 186 ] Training loss: 0.00223103
DEBUG:root:[ Iteration 189 ] Training loss: 0.00268562
DEBUG:root:[ Iteration 192 ] Training loss: 0.00223175
DEBUG:root:[ Iteration 195 ] Training loss: 0.00645038
DEBUG:root:[ Iteration 198 ] Training loss: 0.00454739
DEBUG:root:[ Iteration 200 ] Test loss: 0.00343364
DEBUG:root:[ Iteration 201 ] Training loss: 0.00364102
DEBUG:root:[ Iteration 204 ] Training loss: 0.00639228
DEBUG:root:[ Iteration 207 ] Training loss: 0.00420373
DEBUG:root:[ Iteration 210 ] Training loss: 0.00444635
DEBUG:root:[ Iteration 213 ] Training loss: 0.00288407
DEBUG:root:[ Iteration 216 ] Training loss: 0.00251424
DEBUG:root:[ Iteration 219 ] Training loss: 0.00232858
DEBUG:root:[ Iteration 220 ] Test loss: 0.00306929
DEBUG:root:[ Iteration 222 ] Training loss: 0.00308212
DEBUG:root:[ Iteration 225 ] Training loss: 0.00192705
DEBUG:root:[ Iteration 228 ] Training loss: 0.00201433
DEBUG:root:[ Iteration 231 ] Training loss: 0.00200628
DEBUG:root:[ Iteration 234 ] Training loss: 0.00452636
DEBUG:root:[ Iteration 237 ] Training loss: 0.00301651
DEBUG:root:[ Iteration 240 ] Training loss: 0.00254505
DEBUG:root:[ Iteration 240 ] Test loss: 0.00301199
DEBUG:root:[ Iteration 243 ] Training loss: 0.00107019
DEBUG:root:[ Iteration 246 ] Training loss: 0.00190684
DEBUG:root:[ Iteration 249 ] Training loss: 0.00417954
DEBUG:root:[ Iteration 252 ] Training loss: 0.00126059
DEBUG:root:[ Iteration 255 ] Training loss: 0.00410017
DEBUG:root:[ Iteration 258 ] Training loss: 0.00318121
DEBUG:root:[ Iteration 260 ] Test loss: 0.00237943
DEBUG:root:[ Iteration 261 ] Training loss: 0.00213779
DEBUG:root:[ Iteration 264 ] Training loss: 0.00311899
DEBUG:root:[ Iteration 267 ] Training loss: 0.00223332
DEBUG:root:[ Iteration 270 ] Training loss: 0.00141457
DEBUG:root:[ Iteration 273 ] Training loss: 0.0016801
DEBUG:root:[ Iteration 276 ] Training loss: 0.00131498
DEBUG:root:[ Iteration 279 ] Training loss: 0.00276701
DEBUG:root:[ Iteration 280 ] Test loss: 0.00245636
DEBUG:root:[ Iteration 282 ] Training loss: 0.00174094
DEBUG:root:[ Iteration 285 ] Training loss: 0.000971835
DEBUG:root:[ Iteration 288 ] Training loss: 0.00202595
DEBUG:root:[ Iteration 291 ] Training loss: 0.00477893
DEBUG:root:[ Iteration 294 ] Training loss: 0.00241031
DEBUG:root:[ Iteration 297 ] Training loss: 0.00223351
DEBUG:root:[ Iteration 300 ] Training loss: 0.0030371
DEBUG:root:[ Iteration 300 ] Test loss: 0.00294849
DEBUG:root:[ Iteration 303 ] Training loss: 0.00113726
DEBUG:root:[ Iteration 306 ] Training loss: 0.0021658
DEBUG:root:[ Iteration 309 ] Training loss: 0.00185313
DEBUG:root:[ Iteration 312 ] Training loss: 0.0026568
DEBUG:root:[ Iteration 315 ] Training loss: 0.00148676
DEBUG:root:[ Iteration 318 ] Training loss: 0.00205532
DEBUG:root:[ Iteration 320 ] Test loss: 0.00229673
DEBUG:root:[ Iteration 321 ] Training loss: 0.000989535
DEBUG:root:[ Iteration 324 ] Training loss: 0.00317549
DEBUG:root:[ Iteration 327 ] Training loss: 0.00209943
DEBUG:root:[ Iteration 330 ] Training loss: 0.00246523
DEBUG:root:[ Iteration 333 ] Training loss: 0.00216725
DEBUG:root:[ Iteration 336 ] Training loss: 0.000873241
DEBUG:root:[ Iteration 339 ] Training loss: 0.00245459
DEBUG:root:[ Iteration 340 ] Test loss: 0.00248806
DEBUG:root:[ Iteration 342 ] Training loss: 0.00177517
DEBUG:root:[ Iteration 345 ] Training loss: 0.00157648
DEBUG:root:[ Iteration 348 ] Training loss: 0.00158626
DEBUG:root:[ Iteration 351 ] Training loss: 0.00118962
DEBUG:root:[ Iteration 354 ] Training loss: 0.00251952
DEBUG:root:[ Iteration 357 ] Training loss: 0.00185319
DEBUG:root:[ Iteration 360 ] Training loss: 0.00527505
DEBUG:root:[ Iteration 360 ] Test loss: 0.0036479
DEBUG:root:[ Iteration 363 ] Training loss: 0.00278503
DEBUG:root:[ Iteration 366 ] Training loss: 0.00458425
DEBUG:root:[ Iteration 369 ] Training loss: 0.00168011
DEBUG:root:[ Iteration 372 ] Training loss: 0.00367241
DEBUG:root:[ Iteration 375 ] Training loss: 0.00256628
DEBUG:root:[ Iteration 378 ] Training loss: 0.00317036
DEBUG:root:[ Iteration 380 ] Test loss: 0.00224388
DEBUG:root:[ Iteration 381 ] Training loss: 0.00174689
DEBUG:root:[ Iteration 384 ] Training loss: 0.000943309
DEBUG:root:[ Iteration 387 ] Training loss: 0.00273505
DEBUG:root:[ Iteration 390 ] Training loss: 0.00196643
DEBUG:root:[ Iteration 393 ] Training loss: 0.00122726
DEBUG:root:[ Iteration 396 ] Training loss: 0.00292557
DEBUG:root:[ Iteration 399 ] Training loss: 0.00102935
DEBUG:root:Saving...
DEBUG:root:Saved model to /media/1tb/Izzy/nets/net6_02-19-2016_17h14m04s.ckpt
DEBUG:root:Optimization done.
DEBUG:root:Saving...
DEBUG:root:Saved model to /media/1tb/Izzy/nets/net6_02-19-2016_17h14m58s.ckpt
DEBUG:root:Optimization done.
