DEBUG:root:[ Iteration 0 ] Training loss: 0.758683
DEBUG:root:[ Iteration 0 ] Training loss: 0.179636
DEBUG:root:[ Iteration 0 ] Test loss: 0.180135
DEBUG:root:[ Iteration 0 ] Training loss: 0.203493
DEBUG:root:[ Iteration 0 ] Test loss: 0.221566
DEBUG:root:[ Iteration 0 ] Training loss: 0.368567
DEBUG:root:[ Iteration 0 ] Test loss: 0.345343
DEBUG:root:[ Iteration 3 ] Training loss: 0.165402
DEBUG:root:[ Iteration 6 ] Training loss: 0.141821
DEBUG:root:[ Iteration 9 ] Training loss: 0.174256
DEBUG:root:[ Iteration 12 ] Training loss: 0.153407
DEBUG:root:[ Iteration 15 ] Training loss: 0.15267
DEBUG:root:[ Iteration 18 ] Training loss: 0.128322
DEBUG:root:[ Iteration 20 ] Test loss: 0.142572
DEBUG:root:[ Iteration 21 ] Training loss: 0.133143
DEBUG:root:[ Iteration 24 ] Training loss: 0.157568
DEBUG:root:[ Iteration 27 ] Training loss: 0.148001
DEBUG:root:[ Iteration 30 ] Training loss: 0.116775
DEBUG:root:[ Iteration 33 ] Training loss: 0.139239
DEBUG:root:[ Iteration 36 ] Training loss: 0.14283
DEBUG:root:[ Iteration 39 ] Training loss: 0.110903
DEBUG:root:[ Iteration 40 ] Test loss: 0.127754
DEBUG:root:[ Iteration 42 ] Training loss: 0.128694
DEBUG:root:[ Iteration 45 ] Training loss: 0.107687
DEBUG:root:[ Iteration 48 ] Training loss: 0.130402
DEBUG:root:[ Iteration 51 ] Training loss: 0.112285
DEBUG:root:[ Iteration 54 ] Training loss: 0.122923
DEBUG:root:[ Iteration 57 ] Training loss: 0.113926
DEBUG:root:[ Iteration 60 ] Training loss: 0.113655
DEBUG:root:[ Iteration 60 ] Test loss: 0.118234
DEBUG:root:[ Iteration 63 ] Training loss: 0.105033
DEBUG:root:[ Iteration 66 ] Training loss: 0.113808
DEBUG:root:[ Iteration 69 ] Training loss: 0.11657
DEBUG:root:[ Iteration 72 ] Training loss: 0.0919294
DEBUG:root:[ Iteration 75 ] Training loss: 0.11064
DEBUG:root:[ Iteration 78 ] Training loss: 0.127845
DEBUG:root:[ Iteration 80 ] Test loss: 0.11558
DEBUG:root:[ Iteration 81 ] Training loss: 0.122236
DEBUG:root:[ Iteration 84 ] Training loss: 0.110585
DEBUG:root:[ Iteration 87 ] Training loss: 0.119664
DEBUG:root:[ Iteration 90 ] Training loss: 0.115257
DEBUG:root:[ Iteration 93 ] Training loss: 0.115632
DEBUG:root:[ Iteration 96 ] Training loss: 0.131486
DEBUG:root:[ Iteration 99 ] Training loss: 0.116382
DEBUG:root:[ Iteration 100 ] Test loss: 0.11408
DEBUG:root:[ Iteration 102 ] Training loss: 0.120375
DEBUG:root:[ Iteration 105 ] Training loss: 0.131184
DEBUG:root:[ Iteration 108 ] Training loss: 0.119479
DEBUG:root:[ Iteration 111 ] Training loss: 0.110419
DEBUG:root:[ Iteration 114 ] Training loss: 0.121246
DEBUG:root:[ Iteration 117 ] Training loss: 0.0974578
DEBUG:root:[ Iteration 120 ] Training loss: 0.119786
DEBUG:root:[ Iteration 120 ] Test loss: 0.112893
DEBUG:root:[ Iteration 123 ] Training loss: 0.104009
DEBUG:root:[ Iteration 126 ] Training loss: 0.103472
DEBUG:root:[ Iteration 129 ] Training loss: 0.07718
DEBUG:root:[ Iteration 132 ] Training loss: 0.114783
DEBUG:root:[ Iteration 135 ] Training loss: 0.126929
DEBUG:root:[ Iteration 138 ] Training loss: 0.123935
DEBUG:root:[ Iteration 140 ] Test loss: 0.111923
DEBUG:root:[ Iteration 141 ] Training loss: 0.0966287
DEBUG:root:[ Iteration 144 ] Training loss: 0.0917464
DEBUG:root:[ Iteration 147 ] Training loss: 0.106063
DEBUG:root:[ Iteration 150 ] Training loss: 0.100884
DEBUG:root:[ Iteration 153 ] Training loss: 0.0958912
DEBUG:root:[ Iteration 156 ] Training loss: 0.121865
DEBUG:root:[ Iteration 159 ] Training loss: 0.10042
DEBUG:root:[ Iteration 160 ] Test loss: 0.111303
DEBUG:root:[ Iteration 162 ] Training loss: 0.0864801
DEBUG:root:[ Iteration 165 ] Training loss: 0.120786
DEBUG:root:[ Iteration 168 ] Training loss: 0.0979287
DEBUG:root:[ Iteration 171 ] Training loss: 0.0981992
DEBUG:root:[ Iteration 174 ] Training loss: 0.131368
DEBUG:root:[ Iteration 177 ] Training loss: 0.109631
DEBUG:root:[ Iteration 180 ] Training loss: 0.112119
DEBUG:root:[ Iteration 180 ] Test loss: 0.110679
DEBUG:root:[ Iteration 183 ] Training loss: 0.0946221
DEBUG:root:[ Iteration 186 ] Training loss: 0.120068
DEBUG:root:[ Iteration 189 ] Training loss: 0.0925934
DEBUG:root:[ Iteration 192 ] Training loss: 0.100023
DEBUG:root:[ Iteration 195 ] Training loss: 0.105434
DEBUG:root:[ Iteration 198 ] Training loss: 0.118933
DEBUG:root:Saving...
DEBUG:root:Saved model to /home/annal/Izzy/vision_amt/Net/tensor/./net7/net7_02-15-2016_15h39m20s.ckpt
DEBUG:root:Optimization done.
DEBUG:root:[ Iteration 0 ] Training loss: 0.111858
DEBUG:root:[ Iteration 0 ] Test loss: 0.110263
DEBUG:root:[ Iteration 3 ] Training loss: 0.0845626
DEBUG:root:[ Iteration 6 ] Training loss: 0.11759
DEBUG:root:[ Iteration 9 ] Training loss: 0.115669
DEBUG:root:[ Iteration 12 ] Training loss: 0.104681
DEBUG:root:[ Iteration 15 ] Training loss: 0.0992427
DEBUG:root:[ Iteration 18 ] Training loss: 0.129812
DEBUG:root:[ Iteration 20 ] Test loss: 0.109898
DEBUG:root:[ Iteration 21 ] Training loss: 0.0933745
DEBUG:root:[ Iteration 24 ] Training loss: 0.106634
DEBUG:root:[ Iteration 27 ] Training loss: 0.111242
DEBUG:root:[ Iteration 30 ] Training loss: 0.100034
DEBUG:root:[ Iteration 33 ] Training loss: 0.102995
DEBUG:root:[ Iteration 36 ] Training loss: 0.098341
DEBUG:root:[ Iteration 39 ] Training loss: 0.0991066
DEBUG:root:[ Iteration 40 ] Test loss: 0.109398
DEBUG:root:[ Iteration 42 ] Training loss: 0.0940517
DEBUG:root:[ Iteration 45 ] Training loss: 0.10498
DEBUG:root:[ Iteration 48 ] Training loss: 0.120687
DEBUG:root:[ Iteration 51 ] Training loss: 0.126241
DEBUG:root:[ Iteration 54 ] Training loss: 0.110447
DEBUG:root:[ Iteration 57 ] Training loss: 0.137297
DEBUG:root:[ Iteration 60 ] Training loss: 0.109295
DEBUG:root:[ Iteration 60 ] Test loss: 0.109574
DEBUG:root:[ Iteration 63 ] Training loss: 0.109518
DEBUG:root:[ Iteration 66 ] Training loss: 0.126644
DEBUG:root:[ Iteration 69 ] Training loss: 0.105569
DEBUG:root:[ Iteration 72 ] Training loss: 0.108857
DEBUG:root:[ Iteration 75 ] Training loss: 0.124437
DEBUG:root:[ Iteration 78 ] Training loss: 0.107886
DEBUG:root:[ Iteration 80 ] Test loss: 0.109638
DEBUG:root:[ Iteration 81 ] Training loss: 0.100505
DEBUG:root:[ Iteration 84 ] Training loss: 0.113329
DEBUG:root:[ Iteration 87 ] Training loss: 0.114138
DEBUG:root:[ Iteration 90 ] Training loss: 0.110267
DEBUG:root:[ Iteration 93 ] Training loss: 0.113004
DEBUG:root:[ Iteration 96 ] Training loss: 0.138466
DEBUG:root:[ Iteration 99 ] Training loss: 0.124318
DEBUG:root:[ Iteration 100 ] Test loss: 0.108342
DEBUG:root:[ Iteration 102 ] Training loss: 0.118243
DEBUG:root:[ Iteration 105 ] Training loss: 0.089624
DEBUG:root:[ Iteration 108 ] Training loss: 0.119373
DEBUG:root:[ Iteration 111 ] Training loss: 0.110981
DEBUG:root:[ Iteration 114 ] Training loss: 0.103613
DEBUG:root:[ Iteration 117 ] Training loss: 0.0962537
DEBUG:root:[ Iteration 120 ] Training loss: 0.113996
DEBUG:root:[ Iteration 120 ] Test loss: 0.107814
DEBUG:root:[ Iteration 123 ] Training loss: 0.0980492
DEBUG:root:[ Iteration 126 ] Training loss: 0.101344
DEBUG:root:[ Iteration 129 ] Training loss: 0.102842
DEBUG:root:[ Iteration 132 ] Training loss: 0.117339
DEBUG:root:[ Iteration 135 ] Training loss: 0.117974
DEBUG:root:[ Iteration 138 ] Training loss: 0.128851
DEBUG:root:[ Iteration 140 ] Test loss: 0.108276
DEBUG:root:[ Iteration 141 ] Training loss: 0.11109
DEBUG:root:[ Iteration 144 ] Training loss: 0.132788
DEBUG:root:[ Iteration 147 ] Training loss: 0.118725
DEBUG:root:[ Iteration 150 ] Training loss: 0.113489
DEBUG:root:[ Iteration 153 ] Training loss: 0.0970075
DEBUG:root:[ Iteration 156 ] Training loss: 0.10888
DEBUG:root:[ Iteration 159 ] Training loss: 0.100544
DEBUG:root:[ Iteration 160 ] Test loss: 0.107419
DEBUG:root:[ Iteration 162 ] Training loss: 0.128304
DEBUG:root:[ Iteration 165 ] Training loss: 0.104038
DEBUG:root:[ Iteration 168 ] Training loss: 0.103453
DEBUG:root:[ Iteration 171 ] Training loss: 0.12123
DEBUG:root:[ Iteration 174 ] Training loss: 0.102878
DEBUG:root:[ Iteration 177 ] Training loss: 0.115592
DEBUG:root:[ Iteration 180 ] Training loss: 0.129971
DEBUG:root:[ Iteration 180 ] Test loss: 0.106913
DEBUG:root:[ Iteration 183 ] Training loss: 0.109705
DEBUG:root:[ Iteration 186 ] Training loss: 0.124185
DEBUG:root:[ Iteration 189 ] Training loss: 0.119804
DEBUG:root:[ Iteration 192 ] Training loss: 0.12763
DEBUG:root:[ Iteration 195 ] Training loss: 0.121366
DEBUG:root:[ Iteration 198 ] Training loss: 0.0948161
DEBUG:root:Saving...
DEBUG:root:Saved model to /home/annal/Izzy/vision_amt/Net/tensor/net7/net7_02-15-2016_15h49m03s.ckpt
DEBUG:root:Optimization done.
DEBUG:root:[ Iteration 0 ] Training loss: 0.418495
DEBUG:root:[ Iteration 0 ] Test loss: 0.410894
DEBUG:root:[ Iteration 3 ] Training loss: 0.208986
DEBUG:root:[ Iteration 6 ] Training loss: 0.166969
DEBUG:root:[ Iteration 9 ] Training loss: 0.147094
DEBUG:root:[ Iteration 12 ] Training loss: 0.138595
DEBUG:root:[ Iteration 15 ] Training loss: 0.159102
DEBUG:root:[ Iteration 18 ] Training loss: 0.13258
DEBUG:root:[ Iteration 20 ] Test loss: 0.137551
DEBUG:root:[ Iteration 21 ] Training loss: 0.127115
DEBUG:root:[ Iteration 24 ] Training loss: 0.136882
DEBUG:root:[ Iteration 27 ] Training loss: 0.128072
DEBUG:root:[ Iteration 30 ] Training loss: 0.129478
DEBUG:root:[ Iteration 33 ] Training loss: 0.126256
DEBUG:root:[ Iteration 36 ] Training loss: 0.120784
DEBUG:root:[ Iteration 39 ] Training loss: 0.115898
DEBUG:root:[ Iteration 40 ] Test loss: 0.120036
DEBUG:root:[ Iteration 42 ] Training loss: 0.120308
DEBUG:root:[ Iteration 45 ] Training loss: 0.122815
DEBUG:root:[ Iteration 48 ] Training loss: 0.114152
DEBUG:root:[ Iteration 51 ] Training loss: 0.115292
DEBUG:root:[ Iteration 54 ] Training loss: 0.118593
DEBUG:root:[ Iteration 57 ] Training loss: 0.109179
DEBUG:root:[ Iteration 60 ] Training loss: 0.123743
DEBUG:root:[ Iteration 60 ] Test loss: 0.114222
DEBUG:root:[ Iteration 63 ] Training loss: 0.108857
DEBUG:root:[ Iteration 66 ] Training loss: 0.111298
DEBUG:root:[ Iteration 69 ] Training loss: 0.136155
DEBUG:root:[ Iteration 72 ] Training loss: 0.125305
DEBUG:root:[ Iteration 75 ] Training loss: 0.116191
DEBUG:root:[ Iteration 78 ] Training loss: 0.135314
DEBUG:root:[ Iteration 80 ] Test loss: 0.113161
DEBUG:root:[ Iteration 81 ] Training loss: 0.108974
DEBUG:root:[ Iteration 84 ] Training loss: 0.111189
DEBUG:root:[ Iteration 87 ] Training loss: 0.101434
DEBUG:root:[ Iteration 90 ] Training loss: 0.0771416
DEBUG:root:[ Iteration 93 ] Training loss: 0.0990121
DEBUG:root:[ Iteration 96 ] Training loss: 0.118652
DEBUG:root:[ Iteration 99 ] Training loss: 0.12137
DEBUG:root:[ Iteration 100 ] Test loss: 0.112302
DEBUG:root:[ Iteration 102 ] Training loss: 0.147493
DEBUG:root:[ Iteration 105 ] Training loss: 0.124368
DEBUG:root:[ Iteration 108 ] Training loss: 0.130074
DEBUG:root:[ Iteration 111 ] Training loss: 0.110327
DEBUG:root:[ Iteration 114 ] Training loss: 0.109806
DEBUG:root:[ Iteration 117 ] Training loss: 0.10195
DEBUG:root:[ Iteration 120 ] Training loss: 0.113443
DEBUG:root:[ Iteration 120 ] Test loss: 0.111814
DEBUG:root:[ Iteration 123 ] Training loss: 0.113063
DEBUG:root:[ Iteration 126 ] Training loss: 0.12453
DEBUG:root:[ Iteration 129 ] Training loss: 0.124401
DEBUG:root:[ Iteration 132 ] Training loss: 0.11731
DEBUG:root:[ Iteration 135 ] Training loss: 0.100579
DEBUG:root:[ Iteration 138 ] Training loss: 0.0890314
DEBUG:root:[ Iteration 140 ] Test loss: 0.111204
DEBUG:root:[ Iteration 141 ] Training loss: 0.130479
DEBUG:root:[ Iteration 144 ] Training loss: 0.113284
DEBUG:root:[ Iteration 147 ] Training loss: 0.113987
DEBUG:root:[ Iteration 150 ] Training loss: 0.0852073
DEBUG:root:[ Iteration 153 ] Training loss: 0.10904
DEBUG:root:[ Iteration 156 ] Training loss: 0.103778
DEBUG:root:[ Iteration 159 ] Training loss: 0.106049
DEBUG:root:[ Iteration 160 ] Test loss: 0.111088
DEBUG:root:[ Iteration 162 ] Training loss: 0.124966
DEBUG:root:[ Iteration 165 ] Training loss: 0.113056
DEBUG:root:[ Iteration 168 ] Training loss: 0.113362
DEBUG:root:[ Iteration 171 ] Training loss: 0.101266
DEBUG:root:[ Iteration 174 ] Training loss: 0.101808
DEBUG:root:[ Iteration 177 ] Training loss: 0.0807653
DEBUG:root:[ Iteration 180 ] Training loss: 0.131405
DEBUG:root:[ Iteration 180 ] Test loss: 0.110614
DEBUG:root:[ Iteration 183 ] Training loss: 0.117392
DEBUG:root:[ Iteration 186 ] Training loss: 0.0997821
DEBUG:root:[ Iteration 189 ] Training loss: 0.11772
DEBUG:root:[ Iteration 192 ] Training loss: 0.121083
DEBUG:root:[ Iteration 195 ] Training loss: 0.11423
DEBUG:root:[ Iteration 198 ] Training loss: 0.122798
DEBUG:root:Saving...
DEBUG:root:Saved model to /home/annal/Izzy/vision_amt/Net/tensor/./net7/net7_02-15-2016_15h55m39s.ckpt
DEBUG:root:Optimization done.
DEBUG:root:[ Iteration 0 ] Training loss: 0.549848
DEBUG:root:[ Iteration 0 ] Test loss: 0.489308
DEBUG:root:[ Iteration 3 ] Training loss: 0.439144
DEBUG:root:[ Iteration 6 ] Training loss: 0.411217
DEBUG:root:[ Iteration 9 ] Training loss: 0.359042
DEBUG:root:[ Iteration 12 ] Training loss: 0.370966
DEBUG:root:[ Iteration 15 ] Training loss: 0.382511
DEBUG:root:[ Iteration 18 ] Training loss: 0.364243
DEBUG:root:[ Iteration 20 ] Test loss: 0.308163
DEBUG:root:[ Iteration 21 ] Training loss: 0.284977
DEBUG:root:[ Iteration 24 ] Training loss: 0.269896
DEBUG:root:[ Iteration 27 ] Training loss: 0.23414
DEBUG:root:[ Iteration 30 ] Training loss: 0.221355
DEBUG:root:[ Iteration 33 ] Training loss: 0.20575
DEBUG:root:[ Iteration 36 ] Training loss: 0.180483
DEBUG:root:[ Iteration 39 ] Training loss: 0.18504
DEBUG:root:[ Iteration 40 ] Test loss: 0.167446
DEBUG:root:[ Iteration 42 ] Training loss: 0.161716
DEBUG:root:[ Iteration 45 ] Training loss: 0.153858
DEBUG:root:[ Iteration 48 ] Training loss: 0.166893
DEBUG:root:[ Iteration 51 ] Training loss: 0.140705
DEBUG:root:[ Iteration 54 ] Training loss: 0.135596
DEBUG:root:[ Iteration 57 ] Training loss: 0.140547
DEBUG:root:[ Iteration 60 ] Training loss: 0.143512
DEBUG:root:[ Iteration 60 ] Test loss: 0.137953
DEBUG:root:[ Iteration 63 ] Training loss: 0.124112
DEBUG:root:[ Iteration 66 ] Training loss: 0.133824
DEBUG:root:[ Iteration 69 ] Training loss: 0.152595
DEBUG:root:[ Iteration 72 ] Training loss: 0.129355
DEBUG:root:[ Iteration 75 ] Training loss: 0.14046
DEBUG:root:[ Iteration 78 ] Training loss: 0.145754
DEBUG:root:[ Iteration 80 ] Test loss: 0.129927
DEBUG:root:[ Iteration 81 ] Training loss: 0.119547
DEBUG:root:[ Iteration 84 ] Training loss: 0.123814
DEBUG:root:[ Iteration 87 ] Training loss: 0.128166
DEBUG:root:[ Iteration 90 ] Training loss: 0.152258
DEBUG:root:[ Iteration 93 ] Training loss: 0.127034
DEBUG:root:[ Iteration 96 ] Training loss: 0.122488
DEBUG:root:[ Iteration 99 ] Training loss: 0.133843
DEBUG:root:[ Iteration 100 ] Test loss: 0.125078
DEBUG:root:[ Iteration 102 ] Training loss: 0.12149
DEBUG:root:[ Iteration 105 ] Training loss: 0.128587
DEBUG:root:[ Iteration 108 ] Training loss: 0.1125
DEBUG:root:[ Iteration 111 ] Training loss: 0.14378
DEBUG:root:[ Iteration 114 ] Training loss: 0.139334
DEBUG:root:[ Iteration 117 ] Training loss: 0.136533
DEBUG:root:[ Iteration 120 ] Training loss: 0.116725
DEBUG:root:[ Iteration 120 ] Test loss: 0.124409
DEBUG:root:[ Iteration 123 ] Training loss: 0.117443
DEBUG:root:[ Iteration 126 ] Training loss: 0.112207
DEBUG:root:[ Iteration 129 ] Training loss: 0.131711
DEBUG:root:[ Iteration 132 ] Training loss: 0.125585
DEBUG:root:[ Iteration 135 ] Training loss: 0.129154
DEBUG:root:[ Iteration 138 ] Training loss: 0.125664
DEBUG:root:[ Iteration 140 ] Test loss: 0.121538
DEBUG:root:[ Iteration 141 ] Training loss: 0.14133
DEBUG:root:[ Iteration 144 ] Training loss: 0.135977
DEBUG:root:[ Iteration 147 ] Training loss: 0.136249
DEBUG:root:[ Iteration 150 ] Training loss: 0.111139
DEBUG:root:[ Iteration 153 ] Training loss: 0.128287
DEBUG:root:[ Iteration 156 ] Training loss: 0.111136
DEBUG:root:[ Iteration 159 ] Training loss: 0.148283
DEBUG:root:[ Iteration 160 ] Test loss: 0.119769
DEBUG:root:[ Iteration 162 ] Training loss: 0.102001
DEBUG:root:[ Iteration 165 ] Training loss: 0.113764
DEBUG:root:[ Iteration 168 ] Training loss: 0.132498
DEBUG:root:[ Iteration 171 ] Training loss: 0.123272
DEBUG:root:[ Iteration 174 ] Training loss: 0.106287
DEBUG:root:[ Iteration 177 ] Training loss: 0.105706
DEBUG:root:[ Iteration 180 ] Training loss: 0.104704
DEBUG:root:[ Iteration 180 ] Test loss: 0.117979
DEBUG:root:[ Iteration 183 ] Training loss: 0.12647
DEBUG:root:[ Iteration 186 ] Training loss: 0.11236
DEBUG:root:[ Iteration 189 ] Training loss: 0.110206
DEBUG:root:[ Iteration 192 ] Training loss: 0.107466
DEBUG:root:[ Iteration 195 ] Training loss: 0.134999
DEBUG:root:[ Iteration 198 ] Training loss: 0.100637
DEBUG:root:Saving...
DEBUG:root:Saved model to /home/annal/Izzy/vision_amt/Net/tensor/./net7/net7_02-15-2016_17h25m27s.ckpt
DEBUG:root:Optimization done.
DEBUG:root:[ Iteration 0 ] Training loss: 0.353477
DEBUG:root:[ Iteration 0 ] Test loss: 0.376007
DEBUG:root:[ Iteration 3 ] Training loss: 0.248127
DEBUG:root:[ Iteration 6 ] Training loss: 0.217157
DEBUG:root:[ Iteration 9 ] Training loss: 0.203479
DEBUG:root:[ Iteration 12 ] Training loss: 0.183178
DEBUG:root:[ Iteration 15 ] Training loss: 0.174653
DEBUG:root:[ Iteration 18 ] Training loss: 0.182389
DEBUG:root:[ Iteration 20 ] Test loss: 0.163686
DEBUG:root:[ Iteration 21 ] Training loss: 0.168135
DEBUG:root:[ Iteration 24 ] Training loss: 0.168678
DEBUG:root:[ Iteration 27 ] Training loss: 0.151605
DEBUG:root:[ Iteration 30 ] Training loss: 0.148009
DEBUG:root:[ Iteration 33 ] Training loss: 0.135271
DEBUG:root:[ Iteration 36 ] Training loss: 0.156652
DEBUG:root:[ Iteration 39 ] Training loss: 0.130258
DEBUG:root:[ Iteration 40 ] Test loss: 0.140944
DEBUG:root:[ Iteration 42 ] Training loss: 0.148827
DEBUG:root:[ Iteration 45 ] Training loss: 0.145145
DEBUG:root:[ Iteration 48 ] Training loss: 0.129898
DEBUG:root:[ Iteration 51 ] Training loss: 0.138487
DEBUG:root:[ Iteration 54 ] Training loss: 0.141166
DEBUG:root:[ Iteration 57 ] Training loss: 0.123391
DEBUG:root:[ Iteration 60 ] Training loss: 0.139571
DEBUG:root:[ Iteration 60 ] Test loss: 0.130046
DEBUG:root:[ Iteration 63 ] Training loss: 0.12971
DEBUG:root:[ Iteration 66 ] Training loss: 0.124981
DEBUG:root:[ Iteration 69 ] Training loss: 0.131249
DEBUG:root:[ Iteration 72 ] Training loss: 0.123077
DEBUG:root:[ Iteration 75 ] Training loss: 0.132174
DEBUG:root:[ Iteration 78 ] Training loss: 0.113497
DEBUG:root:[ Iteration 80 ] Test loss: 0.125503
DEBUG:root:[ Iteration 81 ] Training loss: 0.13287
DEBUG:root:[ Iteration 84 ] Training loss: 0.135909
DEBUG:root:[ Iteration 87 ] Training loss: 0.111286
DEBUG:root:[ Iteration 90 ] Training loss: 0.131748
DEBUG:root:[ Iteration 93 ] Training loss: 0.144237
DEBUG:root:[ Iteration 96 ] Training loss: 0.133805
DEBUG:root:[ Iteration 99 ] Training loss: 0.102613
DEBUG:root:[ Iteration 100 ] Test loss: 0.122756
DEBUG:root:[ Iteration 102 ] Training loss: 0.130855
DEBUG:root:[ Iteration 105 ] Training loss: 0.117704
DEBUG:root:[ Iteration 108 ] Training loss: 0.119558
DEBUG:root:[ Iteration 111 ] Training loss: 0.117239
DEBUG:root:[ Iteration 114 ] Training loss: 0.121505
DEBUG:root:[ Iteration 117 ] Training loss: 0.115118
DEBUG:root:[ Iteration 120 ] Training loss: 0.112795
DEBUG:root:[ Iteration 120 ] Test loss: 0.118941
DEBUG:root:[ Iteration 123 ] Training loss: 0.147266
DEBUG:root:[ Iteration 126 ] Training loss: 0.115187
DEBUG:root:[ Iteration 129 ] Training loss: 0.121395
DEBUG:root:[ Iteration 132 ] Training loss: 0.132535
DEBUG:root:[ Iteration 135 ] Training loss: 0.119334
DEBUG:root:[ Iteration 138 ] Training loss: 0.10334
DEBUG:root:[ Iteration 140 ] Test loss: 0.11697
DEBUG:root:[ Iteration 141 ] Training loss: 0.118578
DEBUG:root:[ Iteration 144 ] Training loss: 0.137435
DEBUG:root:[ Iteration 147 ] Training loss: 0.124743
DEBUG:root:[ Iteration 150 ] Training loss: 0.117068
DEBUG:root:[ Iteration 153 ] Training loss: 0.0986317
DEBUG:root:[ Iteration 156 ] Training loss: 0.106978
DEBUG:root:Saving...
DEBUG:root:Saved model to /home/annal/Izzy/vision_amt/Net/tensor/./net7/net7_02-15-2016_17h31m29s.ckpt
DEBUG:root:Optimization done.
DEBUG:root:[ Iteration 0 ] Training loss: 0.456372
DEBUG:root:[ Iteration 0 ] Test loss: 0.461415
DEBUG:root:[ Iteration 3 ] Training loss: 0.298357
DEBUG:root:[ Iteration 6 ] Training loss: 0.293427
DEBUG:root:[ Iteration 9 ] Training loss: 0.289692
DEBUG:root:[ Iteration 12 ] Training loss: 0.286232
DEBUG:root:[ Iteration 15 ] Training loss: 0.28327
DEBUG:root:[ Iteration 18 ] Training loss: 0.280681
DEBUG:root:[ Iteration 20 ] Test loss: 0.262302
DEBUG:root:[ Iteration 21 ] Training loss: 0.278371
DEBUG:root:[ Iteration 24 ] Training loss: 0.276248
DEBUG:root:Saving...
DEBUG:root:Saved model to /home/annal/Izzy/vision_amt/Net/tensor/./net7/net7_02-16-2016_14h22m11s.ckpt
DEBUG:root:Optimization done.
DEBUG:root:[ Iteration 0 ] Training loss: 0.186844
DEBUG:root:[ Iteration 0 ] Test loss: 0.281168
DEBUG:root:[ Iteration 3 ] Training loss: 0.148519
DEBUG:root:[ Iteration 6 ] Training loss: 0.120327
DEBUG:root:[ Iteration 9 ] Training loss: 0.0977327
DEBUG:root:[ Iteration 12 ] Training loss: 0.0812229
DEBUG:root:[ Iteration 15 ] Training loss: 0.0689428
DEBUG:root:[ Iteration 18 ] Training loss: 0.0593442
DEBUG:root:[ Iteration 20 ] Test loss: 0.22024
DEBUG:root:[ Iteration 21 ] Training loss: 0.0513415
DEBUG:root:[ Iteration 24 ] Training loss: 0.0445215
DEBUG:root:[ Iteration 27 ] Training loss: 0.0387964
DEBUG:root:[ Iteration 30 ] Training loss: 0.0339852
DEBUG:root:[ Iteration 33 ] Training loss: 0.0299154
DEBUG:root:[ Iteration 36 ] Training loss: 0.0265908
DEBUG:root:[ Iteration 39 ] Training loss: 0.0238065
DEBUG:root:Saving...
DEBUG:root:Saving...
DEBUG:root:Saved model to /home/annal/Izzy/vision_amt/Net/tensor/./net7/net7_02-16-2016_14h24m25s.ckpt
DEBUG:root:Optimization done.
DEBUG:root:[ Iteration 0 ] Training loss: 0.3766
DEBUG:root:[ Iteration 0 ] Test loss: 0.366442
DEBUG:root:[ Iteration 3 ] Training loss: 0.23923
DEBUG:root:[ Iteration 6 ] Training loss: 0.20333
DEBUG:root:[ Iteration 9 ] Training loss: 0.190745
DEBUG:root:[ Iteration 12 ] Training loss: 0.182049
DEBUG:root:[ Iteration 15 ] Training loss: 0.174918
DEBUG:root:[ Iteration 18 ] Training loss: 0.16905
DEBUG:root:[ Iteration 20 ] Test loss: 0.173756
DEBUG:root:[ Iteration 21 ] Training loss: 0.164739
DEBUG:root:[ Iteration 24 ] Training loss: 0.161207
DEBUG:root:[ Iteration 27 ] Training loss: 0.158055
DEBUG:root:[ Iteration 30 ] Training loss: 0.155384
DEBUG:root:[ Iteration 33 ] Training loss: 0.153021
DEBUG:root:[ Iteration 36 ] Training loss: 0.150761
DEBUG:root:[ Iteration 39 ] Training loss: 0.148591
DEBUG:root:[ Iteration 40 ] Test loss: 0.160509
DEBUG:root:[ Iteration 42 ] Training loss: 0.146499
DEBUG:root:[ Iteration 45 ] Training loss: 0.144502
DEBUG:root:[ Iteration 48 ] Training loss: 0.142584
DEBUG:root:[ Iteration 51 ] Training loss: 0.140832
DEBUG:root:[ Iteration 54 ] Training loss: 0.139142
DEBUG:root:[ Iteration 57 ] Training loss: 0.137549
DEBUG:root:[ Iteration 60 ] Training loss: 0.135987
DEBUG:root:[ Iteration 60 ] Test loss: 0.153636
DEBUG:root:[ Iteration 63 ] Training loss: 0.134519
DEBUG:root:[ Iteration 66 ] Training loss: 0.133022
DEBUG:root:[ Iteration 69 ] Training loss: 0.13166
DEBUG:root:[ Iteration 72 ] Training loss: 0.130299
DEBUG:root:[ Iteration 75 ] Training loss: 0.128964
DEBUG:root:[ Iteration 78 ] Training loss: 0.127663
DEBUG:root:[ Iteration 80 ] Test loss: 0.149218
DEBUG:root:[ Iteration 81 ] Training loss: 0.126384
DEBUG:root:[ Iteration 84 ] Training loss: 0.125126
DEBUG:root:[ Iteration 87 ] Training loss: 0.123889
DEBUG:root:Saving...
DEBUG:root:Saved model to /home/annal/Izzy/vision_amt/Net/tensor/./net7/net7_02-16-2016_14h26m05s.ckpt
DEBUG:root:Optimization done.
DEBUG:root:[ Iteration 0 ] Training loss: 0.45181
DEBUG:root:[ Iteration 0 ] Test loss: 0.437338
DEBUG:root:[ Iteration 3 ] Training loss: 0.325579
DEBUG:root:[ Iteration 6 ] Training loss: 0.342328
DEBUG:root:[ Iteration 9 ] Training loss: 0.266312
DEBUG:root:[ Iteration 12 ] Training loss: 0.255962
DEBUG:root:[ Iteration 15 ] Training loss: 0.230303
DEBUG:root:[ Iteration 18 ] Training loss: 0.200496
DEBUG:root:[ Iteration 20 ] Test loss: 0.225118
DEBUG:root:[ Iteration 21 ] Training loss: 0.217287
DEBUG:root:[ Iteration 24 ] Training loss: 0.210903
DEBUG:root:[ Iteration 27 ] Training loss: 0.197834
DEBUG:root:[ Iteration 30 ] Training loss: 0.178982
DEBUG:root:[ Iteration 33 ] Training loss: 0.167775
DEBUG:root:[ Iteration 36 ] Training loss: 0.145376
DEBUG:root:[ Iteration 39 ] Training loss: 0.150497
DEBUG:root:[ Iteration 40 ] Test loss: 0.148558
DEBUG:root:[ Iteration 42 ] Training loss: 0.149077
DEBUG:root:[ Iteration 45 ] Training loss: 0.139987
DEBUG:root:[ Iteration 48 ] Training loss: 0.142021
DEBUG:root:[ Iteration 51 ] Training loss: 0.142145
DEBUG:root:[ Iteration 54 ] Training loss: 0.130044
DEBUG:root:[ Iteration 57 ] Training loss: 0.138646
DEBUG:root:[ Iteration 60 ] Training loss: 0.118314
DEBUG:root:[ Iteration 60 ] Test loss: 0.139339
DEBUG:root:[ Iteration 63 ] Training loss: 0.15584
DEBUG:root:[ Iteration 66 ] Training loss: 0.134878
DEBUG:root:[ Iteration 69 ] Training loss: 0.132267
DEBUG:root:[ Iteration 72 ] Training loss: 0.114889
DEBUG:root:[ Iteration 75 ] Training loss: 0.144872
DEBUG:root:[ Iteration 78 ] Training loss: 0.143696
DEBUG:root:[ Iteration 80 ] Test loss: 0.13543
DEBUG:root:[ Iteration 81 ] Training loss: 0.143056
DEBUG:root:[ Iteration 84 ] Training loss: 0.144197
DEBUG:root:[ Iteration 87 ] Training loss: 0.14448
DEBUG:root:[ Iteration 90 ] Training loss: 0.142747
DEBUG:root:[ Iteration 93 ] Training loss: 0.128671
DEBUG:root:[ Iteration 96 ] Training loss: 0.146549
DEBUG:root:[ Iteration 99 ] Training loss: 0.141955
DEBUG:root:[ Iteration 100 ] Test loss: 0.131917
DEBUG:root:[ Iteration 102 ] Training loss: 0.142273
DEBUG:root:[ Iteration 105 ] Training loss: 0.141081
DEBUG:root:[ Iteration 108 ] Training loss: 0.115557
DEBUG:root:[ Iteration 111 ] Training loss: 0.117718
DEBUG:root:[ Iteration 114 ] Training loss: 0.127328
DEBUG:root:[ Iteration 117 ] Training loss: 0.143973
DEBUG:root:[ Iteration 120 ] Training loss: 0.129093
DEBUG:root:[ Iteration 120 ] Test loss: 0.129478
DEBUG:root:[ Iteration 123 ] Training loss: 0.155678
DEBUG:root:[ Iteration 126 ] Training loss: 0.136977
DEBUG:root:[ Iteration 129 ] Training loss: 0.129064
DEBUG:root:[ Iteration 132 ] Training loss: 0.126487
DEBUG:root:[ Iteration 135 ] Training loss: 0.130558
DEBUG:root:[ Iteration 138 ] Training loss: 0.117882
DEBUG:root:[ Iteration 140 ] Test loss: 0.127565
DEBUG:root:[ Iteration 141 ] Training loss: 0.139725
DEBUG:root:[ Iteration 144 ] Training loss: 0.112923
DEBUG:root:[ Iteration 147 ] Training loss: 0.13867
DEBUG:root:[ Iteration 150 ] Training loss: 0.130937
DEBUG:root:[ Iteration 153 ] Training loss: 0.116759
DEBUG:root:[ Iteration 156 ] Training loss: 0.119994
DEBUG:root:[ Iteration 159 ] Training loss: 0.131314
DEBUG:root:[ Iteration 160 ] Test loss: 0.125507
DEBUG:root:[ Iteration 162 ] Training loss: 0.123413
DEBUG:root:[ Iteration 165 ] Training loss: 0.119206
DEBUG:root:[ Iteration 168 ] Training loss: 0.116932
DEBUG:root:[ Iteration 171 ] Training loss: 0.13469
DEBUG:root:[ Iteration 174 ] Training loss: 0.118911
DEBUG:root:[ Iteration 177 ] Training loss: 0.13572
DEBUG:root:[ Iteration 180 ] Training loss: 0.136532
DEBUG:root:[ Iteration 180 ] Test loss: 0.125018
DEBUG:root:[ Iteration 183 ] Training loss: 0.106873
DEBUG:root:[ Iteration 186 ] Training loss: 0.113295
DEBUG:root:[ Iteration 189 ] Training loss: 0.126851
DEBUG:root:[ Iteration 192 ] Training loss: 0.126739
DEBUG:root:[ Iteration 195 ] Training loss: 0.155641
DEBUG:root:[ Iteration 198 ] Training loss: 0.125008
DEBUG:root:[ Iteration 200 ] Test loss: 0.125024
DEBUG:root:[ Iteration 201 ] Training loss: 0.114798
DEBUG:root:[ Iteration 204 ] Training loss: 0.114018
DEBUG:root:[ Iteration 207 ] Training loss: 0.112601
DEBUG:root:[ Iteration 210 ] Training loss: 0.120836
DEBUG:root:[ Iteration 213 ] Training loss: 0.122662
DEBUG:root:[ Iteration 216 ] Training loss: 0.113864
DEBUG:root:[ Iteration 219 ] Training loss: 0.138011
DEBUG:root:[ Iteration 220 ] Test loss: 0.121577
DEBUG:root:[ Iteration 222 ] Training loss: 0.11206
DEBUG:root:[ Iteration 225 ] Training loss: 0.116651
DEBUG:root:[ Iteration 228 ] Training loss: 0.13901
DEBUG:root:[ Iteration 231 ] Training loss: 0.129246
DEBUG:root:[ Iteration 234 ] Training loss: 0.117375
DEBUG:root:[ Iteration 237 ] Training loss: 0.107554
DEBUG:root:[ Iteration 240 ] Training loss: 0.124695
DEBUG:root:[ Iteration 240 ] Test loss: 0.120163
DEBUG:root:[ Iteration 243 ] Training loss: 0.129023
DEBUG:root:[ Iteration 246 ] Training loss: 0.133672
DEBUG:root:[ Iteration 249 ] Training loss: 0.139287
DEBUG:root:[ Iteration 252 ] Training loss: 0.117794
DEBUG:root:[ Iteration 255 ] Training loss: 0.112421
DEBUG:root:[ Iteration 258 ] Training loss: 0.112204
DEBUG:root:[ Iteration 260 ] Test loss: 0.119151
DEBUG:root:[ Iteration 261 ] Training loss: 0.100568
DEBUG:root:[ Iteration 264 ] Training loss: 0.123386
DEBUG:root:[ Iteration 267 ] Training loss: 0.143209
DEBUG:root:[ Iteration 270 ] Training loss: 0.127026
DEBUG:root:[ Iteration 273 ] Training loss: 0.116296
DEBUG:root:[ Iteration 276 ] Training loss: 0.117946
DEBUG:root:[ Iteration 279 ] Training loss: 0.142311
DEBUG:root:[ Iteration 280 ] Test loss: 0.12202
DEBUG:root:[ Iteration 282 ] Training loss: 0.123725
DEBUG:root:[ Iteration 285 ] Training loss: 0.105854
DEBUG:root:[ Iteration 288 ] Training loss: 0.121055
DEBUG:root:[ Iteration 291 ] Training loss: 0.126315
DEBUG:root:[ Iteration 294 ] Training loss: 0.118983
DEBUG:root:[ Iteration 297 ] Training loss: 0.106493
DEBUG:root:[ Iteration 300 ] Training loss: 0.127433
DEBUG:root:[ Iteration 300 ] Test loss: 0.117073
DEBUG:root:[ Iteration 303 ] Training loss: 0.122362
DEBUG:root:[ Iteration 306 ] Training loss: 0.108925
DEBUG:root:[ Iteration 309 ] Training loss: 0.119284
DEBUG:root:[ Iteration 312 ] Training loss: 0.123045
DEBUG:root:[ Iteration 315 ] Training loss: 0.127073
DEBUG:root:[ Iteration 318 ] Training loss: 0.141832
DEBUG:root:[ Iteration 320 ] Test loss: 0.118262
DEBUG:root:[ Iteration 321 ] Training loss: 0.119391
DEBUG:root:[ Iteration 324 ] Training loss: 0.122952
DEBUG:root:[ Iteration 327 ] Training loss: 0.11723
DEBUG:root:[ Iteration 330 ] Training loss: 0.127064
DEBUG:root:[ Iteration 333 ] Training loss: 0.115492
DEBUG:root:[ Iteration 336 ] Training loss: 0.134252
DEBUG:root:[ Iteration 339 ] Training loss: 0.113158
DEBUG:root:[ Iteration 340 ] Test loss: 0.11536
DEBUG:root:[ Iteration 342 ] Training loss: 0.132906
DEBUG:root:[ Iteration 345 ] Training loss: 0.134307
DEBUG:root:[ Iteration 348 ] Training loss: 0.123776
DEBUG:root:[ Iteration 351 ] Training loss: 0.11316
DEBUG:root:[ Iteration 354 ] Training loss: 0.113124
DEBUG:root:[ Iteration 357 ] Training loss: 0.113166
DEBUG:root:[ Iteration 360 ] Training loss: 0.0962517
DEBUG:root:[ Iteration 360 ] Test loss: 0.114636
DEBUG:root:[ Iteration 363 ] Training loss: 0.11596
DEBUG:root:[ Iteration 366 ] Training loss: 0.11927
DEBUG:root:[ Iteration 369 ] Training loss: 0.108203
DEBUG:root:[ Iteration 372 ] Training loss: 0.129718
DEBUG:root:[ Iteration 375 ] Training loss: 0.112674
DEBUG:root:[ Iteration 378 ] Training loss: 0.100285
DEBUG:root:[ Iteration 380 ] Test loss: 0.116518
DEBUG:root:[ Iteration 381 ] Training loss: 0.104632
DEBUG:root:[ Iteration 384 ] Training loss: 0.108128
DEBUG:root:[ Iteration 387 ] Training loss: 0.121323
DEBUG:root:[ Iteration 390 ] Training loss: 0.128899
DEBUG:root:[ Iteration 393 ] Training loss: 0.0955873
DEBUG:root:[ Iteration 396 ] Training loss: 0.117295
DEBUG:root:[ Iteration 399 ] Training loss: 0.110757
DEBUG:root:Saving...
DEBUG:root:Saved model to /media/1tb/Izzy/nets/net7_02-16-2016_19h57m27s.ckpt
DEBUG:root:Optimization done.
DEBUG:root:[ Iteration 0 ] Training loss: 0.592559
DEBUG:root:[ Iteration 0 ] Test loss: 0.572378
DEBUG:root:[ Iteration 3 ] Training loss: 0.589817
DEBUG:root:[ Iteration 6 ] Training loss: 0.525875
DEBUG:root:[ Iteration 9 ] Training loss: 0.58812
DEBUG:root:[ Iteration 12 ] Training loss: 0.578948
DEBUG:root:[ Iteration 15 ] Training loss: 0.582147
DEBUG:root:[ Iteration 18 ] Training loss: 0.580437
DEBUG:root:[ Iteration 20 ] Test loss: 0.576943
DEBUG:root:[ Iteration 21 ] Training loss: 0.607894
DEBUG:root:[ Iteration 24 ] Training loss: 0.57972
DEBUG:root:[ Iteration 27 ] Training loss: 0.566926
DEBUG:root:[ Iteration 30 ] Training loss: 0.581989
DEBUG:root:[ Iteration 33 ] Training loss: 0.59862
DEBUG:root:[ Iteration 36 ] Training loss: 0.62558
DEBUG:root:[ Iteration 39 ] Training loss: 0.581415
DEBUG:root:[ Iteration 40 ] Test loss: 0.570427
DEBUG:root:[ Iteration 42 ] Training loss: 0.590338
DEBUG:root:[ Iteration 45 ] Training loss: 0.592462
DEBUG:root:[ Iteration 48 ] Training loss: 0.596361
DEBUG:root:[ Iteration 51 ] Training loss: 0.579421
DEBUG:root:[ Iteration 54 ] Training loss: 0.59513
DEBUG:root:[ Iteration 57 ] Training loss: 0.552663
DEBUG:root:[ Iteration 60 ] Training loss: 0.547921
DEBUG:root:[ Iteration 60 ] Test loss: 0.565452
DEBUG:root:[ Iteration 63 ] Training loss: 0.579295
DEBUG:root:[ Iteration 66 ] Training loss: 0.571786
DEBUG:root:[ Iteration 69 ] Training loss: 0.580611
DEBUG:root:[ Iteration 72 ] Training loss: 0.579071
DEBUG:root:[ Iteration 75 ] Training loss: 0.537973
DEBUG:root:[ Iteration 78 ] Training loss: 0.602415
DEBUG:root:Saving...
DEBUG:root:Saved model to /media/1tb/Izzy/nets/net7_02-16-2016_20h01m51s.ckpt
DEBUG:root:Optimization done.
DEBUG:root:[ Iteration 0 ] Training loss: 0.173522
DEBUG:root:[ Iteration 0 ] Test loss: 0.178846
DEBUG:root:[ Iteration 3 ] Training loss: 0.176339
DEBUG:root:[ Iteration 6 ] Training loss: 0.170726
DEBUG:root:[ Iteration 9 ] Training loss: 0.178879
DEBUG:root:[ Iteration 12 ] Training loss: 0.170125
DEBUG:root:[ Iteration 15 ] Training loss: 0.153246
DEBUG:root:[ Iteration 18 ] Training loss: 0.16604
DEBUG:root:[ Iteration 20 ] Test loss: 0.15772
DEBUG:root:[ Iteration 21 ] Training loss: 0.169073
DEBUG:root:[ Iteration 24 ] Training loss: 0.155484
DEBUG:root:[ Iteration 27 ] Training loss: 0.142122
DEBUG:root:[ Iteration 30 ] Training loss: 0.142478
DEBUG:root:[ Iteration 33 ] Training loss: 0.140098
DEBUG:root:[ Iteration 36 ] Training loss: 0.141782
DEBUG:root:[ Iteration 39 ] Training loss: 0.14058
DEBUG:root:[ Iteration 40 ] Test loss: 0.122509
DEBUG:root:[ Iteration 42 ] Training loss: 0.11071
DEBUG:root:[ Iteration 45 ] Training loss: 0.115019
DEBUG:root:[ Iteration 48 ] Training loss: 0.102398
DEBUG:root:[ Iteration 51 ] Training loss: 0.119571
DEBUG:root:[ Iteration 54 ] Training loss: 0.121302
DEBUG:root:[ Iteration 57 ] Training loss: 0.107653
DEBUG:root:[ Iteration 60 ] Training loss: 0.131906
DEBUG:root:[ Iteration 60 ] Test loss: 0.112243
DEBUG:root:[ Iteration 63 ] Training loss: 0.119393
DEBUG:root:[ Iteration 66 ] Training loss: 0.0965873
DEBUG:root:[ Iteration 69 ] Training loss: 0.117353
DEBUG:root:[ Iteration 72 ] Training loss: 0.105086
DEBUG:root:[ Iteration 75 ] Training loss: 0.115587
DEBUG:root:[ Iteration 78 ] Training loss: 0.0917429
DEBUG:root:[ Iteration 80 ] Test loss: 0.111428
DEBUG:root:[ Iteration 81 ] Training loss: 0.109208
DEBUG:root:[ Iteration 84 ] Training loss: 0.113238
DEBUG:root:[ Iteration 87 ] Training loss: 0.117693
DEBUG:root:[ Iteration 90 ] Training loss: 0.103094
DEBUG:root:[ Iteration 93 ] Training loss: 0.107105
DEBUG:root:[ Iteration 96 ] Training loss: 0.12057
DEBUG:root:[ Iteration 99 ] Training loss: 0.103424
DEBUG:root:[ Iteration 100 ] Test loss: 0.111436
DEBUG:root:[ Iteration 102 ] Training loss: 0.125527
DEBUG:root:[ Iteration 105 ] Training loss: 0.118673
DEBUG:root:[ Iteration 108 ] Training loss: 0.1071
DEBUG:root:[ Iteration 111 ] Training loss: 0.104848
DEBUG:root:[ Iteration 114 ] Training loss: 0.107463
DEBUG:root:[ Iteration 117 ] Training loss: 0.118774
DEBUG:root:[ Iteration 120 ] Training loss: 0.106084
DEBUG:root:[ Iteration 120 ] Test loss: 0.111295
DEBUG:root:[ Iteration 123 ] Training loss: 0.116025
DEBUG:root:[ Iteration 126 ] Training loss: 0.112246
DEBUG:root:[ Iteration 129 ] Training loss: 0.112649
DEBUG:root:[ Iteration 132 ] Training loss: 0.135109
DEBUG:root:[ Iteration 135 ] Training loss: 0.108171
DEBUG:root:[ Iteration 138 ] Training loss: 0.100507
DEBUG:root:[ Iteration 140 ] Test loss: 0.111178
DEBUG:root:[ Iteration 141 ] Training loss: 0.109028
DEBUG:root:[ Iteration 144 ] Training loss: 0.104669
DEBUG:root:[ Iteration 147 ] Training loss: 0.127415
DEBUG:root:[ Iteration 150 ] Training loss: 0.0988345
DEBUG:root:[ Iteration 153 ] Training loss: 0.108358
DEBUG:root:[ Iteration 156 ] Training loss: 0.114961
DEBUG:root:[ Iteration 159 ] Training loss: 0.117459
DEBUG:root:[ Iteration 160 ] Test loss: 0.11122
DEBUG:root:[ Iteration 162 ] Training loss: 0.116792
DEBUG:root:[ Iteration 165 ] Training loss: 0.12501
DEBUG:root:[ Iteration 168 ] Training loss: 0.105505
DEBUG:root:[ Iteration 171 ] Training loss: 0.127666
DEBUG:root:[ Iteration 174 ] Training loss: 0.112731
DEBUG:root:[ Iteration 177 ] Training loss: 0.107061
DEBUG:root:[ Iteration 180 ] Training loss: 0.111322
DEBUG:root:[ Iteration 180 ] Test loss: 0.11099
DEBUG:root:[ Iteration 183 ] Training loss: 0.136279
DEBUG:root:[ Iteration 186 ] Training loss: 0.0892166
DEBUG:root:[ Iteration 189 ] Training loss: 0.116606
DEBUG:root:[ Iteration 192 ] Training loss: 0.116119
DEBUG:root:[ Iteration 195 ] Training loss: 0.0961832
DEBUG:root:[ Iteration 198 ] Training loss: 0.118459
DEBUG:root:[ Iteration 200 ] Test loss: 0.110977
DEBUG:root:[ Iteration 201 ] Training loss: 0.108371
DEBUG:root:[ Iteration 204 ] Training loss: 0.112226
DEBUG:root:[ Iteration 207 ] Training loss: 0.108005
DEBUG:root:[ Iteration 210 ] Training loss: 0.113547
DEBUG:root:[ Iteration 213 ] Training loss: 0.0940967
DEBUG:root:[ Iteration 216 ] Training loss: 0.0972598
DEBUG:root:[ Iteration 219 ] Training loss: 0.106823
DEBUG:root:[ Iteration 220 ] Test loss: 0.110873
DEBUG:root:[ Iteration 222 ] Training loss: 0.116147
DEBUG:root:[ Iteration 225 ] Training loss: 0.112625
DEBUG:root:[ Iteration 228 ] Training loss: 0.104854
DEBUG:root:[ Iteration 231 ] Training loss: 0.116677
DEBUG:root:[ Iteration 234 ] Training loss: 0.115199
DEBUG:root:[ Iteration 237 ] Training loss: 0.0893682
DEBUG:root:[ Iteration 240 ] Training loss: 0.121046
DEBUG:root:[ Iteration 240 ] Test loss: 0.110778
DEBUG:root:[ Iteration 243 ] Training loss: 0.134002
DEBUG:root:[ Iteration 246 ] Training loss: 0.116832
DEBUG:root:[ Iteration 249 ] Training loss: 0.111584
DEBUG:root:[ Iteration 252 ] Training loss: 0.107799
DEBUG:root:[ Iteration 255 ] Training loss: 0.107803
DEBUG:root:[ Iteration 258 ] Training loss: 0.0849689
DEBUG:root:[ Iteration 260 ] Test loss: 0.110677
DEBUG:root:[ Iteration 261 ] Training loss: 0.102758
DEBUG:root:[ Iteration 264 ] Training loss: 0.109513
DEBUG:root:[ Iteration 267 ] Training loss: 0.111334
DEBUG:root:[ Iteration 270 ] Training loss: 0.116775
DEBUG:root:[ Iteration 273 ] Training loss: 0.123389
DEBUG:root:[ Iteration 276 ] Training loss: 0.118579
DEBUG:root:[ Iteration 279 ] Training loss: 0.11178
DEBUG:root:[ Iteration 280 ] Test loss: 0.110601
DEBUG:root:[ Iteration 282 ] Training loss: 0.109808
DEBUG:root:[ Iteration 285 ] Training loss: 0.106136
DEBUG:root:[ Iteration 288 ] Training loss: 0.0894037
DEBUG:root:[ Iteration 291 ] Training loss: 0.115737
DEBUG:root:[ Iteration 294 ] Training loss: 0.110655
DEBUG:root:[ Iteration 297 ] Training loss: 0.110008
DEBUG:root:[ Iteration 300 ] Training loss: 0.116888
DEBUG:root:[ Iteration 300 ] Test loss: 0.110641
DEBUG:root:[ Iteration 303 ] Training loss: 0.125766
DEBUG:root:[ Iteration 306 ] Training loss: 0.131543
DEBUG:root:[ Iteration 309 ] Training loss: 0.117281
DEBUG:root:[ Iteration 312 ] Training loss: 0.106833
DEBUG:root:[ Iteration 315 ] Training loss: 0.120883
DEBUG:root:[ Iteration 318 ] Training loss: 0.104965
DEBUG:root:[ Iteration 320 ] Test loss: 0.11054
DEBUG:root:[ Iteration 321 ] Training loss: 0.114683
DEBUG:root:[ Iteration 324 ] Training loss: 0.113149
DEBUG:root:[ Iteration 327 ] Training loss: 0.110701
DEBUG:root:[ Iteration 330 ] Training loss: 0.11484
DEBUG:root:[ Iteration 333 ] Training loss: 0.1083
DEBUG:root:[ Iteration 336 ] Training loss: 0.118158
DEBUG:root:[ Iteration 339 ] Training loss: 0.114558
DEBUG:root:[ Iteration 340 ] Test loss: 0.110299
DEBUG:root:[ Iteration 342 ] Training loss: 0.11525
DEBUG:root:[ Iteration 345 ] Training loss: 0.121371
DEBUG:root:[ Iteration 348 ] Training loss: 0.11689
DEBUG:root:[ Iteration 351 ] Training loss: 0.119766
DEBUG:root:[ Iteration 354 ] Training loss: 0.102255
DEBUG:root:[ Iteration 357 ] Training loss: 0.105311
DEBUG:root:[ Iteration 360 ] Training loss: 0.112615
DEBUG:root:[ Iteration 360 ] Test loss: 0.110299
DEBUG:root:[ Iteration 363 ] Training loss: 0.115543
DEBUG:root:[ Iteration 366 ] Training loss: 0.0982607
DEBUG:root:[ Iteration 369 ] Training loss: 0.112333
DEBUG:root:[ Iteration 372 ] Training loss: 0.109246
DEBUG:root:[ Iteration 375 ] Training loss: 0.104968
DEBUG:root:[ Iteration 378 ] Training loss: 0.114145
DEBUG:root:[ Iteration 380 ] Test loss: 0.110142
DEBUG:root:[ Iteration 381 ] Training loss: 0.10316
DEBUG:root:[ Iteration 384 ] Training loss: 0.10199
DEBUG:root:[ Iteration 387 ] Training loss: 0.103658
DEBUG:root:[ Iteration 390 ] Training loss: 0.098343
DEBUG:root:[ Iteration 393 ] Training loss: 0.111241
DEBUG:root:[ Iteration 396 ] Training loss: 0.118508
DEBUG:root:[ Iteration 399 ] Training loss: 0.105551
DEBUG:root:Saving...
DEBUG:root:Saved model to /media/1tb/Izzy/nets/net7_02-16-2016_20h10m31s.ckpt
DEBUG:root:Optimization done.
DEBUG:root:[ Iteration 0 ] Training loss: 0.545839
DEBUG:root:[ Iteration 0 ] Test loss: 0.502742
DEBUG:root:[ Iteration 3 ] Training loss: 0.493807
DEBUG:root:[ Iteration 6 ] Training loss: 0.452287
DEBUG:root:[ Iteration 9 ] Training loss: 0.441623
DEBUG:root:[ Iteration 12 ] Training loss: 0.471623
DEBUG:root:[ Iteration 15 ] Training loss: 0.422197
DEBUG:root:[ Iteration 18 ] Training loss: 0.494515
DEBUG:root:[ Iteration 20 ] Test loss: 0.465979
DEBUG:root:[ Iteration 21 ] Training loss: 0.469182
DEBUG:root:[ Iteration 24 ] Training loss: 0.452079
DEBUG:root:[ Iteration 27 ] Training loss: 0.469959
DEBUG:root:[ Iteration 30 ] Training loss: 0.481768
DEBUG:root:[ Iteration 33 ] Training loss: 0.480597
DEBUG:root:[ Iteration 36 ] Training loss: 0.479599
DEBUG:root:[ Iteration 39 ] Training loss: 0.419807
DEBUG:root:[ Iteration 40 ] Test loss: 0.463795
DEBUG:root:[ Iteration 42 ] Training loss: 0.46505
DEBUG:root:[ Iteration 45 ] Training loss: 0.495053
DEBUG:root:[ Iteration 48 ] Training loss: 0.479318
DEBUG:root:[ Iteration 51 ] Training loss: 0.495418
DEBUG:root:[ Iteration 54 ] Training loss: 0.453572
DEBUG:root:[ Iteration 57 ] Training loss: 0.441606
DEBUG:root:[ Iteration 60 ] Training loss: 0.461167
DEBUG:root:[ Iteration 60 ] Test loss: 0.462236
DEBUG:root:[ Iteration 63 ] Training loss: 0.458063
DEBUG:root:[ Iteration 66 ] Training loss: 0.451309
DEBUG:root:[ Iteration 69 ] Training loss: 0.507908
DEBUG:root:[ Iteration 72 ] Training loss: 0.467098
DEBUG:root:[ Iteration 75 ] Training loss: 0.4551
DEBUG:root:[ Iteration 78 ] Training loss: 0.463173
DEBUG:root:[ Iteration 80 ] Test loss: 0.459918
DEBUG:root:[ Iteration 81 ] Training loss: 0.4139
DEBUG:root:[ Iteration 84 ] Training loss: 0.497392
DEBUG:root:[ Iteration 87 ] Training loss: 0.478278
DEBUG:root:[ Iteration 90 ] Training loss: 0.445327
DEBUG:root:[ Iteration 93 ] Training loss: 0.460314
DEBUG:root:[ Iteration 96 ] Training loss: 0.45964
DEBUG:root:[ Iteration 99 ] Training loss: 0.473092
DEBUG:root:[ Iteration 100 ] Test loss: 0.45077
DEBUG:root:[ Iteration 102 ] Training loss: 0.4372
DEBUG:root:[ Iteration 105 ] Training loss: 0.447055
DEBUG:root:[ Iteration 108 ] Training loss: 0.409627
DEBUG:root:[ Iteration 111 ] Training loss: 0.443101
DEBUG:root:[ Iteration 114 ] Training loss: 0.487322
DEBUG:root:[ Iteration 117 ] Training loss: 0.429201
DEBUG:root:[ Iteration 120 ] Training loss: 0.428364
DEBUG:root:[ Iteration 120 ] Test loss: 0.439984
DEBUG:root:[ Iteration 123 ] Training loss: 0.45421
DEBUG:root:[ Iteration 126 ] Training loss: 0.477021
DEBUG:root:[ Iteration 129 ] Training loss: 0.378602
DEBUG:root:[ Iteration 132 ] Training loss: 0.379407
DEBUG:root:[ Iteration 135 ] Training loss: 0.450641
DEBUG:root:[ Iteration 138 ] Training loss: 0.415068
DEBUG:root:[ Iteration 140 ] Test loss: 0.424671
DEBUG:root:[ Iteration 141 ] Training loss: 0.454112
DEBUG:root:[ Iteration 144 ] Training loss: 0.468336
DEBUG:root:[ Iteration 147 ] Training loss: 0.477407
DEBUG:root:[ Iteration 150 ] Training loss: 0.446129
DEBUG:root:[ Iteration 153 ] Training loss: 0.356834
DEBUG:root:[ Iteration 156 ] Training loss: 0.400251
DEBUG:root:[ Iteration 159 ] Training loss: 0.398451
DEBUG:root:[ Iteration 160 ] Test loss: 0.407598
DEBUG:root:[ Iteration 162 ] Training loss: 0.437205
DEBUG:root:[ Iteration 165 ] Training loss: 0.425875
DEBUG:root:[ Iteration 168 ] Training loss: 0.41483
DEBUG:root:[ Iteration 171 ] Training loss: 0.387601
DEBUG:root:[ Iteration 174 ] Training loss: 0.358042
DEBUG:root:Saving...
DEBUG:root:Saved model to /media/1tb/Izzy/nets/net7_02-16-2016_20h41m01s.ckpt
DEBUG:root:Optimization done.
DEBUG:root:[ Iteration 0 ] Training loss: 0.346789
DEBUG:root:[ Iteration 0 ] Test loss: 0.369992
DEBUG:root:[ Iteration 3 ] Training loss: 0.411856
DEBUG:root:[ Iteration 6 ] Training loss: 0.451862
DEBUG:root:[ Iteration 9 ] Training loss: 0.46409
DEBUG:root:[ Iteration 12 ] Training loss: 0.43747
DEBUG:root:[ Iteration 15 ] Training loss: 0.481257
DEBUG:root:[ Iteration 18 ] Training loss: 0.506058
DEBUG:root:[ Iteration 20 ] Test loss: 0.482995
DEBUG:root:[ Iteration 21 ] Training loss: 0.458334
DEBUG:root:[ Iteration 24 ] Training loss: 0.499615
DEBUG:root:[ Iteration 27 ] Training loss: 0.463766
DEBUG:root:[ Iteration 30 ] Training loss: 0.445468
DEBUG:root:[ Iteration 33 ] Training loss: 0.482795
DEBUG:root:[ Iteration 36 ] Training loss: 0.49777
DEBUG:root:[ Iteration 39 ] Training loss: 0.448373
DEBUG:root:[ Iteration 40 ] Test loss: 0.482995
DEBUG:root:[ Iteration 42 ] Training loss: 0.475564
DEBUG:root:[ Iteration 45 ] Training loss: 0.509913
DEBUG:root:Saving...
DEBUG:root:Saved model to /media/1tb/Izzy/nets/net7_02-16-2016_20h42m39s.ckpt
DEBUG:root:Optimization done.
DEBUG:root:[ Iteration 0 ] Training loss: 0.178838
DEBUG:root:[ Iteration 0 ] Test loss: 0.17801
DEBUG:root:[ Iteration 3 ] Training loss: 0.173164
DEBUG:root:[ Iteration 6 ] Training loss: 0.168783
DEBUG:root:[ Iteration 9 ] Training loss: 0.173468
DEBUG:root:[ Iteration 12 ] Training loss: 0.174424
DEBUG:root:[ Iteration 15 ] Training loss: 0.175139
DEBUG:root:[ Iteration 18 ] Training loss: 0.166328
DEBUG:root:[ Iteration 20 ] Test loss: 0.164956
DEBUG:root:[ Iteration 21 ] Training loss: 0.168429
DEBUG:root:[ Iteration 24 ] Training loss: 0.156521
DEBUG:root:[ Iteration 27 ] Training loss: 0.156221
DEBUG:root:[ Iteration 30 ] Training loss: 0.137407
DEBUG:root:[ Iteration 33 ] Training loss: 0.121697
DEBUG:root:[ Iteration 36 ] Training loss: 0.130195
DEBUG:root:[ Iteration 39 ] Training loss: 0.118539
DEBUG:root:[ Iteration 40 ] Test loss: 0.114269
DEBUG:root:[ Iteration 42 ] Training loss: 0.0931579
DEBUG:root:[ Iteration 45 ] Training loss: 0.123942
DEBUG:root:[ Iteration 48 ] Training loss: 0.121297
DEBUG:root:[ Iteration 51 ] Training loss: 0.107097
DEBUG:root:[ Iteration 54 ] Training loss: 0.120866
DEBUG:root:[ Iteration 57 ] Training loss: 0.116439
DEBUG:root:[ Iteration 60 ] Training loss: 0.10865
DEBUG:root:[ Iteration 60 ] Test loss: 0.110267
DEBUG:root:[ Iteration 63 ] Training loss: 0.0990436
DEBUG:root:[ Iteration 66 ] Training loss: 0.105189
DEBUG:root:[ Iteration 69 ] Training loss: 0.0933099
DEBUG:root:[ Iteration 72 ] Training loss: 0.137902
DEBUG:root:[ Iteration 75 ] Training loss: 0.106028
DEBUG:root:[ Iteration 78 ] Training loss: 0.102958
DEBUG:root:[ Iteration 80 ] Test loss: 0.104679
DEBUG:root:[ Iteration 81 ] Training loss: 0.0999251
DEBUG:root:[ Iteration 84 ] Training loss: 0.100747
DEBUG:root:[ Iteration 87 ] Training loss: 0.104359
DEBUG:root:[ Iteration 90 ] Training loss: 0.126625
DEBUG:root:[ Iteration 93 ] Training loss: 0.102246
DEBUG:root:[ Iteration 96 ] Training loss: 0.0884059
DEBUG:root:[ Iteration 99 ] Training loss: 0.092655
DEBUG:root:[ Iteration 100 ] Test loss: 0.0985439
DEBUG:root:[ Iteration 102 ] Training loss: 0.0927564
DEBUG:root:[ Iteration 105 ] Training loss: 0.0824191
DEBUG:root:[ Iteration 108 ] Training loss: 0.105171
DEBUG:root:[ Iteration 111 ] Training loss: 0.0902598
DEBUG:root:[ Iteration 114 ] Training loss: 0.0885001
DEBUG:root:[ Iteration 117 ] Training loss: 0.0886745
DEBUG:root:[ Iteration 120 ] Training loss: 0.080588
DEBUG:root:[ Iteration 120 ] Test loss: 0.0817081
DEBUG:root:[ Iteration 123 ] Training loss: 0.0768745
DEBUG:root:[ Iteration 126 ] Training loss: 0.0918412
DEBUG:root:[ Iteration 129 ] Training loss: 0.0716239
DEBUG:root:[ Iteration 132 ] Training loss: 0.0626796
DEBUG:root:[ Iteration 135 ] Training loss: 0.075453
DEBUG:root:[ Iteration 138 ] Training loss: 0.0744564
DEBUG:root:[ Iteration 140 ] Test loss: 0.067864
DEBUG:root:[ Iteration 141 ] Training loss: 0.0624975
DEBUG:root:[ Iteration 144 ] Training loss: 0.0701135
DEBUG:root:[ Iteration 147 ] Training loss: 0.0593815
DEBUG:root:[ Iteration 150 ] Training loss: 0.0605021
DEBUG:root:[ Iteration 153 ] Training loss: 0.060397
DEBUG:root:[ Iteration 156 ] Training loss: 0.0473811
DEBUG:root:[ Iteration 159 ] Training loss: 0.0472304
DEBUG:root:[ Iteration 160 ] Test loss: 0.0554873
DEBUG:root:[ Iteration 162 ] Training loss: 0.0527011
DEBUG:root:[ Iteration 165 ] Training loss: 0.0444617
DEBUG:root:[ Iteration 168 ] Training loss: 0.037093
DEBUG:root:[ Iteration 171 ] Training loss: 0.0489599
DEBUG:root:[ Iteration 174 ] Training loss: 0.0455826
DEBUG:root:[ Iteration 177 ] Training loss: 0.0608456
DEBUG:root:[ Iteration 180 ] Training loss: 0.0429294
DEBUG:root:[ Iteration 180 ] Test loss: 0.045046
DEBUG:root:[ Iteration 183 ] Training loss: 0.0370088
DEBUG:root:[ Iteration 186 ] Training loss: 0.0227635
DEBUG:root:[ Iteration 189 ] Training loss: 0.0440267
DEBUG:root:[ Iteration 192 ] Training loss: 0.0303322
DEBUG:root:[ Iteration 195 ] Training loss: 0.0437467
DEBUG:root:[ Iteration 198 ] Training loss: 0.0320326
DEBUG:root:[ Iteration 200 ] Test loss: 0.0426726
DEBUG:root:[ Iteration 201 ] Training loss: 0.0514044
DEBUG:root:[ Iteration 204 ] Training loss: 0.0328504
DEBUG:root:[ Iteration 207 ] Training loss: 0.0308289
DEBUG:root:[ Iteration 210 ] Training loss: 0.027499
DEBUG:root:[ Iteration 213 ] Training loss: 0.049384
DEBUG:root:[ Iteration 216 ] Training loss: 0.0366542
DEBUG:root:[ Iteration 219 ] Training loss: 0.029525
DEBUG:root:[ Iteration 220 ] Test loss: 0.0428456
DEBUG:root:[ Iteration 222 ] Training loss: 0.0317639
DEBUG:root:[ Iteration 225 ] Training loss: 0.0264795
DEBUG:root:[ Iteration 228 ] Training loss: 0.0346714
DEBUG:root:[ Iteration 231 ] Training loss: 0.0256664
DEBUG:root:[ Iteration 234 ] Training loss: 0.0154025
DEBUG:root:[ Iteration 237 ] Training loss: 0.0283205
DEBUG:root:[ Iteration 240 ] Training loss: 0.0204909
DEBUG:root:[ Iteration 240 ] Test loss: 0.024447
DEBUG:root:[ Iteration 243 ] Training loss: 0.0349532
DEBUG:root:[ Iteration 246 ] Training loss: 0.0285043
DEBUG:root:[ Iteration 249 ] Training loss: 0.0309534
DEBUG:root:[ Iteration 252 ] Training loss: 0.0153655
DEBUG:root:[ Iteration 255 ] Training loss: 0.019554
DEBUG:root:[ Iteration 258 ] Training loss: 0.022222
DEBUG:root:[ Iteration 260 ] Test loss: 0.023838
DEBUG:root:[ Iteration 261 ] Training loss: 0.0262925
DEBUG:root:[ Iteration 264 ] Training loss: 0.0153746
DEBUG:root:[ Iteration 267 ] Training loss: 0.0172787
DEBUG:root:[ Iteration 270 ] Training loss: 0.0210552
DEBUG:root:[ Iteration 273 ] Training loss: 0.0259845
DEBUG:root:[ Iteration 276 ] Training loss: 0.0190451
DEBUG:root:[ Iteration 279 ] Training loss: 0.0177861
DEBUG:root:[ Iteration 280 ] Test loss: 0.0197707
DEBUG:root:[ Iteration 282 ] Training loss: 0.0180668
DEBUG:root:[ Iteration 285 ] Training loss: 0.02319
DEBUG:root:[ Iteration 288 ] Training loss: 0.0274224
DEBUG:root:[ Iteration 291 ] Training loss: 0.0196776
DEBUG:root:[ Iteration 294 ] Training loss: 0.0163468
DEBUG:root:[ Iteration 297 ] Training loss: 0.0279482
DEBUG:root:[ Iteration 300 ] Training loss: 0.0170045
DEBUG:root:Saving...
DEBUG:root:Saved model to /media/1tb/Izzy/nets/net7_02-16-2016_20h49m50s.ckpt
DEBUG:root:Optimization done.
