DEBUG:root:[ Iteration 0 ] Training loss: 0.183631
DEBUG:root:[ Iteration 0 ] Test loss: 0.193026
DEBUG:root:[ Iteration 3 ] Training loss: 0.192604
DEBUG:root:[ Iteration 6 ] Training loss: 0.182413
DEBUG:root:[ Iteration 9 ] Training loss: 0.200215
DEBUG:root:[ Iteration 12 ] Training loss: 0.177891
DEBUG:root:[ Iteration 15 ] Training loss: 0.18535
DEBUG:root:[ Iteration 18 ] Training loss: 0.186249
DEBUG:root:[ Iteration 20 ] Test loss: 0.184299
DEBUG:root:[ Iteration 21 ] Training loss: 0.180471
DEBUG:root:[ Iteration 24 ] Training loss: 0.179214
DEBUG:root:[ Iteration 27 ] Training loss: 0.167399
DEBUG:root:[ Iteration 30 ] Training loss: 0.166579
DEBUG:root:[ Iteration 33 ] Training loss: 0.170334
DEBUG:root:[ Iteration 36 ] Training loss: 0.176103
DEBUG:root:[ Iteration 39 ] Training loss: 0.169697
DEBUG:root:[ Iteration 40 ] Test loss: 0.17336
DEBUG:root:[ Iteration 42 ] Training loss: 0.163992
DEBUG:root:[ Iteration 45 ] Training loss: 0.178274
DEBUG:root:[ Iteration 48 ] Training loss: 0.174387
DEBUG:root:[ Iteration 51 ] Training loss: 0.164558
DEBUG:root:[ Iteration 54 ] Training loss: 0.172003
DEBUG:root:[ Iteration 57 ] Training loss: 0.158561
DEBUG:root:[ Iteration 60 ] Training loss: 0.164064
DEBUG:root:[ Iteration 60 ] Test loss: 0.164945
DEBUG:root:[ Iteration 63 ] Training loss: 0.148833
DEBUG:root:[ Iteration 66 ] Training loss: 0.160233
DEBUG:root:[ Iteration 69 ] Training loss: 0.149999
DEBUG:root:[ Iteration 72 ] Training loss: 0.151852
DEBUG:root:[ Iteration 75 ] Training loss: 0.147825
DEBUG:root:[ Iteration 78 ] Training loss: 0.151436
DEBUG:root:[ Iteration 80 ] Test loss: 0.158597
DEBUG:root:[ Iteration 81 ] Training loss: 0.155638
DEBUG:root:[ Iteration 84 ] Training loss: 0.151281
DEBUG:root:[ Iteration 87 ] Training loss: 0.147522
DEBUG:root:[ Iteration 90 ] Training loss: 0.159404
DEBUG:root:[ Iteration 93 ] Training loss: 0.15134
DEBUG:root:[ Iteration 96 ] Training loss: 0.14995
DEBUG:root:[ Iteration 99 ] Training loss: 0.136756
DEBUG:root:[ Iteration 100 ] Test loss: 0.153525
DEBUG:root:[ Iteration 102 ] Training loss: 0.157008
DEBUG:root:[ Iteration 105 ] Training loss: 0.146741
DEBUG:root:[ Iteration 108 ] Training loss: 0.142029
DEBUG:root:[ Iteration 111 ] Training loss: 0.144822
DEBUG:root:[ Iteration 114 ] Training loss: 0.143335
DEBUG:root:[ Iteration 117 ] Training loss: 0.142487
DEBUG:root:[ Iteration 120 ] Training loss: 0.133165
DEBUG:root:[ Iteration 120 ] Test loss: 0.147731
DEBUG:root:[ Iteration 123 ] Training loss: 0.147697
DEBUG:root:[ Iteration 126 ] Training loss: 0.13457
DEBUG:root:[ Iteration 129 ] Training loss: 0.142528
DEBUG:root:[ Iteration 132 ] Training loss: 0.128374
DEBUG:root:[ Iteration 135 ] Training loss: 0.13305
DEBUG:root:[ Iteration 138 ] Training loss: 0.12885
DEBUG:root:[ Iteration 140 ] Test loss: 0.142751
DEBUG:root:[ Iteration 141 ] Training loss: 0.123348
DEBUG:root:[ Iteration 144 ] Training loss: 0.132562
DEBUG:root:[ Iteration 147 ] Training loss: 0.122274
DEBUG:root:[ Iteration 150 ] Training loss: 0.115416
DEBUG:root:[ Iteration 153 ] Training loss: 0.140457
DEBUG:root:[ Iteration 156 ] Training loss: 0.143269
DEBUG:root:[ Iteration 159 ] Training loss: 0.144834
DEBUG:root:[ Iteration 160 ] Test loss: 0.142788
DEBUG:root:[ Iteration 162 ] Training loss: 0.178965
DEBUG:root:[ Iteration 165 ] Training loss: 0.133182
DEBUG:root:[ Iteration 168 ] Training loss: 0.139712
DEBUG:root:[ Iteration 171 ] Training loss: 0.129521
DEBUG:root:[ Iteration 174 ] Training loss: 0.144798
DEBUG:root:[ Iteration 177 ] Training loss: 0.138773
DEBUG:root:[ Iteration 180 ] Training loss: 0.138918
DEBUG:root:[ Iteration 180 ] Test loss: 0.142519
DEBUG:root:[ Iteration 183 ] Training loss: 0.134114
DEBUG:root:[ Iteration 186 ] Training loss: 0.160514
DEBUG:root:[ Iteration 189 ] Training loss: 0.139306
DEBUG:root:[ Iteration 192 ] Training loss: 0.160852
DEBUG:root:[ Iteration 195 ] Training loss: 0.151616
DEBUG:root:[ Iteration 198 ] Training loss: 0.121624
DEBUG:root:[ Iteration 200 ] Test loss: 0.142313
DEBUG:root:[ Iteration 201 ] Training loss: 0.108159
DEBUG:root:[ Iteration 204 ] Training loss: 0.12452
DEBUG:root:[ Iteration 207 ] Training loss: 0.116416
DEBUG:root:[ Iteration 210 ] Training loss: 0.145773
DEBUG:root:[ Iteration 213 ] Training loss: 0.119342
DEBUG:root:[ Iteration 216 ] Training loss: 0.16081
DEBUG:root:[ Iteration 219 ] Training loss: 0.11685
DEBUG:root:[ Iteration 220 ] Test loss: 0.142412
DEBUG:root:[ Iteration 222 ] Training loss: 0.123881
DEBUG:root:[ Iteration 225 ] Training loss: 0.119944
DEBUG:root:[ Iteration 228 ] Training loss: 0.111307
DEBUG:root:[ Iteration 231 ] Training loss: 0.138868
DEBUG:root:[ Iteration 234 ] Training loss: 0.114833
DEBUG:root:[ Iteration 237 ] Training loss: 0.152143
DEBUG:root:[ Iteration 240 ] Training loss: 0.12302
DEBUG:root:[ Iteration 240 ] Test loss: 0.14205
DEBUG:root:[ Iteration 243 ] Training loss: 0.131391
DEBUG:root:[ Iteration 246 ] Training loss: 0.141115
DEBUG:root:[ Iteration 249 ] Training loss: 0.139777
DEBUG:root:[ Iteration 252 ] Training loss: 0.125852
DEBUG:root:[ Iteration 255 ] Training loss: 0.135906
DEBUG:root:[ Iteration 258 ] Training loss: 0.162694
DEBUG:root:[ Iteration 260 ] Test loss: 0.141675
DEBUG:root:[ Iteration 261 ] Training loss: 0.139084
DEBUG:root:[ Iteration 264 ] Training loss: 0.152629
DEBUG:root:[ Iteration 267 ] Training loss: 0.140489
DEBUG:root:[ Iteration 270 ] Training loss: 0.140202
DEBUG:root:[ Iteration 273 ] Training loss: 0.134349
DEBUG:root:[ Iteration 276 ] Training loss: 0.139833
DEBUG:root:[ Iteration 279 ] Training loss: 0.13706
DEBUG:root:[ Iteration 280 ] Test loss: 0.140846
DEBUG:root:[ Iteration 282 ] Training loss: 0.149372
DEBUG:root:[ Iteration 285 ] Training loss: 0.135862
DEBUG:root:[ Iteration 288 ] Training loss: 0.129751
DEBUG:root:[ Iteration 291 ] Training loss: 0.12494
DEBUG:root:[ Iteration 294 ] Training loss: 0.118607
DEBUG:root:[ Iteration 297 ] Training loss: 0.139284
DEBUG:root:[ Iteration 300 ] Training loss: 0.125759
DEBUG:root:[ Iteration 300 ] Test loss: 0.140204
DEBUG:root:[ Iteration 303 ] Training loss: 0.149111
DEBUG:root:[ Iteration 306 ] Training loss: 0.152296
DEBUG:root:[ Iteration 309 ] Training loss: 0.146241
DEBUG:root:[ Iteration 312 ] Training loss: 0.141574
DEBUG:root:[ Iteration 315 ] Training loss: 0.11282
DEBUG:root:[ Iteration 318 ] Training loss: 0.129847
DEBUG:root:[ Iteration 320 ] Test loss: 0.138428
DEBUG:root:[ Iteration 321 ] Training loss: 0.113283
DEBUG:root:[ Iteration 324 ] Training loss: 0.140776
DEBUG:root:[ Iteration 327 ] Training loss: 0.125036
DEBUG:root:[ Iteration 330 ] Training loss: 0.128623
DEBUG:root:[ Iteration 333 ] Training loss: 0.140649
DEBUG:root:[ Iteration 336 ] Training loss: 0.0925489
DEBUG:root:[ Iteration 339 ] Training loss: 0.119477
DEBUG:root:[ Iteration 340 ] Test loss: 0.135461
DEBUG:root:[ Iteration 342 ] Training loss: 0.139738
DEBUG:root:[ Iteration 345 ] Training loss: 0.105016
DEBUG:root:[ Iteration 348 ] Training loss: 0.152457
DEBUG:root:[ Iteration 351 ] Training loss: 0.122746
DEBUG:root:[ Iteration 354 ] Training loss: 0.126332
DEBUG:root:[ Iteration 357 ] Training loss: 0.144231
DEBUG:root:[ Iteration 360 ] Training loss: 0.118324
DEBUG:root:[ Iteration 360 ] Test loss: 0.127936
DEBUG:root:[ Iteration 363 ] Training loss: 0.151642
DEBUG:root:[ Iteration 366 ] Training loss: 0.110427
DEBUG:root:[ Iteration 369 ] Training loss: 0.0999569
DEBUG:root:[ Iteration 372 ] Training loss: 0.123126
DEBUG:root:[ Iteration 375 ] Training loss: 0.0980457
DEBUG:root:[ Iteration 378 ] Training loss: 0.108379
DEBUG:root:[ Iteration 380 ] Test loss: 0.114815
DEBUG:root:[ Iteration 381 ] Training loss: 0.11023
DEBUG:root:[ Iteration 384 ] Training loss: 0.118961
DEBUG:root:[ Iteration 387 ] Training loss: 0.105337
DEBUG:root:[ Iteration 390 ] Training loss: 0.104167
DEBUG:root:[ Iteration 393 ] Training loss: 0.0855346
DEBUG:root:[ Iteration 396 ] Training loss: 0.113321
DEBUG:root:[ Iteration 399 ] Training loss: 0.102249
DEBUG:root:Saving...
DEBUG:root:Saved model to /media/1tb/Izzy/nets/net9_02-26-2016_01h48m00s.ckpt
DEBUG:root:Optimization done.
DEBUG:root:[ Iteration 0 ] Training loss: 0.181323
DEBUG:root:[ Iteration 0 ] Test loss: 0.187009
DEBUG:root:[ Iteration 3 ] Training loss: 0.177662
DEBUG:root:[ Iteration 6 ] Training loss: 0.182141
DEBUG:root:[ Iteration 9 ] Training loss: 0.188189
DEBUG:root:[ Iteration 12 ] Training loss: 0.172039
DEBUG:root:[ Iteration 15 ] Training loss: 0.176482
DEBUG:root:[ Iteration 18 ] Training loss: 0.166117
DEBUG:root:[ Iteration 20 ] Test loss: 0.179292
DEBUG:root:[ Iteration 21 ] Training loss: 0.174164
DEBUG:root:[ Iteration 24 ] Training loss: 0.16618
DEBUG:root:[ Iteration 27 ] Training loss: 0.173438
DEBUG:root:[ Iteration 30 ] Training loss: 0.163276
DEBUG:root:[ Iteration 33 ] Training loss: 0.170222
DEBUG:root:[ Iteration 36 ] Training loss: 0.16847
DEBUG:root:[ Iteration 39 ] Training loss: 0.169411
DEBUG:root:[ Iteration 40 ] Test loss: 0.169557
DEBUG:root:[ Iteration 42 ] Training loss: 0.168934
DEBUG:root:[ Iteration 45 ] Training loss: 0.170773
DEBUG:root:[ Iteration 48 ] Training loss: 0.157868
DEBUG:root:[ Iteration 51 ] Training loss: 0.163241
DEBUG:root:[ Iteration 54 ] Training loss: 0.170205
DEBUG:root:[ Iteration 57 ] Training loss: 0.167938
DEBUG:root:[ Iteration 60 ] Training loss: 0.156365
DEBUG:root:[ Iteration 60 ] Test loss: 0.162192
DEBUG:root:[ Iteration 63 ] Training loss: 0.156638
DEBUG:root:[ Iteration 66 ] Training loss: 0.169009
DEBUG:root:[ Iteration 69 ] Training loss: 0.153279
DEBUG:root:[ Iteration 72 ] Training loss: 0.139156
DEBUG:root:[ Iteration 75 ] Training loss: 0.148549
DEBUG:root:[ Iteration 78 ] Training loss: 0.151513
DEBUG:root:[ Iteration 80 ] Test loss: 0.156759
DEBUG:root:[ Iteration 81 ] Training loss: 0.147161
DEBUG:root:[ Iteration 84 ] Training loss: 0.158139
DEBUG:root:[ Iteration 87 ] Training loss: 0.150634
DEBUG:root:[ Iteration 90 ] Training loss: 0.14837
DEBUG:root:[ Iteration 93 ] Training loss: 0.144259
DEBUG:root:[ Iteration 96 ] Training loss: 0.147565
DEBUG:root:[ Iteration 99 ] Training loss: 0.138652
DEBUG:root:[ Iteration 100 ] Test loss: 0.151818
DEBUG:root:[ Iteration 102 ] Training loss: 0.154751
DEBUG:root:[ Iteration 105 ] Training loss: 0.138879
DEBUG:root:[ Iteration 108 ] Training loss: 0.144111
DEBUG:root:[ Iteration 111 ] Training loss: 0.154613
DEBUG:root:[ Iteration 114 ] Training loss: 0.144392
DEBUG:root:[ Iteration 117 ] Training loss: 0.141374
DEBUG:root:[ Iteration 120 ] Training loss: 0.124137
DEBUG:root:[ Iteration 120 ] Test loss: 0.145765
DEBUG:root:[ Iteration 123 ] Training loss: 0.147841
DEBUG:root:[ Iteration 126 ] Training loss: 0.158937
DEBUG:root:[ Iteration 129 ] Training loss: 0.140907
DEBUG:root:[ Iteration 132 ] Training loss: 0.11638
DEBUG:root:[ Iteration 135 ] Training loss: 0.145063
DEBUG:root:[ Iteration 138 ] Training loss: 0.140022
DEBUG:root:[ Iteration 140 ] Test loss: 0.1427
DEBUG:root:[ Iteration 141 ] Training loss: 0.146193
DEBUG:root:[ Iteration 144 ] Training loss: 0.126072
DEBUG:root:[ Iteration 147 ] Training loss: 0.144076
DEBUG:root:[ Iteration 150 ] Training loss: 0.138521
DEBUG:root:[ Iteration 153 ] Training loss: 0.142824
DEBUG:root:[ Iteration 156 ] Training loss: 0.124549
DEBUG:root:[ Iteration 159 ] Training loss: 0.129595
DEBUG:root:[ Iteration 160 ] Test loss: 0.142733
DEBUG:root:[ Iteration 162 ] Training loss: 0.130592
DEBUG:root:[ Iteration 165 ] Training loss: 0.134534
DEBUG:root:[ Iteration 168 ] Training loss: 0.142457
DEBUG:root:[ Iteration 171 ] Training loss: 0.14501
DEBUG:root:[ Iteration 174 ] Training loss: 0.127903
DEBUG:root:[ Iteration 177 ] Training loss: 0.140358
DEBUG:root:[ Iteration 180 ] Training loss: 0.130409
DEBUG:root:[ Iteration 180 ] Test loss: 0.142194
DEBUG:root:[ Iteration 183 ] Training loss: 0.123062
DEBUG:root:[ Iteration 186 ] Training loss: 0.12442
DEBUG:root:[ Iteration 189 ] Training loss: 0.125755
DEBUG:root:[ Iteration 192 ] Training loss: 0.14883
DEBUG:root:[ Iteration 195 ] Training loss: 0.144282
DEBUG:root:[ Iteration 198 ] Training loss: 0.143247
DEBUG:root:[ Iteration 200 ] Test loss: 0.142118
DEBUG:root:[ Iteration 201 ] Training loss: 0.144255
DEBUG:root:[ Iteration 204 ] Training loss: 0.139381
DEBUG:root:[ Iteration 207 ] Training loss: 0.130403
DEBUG:root:[ Iteration 210 ] Training loss: 0.156853
DEBUG:root:[ Iteration 213 ] Training loss: 0.151004
DEBUG:root:[ Iteration 216 ] Training loss: 0.130643
DEBUG:root:[ Iteration 219 ] Training loss: 0.117871
DEBUG:root:[ Iteration 220 ] Test loss: 0.141599
DEBUG:root:[ Iteration 222 ] Training loss: 0.108067
DEBUG:root:[ Iteration 225 ] Training loss: 0.147192
DEBUG:root:[ Iteration 228 ] Training loss: 0.139369
DEBUG:root:[ Iteration 231 ] Training loss: 0.128594
DEBUG:root:[ Iteration 234 ] Training loss: 0.123269
DEBUG:root:[ Iteration 237 ] Training loss: 0.166477
DEBUG:root:[ Iteration 240 ] Training loss: 0.140069
DEBUG:root:[ Iteration 240 ] Test loss: 0.141139
DEBUG:root:[ Iteration 243 ] Training loss: 0.136106
DEBUG:root:[ Iteration 246 ] Training loss: 0.14376
DEBUG:root:[ Iteration 249 ] Training loss: 0.142913
DEBUG:root:[ Iteration 252 ] Training loss: 0.132423
DEBUG:root:[ Iteration 255 ] Training loss: 0.147423
DEBUG:root:[ Iteration 258 ] Training loss: 0.146325
DEBUG:root:[ Iteration 260 ] Test loss: 0.14005
DEBUG:root:[ Iteration 261 ] Training loss: 0.121939
DEBUG:root:[ Iteration 264 ] Training loss: 0.147172
DEBUG:root:[ Iteration 267 ] Training loss: 0.140716
DEBUG:root:[ Iteration 270 ] Training loss: 0.14923
DEBUG:root:[ Iteration 273 ] Training loss: 0.109173
DEBUG:root:[ Iteration 276 ] Training loss: 0.139274
DEBUG:root:[ Iteration 279 ] Training loss: 0.125506
DEBUG:root:[ Iteration 280 ] Test loss: 0.139225
DEBUG:root:[ Iteration 282 ] Training loss: 0.135316
DEBUG:root:[ Iteration 285 ] Training loss: 0.152398
DEBUG:root:[ Iteration 288 ] Training loss: 0.132379
DEBUG:root:[ Iteration 291 ] Training loss: 0.115798
DEBUG:root:[ Iteration 294 ] Training loss: 0.138493
DEBUG:root:[ Iteration 297 ] Training loss: 0.127939
DEBUG:root:[ Iteration 300 ] Training loss: 0.11863
DEBUG:root:[ Iteration 300 ] Test loss: 0.13549
DEBUG:root:[ Iteration 303 ] Training loss: 0.130156
DEBUG:root:[ Iteration 306 ] Training loss: 0.123407
DEBUG:root:[ Iteration 309 ] Training loss: 0.133534
DEBUG:root:[ Iteration 312 ] Training loss: 0.110631
DEBUG:root:[ Iteration 315 ] Training loss: 0.129129
DEBUG:root:[ Iteration 318 ] Training loss: 0.118676
DEBUG:root:[ Iteration 320 ] Test loss: 0.128613
DEBUG:root:[ Iteration 321 ] Training loss: 0.112751
DEBUG:root:[ Iteration 324 ] Training loss: 0.130554
DEBUG:root:[ Iteration 327 ] Training loss: 0.131023
DEBUG:root:[ Iteration 330 ] Training loss: 0.114649
DEBUG:root:[ Iteration 333 ] Training loss: 0.11258
DEBUG:root:[ Iteration 336 ] Training loss: 0.104041
DEBUG:root:[ Iteration 339 ] Training loss: 0.136945
DEBUG:root:[ Iteration 340 ] Test loss: 0.11587
DEBUG:root:[ Iteration 342 ] Training loss: 0.126881
DEBUG:root:[ Iteration 345 ] Training loss: 0.0918223
DEBUG:root:[ Iteration 348 ] Training loss: 0.117224
DEBUG:root:[ Iteration 351 ] Training loss: 0.0988759
DEBUG:root:[ Iteration 354 ] Training loss: 0.109699
DEBUG:root:[ Iteration 357 ] Training loss: 0.0989034
DEBUG:root:[ Iteration 360 ] Training loss: 0.0995926
DEBUG:root:[ Iteration 360 ] Test loss: 0.102018
DEBUG:root:[ Iteration 363 ] Training loss: 0.105177
DEBUG:root:[ Iteration 366 ] Training loss: 0.108927
DEBUG:root:[ Iteration 369 ] Training loss: 0.103252
DEBUG:root:[ Iteration 372 ] Training loss: 0.0992525
DEBUG:root:[ Iteration 375 ] Training loss: 0.0772986
DEBUG:root:[ Iteration 378 ] Training loss: 0.0978432
DEBUG:root:[ Iteration 380 ] Test loss: 0.0892178
DEBUG:root:[ Iteration 381 ] Training loss: 0.101604
DEBUG:root:[ Iteration 384 ] Training loss: 0.0872324
DEBUG:root:[ Iteration 387 ] Training loss: 0.0835175
DEBUG:root:[ Iteration 390 ] Training loss: 0.101178
DEBUG:root:[ Iteration 393 ] Training loss: 0.0845436
DEBUG:root:[ Iteration 396 ] Training loss: 0.0887503
DEBUG:root:[ Iteration 399 ] Training loss: 0.0805768
DEBUG:root:Saving...
DEBUG:root:Saved model to /media/1tb/Izzy/nets/net9_02-26-2016_02h03m45s.ckpt
DEBUG:root:Optimization done.
DEBUG:root:[ Iteration 0 ] Training loss: 0.19724
DEBUG:root:[ Iteration 0 ] Test loss: 0.19577
DEBUG:root:[ Iteration 3 ] Training loss: 0.183958
DEBUG:root:[ Iteration 6 ] Training loss: 0.187208
DEBUG:root:[ Iteration 9 ] Training loss: 0.179139
DEBUG:root:[ Iteration 12 ] Training loss: 0.189523
DEBUG:root:[ Iteration 15 ] Training loss: 0.174311
DEBUG:root:[ Iteration 18 ] Training loss: 0.181128
DEBUG:root:[ Iteration 20 ] Test loss: 0.179728
DEBUG:root:[ Iteration 21 ] Training loss: 0.17556
DEBUG:root:[ Iteration 24 ] Training loss: 0.1743
DEBUG:root:[ Iteration 27 ] Training loss: 0.171229
DEBUG:root:[ Iteration 30 ] Training loss: 0.170445
DEBUG:root:[ Iteration 33 ] Training loss: 0.152735
DEBUG:root:[ Iteration 36 ] Training loss: 0.153973
DEBUG:root:[ Iteration 39 ] Training loss: 0.152311
DEBUG:root:[ Iteration 40 ] Test loss: 0.160512
DEBUG:root:[ Iteration 42 ] Training loss: 0.147583
DEBUG:root:[ Iteration 45 ] Training loss: 0.147817
DEBUG:root:[ Iteration 48 ] Training loss: 0.144269
DEBUG:root:[ Iteration 51 ] Training loss: 0.14762
DEBUG:root:[ Iteration 54 ] Training loss: 0.134734
DEBUG:root:[ Iteration 57 ] Training loss: 0.124514
DEBUG:root:[ Iteration 60 ] Training loss: 0.113504
DEBUG:root:[ Iteration 60 ] Test loss: 0.119719
DEBUG:root:[ Iteration 63 ] Training loss: 0.113749
DEBUG:root:[ Iteration 66 ] Training loss: 0.102728
DEBUG:root:[ Iteration 69 ] Training loss: 0.0910988
DEBUG:root:[ Iteration 72 ] Training loss: 0.112041
DEBUG:root:[ Iteration 75 ] Training loss: 0.0912656
DEBUG:root:[ Iteration 78 ] Training loss: 0.107887
DEBUG:root:[ Iteration 80 ] Test loss: 0.101832
DEBUG:root:[ Iteration 81 ] Training loss: 0.10324
DEBUG:root:[ Iteration 84 ] Training loss: 0.0967167
DEBUG:root:[ Iteration 87 ] Training loss: 0.0881127
DEBUG:root:[ Iteration 90 ] Training loss: 0.0931527
DEBUG:root:[ Iteration 93 ] Training loss: 0.0907778
DEBUG:root:[ Iteration 96 ] Training loss: 0.0942581
DEBUG:root:[ Iteration 99 ] Training loss: 0.0998029
DEBUG:root:[ Iteration 100 ] Test loss: 0.100191
DEBUG:root:[ Iteration 102 ] Training loss: 0.0835889
DEBUG:root:[ Iteration 105 ] Training loss: 0.0957217
DEBUG:root:[ Iteration 108 ] Training loss: 0.0970849
DEBUG:root:[ Iteration 111 ] Training loss: 0.0915795
DEBUG:root:[ Iteration 114 ] Training loss: 0.0922125
DEBUG:root:[ Iteration 117 ] Training loss: 0.0920149
DEBUG:root:[ Iteration 120 ] Training loss: 0.0911255
DEBUG:root:[ Iteration 120 ] Test loss: 0.102653
DEBUG:root:[ Iteration 123 ] Training loss: 0.0946761
DEBUG:root:[ Iteration 126 ] Training loss: 0.116791
DEBUG:root:[ Iteration 129 ] Training loss: 0.0957868
DEBUG:root:[ Iteration 132 ] Training loss: 0.0990393
DEBUG:root:[ Iteration 135 ] Training loss: 0.107357
DEBUG:root:[ Iteration 138 ] Training loss: 0.11666
DEBUG:root:[ Iteration 140 ] Test loss: 0.0981981
DEBUG:root:[ Iteration 141 ] Training loss: 0.0968839
DEBUG:root:[ Iteration 144 ] Training loss: 0.0927457
DEBUG:root:[ Iteration 147 ] Training loss: 0.0971402
DEBUG:root:[ Iteration 150 ] Training loss: 0.0824049
DEBUG:root:[ Iteration 153 ] Training loss: 0.102579
DEBUG:root:[ Iteration 156 ] Training loss: 0.0951361
DEBUG:root:[ Iteration 159 ] Training loss: 0.102533
DEBUG:root:[ Iteration 160 ] Test loss: 0.0999191
DEBUG:root:[ Iteration 162 ] Training loss: 0.0936148
DEBUG:root:[ Iteration 165 ] Training loss: 0.0981379
DEBUG:root:[ Iteration 168 ] Training loss: 0.095342
DEBUG:root:[ Iteration 171 ] Training loss: 0.0947411
DEBUG:root:[ Iteration 174 ] Training loss: 0.0944336
DEBUG:root:[ Iteration 177 ] Training loss: 0.0993041
DEBUG:root:[ Iteration 180 ] Training loss: 0.0905274
DEBUG:root:[ Iteration 180 ] Test loss: 0.0957974
DEBUG:root:[ Iteration 183 ] Training loss: 0.110864
DEBUG:root:[ Iteration 186 ] Training loss: 0.0890395
DEBUG:root:[ Iteration 189 ] Training loss: 0.0933744
DEBUG:root:[ Iteration 192 ] Training loss: 0.0966558
DEBUG:root:[ Iteration 195 ] Training loss: 0.101993
DEBUG:root:[ Iteration 198 ] Training loss: 0.092784
DEBUG:root:[ Iteration 200 ] Test loss: 0.0875022
DEBUG:root:[ Iteration 201 ] Training loss: 0.116523
DEBUG:root:[ Iteration 204 ] Training loss: 0.0914632
DEBUG:root:[ Iteration 207 ] Training loss: 0.0943775
DEBUG:root:[ Iteration 210 ] Training loss: 0.0950379
DEBUG:root:[ Iteration 213 ] Training loss: 0.0878562
DEBUG:root:[ Iteration 216 ] Training loss: 0.0946588
DEBUG:root:[ Iteration 219 ] Training loss: 0.090792
DEBUG:root:[ Iteration 220 ] Test loss: 0.0948251
DEBUG:root:[ Iteration 222 ] Training loss: 0.0979754
DEBUG:root:[ Iteration 225 ] Training loss: 0.103209
DEBUG:root:[ Iteration 228 ] Training loss: 0.0836249
DEBUG:root:[ Iteration 231 ] Training loss: 0.0885049
DEBUG:root:[ Iteration 234 ] Training loss: 0.0805641
DEBUG:root:[ Iteration 237 ] Training loss: 0.0893111
DEBUG:root:[ Iteration 240 ] Training loss: 0.0900684
DEBUG:root:[ Iteration 240 ] Test loss: 0.102095
DEBUG:root:[ Iteration 243 ] Training loss: 0.0847485
DEBUG:root:[ Iteration 246 ] Training loss: 0.083696
DEBUG:root:[ Iteration 249 ] Training loss: 0.0919162
DEBUG:root:[ Iteration 252 ] Training loss: 0.0829143
DEBUG:root:[ Iteration 255 ] Training loss: 0.0903995
DEBUG:root:[ Iteration 258 ] Training loss: 0.0913212
DEBUG:root:[ Iteration 260 ] Test loss: 0.103269
DEBUG:root:[ Iteration 261 ] Training loss: 0.0839417
DEBUG:root:[ Iteration 264 ] Training loss: 0.0869144
DEBUG:root:[ Iteration 267 ] Training loss: 0.0703972
DEBUG:root:[ Iteration 270 ] Training loss: 0.0840778
DEBUG:root:[ Iteration 273 ] Training loss: 0.0918278
DEBUG:root:[ Iteration 276 ] Training loss: 0.0902414
DEBUG:root:[ Iteration 279 ] Training loss: 0.0865544
DEBUG:root:[ Iteration 280 ] Test loss: 0.0883596
DEBUG:root:[ Iteration 282 ] Training loss: 0.09875
DEBUG:root:[ Iteration 285 ] Training loss: 0.0762549
DEBUG:root:[ Iteration 288 ] Training loss: 0.0801804
DEBUG:root:[ Iteration 291 ] Training loss: 0.0866239
DEBUG:root:[ Iteration 294 ] Training loss: 0.0952158
DEBUG:root:[ Iteration 297 ] Training loss: 0.0861705
DEBUG:root:[ Iteration 300 ] Training loss: 0.0901112
DEBUG:root:[ Iteration 300 ] Test loss: 0.0878083
DEBUG:root:[ Iteration 303 ] Training loss: 0.0796067
DEBUG:root:[ Iteration 306 ] Training loss: 0.0770381
DEBUG:root:[ Iteration 309 ] Training loss: 0.0741324
DEBUG:root:[ Iteration 312 ] Training loss: 0.072905
DEBUG:root:[ Iteration 315 ] Training loss: 0.0882813
DEBUG:root:[ Iteration 318 ] Training loss: 0.0692834
DEBUG:root:[ Iteration 320 ] Test loss: 0.0901447
DEBUG:root:[ Iteration 321 ] Training loss: 0.08124
DEBUG:root:[ Iteration 324 ] Training loss: 0.0756898
DEBUG:root:[ Iteration 327 ] Training loss: 0.0836351
DEBUG:root:[ Iteration 330 ] Training loss: 0.0866199
DEBUG:root:[ Iteration 333 ] Training loss: 0.0760778
DEBUG:root:[ Iteration 336 ] Training loss: 0.0746665
DEBUG:root:[ Iteration 339 ] Training loss: 0.0731791
DEBUG:root:[ Iteration 340 ] Test loss: 0.0836248
DEBUG:root:[ Iteration 342 ] Training loss: 0.0733897
DEBUG:root:[ Iteration 345 ] Training loss: 0.0709804
DEBUG:root:[ Iteration 348 ] Training loss: 0.0634064
DEBUG:root:[ Iteration 351 ] Training loss: 0.0801709
DEBUG:root:[ Iteration 354 ] Training loss: 0.0684956
DEBUG:root:[ Iteration 357 ] Training loss: 0.0713334
DEBUG:root:[ Iteration 360 ] Training loss: 0.0780667
DEBUG:root:[ Iteration 360 ] Test loss: 0.079706
DEBUG:root:[ Iteration 363 ] Training loss: 0.0671822
DEBUG:root:[ Iteration 366 ] Training loss: 0.072745
DEBUG:root:[ Iteration 369 ] Training loss: 0.0597579
DEBUG:root:[ Iteration 372 ] Training loss: 0.0706158
DEBUG:root:[ Iteration 375 ] Training loss: 0.0760911
DEBUG:root:[ Iteration 378 ] Training loss: 0.0621796
DEBUG:root:[ Iteration 380 ] Test loss: 0.0676885
DEBUG:root:[ Iteration 381 ] Training loss: 0.0673555
DEBUG:root:[ Iteration 384 ] Training loss: 0.0670666
DEBUG:root:[ Iteration 387 ] Training loss: 0.0692742
DEBUG:root:[ Iteration 390 ] Training loss: 0.0655443
DEBUG:root:[ Iteration 393 ] Training loss: 0.0724786
DEBUG:root:[ Iteration 396 ] Training loss: 0.0738188
DEBUG:root:[ Iteration 399 ] Training loss: 0.0711364
DEBUG:root:[ Iteration 400 ] Test loss: 0.0709085
DEBUG:root:[ Iteration 402 ] Training loss: 0.0589075
DEBUG:root:[ Iteration 405 ] Training loss: 0.0660523
DEBUG:root:[ Iteration 408 ] Training loss: 0.0579023
DEBUG:root:[ Iteration 411 ] Training loss: 0.0692215
DEBUG:root:[ Iteration 414 ] Training loss: 0.0673214
DEBUG:root:[ Iteration 417 ] Training loss: 0.0584777
DEBUG:root:[ Iteration 420 ] Training loss: 0.0664907
DEBUG:root:[ Iteration 420 ] Test loss: 0.0612223
DEBUG:root:[ Iteration 423 ] Training loss: 0.0556869
DEBUG:root:[ Iteration 426 ] Training loss: 0.0713666
DEBUG:root:[ Iteration 429 ] Training loss: 0.0692134
DEBUG:root:[ Iteration 432 ] Training loss: 0.0576261
DEBUG:root:[ Iteration 435 ] Training loss: 0.0665802
DEBUG:root:[ Iteration 438 ] Training loss: 0.0630239
DEBUG:root:[ Iteration 440 ] Test loss: 0.0666634
DEBUG:root:[ Iteration 441 ] Training loss: 0.0657566
DEBUG:root:[ Iteration 444 ] Training loss: 0.0697925
DEBUG:root:[ Iteration 447 ] Training loss: 0.066156
DEBUG:root:Saving...
DEBUG:root:Saved model to /media/1tb/Izzy/nets/net9_03-02-2016_02h11m57s.ckpt
DEBUG:root:Optimization done.
DEBUG:root:[ Iteration 0 ] Training loss: 0.0626631
DEBUG:root:[ Iteration 0 ] Test loss: 0.058568
DEBUG:root:[ Iteration 3 ] Training loss: 0.0593912
DEBUG:root:[ Iteration 6 ] Training loss: 0.0572564
DEBUG:root:Saving...
DEBUG:root:Saved model to /media/1tb/Izzy/nets/net9_03-02-2016_22h50m26s.ckpt
DEBUG:root:Optimization done.
DEBUG:root:[ Iteration 0 ] Training loss: 0.0659342
DEBUG:root:[ Iteration 0 ] Test loss: 0.0665985
DEBUG:root:[ Iteration 3 ] Training loss: 0.0634716
DEBUG:root:[ Iteration 6 ] Training loss: 0.0689813
DEBUG:root:[ Iteration 9 ] Training loss: 0.0505259
DEBUG:root:[ Iteration 12 ] Training loss: 0.0716135
DEBUG:root:[ Iteration 15 ] Training loss: 0.0572897
DEBUG:root:[ Iteration 18 ] Training loss: 0.0572372
DEBUG:root:[ Iteration 20 ] Test loss: 0.0571385
DEBUG:root:[ Iteration 21 ] Training loss: 0.0648487
DEBUG:root:[ Iteration 24 ] Training loss: 0.0582205
DEBUG:root:[ Iteration 27 ] Training loss: 0.0705767
DEBUG:root:[ Iteration 30 ] Training loss: 0.0661475
DEBUG:root:[ Iteration 33 ] Training loss: 0.0570367
DEBUG:root:[ Iteration 36 ] Training loss: 0.0662082
DEBUG:root:[ Iteration 39 ] Training loss: 0.0521816
DEBUG:root:[ Iteration 40 ] Test loss: 0.0676138
DEBUG:root:[ Iteration 42 ] Training loss: 0.0664804
DEBUG:root:[ Iteration 45 ] Training loss: 0.0587839
DEBUG:root:[ Iteration 48 ] Training loss: 0.0604203
DEBUG:root:[ Iteration 51 ] Training loss: 0.0602938
DEBUG:root:[ Iteration 54 ] Training loss: 0.0458865
DEBUG:root:[ Iteration 57 ] Training loss: 0.052772
DEBUG:root:[ Iteration 60 ] Training loss: 0.0611502
DEBUG:root:[ Iteration 60 ] Test loss: 0.0624936
DEBUG:root:[ Iteration 63 ] Training loss: 0.060377
DEBUG:root:[ Iteration 66 ] Training loss: 0.0505133
DEBUG:root:[ Iteration 69 ] Training loss: 0.0505597
DEBUG:root:[ Iteration 72 ] Training loss: 0.0520941
DEBUG:root:[ Iteration 75 ] Training loss: 0.046781
DEBUG:root:[ Iteration 78 ] Training loss: 0.0464525
DEBUG:root:[ Iteration 80 ] Test loss: 0.0631353
DEBUG:root:[ Iteration 81 ] Training loss: 0.0482182
DEBUG:root:[ Iteration 84 ] Training loss: 0.0623511
DEBUG:root:[ Iteration 87 ] Training loss: 0.0499581
DEBUG:root:[ Iteration 90 ] Training loss: 0.0611924
DEBUG:root:[ Iteration 93 ] Training loss: 0.0397981
DEBUG:root:[ Iteration 96 ] Training loss: 0.0585439
DEBUG:root:[ Iteration 99 ] Training loss: 0.0551324
DEBUG:root:[ Iteration 100 ] Test loss: 0.0511732
DEBUG:root:[ Iteration 102 ] Training loss: 0.0484228
DEBUG:root:[ Iteration 105 ] Training loss: 0.0502666
DEBUG:root:[ Iteration 108 ] Training loss: 0.0569784
DEBUG:root:[ Iteration 111 ] Training loss: 0.0621279
DEBUG:root:[ Iteration 114 ] Training loss: 0.0499806
DEBUG:root:[ Iteration 117 ] Training loss: 0.0623618
DEBUG:root:[ Iteration 120 ] Training loss: 0.0434021
DEBUG:root:[ Iteration 120 ] Test loss: 0.0527623
DEBUG:root:[ Iteration 123 ] Training loss: 0.0592983
DEBUG:root:[ Iteration 126 ] Training loss: 0.0504639
DEBUG:root:[ Iteration 129 ] Training loss: 0.0577628
DEBUG:root:[ Iteration 132 ] Training loss: 0.0626469
DEBUG:root:[ Iteration 135 ] Training loss: 0.0474118
DEBUG:root:[ Iteration 138 ] Training loss: 0.060095
DEBUG:root:[ Iteration 140 ] Test loss: 0.0514873
DEBUG:root:[ Iteration 141 ] Training loss: 0.0576445
DEBUG:root:[ Iteration 144 ] Training loss: 0.053532
DEBUG:root:[ Iteration 147 ] Training loss: 0.0438672
DEBUG:root:[ Iteration 150 ] Training loss: 0.0440976
DEBUG:root:[ Iteration 153 ] Training loss: 0.0461898
DEBUG:root:[ Iteration 156 ] Training loss: 0.051964
DEBUG:root:[ Iteration 159 ] Training loss: 0.0495551
DEBUG:root:[ Iteration 160 ] Test loss: 0.0523599
DEBUG:root:[ Iteration 162 ] Training loss: 0.0441358
DEBUG:root:[ Iteration 165 ] Training loss: 0.043629
DEBUG:root:[ Iteration 168 ] Training loss: 0.0440689
DEBUG:root:[ Iteration 171 ] Training loss: 0.0432491
DEBUG:root:[ Iteration 174 ] Training loss: 0.0550808
DEBUG:root:[ Iteration 177 ] Training loss: 0.0515998
DEBUG:root:[ Iteration 180 ] Training loss: 0.04995
DEBUG:root:[ Iteration 180 ] Test loss: 0.0457736
DEBUG:root:[ Iteration 183 ] Training loss: 0.0466391
DEBUG:root:[ Iteration 186 ] Training loss: 0.0440091
DEBUG:root:[ Iteration 189 ] Training loss: 0.0449656
DEBUG:root:[ Iteration 192 ] Training loss: 0.0377342
DEBUG:root:[ Iteration 195 ] Training loss: 0.0484826
DEBUG:root:[ Iteration 198 ] Training loss: 0.0417034
DEBUG:root:[ Iteration 200 ] Test loss: 0.0530514
DEBUG:root:[ Iteration 201 ] Training loss: 0.0447813
DEBUG:root:[ Iteration 204 ] Training loss: 0.0395642
DEBUG:root:[ Iteration 207 ] Training loss: 0.0512774
DEBUG:root:[ Iteration 210 ] Training loss: 0.0339914
DEBUG:root:[ Iteration 213 ] Training loss: 0.0437285
DEBUG:root:[ Iteration 216 ] Training loss: 0.0497441
DEBUG:root:[ Iteration 219 ] Training loss: 0.0410687
DEBUG:root:[ Iteration 220 ] Test loss: 0.0451653
DEBUG:root:[ Iteration 222 ] Training loss: 0.0457353
DEBUG:root:[ Iteration 225 ] Training loss: 0.045636
DEBUG:root:[ Iteration 228 ] Training loss: 0.043193
DEBUG:root:[ Iteration 231 ] Training loss: 0.0484144
DEBUG:root:[ Iteration 234 ] Training loss: 0.0347462
DEBUG:root:[ Iteration 237 ] Training loss: 0.0430422
DEBUG:root:[ Iteration 240 ] Training loss: 0.0388793
DEBUG:root:[ Iteration 240 ] Test loss: 0.0468348
DEBUG:root:[ Iteration 243 ] Training loss: 0.0408695
DEBUG:root:[ Iteration 246 ] Training loss: 0.0430852
DEBUG:root:[ Iteration 249 ] Training loss: 0.044902
DEBUG:root:[ Iteration 252 ] Training loss: 0.0391038
DEBUG:root:[ Iteration 255 ] Training loss: 0.0460883
DEBUG:root:[ Iteration 258 ] Training loss: 0.0300811
DEBUG:root:[ Iteration 260 ] Test loss: 0.0417276
DEBUG:root:[ Iteration 261 ] Training loss: 0.0407148
DEBUG:root:[ Iteration 264 ] Training loss: 0.045792
DEBUG:root:[ Iteration 267 ] Training loss: 0.0333131
DEBUG:root:[ Iteration 270 ] Training loss: 0.0386165
DEBUG:root:[ Iteration 273 ] Training loss: 0.0343811
DEBUG:root:[ Iteration 276 ] Training loss: 0.0457724
DEBUG:root:[ Iteration 279 ] Training loss: 0.0451516
DEBUG:root:[ Iteration 280 ] Test loss: 0.0452235
DEBUG:root:[ Iteration 282 ] Training loss: 0.038938
DEBUG:root:[ Iteration 285 ] Training loss: 0.0382853
DEBUG:root:[ Iteration 288 ] Training loss: 0.0501385
DEBUG:root:[ Iteration 291 ] Training loss: 0.043343
DEBUG:root:[ Iteration 294 ] Training loss: 0.036247
DEBUG:root:[ Iteration 297 ] Training loss: 0.03574
DEBUG:root:[ Iteration 300 ] Training loss: 0.0395152
DEBUG:root:[ Iteration 300 ] Test loss: 0.040217
DEBUG:root:[ Iteration 303 ] Training loss: 0.0338229
DEBUG:root:[ Iteration 306 ] Training loss: 0.0425042
DEBUG:root:[ Iteration 309 ] Training loss: 0.040609
DEBUG:root:[ Iteration 312 ] Training loss: 0.0375722
DEBUG:root:[ Iteration 315 ] Training loss: 0.0361431
DEBUG:root:[ Iteration 318 ] Training loss: 0.0486281
DEBUG:root:[ Iteration 320 ] Test loss: 0.0353575
DEBUG:root:[ Iteration 321 ] Training loss: 0.0384605
DEBUG:root:[ Iteration 324 ] Training loss: 0.0375242
DEBUG:root:[ Iteration 327 ] Training loss: 0.0299846
DEBUG:root:[ Iteration 330 ] Training loss: 0.044034
DEBUG:root:[ Iteration 333 ] Training loss: 0.0458377
DEBUG:root:[ Iteration 336 ] Training loss: 0.0316081
DEBUG:root:[ Iteration 339 ] Training loss: 0.0387657
DEBUG:root:[ Iteration 340 ] Test loss: 0.0576735
DEBUG:root:[ Iteration 342 ] Training loss: 0.0449199
DEBUG:root:[ Iteration 345 ] Training loss: 0.0452916
DEBUG:root:[ Iteration 348 ] Training loss: 0.0439739
DEBUG:root:[ Iteration 351 ] Training loss: 0.050351
DEBUG:root:[ Iteration 354 ] Training loss: 0.0518167
DEBUG:root:[ Iteration 357 ] Training loss: 0.0420984
DEBUG:root:[ Iteration 360 ] Training loss: 0.0316729
DEBUG:root:[ Iteration 360 ] Test loss: 0.0404123
DEBUG:root:[ Iteration 363 ] Training loss: 0.0259218
DEBUG:root:[ Iteration 366 ] Training loss: 0.0452909
DEBUG:root:[ Iteration 369 ] Training loss: 0.0459334
DEBUG:root:[ Iteration 372 ] Training loss: 0.0302431
DEBUG:root:[ Iteration 375 ] Training loss: 0.0410713
DEBUG:root:[ Iteration 378 ] Training loss: 0.0382767
DEBUG:root:[ Iteration 380 ] Test loss: 0.0344928
DEBUG:root:[ Iteration 381 ] Training loss: 0.034457
DEBUG:root:[ Iteration 384 ] Training loss: 0.0328868
DEBUG:root:[ Iteration 387 ] Training loss: 0.0368447
DEBUG:root:[ Iteration 390 ] Training loss: 0.0287661
DEBUG:root:[ Iteration 393 ] Training loss: 0.0361176
DEBUG:root:[ Iteration 396 ] Training loss: 0.0485357
DEBUG:root:[ Iteration 399 ] Training loss: 0.0306621
DEBUG:root:[ Iteration 400 ] Test loss: 0.038911
DEBUG:root:[ Iteration 402 ] Training loss: 0.0406926
DEBUG:root:[ Iteration 405 ] Training loss: 0.0304316
DEBUG:root:[ Iteration 408 ] Training loss: 0.0344164
DEBUG:root:[ Iteration 411 ] Training loss: 0.0357336
DEBUG:root:[ Iteration 414 ] Training loss: 0.0381851
DEBUG:root:[ Iteration 417 ] Training loss: 0.032802
DEBUG:root:[ Iteration 420 ] Training loss: 0.0306455
DEBUG:root:[ Iteration 420 ] Test loss: 0.0364938
DEBUG:root:[ Iteration 423 ] Training loss: 0.0353365
DEBUG:root:[ Iteration 426 ] Training loss: 0.0277287
DEBUG:root:[ Iteration 429 ] Training loss: 0.0351896
DEBUG:root:[ Iteration 432 ] Training loss: 0.0232522
DEBUG:root:[ Iteration 435 ] Training loss: 0.0286833
DEBUG:root:[ Iteration 438 ] Training loss: 0.0316904
DEBUG:root:[ Iteration 440 ] Test loss: 0.0297429
DEBUG:root:[ Iteration 441 ] Training loss: 0.0372908
DEBUG:root:[ Iteration 444 ] Training loss: 0.0390021
DEBUG:root:[ Iteration 447 ] Training loss: 0.0258538
DEBUG:root:[ Iteration 450 ] Training loss: 0.0255686
DEBUG:root:[ Iteration 453 ] Training loss: 0.0277677
DEBUG:root:[ Iteration 456 ] Training loss: 0.0298907
DEBUG:root:[ Iteration 459 ] Training loss: 0.0284604
DEBUG:root:[ Iteration 460 ] Test loss: 0.0282659
DEBUG:root:[ Iteration 462 ] Training loss: 0.0278949
DEBUG:root:[ Iteration 465 ] Training loss: 0.0295171
DEBUG:root:[ Iteration 468 ] Training loss: 0.0318313
DEBUG:root:[ Iteration 471 ] Training loss: 0.0275255
DEBUG:root:[ Iteration 474 ] Training loss: 0.0283801
DEBUG:root:[ Iteration 477 ] Training loss: 0.0277861
DEBUG:root:[ Iteration 480 ] Training loss: 0.0296826
DEBUG:root:[ Iteration 480 ] Test loss: 0.0290409
DEBUG:root:[ Iteration 483 ] Training loss: 0.0303854
DEBUG:root:[ Iteration 486 ] Training loss: 0.028807
DEBUG:root:[ Iteration 489 ] Training loss: 0.0319684
DEBUG:root:[ Iteration 492 ] Training loss: 0.0197385
DEBUG:root:[ Iteration 495 ] Training loss: 0.022063
DEBUG:root:[ Iteration 498 ] Training loss: 0.0259195
DEBUG:root:[ Iteration 500 ] Test loss: 0.0221368
DEBUG:root:[ Iteration 501 ] Training loss: 0.0296228
DEBUG:root:[ Iteration 504 ] Training loss: 0.0234836
DEBUG:root:[ Iteration 507 ] Training loss: 0.0226339
DEBUG:root:[ Iteration 510 ] Training loss: 0.0266098
DEBUG:root:[ Iteration 513 ] Training loss: 0.0232118
DEBUG:root:[ Iteration 516 ] Training loss: 0.0291832
DEBUG:root:[ Iteration 519 ] Training loss: 0.0345269
DEBUG:root:[ Iteration 520 ] Test loss: 0.0328998
DEBUG:root:[ Iteration 522 ] Training loss: 0.029722
DEBUG:root:[ Iteration 525 ] Training loss: 0.0413977
DEBUG:root:[ Iteration 528 ] Training loss: 0.0355662
DEBUG:root:[ Iteration 531 ] Training loss: 0.0240908
DEBUG:root:[ Iteration 534 ] Training loss: 0.0259457
DEBUG:root:[ Iteration 537 ] Training loss: 0.0247272
DEBUG:root:[ Iteration 540 ] Training loss: 0.0334211
DEBUG:root:[ Iteration 540 ] Test loss: 0.04046
DEBUG:root:[ Iteration 543 ] Training loss: 0.0312547
DEBUG:root:[ Iteration 546 ] Training loss: 0.0270703
DEBUG:root:[ Iteration 549 ] Training loss: 0.0235024
DEBUG:root:[ Iteration 552 ] Training loss: 0.027489
DEBUG:root:[ Iteration 555 ] Training loss: 0.0376794
DEBUG:root:[ Iteration 558 ] Training loss: 0.0251589
DEBUG:root:[ Iteration 560 ] Test loss: 0.0327411
DEBUG:root:[ Iteration 561 ] Training loss: 0.0328688
DEBUG:root:[ Iteration 564 ] Training loss: 0.0232224
DEBUG:root:[ Iteration 567 ] Training loss: 0.0217113
DEBUG:root:[ Iteration 570 ] Training loss: 0.028042
DEBUG:root:[ Iteration 573 ] Training loss: 0.0364564
DEBUG:root:[ Iteration 576 ] Training loss: 0.0230929
DEBUG:root:[ Iteration 579 ] Training loss: 0.0297376
DEBUG:root:[ Iteration 580 ] Test loss: 0.0380956
DEBUG:root:[ Iteration 582 ] Training loss: 0.0233014
DEBUG:root:[ Iteration 585 ] Training loss: 0.0313835
DEBUG:root:[ Iteration 588 ] Training loss: 0.0320149
DEBUG:root:[ Iteration 591 ] Training loss: 0.0276454
DEBUG:root:[ Iteration 594 ] Training loss: 0.0199785
DEBUG:root:[ Iteration 597 ] Training loss: 0.0270005
DEBUG:root:Saving...
DEBUG:root:Saved model to /media/1tb/Izzy/nets/net9_03-02-2016_23h13m38s.ckpt
DEBUG:root:Optimization done.
DEBUG:root:[ Iteration 0 ] Training loss: 0.0284731
DEBUG:root:[ Iteration 0 ] Test loss: 0.0306563
DEBUG:root:[ Iteration 3 ] Training loss: 0.0279739
DEBUG:root:[ Iteration 6 ] Training loss: 0.0222983
DEBUG:root:[ Iteration 9 ] Training loss: 0.0239101
DEBUG:root:[ Iteration 12 ] Training loss: 0.0263899
DEBUG:root:[ Iteration 15 ] Training loss: 0.0231877
DEBUG:root:[ Iteration 18 ] Training loss: 0.0245304
DEBUG:root:[ Iteration 20 ] Test loss: 0.0238936
DEBUG:root:[ Iteration 21 ] Training loss: 0.0277958
DEBUG:root:[ Iteration 24 ] Training loss: 0.0289684
DEBUG:root:[ Iteration 27 ] Training loss: 0.0172617
DEBUG:root:[ Iteration 30 ] Training loss: 0.0220844
DEBUG:root:[ Iteration 33 ] Training loss: 0.0156915
DEBUG:root:[ Iteration 36 ] Training loss: 0.0243165
DEBUG:root:[ Iteration 39 ] Training loss: 0.0260071
DEBUG:root:[ Iteration 40 ] Test loss: 0.0238397
DEBUG:root:[ Iteration 42 ] Training loss: 0.0229187
DEBUG:root:[ Iteration 45 ] Training loss: 0.0180495
DEBUG:root:[ Iteration 48 ] Training loss: 0.0252986
DEBUG:root:[ Iteration 51 ] Training loss: 0.021834
DEBUG:root:[ Iteration 54 ] Training loss: 0.0227408
DEBUG:root:[ Iteration 57 ] Training loss: 0.0207304
DEBUG:root:[ Iteration 60 ] Training loss: 0.0239694
DEBUG:root:[ Iteration 60 ] Test loss: 0.0242162
DEBUG:root:[ Iteration 63 ] Training loss: 0.0207994
DEBUG:root:[ Iteration 66 ] Training loss: 0.021918
DEBUG:root:[ Iteration 69 ] Training loss: 0.0269168
DEBUG:root:[ Iteration 72 ] Training loss: 0.0225256
DEBUG:root:[ Iteration 75 ] Training loss: 0.024756
DEBUG:root:[ Iteration 78 ] Training loss: 0.0175736
DEBUG:root:[ Iteration 80 ] Test loss: 0.022764
DEBUG:root:[ Iteration 81 ] Training loss: 0.0207337
DEBUG:root:[ Iteration 84 ] Training loss: 0.0245131
DEBUG:root:[ Iteration 87 ] Training loss: 0.0216616
DEBUG:root:[ Iteration 90 ] Training loss: 0.0149011
DEBUG:root:[ Iteration 93 ] Training loss: 0.0156566
DEBUG:root:[ Iteration 96 ] Training loss: 0.0184557
DEBUG:root:[ Iteration 99 ] Training loss: 0.022558
DEBUG:root:[ Iteration 100 ] Test loss: 0.0245094
DEBUG:root:[ Iteration 102 ] Training loss: 0.017194
DEBUG:root:[ Iteration 105 ] Training loss: 0.025122
DEBUG:root:[ Iteration 108 ] Training loss: 0.0226
DEBUG:root:[ Iteration 111 ] Training loss: 0.0216969
DEBUG:root:[ Iteration 114 ] Training loss: 0.0176721
DEBUG:root:[ Iteration 117 ] Training loss: 0.0203275
DEBUG:root:[ Iteration 120 ] Training loss: 0.0179831
DEBUG:root:[ Iteration 120 ] Test loss: 0.0266163
DEBUG:root:[ Iteration 123 ] Training loss: 0.0296815
DEBUG:root:[ Iteration 126 ] Training loss: 0.0225308
DEBUG:root:[ Iteration 129 ] Training loss: 0.0177595
DEBUG:root:[ Iteration 132 ] Training loss: 0.0194403
DEBUG:root:[ Iteration 135 ] Training loss: 0.018812
DEBUG:root:[ Iteration 138 ] Training loss: 0.0194534
DEBUG:root:[ Iteration 140 ] Test loss: 0.0227159
DEBUG:root:[ Iteration 141 ] Training loss: 0.015082
DEBUG:root:[ Iteration 144 ] Training loss: 0.0207991
DEBUG:root:[ Iteration 147 ] Training loss: 0.0155251
DEBUG:root:[ Iteration 150 ] Training loss: 0.0226453
DEBUG:root:[ Iteration 153 ] Training loss: 0.0156933
DEBUG:root:[ Iteration 156 ] Training loss: 0.0215038
DEBUG:root:[ Iteration 159 ] Training loss: 0.0178449
DEBUG:root:[ Iteration 160 ] Test loss: 0.0170665
DEBUG:root:[ Iteration 162 ] Training loss: 0.0176777
DEBUG:root:[ Iteration 165 ] Training loss: 0.019094
DEBUG:root:[ Iteration 168 ] Training loss: 0.018805
DEBUG:root:[ Iteration 171 ] Training loss: 0.0170654
DEBUG:root:[ Iteration 174 ] Training loss: 0.020699
DEBUG:root:[ Iteration 177 ] Training loss: 0.0222303
DEBUG:root:[ Iteration 180 ] Training loss: 0.0189449
DEBUG:root:[ Iteration 180 ] Test loss: 0.0249824
DEBUG:root:[ Iteration 183 ] Training loss: 0.0150045
DEBUG:root:[ Iteration 186 ] Training loss: 0.0262872
DEBUG:root:[ Iteration 189 ] Training loss: 0.0213993
DEBUG:root:[ Iteration 192 ] Training loss: 0.0201371
DEBUG:root:[ Iteration 195 ] Training loss: 0.0204698
DEBUG:root:[ Iteration 198 ] Training loss: 0.0165257
DEBUG:root:[ Iteration 200 ] Test loss: 0.0204793
DEBUG:root:[ Iteration 201 ] Training loss: 0.0178211
DEBUG:root:[ Iteration 204 ] Training loss: 0.0233726
DEBUG:root:[ Iteration 207 ] Training loss: 0.0196992
DEBUG:root:[ Iteration 210 ] Training loss: 0.0187711
DEBUG:root:[ Iteration 213 ] Training loss: 0.0157651
DEBUG:root:[ Iteration 216 ] Training loss: 0.0121467
DEBUG:root:[ Iteration 219 ] Training loss: 0.0208971
DEBUG:root:[ Iteration 220 ] Test loss: 0.0239509
DEBUG:root:[ Iteration 222 ] Training loss: 0.0189761
DEBUG:root:[ Iteration 225 ] Training loss: 0.0235633
DEBUG:root:[ Iteration 228 ] Training loss: 0.0229433
DEBUG:root:[ Iteration 231 ] Training loss: 0.014626
DEBUG:root:[ Iteration 234 ] Training loss: 0.0221036
DEBUG:root:[ Iteration 237 ] Training loss: 0.016148
DEBUG:root:[ Iteration 240 ] Training loss: 0.0134001
DEBUG:root:[ Iteration 240 ] Test loss: 0.0211797
DEBUG:root:[ Iteration 243 ] Training loss: 0.0212805
DEBUG:root:[ Iteration 246 ] Training loss: 0.019779
DEBUG:root:[ Iteration 249 ] Training loss: 0.0192518
DEBUG:root:[ Iteration 252 ] Training loss: 0.0233684
DEBUG:root:[ Iteration 255 ] Training loss: 0.0161242
DEBUG:root:[ Iteration 258 ] Training loss: 0.0143111
DEBUG:root:[ Iteration 260 ] Test loss: 0.021869
DEBUG:root:[ Iteration 261 ] Training loss: 0.0196707
DEBUG:root:[ Iteration 264 ] Training loss: 0.0147783
DEBUG:root:[ Iteration 267 ] Training loss: 0.0172929
DEBUG:root:[ Iteration 270 ] Training loss: 0.0157835
DEBUG:root:[ Iteration 273 ] Training loss: 0.0151507
DEBUG:root:[ Iteration 276 ] Training loss: 0.0154474
DEBUG:root:[ Iteration 279 ] Training loss: 0.0184136
DEBUG:root:[ Iteration 280 ] Test loss: 0.0181973
DEBUG:root:[ Iteration 282 ] Training loss: 0.0177352
DEBUG:root:[ Iteration 285 ] Training loss: 0.0187094
DEBUG:root:[ Iteration 288 ] Training loss: 0.0143783
DEBUG:root:[ Iteration 291 ] Training loss: 0.0217964
DEBUG:root:[ Iteration 294 ] Training loss: 0.0178201
DEBUG:root:[ Iteration 297 ] Training loss: 0.0214172
DEBUG:root:[ Iteration 300 ] Training loss: 0.015729
DEBUG:root:[ Iteration 300 ] Test loss: 0.0228808
DEBUG:root:[ Iteration 303 ] Training loss: 0.0136722
DEBUG:root:[ Iteration 306 ] Training loss: 0.0167152
DEBUG:root:[ Iteration 309 ] Training loss: 0.0152034
DEBUG:root:[ Iteration 312 ] Training loss: 0.017957
DEBUG:root:[ Iteration 315 ] Training loss: 0.0204976
DEBUG:root:[ Iteration 318 ] Training loss: 0.0227873
DEBUG:root:[ Iteration 320 ] Test loss: 0.0223039
DEBUG:root:[ Iteration 321 ] Training loss: 0.0192912
DEBUG:root:[ Iteration 324 ] Training loss: 0.0192717
DEBUG:root:[ Iteration 327 ] Training loss: 0.0226148
DEBUG:root:[ Iteration 330 ] Training loss: 0.0153362
DEBUG:root:[ Iteration 333 ] Training loss: 0.0195804
DEBUG:root:[ Iteration 336 ] Training loss: 0.0121424
DEBUG:root:[ Iteration 339 ] Training loss: 0.014999
DEBUG:root:[ Iteration 340 ] Test loss: 0.0175472
DEBUG:root:[ Iteration 342 ] Training loss: 0.0146251
DEBUG:root:[ Iteration 345 ] Training loss: 0.0116478
DEBUG:root:[ Iteration 348 ] Training loss: 0.0118203
DEBUG:root:[ Iteration 351 ] Training loss: 0.020529
DEBUG:root:[ Iteration 354 ] Training loss: 0.0173858
DEBUG:root:[ Iteration 357 ] Training loss: 0.0180802
DEBUG:root:[ Iteration 360 ] Training loss: 0.0151928
DEBUG:root:[ Iteration 360 ] Test loss: 0.0160719
DEBUG:root:[ Iteration 363 ] Training loss: 0.0198383
DEBUG:root:[ Iteration 366 ] Training loss: 0.0178636
DEBUG:root:[ Iteration 369 ] Training loss: 0.0179385
DEBUG:root:[ Iteration 372 ] Training loss: 0.0152095
DEBUG:root:[ Iteration 375 ] Training loss: 0.0138956
DEBUG:root:[ Iteration 378 ] Training loss: 0.0151501
DEBUG:root:[ Iteration 380 ] Test loss: 0.0182401
DEBUG:root:[ Iteration 381 ] Training loss: 0.0169722
DEBUG:root:[ Iteration 384 ] Training loss: 0.0143392
DEBUG:root:[ Iteration 387 ] Training loss: 0.0143515
DEBUG:root:[ Iteration 390 ] Training loss: 0.0174955
DEBUG:root:[ Iteration 393 ] Training loss: 0.0201469
DEBUG:root:[ Iteration 396 ] Training loss: 0.0162822
DEBUG:root:[ Iteration 399 ] Training loss: 0.0164124
DEBUG:root:[ Iteration 400 ] Test loss: 0.0206092
DEBUG:root:[ Iteration 402 ] Training loss: 0.0144543
DEBUG:root:[ Iteration 405 ] Training loss: 0.0124612
DEBUG:root:[ Iteration 408 ] Training loss: 0.0127151
DEBUG:root:[ Iteration 411 ] Training loss: 0.0140859
DEBUG:root:[ Iteration 414 ] Training loss: 0.0132365
DEBUG:root:[ Iteration 417 ] Training loss: 0.0123455
DEBUG:root:[ Iteration 420 ] Training loss: 0.0186696
DEBUG:root:[ Iteration 420 ] Test loss: 0.0260826
DEBUG:root:[ Iteration 423 ] Training loss: 0.0223815
DEBUG:root:[ Iteration 426 ] Training loss: 0.0133615
DEBUG:root:[ Iteration 429 ] Training loss: 0.0145415
DEBUG:root:[ Iteration 432 ] Training loss: 0.010694
DEBUG:root:[ Iteration 435 ] Training loss: 0.0170431
DEBUG:root:[ Iteration 438 ] Training loss: 0.0162109
DEBUG:root:[ Iteration 440 ] Test loss: 0.0212826
DEBUG:root:[ Iteration 441 ] Training loss: 0.0185617
DEBUG:root:[ Iteration 444 ] Training loss: 0.01241
DEBUG:root:[ Iteration 447 ] Training loss: 0.0115814
DEBUG:root:[ Iteration 450 ] Training loss: 0.0175952
DEBUG:root:[ Iteration 453 ] Training loss: 0.014706
DEBUG:root:[ Iteration 456 ] Training loss: 0.0200486
DEBUG:root:[ Iteration 459 ] Training loss: 0.0183206
DEBUG:root:[ Iteration 460 ] Test loss: 0.0254929
DEBUG:root:[ Iteration 462 ] Training loss: 0.0152433
DEBUG:root:[ Iteration 465 ] Training loss: 0.0196022
DEBUG:root:[ Iteration 468 ] Training loss: 0.0161043
DEBUG:root:[ Iteration 471 ] Training loss: 0.0166198
DEBUG:root:[ Iteration 474 ] Training loss: 0.0175491
DEBUG:root:[ Iteration 477 ] Training loss: 0.0163795
DEBUG:root:[ Iteration 480 ] Training loss: 0.013221
DEBUG:root:[ Iteration 480 ] Test loss: 0.0156875
DEBUG:root:[ Iteration 483 ] Training loss: 0.0124103
DEBUG:root:[ Iteration 486 ] Training loss: 0.0173978
DEBUG:root:[ Iteration 489 ] Training loss: 0.0135177
DEBUG:root:[ Iteration 492 ] Training loss: 0.0133706
DEBUG:root:[ Iteration 495 ] Training loss: 0.0141327
DEBUG:root:[ Iteration 498 ] Training loss: 0.0121679
DEBUG:root:[ Iteration 500 ] Test loss: 0.0185074
DEBUG:root:[ Iteration 501 ] Training loss: 0.0123686
DEBUG:root:[ Iteration 504 ] Training loss: 0.0132572
DEBUG:root:[ Iteration 507 ] Training loss: 0.015324
DEBUG:root:[ Iteration 510 ] Training loss: 0.0139924
DEBUG:root:[ Iteration 513 ] Training loss: 0.0126019
DEBUG:root:[ Iteration 516 ] Training loss: 0.00944284
DEBUG:root:[ Iteration 519 ] Training loss: 0.0142477
DEBUG:root:[ Iteration 520 ] Test loss: 0.0152286
DEBUG:root:[ Iteration 522 ] Training loss: 0.0115416
DEBUG:root:[ Iteration 525 ] Training loss: 0.0134135
DEBUG:root:[ Iteration 528 ] Training loss: 0.0149142
DEBUG:root:[ Iteration 531 ] Training loss: 0.00985094
DEBUG:root:[ Iteration 534 ] Training loss: 0.0108491
DEBUG:root:[ Iteration 537 ] Training loss: 0.0145593
DEBUG:root:[ Iteration 540 ] Training loss: 0.0100261
DEBUG:root:[ Iteration 540 ] Test loss: 0.015911
DEBUG:root:[ Iteration 543 ] Training loss: 0.017911
DEBUG:root:[ Iteration 546 ] Training loss: 0.0186136
DEBUG:root:[ Iteration 549 ] Training loss: 0.0121368
DEBUG:root:[ Iteration 552 ] Training loss: 0.0196195
DEBUG:root:[ Iteration 555 ] Training loss: 0.0126716
DEBUG:root:[ Iteration 558 ] Training loss: 0.0131311
DEBUG:root:[ Iteration 560 ] Test loss: 0.0142426
DEBUG:root:[ Iteration 561 ] Training loss: 0.0182676
DEBUG:root:[ Iteration 564 ] Training loss: 0.0110916
DEBUG:root:[ Iteration 567 ] Training loss: 0.0118537
DEBUG:root:[ Iteration 570 ] Training loss: 0.0160945
DEBUG:root:[ Iteration 573 ] Training loss: 0.0210993
DEBUG:root:[ Iteration 576 ] Training loss: 0.0164186
DEBUG:root:[ Iteration 579 ] Training loss: 0.013769
DEBUG:root:[ Iteration 580 ] Test loss: 0.01415
DEBUG:root:[ Iteration 582 ] Training loss: 0.0122454
DEBUG:root:[ Iteration 585 ] Training loss: 0.0125817
DEBUG:root:[ Iteration 588 ] Training loss: 0.0122723
DEBUG:root:[ Iteration 591 ] Training loss: 0.0089859
DEBUG:root:[ Iteration 594 ] Training loss: 0.012367
DEBUG:root:[ Iteration 597 ] Training loss: 0.0125351
DEBUG:root:Saving...
DEBUG:root:Saved model to /media/1tb/Izzy/nets/net9_03-02-2016_23h30m33s.ckpt
DEBUG:root:Optimization done.
DEBUG:root:[ Iteration 0 ] Training loss: 0.0164877
DEBUG:root:[ Iteration 0 ] Test loss: 0.0108884
DEBUG:root:[ Iteration 3 ] Training loss: 0.0100696
DEBUG:root:[ Iteration 6 ] Training loss: 0.0126764
DEBUG:root:[ Iteration 9 ] Training loss: 0.0135243
DEBUG:root:[ Iteration 12 ] Training loss: 0.0136529
DEBUG:root:[ Iteration 15 ] Training loss: 0.0103384
DEBUG:root:[ Iteration 18 ] Training loss: 0.0158132
DEBUG:root:[ Iteration 20 ] Test loss: 0.0163603
DEBUG:root:[ Iteration 21 ] Training loss: 0.0147437
DEBUG:root:[ Iteration 24 ] Training loss: 0.0151441
DEBUG:root:[ Iteration 27 ] Training loss: 0.0158154
DEBUG:root:[ Iteration 30 ] Training loss: 0.0128766
DEBUG:root:[ Iteration 33 ] Training loss: 0.0120167
DEBUG:root:[ Iteration 36 ] Training loss: 0.0129102
DEBUG:root:[ Iteration 39 ] Training loss: 0.0174689
DEBUG:root:[ Iteration 40 ] Test loss: 0.016097
DEBUG:root:[ Iteration 42 ] Training loss: 0.0107061
DEBUG:root:[ Iteration 45 ] Training loss: 0.0143641
DEBUG:root:[ Iteration 48 ] Training loss: 0.0131424
DEBUG:root:[ Iteration 51 ] Training loss: 0.0163286
DEBUG:root:[ Iteration 54 ] Training loss: 0.0140632
DEBUG:root:[ Iteration 57 ] Training loss: 0.0166222
DEBUG:root:[ Iteration 60 ] Training loss: 0.0145246
DEBUG:root:[ Iteration 60 ] Test loss: 0.012964
DEBUG:root:[ Iteration 63 ] Training loss: 0.00800399
DEBUG:root:[ Iteration 66 ] Training loss: 0.0114423
DEBUG:root:[ Iteration 69 ] Training loss: 0.0162908
DEBUG:root:[ Iteration 72 ] Training loss: 0.0152825
DEBUG:root:[ Iteration 75 ] Training loss: 0.0184359
DEBUG:root:[ Iteration 78 ] Training loss: 0.0113858
DEBUG:root:[ Iteration 80 ] Test loss: 0.0103091
DEBUG:root:[ Iteration 81 ] Training loss: 0.0145701
DEBUG:root:[ Iteration 84 ] Training loss: 0.0155955
DEBUG:root:[ Iteration 87 ] Training loss: 0.0132303
DEBUG:root:[ Iteration 90 ] Training loss: 0.00980857
DEBUG:root:[ Iteration 93 ] Training loss: 0.0121474
DEBUG:root:[ Iteration 96 ] Training loss: 0.0126762
DEBUG:root:[ Iteration 99 ] Training loss: 0.0129769
DEBUG:root:[ Iteration 100 ] Test loss: 0.00942262
DEBUG:root:[ Iteration 102 ] Training loss: 0.0115633
DEBUG:root:[ Iteration 105 ] Training loss: 0.0133247
DEBUG:root:[ Iteration 108 ] Training loss: 0.0184034
DEBUG:root:[ Iteration 111 ] Training loss: 0.014545
DEBUG:root:[ Iteration 114 ] Training loss: 0.0186465
DEBUG:root:[ Iteration 117 ] Training loss: 0.0150369
DEBUG:root:[ Iteration 120 ] Training loss: 0.0151449
DEBUG:root:[ Iteration 120 ] Test loss: 0.0172237
DEBUG:root:[ Iteration 123 ] Training loss: 0.0173666
DEBUG:root:[ Iteration 126 ] Training loss: 0.0166654
DEBUG:root:[ Iteration 129 ] Training loss: 0.0132686
DEBUG:root:[ Iteration 132 ] Training loss: 0.012807
DEBUG:root:[ Iteration 135 ] Training loss: 0.0127983
DEBUG:root:[ Iteration 138 ] Training loss: 0.0146726
DEBUG:root:[ Iteration 140 ] Test loss: 0.0128309
DEBUG:root:[ Iteration 141 ] Training loss: 0.0150829
DEBUG:root:[ Iteration 144 ] Training loss: 0.0138615
DEBUG:root:[ Iteration 147 ] Training loss: 0.00769043
DEBUG:root:[ Iteration 150 ] Training loss: 0.0114203
DEBUG:root:[ Iteration 153 ] Training loss: 0.0218914
DEBUG:root:[ Iteration 156 ] Training loss: 0.0118931
DEBUG:root:[ Iteration 159 ] Training loss: 0.0123645
DEBUG:root:[ Iteration 160 ] Test loss: 0.0157945
DEBUG:root:[ Iteration 162 ] Training loss: 0.0176101
DEBUG:root:[ Iteration 165 ] Training loss: 0.0139668
DEBUG:root:[ Iteration 168 ] Training loss: 0.0161181
DEBUG:root:[ Iteration 171 ] Training loss: 0.0155788
DEBUG:root:[ Iteration 174 ] Training loss: 0.0157115
DEBUG:root:[ Iteration 177 ] Training loss: 0.0167766
DEBUG:root:[ Iteration 180 ] Training loss: 0.0104403
DEBUG:root:[ Iteration 180 ] Test loss: 0.0127319
DEBUG:root:[ Iteration 183 ] Training loss: 0.0162427
DEBUG:root:[ Iteration 186 ] Training loss: 0.0138216
DEBUG:root:[ Iteration 189 ] Training loss: 0.0172331
DEBUG:root:[ Iteration 192 ] Training loss: 0.015079
DEBUG:root:[ Iteration 195 ] Training loss: 0.0161673
DEBUG:root:[ Iteration 198 ] Training loss: 0.0183357
DEBUG:root:[ Iteration 200 ] Test loss: 0.0129681
DEBUG:root:[ Iteration 201 ] Training loss: 0.014533
DEBUG:root:[ Iteration 204 ] Training loss: 0.0108619
DEBUG:root:[ Iteration 207 ] Training loss: 0.0125611
DEBUG:root:[ Iteration 210 ] Training loss: 0.0128276
DEBUG:root:[ Iteration 213 ] Training loss: 0.014298
DEBUG:root:[ Iteration 216 ] Training loss: 0.0129751
DEBUG:root:[ Iteration 219 ] Training loss: 0.0102674
DEBUG:root:[ Iteration 220 ] Test loss: 0.00857524
DEBUG:root:[ Iteration 222 ] Training loss: 0.0126756
DEBUG:root:[ Iteration 225 ] Training loss: 0.0118378
DEBUG:root:[ Iteration 228 ] Training loss: 0.0116472
DEBUG:root:[ Iteration 231 ] Training loss: 0.0133713
DEBUG:root:[ Iteration 234 ] Training loss: 0.0127785
DEBUG:root:[ Iteration 237 ] Training loss: 0.0108524
DEBUG:root:[ Iteration 240 ] Training loss: 0.0121372
DEBUG:root:[ Iteration 240 ] Test loss: 0.0116024
DEBUG:root:[ Iteration 243 ] Training loss: 0.0148414
DEBUG:root:[ Iteration 246 ] Training loss: 0.0174016
DEBUG:root:[ Iteration 249 ] Training loss: 0.0153671
DEBUG:root:[ Iteration 252 ] Training loss: 0.0178098
DEBUG:root:[ Iteration 255 ] Training loss: 0.0121707
DEBUG:root:[ Iteration 258 ] Training loss: 0.0126179
DEBUG:root:[ Iteration 260 ] Test loss: 0.0132433
DEBUG:root:[ Iteration 261 ] Training loss: 0.0136225
DEBUG:root:[ Iteration 264 ] Training loss: 0.00987622
DEBUG:root:[ Iteration 267 ] Training loss: 0.0104997
DEBUG:root:[ Iteration 270 ] Training loss: 0.0136236
DEBUG:root:[ Iteration 273 ] Training loss: 0.00992177
DEBUG:root:[ Iteration 276 ] Training loss: 0.0136868
DEBUG:root:[ Iteration 279 ] Training loss: 0.0129281
DEBUG:root:[ Iteration 280 ] Test loss: 0.0108119
DEBUG:root:[ Iteration 282 ] Training loss: 0.0161785
DEBUG:root:[ Iteration 285 ] Training loss: 0.0117293
DEBUG:root:[ Iteration 288 ] Training loss: 0.0145966
DEBUG:root:[ Iteration 291 ] Training loss: 0.011559
DEBUG:root:[ Iteration 294 ] Training loss: 0.0135103
DEBUG:root:[ Iteration 297 ] Training loss: 0.0198224
DEBUG:root:[ Iteration 300 ] Training loss: 0.0132121
DEBUG:root:[ Iteration 300 ] Test loss: 0.0155261
DEBUG:root:[ Iteration 303 ] Training loss: 0.0127322
DEBUG:root:[ Iteration 306 ] Training loss: 0.0151895
DEBUG:root:[ Iteration 309 ] Training loss: 0.0156599
DEBUG:root:[ Iteration 312 ] Training loss: 0.0180809
DEBUG:root:[ Iteration 315 ] Training loss: 0.00959297
DEBUG:root:[ Iteration 318 ] Training loss: 0.0196679
DEBUG:root:[ Iteration 320 ] Test loss: 0.0177663
DEBUG:root:[ Iteration 321 ] Training loss: 0.0171383
DEBUG:root:[ Iteration 324 ] Training loss: 0.0130209
DEBUG:root:[ Iteration 327 ] Training loss: 0.0145639
DEBUG:root:[ Iteration 330 ] Training loss: 0.0156
DEBUG:root:[ Iteration 333 ] Training loss: 0.0140625
DEBUG:root:[ Iteration 336 ] Training loss: 0.0127448
DEBUG:root:[ Iteration 339 ] Training loss: 0.0114613
DEBUG:root:[ Iteration 340 ] Test loss: 0.0138114
DEBUG:root:[ Iteration 342 ] Training loss: 0.00960556
DEBUG:root:[ Iteration 345 ] Training loss: 0.0104646
DEBUG:root:[ Iteration 348 ] Training loss: 0.00962124
DEBUG:root:[ Iteration 351 ] Training loss: 0.0154617
DEBUG:root:[ Iteration 354 ] Training loss: 0.00877369
DEBUG:root:[ Iteration 357 ] Training loss: 0.0133783
DEBUG:root:[ Iteration 360 ] Training loss: 0.0141645
DEBUG:root:[ Iteration 360 ] Test loss: 0.0115931
DEBUG:root:[ Iteration 363 ] Training loss: 0.0130884
DEBUG:root:[ Iteration 366 ] Training loss: 0.01334
DEBUG:root:[ Iteration 369 ] Training loss: 0.0118698
DEBUG:root:[ Iteration 372 ] Training loss: 0.00866354
DEBUG:root:[ Iteration 375 ] Training loss: 0.0150437
DEBUG:root:[ Iteration 378 ] Training loss: 0.0135507
DEBUG:root:[ Iteration 380 ] Test loss: 0.0141611
DEBUG:root:[ Iteration 381 ] Training loss: 0.00888821
DEBUG:root:[ Iteration 384 ] Training loss: 0.0127176
DEBUG:root:[ Iteration 387 ] Training loss: 0.0127202
DEBUG:root:[ Iteration 390 ] Training loss: 0.0159327
DEBUG:root:[ Iteration 393 ] Training loss: 0.0130801
DEBUG:root:[ Iteration 396 ] Training loss: 0.00847699
DEBUG:root:[ Iteration 399 ] Training loss: 0.0146806
DEBUG:root:[ Iteration 400 ] Test loss: 0.0102332
DEBUG:root:[ Iteration 402 ] Training loss: 0.0161084
DEBUG:root:[ Iteration 405 ] Training loss: 0.0117122
DEBUG:root:[ Iteration 408 ] Training loss: 0.0119901
DEBUG:root:[ Iteration 411 ] Training loss: 0.00861999
DEBUG:root:[ Iteration 414 ] Training loss: 0.00940557
DEBUG:root:[ Iteration 417 ] Training loss: 0.00897676
DEBUG:root:[ Iteration 420 ] Training loss: 0.0099283
DEBUG:root:[ Iteration 420 ] Test loss: 0.0146408
DEBUG:root:[ Iteration 423 ] Training loss: 0.0121971
DEBUG:root:[ Iteration 426 ] Training loss: 0.0114938
DEBUG:root:[ Iteration 429 ] Training loss: 0.0116484
DEBUG:root:[ Iteration 432 ] Training loss: 0.0127093
DEBUG:root:[ Iteration 435 ] Training loss: 0.00955419
DEBUG:root:[ Iteration 438 ] Training loss: 0.00987454
DEBUG:root:[ Iteration 440 ] Test loss: 0.0126673
DEBUG:root:[ Iteration 441 ] Training loss: 0.0123095
DEBUG:root:[ Iteration 444 ] Training loss: 0.0105361
DEBUG:root:[ Iteration 447 ] Training loss: 0.0154962
DEBUG:root:[ Iteration 450 ] Training loss: 0.0149885
DEBUG:root:[ Iteration 453 ] Training loss: 0.014393
DEBUG:root:[ Iteration 456 ] Training loss: 0.0121889
DEBUG:root:[ Iteration 459 ] Training loss: 0.0138422
DEBUG:root:[ Iteration 460 ] Test loss: 0.0137379
DEBUG:root:[ Iteration 462 ] Training loss: 0.0106578
DEBUG:root:[ Iteration 465 ] Training loss: 0.012583
DEBUG:root:[ Iteration 468 ] Training loss: 0.0120128
DEBUG:root:[ Iteration 471 ] Training loss: 0.0110449
DEBUG:root:[ Iteration 474 ] Training loss: 0.0118501
DEBUG:root:[ Iteration 477 ] Training loss: 0.0117677
DEBUG:root:[ Iteration 480 ] Training loss: 0.0130617
DEBUG:root:[ Iteration 480 ] Test loss: 0.0136866
DEBUG:root:[ Iteration 483 ] Training loss: 0.0130941
DEBUG:root:[ Iteration 486 ] Training loss: 0.0105376
DEBUG:root:[ Iteration 489 ] Training loss: 0.0082496
DEBUG:root:[ Iteration 492 ] Training loss: 0.00640828
DEBUG:root:[ Iteration 495 ] Training loss: 0.0111177
DEBUG:root:[ Iteration 498 ] Training loss: 0.015554
DEBUG:root:[ Iteration 500 ] Test loss: 0.0204466
DEBUG:root:[ Iteration 501 ] Training loss: 0.0135065
DEBUG:root:[ Iteration 504 ] Training loss: 0.0157024
DEBUG:root:[ Iteration 507 ] Training loss: 0.0100413
DEBUG:root:[ Iteration 510 ] Training loss: 0.0133724
DEBUG:root:[ Iteration 513 ] Training loss: 0.00855242
DEBUG:root:[ Iteration 516 ] Training loss: 0.0113853
DEBUG:root:[ Iteration 519 ] Training loss: 0.0125619
DEBUG:root:[ Iteration 520 ] Test loss: 0.011016
DEBUG:root:[ Iteration 522 ] Training loss: 0.0148363
DEBUG:root:[ Iteration 525 ] Training loss: 0.012483
DEBUG:root:[ Iteration 528 ] Training loss: 0.00706606
DEBUG:root:[ Iteration 531 ] Training loss: 0.00967652
DEBUG:root:[ Iteration 534 ] Training loss: 0.0162329
DEBUG:root:[ Iteration 537 ] Training loss: 0.0198524
DEBUG:root:[ Iteration 540 ] Training loss: 0.0120085
DEBUG:root:[ Iteration 540 ] Test loss: 0.0119285
DEBUG:root:[ Iteration 543 ] Training loss: 0.0101981
DEBUG:root:[ Iteration 546 ] Training loss: 0.0116411
DEBUG:root:[ Iteration 549 ] Training loss: 0.0130755
DEBUG:root:[ Iteration 552 ] Training loss: 0.014258
DEBUG:root:[ Iteration 555 ] Training loss: 0.0117198
DEBUG:root:[ Iteration 558 ] Training loss: 0.00892557
DEBUG:root:[ Iteration 560 ] Test loss: 0.0148046
DEBUG:root:[ Iteration 561 ] Training loss: 0.0120033
DEBUG:root:[ Iteration 564 ] Training loss: 0.00988136
DEBUG:root:[ Iteration 567 ] Training loss: 0.0129756
DEBUG:root:[ Iteration 570 ] Training loss: 0.0105049
DEBUG:root:[ Iteration 573 ] Training loss: 0.0112607
DEBUG:root:[ Iteration 576 ] Training loss: 0.0111292
DEBUG:root:[ Iteration 579 ] Training loss: 0.0104755
DEBUG:root:[ Iteration 580 ] Test loss: 0.0146684
DEBUG:root:[ Iteration 582 ] Training loss: 0.012667
DEBUG:root:[ Iteration 585 ] Training loss: 0.0127268
DEBUG:root:[ Iteration 588 ] Training loss: 0.0141205
DEBUG:root:[ Iteration 591 ] Training loss: 0.0151464
DEBUG:root:[ Iteration 594 ] Training loss: 0.0181104
DEBUG:root:[ Iteration 597 ] Training loss: 0.0151502
DEBUG:root:Saving...
DEBUG:root:Saved model to /media/1tb/Izzy/nets/net9_03-03-2016_17h06m23s.ckpt
DEBUG:root:Optimization done.
DEBUG:root:[ Iteration 0 ] Training loss: 0.137025
DEBUG:root:[ Iteration 0 ] Test loss: 0.143653
DEBUG:root:[ Iteration 3 ] Training loss: 0.131462
DEBUG:root:[ Iteration 6 ] Training loss: 0.125498
DEBUG:root:[ Iteration 9 ] Training loss: 0.137953
DEBUG:root:[ Iteration 12 ] Training loss: 0.133005
DEBUG:root:[ Iteration 15 ] Training loss: 0.132315
DEBUG:root:[ Iteration 18 ] Training loss: 0.122009
DEBUG:root:[ Iteration 20 ] Test loss: 0.12641
DEBUG:root:[ Iteration 21 ] Training loss: 0.123844
DEBUG:root:Saving...
DEBUG:root:Saved model to /media/1tb/Izzy/nets/net9_03-07-2016_15h09m02s.ckpt
DEBUG:root:Optimization done.
DEBUG:root:[ Iteration 0 ] Training loss: 0.142299
DEBUG:root:[ Iteration 0 ] Test loss: 0.144501
DEBUG:root:[ Iteration 3 ] Training loss: 0.133211
DEBUG:root:[ Iteration 6 ] Training loss: 0.138288
DEBUG:root:[ Iteration 9 ] Training loss: 0.138238
DEBUG:root:[ Iteration 12 ] Training loss: 0.132117
DEBUG:root:[ Iteration 15 ] Training loss: 0.132868
DEBUG:root:[ Iteration 18 ] Training loss: 0.125056
DEBUG:root:[ Iteration 20 ] Test loss: 0.131558
DEBUG:root:[ Iteration 21 ] Training loss: 0.127069
DEBUG:root:[ Iteration 24 ] Training loss: 0.121347
DEBUG:root:[ Iteration 27 ] Training loss: 0.118271
DEBUG:root:[ Iteration 30 ] Training loss: 0.113465
DEBUG:root:[ Iteration 33 ] Training loss: 0.108163
DEBUG:root:[ Iteration 36 ] Training loss: 0.11276
DEBUG:root:[ Iteration 39 ] Training loss: 0.100388
DEBUG:root:[ Iteration 40 ] Test loss: 0.108303
DEBUG:root:[ Iteration 42 ] Training loss: 0.0946243
DEBUG:root:[ Iteration 45 ] Training loss: 0.0930742
DEBUG:root:[ Iteration 48 ] Training loss: 0.0967691
DEBUG:root:[ Iteration 51 ] Training loss: 0.0951951
DEBUG:root:[ Iteration 54 ] Training loss: 0.0839913
DEBUG:root:[ Iteration 57 ] Training loss: 0.0883129
DEBUG:root:[ Iteration 60 ] Training loss: 0.0783072
DEBUG:root:[ Iteration 60 ] Test loss: 0.0852362
DEBUG:root:[ Iteration 63 ] Training loss: 0.0708577
DEBUG:root:[ Iteration 66 ] Training loss: 0.0623708
DEBUG:root:[ Iteration 69 ] Training loss: 0.0649404
DEBUG:root:[ Iteration 72 ] Training loss: 0.0520759
DEBUG:root:[ Iteration 75 ] Training loss: 0.0497235
DEBUG:root:[ Iteration 78 ] Training loss: 0.0504966
DEBUG:root:[ Iteration 80 ] Test loss: 0.0528789
DEBUG:root:[ Iteration 81 ] Training loss: 0.0528946
DEBUG:root:[ Iteration 84 ] Training loss: 0.042672
DEBUG:root:[ Iteration 87 ] Training loss: 0.0508852
DEBUG:root:[ Iteration 90 ] Training loss: 0.0480633
DEBUG:root:[ Iteration 93 ] Training loss: 0.0533455
DEBUG:root:[ Iteration 96 ] Training loss: 0.0475349
DEBUG:root:[ Iteration 99 ] Training loss: 0.0461619
DEBUG:root:[ Iteration 100 ] Test loss: 0.0534578
DEBUG:root:[ Iteration 102 ] Training loss: 0.0471794
DEBUG:root:[ Iteration 105 ] Training loss: 0.0509954
DEBUG:root:[ Iteration 108 ] Training loss: 0.0437282
DEBUG:root:[ Iteration 111 ] Training loss: 0.0617161
DEBUG:root:[ Iteration 114 ] Training loss: 0.0495316
DEBUG:root:[ Iteration 117 ] Training loss: 0.0496797
DEBUG:root:[ Iteration 120 ] Training loss: 0.0477768
DEBUG:root:[ Iteration 120 ] Test loss: 0.054944
DEBUG:root:[ Iteration 123 ] Training loss: 0.0441383
DEBUG:root:[ Iteration 126 ] Training loss: 0.0572905
DEBUG:root:[ Iteration 129 ] Training loss: 0.0445986
DEBUG:root:[ Iteration 132 ] Training loss: 0.0489524
DEBUG:root:[ Iteration 135 ] Training loss: 0.0487314
DEBUG:root:[ Iteration 138 ] Training loss: 0.0472185
DEBUG:root:[ Iteration 140 ] Test loss: 0.0572199
DEBUG:root:[ Iteration 141 ] Training loss: 0.0427471
DEBUG:root:[ Iteration 144 ] Training loss: 0.0459635
DEBUG:root:[ Iteration 147 ] Training loss: 0.0490466
DEBUG:root:[ Iteration 150 ] Training loss: 0.0452224
DEBUG:root:[ Iteration 153 ] Training loss: 0.0486527
DEBUG:root:[ Iteration 156 ] Training loss: 0.0429873
DEBUG:root:[ Iteration 159 ] Training loss: 0.0543063
DEBUG:root:[ Iteration 160 ] Test loss: 0.0537901
DEBUG:root:[ Iteration 162 ] Training loss: 0.0538184
DEBUG:root:[ Iteration 165 ] Training loss: 0.0459061
DEBUG:root:[ Iteration 168 ] Training loss: 0.0589934
DEBUG:root:[ Iteration 171 ] Training loss: 0.0476043
DEBUG:root:[ Iteration 174 ] Training loss: 0.0588723
DEBUG:root:[ Iteration 177 ] Training loss: 0.039399
DEBUG:root:[ Iteration 180 ] Training loss: 0.0526565
DEBUG:root:[ Iteration 180 ] Test loss: 0.053987
DEBUG:root:[ Iteration 183 ] Training loss: 0.0507507
DEBUG:root:[ Iteration 186 ] Training loss: 0.0401662
DEBUG:root:[ Iteration 189 ] Training loss: 0.0509544
DEBUG:root:[ Iteration 192 ] Training loss: 0.0485053
DEBUG:root:[ Iteration 195 ] Training loss: 0.0523772
DEBUG:root:[ Iteration 198 ] Training loss: 0.0496023
DEBUG:root:[ Iteration 200 ] Test loss: 0.0520968
DEBUG:root:[ Iteration 201 ] Training loss: 0.0562271
DEBUG:root:[ Iteration 204 ] Training loss: 0.0490594
DEBUG:root:[ Iteration 207 ] Training loss: 0.0445342
DEBUG:root:[ Iteration 210 ] Training loss: 0.047267
DEBUG:root:[ Iteration 213 ] Training loss: 0.0474312
DEBUG:root:[ Iteration 216 ] Training loss: 0.0417547
DEBUG:root:[ Iteration 219 ] Training loss: 0.0560521
DEBUG:root:[ Iteration 220 ] Test loss: 0.0515339
DEBUG:root:[ Iteration 222 ] Training loss: 0.0477899
DEBUG:root:[ Iteration 225 ] Training loss: 0.0475594
DEBUG:root:[ Iteration 228 ] Training loss: 0.0419659
DEBUG:root:[ Iteration 231 ] Training loss: 0.047899
DEBUG:root:[ Iteration 234 ] Training loss: 0.047566
DEBUG:root:[ Iteration 237 ] Training loss: 0.0414408
DEBUG:root:[ Iteration 240 ] Training loss: 0.0406064
DEBUG:root:[ Iteration 240 ] Test loss: 0.0540856
DEBUG:root:[ Iteration 243 ] Training loss: 0.0461071
DEBUG:root:[ Iteration 246 ] Training loss: 0.0483439
DEBUG:root:[ Iteration 249 ] Training loss: 0.0420254
DEBUG:root:[ Iteration 252 ] Training loss: 0.052378
DEBUG:root:[ Iteration 255 ] Training loss: 0.0433971
DEBUG:root:[ Iteration 258 ] Training loss: 0.0439533
DEBUG:root:[ Iteration 260 ] Test loss: 0.0502448
DEBUG:root:[ Iteration 261 ] Training loss: 0.0447883
DEBUG:root:[ Iteration 264 ] Training loss: 0.0532251
DEBUG:root:[ Iteration 267 ] Training loss: 0.0398046
DEBUG:root:[ Iteration 270 ] Training loss: 0.0516756
DEBUG:root:[ Iteration 273 ] Training loss: 0.0601835
DEBUG:root:[ Iteration 276 ] Training loss: 0.0417452
DEBUG:root:[ Iteration 279 ] Training loss: 0.0490215
DEBUG:root:[ Iteration 280 ] Test loss: 0.0517667
DEBUG:root:[ Iteration 282 ] Training loss: 0.0463918
DEBUG:root:[ Iteration 285 ] Training loss: 0.0489506
DEBUG:root:[ Iteration 288 ] Training loss: 0.0480031
DEBUG:root:[ Iteration 291 ] Training loss: 0.0477083
DEBUG:root:[ Iteration 294 ] Training loss: 0.0530552
DEBUG:root:[ Iteration 297 ] Training loss: 0.0590273
DEBUG:root:[ Iteration 300 ] Training loss: 0.0428038
DEBUG:root:[ Iteration 300 ] Test loss: 0.0497025
DEBUG:root:[ Iteration 303 ] Training loss: 0.0515032
DEBUG:root:[ Iteration 306 ] Training loss: 0.0471596
DEBUG:root:[ Iteration 309 ] Training loss: 0.0547227
DEBUG:root:[ Iteration 312 ] Training loss: 0.0515847
DEBUG:root:[ Iteration 315 ] Training loss: 0.0534045
DEBUG:root:[ Iteration 318 ] Training loss: 0.0508681
DEBUG:root:[ Iteration 320 ] Test loss: 0.0511551
DEBUG:root:[ Iteration 321 ] Training loss: 0.0402785
DEBUG:root:[ Iteration 324 ] Training loss: 0.046958
DEBUG:root:[ Iteration 327 ] Training loss: 0.0485677
DEBUG:root:[ Iteration 330 ] Training loss: 0.0463754
DEBUG:root:[ Iteration 333 ] Training loss: 0.0409172
DEBUG:root:[ Iteration 336 ] Training loss: 0.0531057
DEBUG:root:[ Iteration 339 ] Training loss: 0.0503257
DEBUG:root:[ Iteration 340 ] Test loss: 0.052454
DEBUG:root:[ Iteration 342 ] Training loss: 0.046942
DEBUG:root:[ Iteration 345 ] Training loss: 0.0514135
DEBUG:root:[ Iteration 348 ] Training loss: 0.0501198
DEBUG:root:[ Iteration 351 ] Training loss: 0.0404301
DEBUG:root:[ Iteration 354 ] Training loss: 0.0554474
DEBUG:root:[ Iteration 357 ] Training loss: 0.0522181
DEBUG:root:[ Iteration 360 ] Training loss: 0.0448493
DEBUG:root:[ Iteration 360 ] Test loss: 0.053312
DEBUG:root:[ Iteration 363 ] Training loss: 0.0398472
DEBUG:root:[ Iteration 366 ] Training loss: 0.0408807
DEBUG:root:[ Iteration 369 ] Training loss: 0.0521417
DEBUG:root:[ Iteration 372 ] Training loss: 0.0508836
DEBUG:root:[ Iteration 375 ] Training loss: 0.0453663
DEBUG:root:[ Iteration 378 ] Training loss: 0.0476586
DEBUG:root:[ Iteration 380 ] Test loss: 0.0541417
DEBUG:root:[ Iteration 381 ] Training loss: 0.0464187
DEBUG:root:[ Iteration 384 ] Training loss: 0.0440824
DEBUG:root:[ Iteration 387 ] Training loss: 0.0437547
DEBUG:root:[ Iteration 390 ] Training loss: 0.0434338
DEBUG:root:[ Iteration 393 ] Training loss: 0.0469099
DEBUG:root:[ Iteration 396 ] Training loss: 0.0397349
DEBUG:root:[ Iteration 399 ] Training loss: 0.0499145
DEBUG:root:[ Iteration 400 ] Test loss: 0.0537972
DEBUG:root:[ Iteration 402 ] Training loss: 0.0388229
DEBUG:root:[ Iteration 405 ] Training loss: 0.0493799
DEBUG:root:[ Iteration 408 ] Training loss: 0.0395528
DEBUG:root:[ Iteration 411 ] Training loss: 0.0504405
DEBUG:root:[ Iteration 414 ] Training loss: 0.0383621
DEBUG:root:[ Iteration 417 ] Training loss: 0.0497405
DEBUG:root:[ Iteration 420 ] Training loss: 0.0494693
DEBUG:root:[ Iteration 420 ] Test loss: 0.0519713
DEBUG:root:[ Iteration 423 ] Training loss: 0.0434918
DEBUG:root:[ Iteration 426 ] Training loss: 0.0451065
DEBUG:root:[ Iteration 429 ] Training loss: 0.0543782
DEBUG:root:[ Iteration 432 ] Training loss: 0.0450933
DEBUG:root:[ Iteration 435 ] Training loss: 0.0394346
DEBUG:root:[ Iteration 438 ] Training loss: 0.0518836
DEBUG:root:[ Iteration 440 ] Test loss: 0.051878
DEBUG:root:[ Iteration 441 ] Training loss: 0.0494841
DEBUG:root:[ Iteration 444 ] Training loss: 0.052541
DEBUG:root:[ Iteration 447 ] Training loss: 0.0393325
DEBUG:root:[ Iteration 450 ] Training loss: 0.0402137
DEBUG:root:[ Iteration 453 ] Training loss: 0.0514051
DEBUG:root:[ Iteration 456 ] Training loss: 0.0461975
DEBUG:root:[ Iteration 459 ] Training loss: 0.0464597
DEBUG:root:[ Iteration 460 ] Test loss: 0.0530179
DEBUG:root:[ Iteration 462 ] Training loss: 0.045535
DEBUG:root:[ Iteration 465 ] Training loss: 0.0440855
DEBUG:root:[ Iteration 468 ] Training loss: 0.0519404
DEBUG:root:[ Iteration 471 ] Training loss: 0.040319
DEBUG:root:[ Iteration 474 ] Training loss: 0.048066
DEBUG:root:[ Iteration 477 ] Training loss: 0.0379748
DEBUG:root:[ Iteration 480 ] Training loss: 0.0421898
DEBUG:root:[ Iteration 480 ] Test loss: 0.0498715
DEBUG:root:[ Iteration 483 ] Training loss: 0.0429102
DEBUG:root:[ Iteration 486 ] Training loss: 0.0405686
DEBUG:root:[ Iteration 489 ] Training loss: 0.0348288
DEBUG:root:[ Iteration 492 ] Training loss: 0.0471674
DEBUG:root:[ Iteration 495 ] Training loss: 0.0454071
DEBUG:root:[ Iteration 498 ] Training loss: 0.0376311
DEBUG:root:[ Iteration 500 ] Test loss: 0.0494335
DEBUG:root:[ Iteration 501 ] Training loss: 0.0411972
DEBUG:root:[ Iteration 504 ] Training loss: 0.0443522
DEBUG:root:[ Iteration 507 ] Training loss: 0.0424224
DEBUG:root:[ Iteration 510 ] Training loss: 0.048562
DEBUG:root:[ Iteration 513 ] Training loss: 0.0458566
DEBUG:root:[ Iteration 516 ] Training loss: 0.0422814
DEBUG:root:[ Iteration 519 ] Training loss: 0.0402237
DEBUG:root:[ Iteration 520 ] Test loss: 0.0471476
DEBUG:root:[ Iteration 522 ] Training loss: 0.0428527
DEBUG:root:[ Iteration 525 ] Training loss: 0.0451053
DEBUG:root:[ Iteration 528 ] Training loss: 0.0399349
DEBUG:root:[ Iteration 531 ] Training loss: 0.0508073
DEBUG:root:[ Iteration 534 ] Training loss: 0.044288
DEBUG:root:[ Iteration 537 ] Training loss: 0.0336621
DEBUG:root:[ Iteration 540 ] Training loss: 0.0397462
DEBUG:root:[ Iteration 540 ] Test loss: 0.0393958
DEBUG:root:[ Iteration 543 ] Training loss: 0.0387811
DEBUG:root:[ Iteration 546 ] Training loss: 0.038434
DEBUG:root:[ Iteration 549 ] Training loss: 0.0390848
DEBUG:root:[ Iteration 552 ] Training loss: 0.0395719
DEBUG:root:[ Iteration 555 ] Training loss: 0.0402334
DEBUG:root:[ Iteration 558 ] Training loss: 0.0418467
DEBUG:root:[ Iteration 560 ] Test loss: 0.0435654
DEBUG:root:[ Iteration 561 ] Training loss: 0.0410736
DEBUG:root:[ Iteration 564 ] Training loss: 0.0397596
DEBUG:root:[ Iteration 567 ] Training loss: 0.0388563
DEBUG:root:[ Iteration 570 ] Training loss: 0.041116
DEBUG:root:[ Iteration 573 ] Training loss: 0.0381933
DEBUG:root:[ Iteration 576 ] Training loss: 0.0403681
DEBUG:root:[ Iteration 579 ] Training loss: 0.0409902
DEBUG:root:[ Iteration 580 ] Test loss: 0.0410182
DEBUG:root:[ Iteration 582 ] Training loss: 0.0439021
DEBUG:root:[ Iteration 585 ] Training loss: 0.0378915
DEBUG:root:[ Iteration 588 ] Training loss: 0.0339767
DEBUG:root:[ Iteration 591 ] Training loss: 0.0380157
DEBUG:root:[ Iteration 594 ] Training loss: 0.0363855
DEBUG:root:[ Iteration 597 ] Training loss: 0.0303444
DEBUG:root:Saving...
DEBUG:root:Saved model to /media/1tb/Izzy/nets/net9_03-07-2016_15h33m32s.ckpt
DEBUG:root:Optimization done.
