DEBUG:root:[ Iteration 0 ] Training loss: 0.183553
DEBUG:root:[ Iteration 0 ] Test loss: 0.188204
DEBUG:root:[ Iteration 3 ] Training loss: 0.184305
DEBUG:root:[ Iteration 6 ] Training loss: 0.187532
DEBUG:root:[ Iteration 9 ] Training loss: 0.170564
DEBUG:root:[ Iteration 12 ] Training loss: 0.177322
DEBUG:root:[ Iteration 15 ] Training loss: 0.172722
DEBUG:root:[ Iteration 18 ] Training loss: 0.174382
DEBUG:root:[ Iteration 20 ] Test loss: 0.180425
DEBUG:root:[ Iteration 21 ] Training loss: 0.170375
DEBUG:root:[ Iteration 24 ] Training loss: 0.181409
DEBUG:root:[ Iteration 27 ] Training loss: 0.177801
DEBUG:root:[ Iteration 30 ] Training loss: 0.171338
DEBUG:root:[ Iteration 33 ] Training loss: 0.171391
DEBUG:root:[ Iteration 36 ] Training loss: 0.172571
DEBUG:root:[ Iteration 39 ] Training loss: 0.168914
DEBUG:root:[ Iteration 40 ] Test loss: 0.170396
DEBUG:root:[ Iteration 42 ] Training loss: 0.16151
DEBUG:root:[ Iteration 45 ] Training loss: 0.16938
DEBUG:root:[ Iteration 48 ] Training loss: 0.166462
DEBUG:root:[ Iteration 51 ] Training loss: 0.163562
DEBUG:root:[ Iteration 54 ] Training loss: 0.158827
DEBUG:root:[ Iteration 57 ] Training loss: 0.161617
DEBUG:root:[ Iteration 60 ] Training loss: 0.155487
DEBUG:root:[ Iteration 60 ] Test loss: 0.162918
DEBUG:root:[ Iteration 63 ] Training loss: 0.155101
DEBUG:root:[ Iteration 66 ] Training loss: 0.155384
DEBUG:root:[ Iteration 69 ] Training loss: 0.153755
DEBUG:root:[ Iteration 72 ] Training loss: 0.165358
DEBUG:root:[ Iteration 75 ] Training loss: 0.156263
DEBUG:root:[ Iteration 78 ] Training loss: 0.159619
DEBUG:root:[ Iteration 80 ] Test loss: 0.157641
DEBUG:root:[ Iteration 81 ] Training loss: 0.148579
DEBUG:root:[ Iteration 84 ] Training loss: 0.150132
DEBUG:root:[ Iteration 87 ] Training loss: 0.158565
DEBUG:root:[ Iteration 90 ] Training loss: 0.139027
DEBUG:root:[ Iteration 93 ] Training loss: 0.144385
DEBUG:root:[ Iteration 96 ] Training loss: 0.140768
DEBUG:root:[ Iteration 99 ] Training loss: 0.161758
DEBUG:root:[ Iteration 100 ] Test loss: 0.153894
DEBUG:root:[ Iteration 102 ] Training loss: 0.146643
DEBUG:root:[ Iteration 105 ] Training loss: 0.144436
DEBUG:root:[ Iteration 108 ] Training loss: 0.168038
DEBUG:root:[ Iteration 111 ] Training loss: 0.149733
DEBUG:root:[ Iteration 114 ] Training loss: 0.145135
DEBUG:root:[ Iteration 117 ] Training loss: 0.158083
DEBUG:root:[ Iteration 120 ] Training loss: 0.146147
DEBUG:root:[ Iteration 120 ] Test loss: 0.151228
DEBUG:root:[ Iteration 123 ] Training loss: 0.156988
DEBUG:root:[ Iteration 126 ] Training loss: 0.15102
DEBUG:root:[ Iteration 129 ] Training loss: 0.12634
DEBUG:root:[ Iteration 132 ] Training loss: 0.161361
DEBUG:root:Saving...
DEBUG:root:Saved model to /media/1tb/Izzy/nets/net10_02-26-2016_11h04m06s.ckpt
DEBUG:root:Optimization done.
DEBUG:root:[ Iteration 0 ] Training loss: 0.14622
DEBUG:root:[ Iteration 0 ] Test loss: 0.149707
DEBUG:root:[ Iteration 3 ] Training loss: 0.143548
DEBUG:root:[ Iteration 6 ] Training loss: 0.14335
DEBUG:root:[ Iteration 9 ] Training loss: 0.156125
DEBUG:root:[ Iteration 12 ] Training loss: 0.153015
DEBUG:root:[ Iteration 15 ] Training loss: 0.152981
DEBUG:root:[ Iteration 18 ] Training loss: 0.152519
DEBUG:root:[ Iteration 20 ] Test loss: 0.148133
DEBUG:root:[ Iteration 21 ] Training loss: 0.156118
DEBUG:root:[ Iteration 24 ] Training loss: 0.136339
DEBUG:root:[ Iteration 27 ] Training loss: 0.141633
DEBUG:root:[ Iteration 30 ] Training loss: 0.143499
DEBUG:root:[ Iteration 33 ] Training loss: 0.147798
DEBUG:root:[ Iteration 36 ] Training loss: 0.158868
DEBUG:root:[ Iteration 39 ] Training loss: 0.150443
DEBUG:root:[ Iteration 40 ] Test loss: 0.147026
DEBUG:root:[ Iteration 42 ] Training loss: 0.147456
DEBUG:root:[ Iteration 45 ] Training loss: 0.142834
DEBUG:root:[ Iteration 48 ] Training loss: 0.158739
DEBUG:root:[ Iteration 51 ] Training loss: 0.151398
DEBUG:root:[ Iteration 54 ] Training loss: 0.121133
DEBUG:root:[ Iteration 57 ] Training loss: 0.144428
DEBUG:root:[ Iteration 60 ] Training loss: 0.143805
DEBUG:root:[ Iteration 60 ] Test loss: 0.14612
DEBUG:root:[ Iteration 63 ] Training loss: 0.131139
DEBUG:root:[ Iteration 66 ] Training loss: 0.137779
DEBUG:root:[ Iteration 69 ] Training loss: 0.14107
DEBUG:root:[ Iteration 72 ] Training loss: 0.142057
DEBUG:root:[ Iteration 75 ] Training loss: 0.148259
DEBUG:root:[ Iteration 78 ] Training loss: 0.133268
DEBUG:root:[ Iteration 80 ] Test loss: 0.145453
DEBUG:root:[ Iteration 81 ] Training loss: 0.150433
DEBUG:root:[ Iteration 84 ] Training loss: 0.127407
DEBUG:root:[ Iteration 87 ] Training loss: 0.137113
DEBUG:root:[ Iteration 90 ] Training loss: 0.163352
DEBUG:root:[ Iteration 93 ] Training loss: 0.125628
DEBUG:root:[ Iteration 96 ] Training loss: 0.135098
DEBUG:root:[ Iteration 99 ] Training loss: 0.148333
DEBUG:root:[ Iteration 100 ] Test loss: 0.144908
DEBUG:root:[ Iteration 102 ] Training loss: 0.125295
DEBUG:root:[ Iteration 105 ] Training loss: 0.152222
DEBUG:root:[ Iteration 108 ] Training loss: 0.137259
DEBUG:root:[ Iteration 111 ] Training loss: 0.144351
DEBUG:root:[ Iteration 114 ] Training loss: 0.150153
DEBUG:root:[ Iteration 117 ] Training loss: 0.141286
DEBUG:root:[ Iteration 120 ] Training loss: 0.124246
DEBUG:root:[ Iteration 120 ] Test loss: 0.144503
DEBUG:root:[ Iteration 123 ] Training loss: 0.143665
DEBUG:root:[ Iteration 126 ] Training loss: 0.1492
DEBUG:root:[ Iteration 129 ] Training loss: 0.13954
DEBUG:root:[ Iteration 132 ] Training loss: 0.131306
DEBUG:root:[ Iteration 135 ] Training loss: 0.14324
DEBUG:root:[ Iteration 138 ] Training loss: 0.124224
DEBUG:root:[ Iteration 140 ] Test loss: 0.144197
DEBUG:root:[ Iteration 141 ] Training loss: 0.160185
DEBUG:root:[ Iteration 144 ] Training loss: 0.133355
DEBUG:root:[ Iteration 147 ] Training loss: 0.156637
DEBUG:root:[ Iteration 150 ] Training loss: 0.130162
DEBUG:root:[ Iteration 153 ] Training loss: 0.118376
DEBUG:root:[ Iteration 156 ] Training loss: 0.126984
DEBUG:root:[ Iteration 159 ] Training loss: 0.142049
DEBUG:root:[ Iteration 160 ] Test loss: 0.143954
DEBUG:root:[ Iteration 162 ] Training loss: 0.141445
DEBUG:root:[ Iteration 165 ] Training loss: 0.123383
DEBUG:root:[ Iteration 168 ] Training loss: 0.152305
DEBUG:root:[ Iteration 171 ] Training loss: 0.134904
DEBUG:root:[ Iteration 174 ] Training loss: 0.123038
DEBUG:root:[ Iteration 177 ] Training loss: 0.115762
DEBUG:root:[ Iteration 180 ] Training loss: 0.156516
DEBUG:root:[ Iteration 180 ] Test loss: 0.143768
DEBUG:root:[ Iteration 183 ] Training loss: 0.126469
DEBUG:root:[ Iteration 186 ] Training loss: 0.125977
DEBUG:root:[ Iteration 189 ] Training loss: 0.156856
DEBUG:root:[ Iteration 192 ] Training loss: 0.141889
DEBUG:root:[ Iteration 195 ] Training loss: 0.147276
DEBUG:root:[ Iteration 198 ] Training loss: 0.142832
DEBUG:root:[ Iteration 200 ] Test loss: 0.143562
DEBUG:root:[ Iteration 201 ] Training loss: 0.148907
DEBUG:root:[ Iteration 204 ] Training loss: 0.14055
DEBUG:root:[ Iteration 207 ] Training loss: 0.146689
DEBUG:root:[ Iteration 210 ] Training loss: 0.119736
DEBUG:root:[ Iteration 213 ] Training loss: 0.127071
DEBUG:root:[ Iteration 216 ] Training loss: 0.131064
DEBUG:root:[ Iteration 219 ] Training loss: 0.116103
DEBUG:root:[ Iteration 220 ] Test loss: 0.143422
DEBUG:root:[ Iteration 222 ] Training loss: 0.135385
DEBUG:root:[ Iteration 225 ] Training loss: 0.121508
DEBUG:root:[ Iteration 228 ] Training loss: 0.139705
DEBUG:root:[ Iteration 231 ] Training loss: 0.149397
DEBUG:root:[ Iteration 234 ] Training loss: 0.130975
DEBUG:root:[ Iteration 237 ] Training loss: 0.13566
DEBUG:root:[ Iteration 240 ] Training loss: 0.147788
DEBUG:root:[ Iteration 240 ] Test loss: 0.143286
DEBUG:root:[ Iteration 243 ] Training loss: 0.140249
DEBUG:root:[ Iteration 246 ] Training loss: 0.151812
DEBUG:root:[ Iteration 249 ] Training loss: 0.128095
DEBUG:root:[ Iteration 252 ] Training loss: 0.131208
DEBUG:root:[ Iteration 255 ] Training loss: 0.125316
DEBUG:root:[ Iteration 258 ] Training loss: 0.167061
DEBUG:root:[ Iteration 260 ] Test loss: 0.143193
DEBUG:root:[ Iteration 261 ] Training loss: 0.121166
DEBUG:root:[ Iteration 264 ] Training loss: 0.15165
DEBUG:root:[ Iteration 267 ] Training loss: 0.129504
DEBUG:root:[ Iteration 270 ] Training loss: 0.127011
DEBUG:root:[ Iteration 273 ] Training loss: 0.120284
DEBUG:root:[ Iteration 276 ] Training loss: 0.132592
DEBUG:root:[ Iteration 279 ] Training loss: 0.116084
DEBUG:root:[ Iteration 280 ] Test loss: 0.143105
DEBUG:root:[ Iteration 282 ] Training loss: 0.137776
DEBUG:root:[ Iteration 285 ] Training loss: 0.135584
DEBUG:root:[ Iteration 288 ] Training loss: 0.120233
DEBUG:root:[ Iteration 291 ] Training loss: 0.134437
DEBUG:root:[ Iteration 294 ] Training loss: 0.145807
DEBUG:root:[ Iteration 297 ] Training loss: 0.135423
DEBUG:root:[ Iteration 300 ] Training loss: 0.128968
DEBUG:root:[ Iteration 300 ] Test loss: 0.143024
DEBUG:root:[ Iteration 303 ] Training loss: 0.118657
DEBUG:root:[ Iteration 306 ] Training loss: 0.124302
DEBUG:root:[ Iteration 309 ] Training loss: 0.160883
DEBUG:root:[ Iteration 312 ] Training loss: 0.127471
DEBUG:root:[ Iteration 315 ] Training loss: 0.151502
DEBUG:root:[ Iteration 318 ] Training loss: 0.141947
DEBUG:root:[ Iteration 320 ] Test loss: 0.14296
DEBUG:root:[ Iteration 321 ] Training loss: 0.135893
DEBUG:root:[ Iteration 324 ] Training loss: 0.134891
DEBUG:root:[ Iteration 327 ] Training loss: 0.119647
DEBUG:root:[ Iteration 330 ] Training loss: 0.132332
DEBUG:root:[ Iteration 333 ] Training loss: 0.122966
DEBUG:root:[ Iteration 336 ] Training loss: 0.131099
DEBUG:root:[ Iteration 339 ] Training loss: 0.159192
DEBUG:root:[ Iteration 340 ] Test loss: 0.142905
DEBUG:root:[ Iteration 342 ] Training loss: 0.113595
DEBUG:root:[ Iteration 345 ] Training loss: 0.129787
DEBUG:root:[ Iteration 348 ] Training loss: 0.127706
DEBUG:root:[ Iteration 351 ] Training loss: 0.122564
DEBUG:root:[ Iteration 354 ] Training loss: 0.130684
DEBUG:root:[ Iteration 357 ] Training loss: 0.129005
DEBUG:root:[ Iteration 360 ] Training loss: 0.120491
DEBUG:root:[ Iteration 360 ] Test loss: 0.142838
DEBUG:root:[ Iteration 363 ] Training loss: 0.132936
DEBUG:root:[ Iteration 366 ] Training loss: 0.140105
DEBUG:root:[ Iteration 369 ] Training loss: 0.140094
DEBUG:root:[ Iteration 372 ] Training loss: 0.141093
DEBUG:root:[ Iteration 375 ] Training loss: 0.14335
DEBUG:root:[ Iteration 378 ] Training loss: 0.147502
DEBUG:root:[ Iteration 380 ] Test loss: 0.142783
DEBUG:root:[ Iteration 381 ] Training loss: 0.156248
DEBUG:root:[ Iteration 384 ] Training loss: 0.11913
DEBUG:root:[ Iteration 387 ] Training loss: 0.121928
DEBUG:root:[ Iteration 390 ] Training loss: 0.131905
DEBUG:root:[ Iteration 393 ] Training loss: 0.143093
DEBUG:root:[ Iteration 396 ] Training loss: 0.14062
DEBUG:root:[ Iteration 399 ] Training loss: 0.139053
DEBUG:root:[ Iteration 400 ] Test loss: 0.142723
DEBUG:root:[ Iteration 402 ] Training loss: 0.132818
DEBUG:root:[ Iteration 405 ] Training loss: 0.163834
DEBUG:root:[ Iteration 408 ] Training loss: 0.143233
DEBUG:root:[ Iteration 411 ] Training loss: 0.147003
DEBUG:root:[ Iteration 414 ] Training loss: 0.117957
DEBUG:root:[ Iteration 417 ] Training loss: 0.125567
DEBUG:root:[ Iteration 420 ] Training loss: 0.13568
DEBUG:root:[ Iteration 420 ] Test loss: 0.142599
DEBUG:root:[ Iteration 423 ] Training loss: 0.127461
DEBUG:root:[ Iteration 426 ] Training loss: 0.12966
DEBUG:root:[ Iteration 429 ] Training loss: 0.140886
DEBUG:root:[ Iteration 432 ] Training loss: 0.11625
DEBUG:root:[ Iteration 435 ] Training loss: 0.133713
DEBUG:root:[ Iteration 438 ] Training loss: 0.113927
DEBUG:root:[ Iteration 440 ] Test loss: 0.142475
DEBUG:root:[ Iteration 441 ] Training loss: 0.134638
DEBUG:root:[ Iteration 444 ] Training loss: 0.119543
DEBUG:root:[ Iteration 447 ] Training loss: 0.174329
DEBUG:root:[ Iteration 450 ] Training loss: 0.139124
DEBUG:root:[ Iteration 453 ] Training loss: 0.129931
DEBUG:root:[ Iteration 456 ] Training loss: 0.156027
DEBUG:root:[ Iteration 459 ] Training loss: 0.128421
DEBUG:root:[ Iteration 460 ] Test loss: 0.142291
DEBUG:root:[ Iteration 462 ] Training loss: 0.160907
DEBUG:root:[ Iteration 465 ] Training loss: 0.130201
DEBUG:root:[ Iteration 468 ] Training loss: 0.123769
DEBUG:root:[ Iteration 471 ] Training loss: 0.155414
DEBUG:root:[ Iteration 474 ] Training loss: 0.118014
DEBUG:root:[ Iteration 477 ] Training loss: 0.136031
DEBUG:root:[ Iteration 480 ] Training loss: 0.125095
DEBUG:root:[ Iteration 480 ] Test loss: 0.142048
DEBUG:root:[ Iteration 483 ] Training loss: 0.11221
DEBUG:root:[ Iteration 486 ] Training loss: 0.133328
DEBUG:root:[ Iteration 489 ] Training loss: 0.118161
DEBUG:root:[ Iteration 492 ] Training loss: 0.128652
DEBUG:root:[ Iteration 495 ] Training loss: 0.153382
DEBUG:root:[ Iteration 498 ] Training loss: 0.128503
DEBUG:root:Optimization done.
DEBUG:root:[ Iteration 0 ] Training loss: 0.18133
DEBUG:root:[ Iteration 0 ] Test loss: 0.197295
DEBUG:root:[ Iteration 3 ] Training loss: 0.187794
DEBUG:root:[ Iteration 6 ] Training loss: 0.189632
DEBUG:root:[ Iteration 9 ] Training loss: 0.193542
DEBUG:root:[ Iteration 12 ] Training loss: 0.182217
DEBUG:root:[ Iteration 15 ] Training loss: 0.1834
DEBUG:root:[ Iteration 18 ] Training loss: 0.178003
DEBUG:root:[ Iteration 20 ] Test loss: 0.180255
DEBUG:root:[ Iteration 21 ] Training loss: 0.181227
DEBUG:root:[ Iteration 24 ] Training loss: 0.172109
DEBUG:root:[ Iteration 27 ] Training loss: 0.164433
DEBUG:root:[ Iteration 30 ] Training loss: 0.166142
DEBUG:root:[ Iteration 33 ] Training loss: 0.16738
DEBUG:root:[ Iteration 36 ] Training loss: 0.155376
DEBUG:root:[ Iteration 39 ] Training loss: 0.158977
DEBUG:root:[ Iteration 40 ] Test loss: 0.155459
DEBUG:root:[ Iteration 42 ] Training loss: 0.150304
DEBUG:root:[ Iteration 45 ] Training loss: 0.14193
DEBUG:root:[ Iteration 48 ] Training loss: 0.152506
DEBUG:root:[ Iteration 51 ] Training loss: 0.141479
DEBUG:root:[ Iteration 54 ] Training loss: 0.145022
DEBUG:root:[ Iteration 57 ] Training loss: 0.140092
DEBUG:root:[ Iteration 60 ] Training loss: 0.134906
DEBUG:root:[ Iteration 60 ] Test loss: 0.141957
DEBUG:root:[ Iteration 63 ] Training loss: 0.143284
DEBUG:root:[ Iteration 66 ] Training loss: 0.142177
DEBUG:root:[ Iteration 69 ] Training loss: 0.129528
DEBUG:root:[ Iteration 72 ] Training loss: 0.131104
DEBUG:root:[ Iteration 75 ] Training loss: 0.134845
DEBUG:root:[ Iteration 78 ] Training loss: 0.128918
DEBUG:root:[ Iteration 80 ] Test loss: 0.131214
DEBUG:root:[ Iteration 81 ] Training loss: 0.137069
DEBUG:root:[ Iteration 84 ] Training loss: 0.12792
DEBUG:root:[ Iteration 87 ] Training loss: 0.130419
DEBUG:root:[ Iteration 90 ] Training loss: 0.126811
DEBUG:root:[ Iteration 93 ] Training loss: 0.118328
DEBUG:root:[ Iteration 96 ] Training loss: 0.128547
DEBUG:root:[ Iteration 99 ] Training loss: 0.126951
DEBUG:root:[ Iteration 100 ] Test loss: 0.120398
DEBUG:root:[ Iteration 102 ] Training loss: 0.12951
DEBUG:root:[ Iteration 105 ] Training loss: 0.120987
DEBUG:root:[ Iteration 108 ] Training loss: 0.115591
DEBUG:root:[ Iteration 111 ] Training loss: 0.111643
DEBUG:root:[ Iteration 114 ] Training loss: 0.119633
DEBUG:root:[ Iteration 117 ] Training loss: 0.124259
DEBUG:root:[ Iteration 120 ] Training loss: 0.120361
DEBUG:root:[ Iteration 120 ] Test loss: 0.115395
DEBUG:root:[ Iteration 123 ] Training loss: 0.113637
DEBUG:root:[ Iteration 126 ] Training loss: 0.109951
DEBUG:root:[ Iteration 129 ] Training loss: 0.113723
DEBUG:root:[ Iteration 132 ] Training loss: 0.126665
DEBUG:root:[ Iteration 135 ] Training loss: 0.118698
DEBUG:root:[ Iteration 138 ] Training loss: 0.108138
DEBUG:root:[ Iteration 140 ] Test loss: 0.114879
DEBUG:root:[ Iteration 141 ] Training loss: 0.108949
DEBUG:root:[ Iteration 144 ] Training loss: 0.112977
DEBUG:root:[ Iteration 147 ] Training loss: 0.110583
DEBUG:root:[ Iteration 150 ] Training loss: 0.113388
DEBUG:root:[ Iteration 153 ] Training loss: 0.11002
DEBUG:root:[ Iteration 156 ] Training loss: 0.103036
DEBUG:root:[ Iteration 159 ] Training loss: 0.100295
DEBUG:root:[ Iteration 160 ] Test loss: 0.124994
DEBUG:root:[ Iteration 162 ] Training loss: 0.115775
DEBUG:root:[ Iteration 165 ] Training loss: 0.0999691
DEBUG:root:[ Iteration 168 ] Training loss: 0.100418
DEBUG:root:[ Iteration 171 ] Training loss: 0.109846
DEBUG:root:[ Iteration 174 ] Training loss: 0.120095
DEBUG:root:[ Iteration 177 ] Training loss: 0.108432
DEBUG:root:[ Iteration 180 ] Training loss: 0.110612
DEBUG:root:[ Iteration 180 ] Test loss: 0.112987
DEBUG:root:[ Iteration 183 ] Training loss: 0.0980068
DEBUG:root:[ Iteration 186 ] Training loss: 0.115138
DEBUG:root:[ Iteration 189 ] Training loss: 0.105058
DEBUG:root:[ Iteration 192 ] Training loss: 0.103646
DEBUG:root:[ Iteration 195 ] Training loss: 0.113512
DEBUG:root:[ Iteration 198 ] Training loss: 0.103647
DEBUG:root:[ Iteration 200 ] Test loss: 0.117666
DEBUG:root:[ Iteration 201 ] Training loss: 0.102785
DEBUG:root:[ Iteration 204 ] Training loss: 0.10849
DEBUG:root:[ Iteration 207 ] Training loss: 0.102311
DEBUG:root:[ Iteration 210 ] Training loss: 0.101637
DEBUG:root:[ Iteration 213 ] Training loss: 0.103325
DEBUG:root:[ Iteration 216 ] Training loss: 0.100382
DEBUG:root:[ Iteration 219 ] Training loss: 0.0937283
DEBUG:root:[ Iteration 220 ] Test loss: 0.107985
DEBUG:root:[ Iteration 222 ] Training loss: 0.0993547
DEBUG:root:[ Iteration 225 ] Training loss: 0.109259
DEBUG:root:[ Iteration 228 ] Training loss: 0.120356
DEBUG:root:[ Iteration 231 ] Training loss: 0.106018
DEBUG:root:[ Iteration 234 ] Training loss: 0.106252
DEBUG:root:[ Iteration 237 ] Training loss: 0.105639
DEBUG:root:[ Iteration 240 ] Training loss: 0.106586
DEBUG:root:[ Iteration 240 ] Test loss: 0.111705
DEBUG:root:[ Iteration 243 ] Training loss: 0.093948
DEBUG:root:[ Iteration 246 ] Training loss: 0.0970898
DEBUG:root:[ Iteration 249 ] Training loss: 0.094565
DEBUG:root:[ Iteration 252 ] Training loss: 0.114152
DEBUG:root:[ Iteration 255 ] Training loss: 0.106371
DEBUG:root:[ Iteration 258 ] Training loss: 0.112464
DEBUG:root:[ Iteration 260 ] Test loss: 0.103791
DEBUG:root:[ Iteration 261 ] Training loss: 0.0990184
DEBUG:root:[ Iteration 264 ] Training loss: 0.106476
DEBUG:root:[ Iteration 267 ] Training loss: 0.0988601
DEBUG:root:[ Iteration 270 ] Training loss: 0.0969632
DEBUG:root:[ Iteration 273 ] Training loss: 0.106177
DEBUG:root:[ Iteration 276 ] Training loss: 0.101226
DEBUG:root:[ Iteration 279 ] Training loss: 0.108677
DEBUG:root:[ Iteration 280 ] Test loss: 0.109615
DEBUG:root:[ Iteration 282 ] Training loss: 0.10508
DEBUG:root:[ Iteration 285 ] Training loss: 0.102642
DEBUG:root:[ Iteration 288 ] Training loss: 0.113066
DEBUG:root:[ Iteration 291 ] Training loss: 0.0997224
DEBUG:root:[ Iteration 294 ] Training loss: 0.103217
DEBUG:root:[ Iteration 297 ] Training loss: 0.107484
DEBUG:root:[ Iteration 300 ] Training loss: 0.113979
DEBUG:root:[ Iteration 300 ] Test loss: 0.105059
DEBUG:root:[ Iteration 303 ] Training loss: 0.106475
DEBUG:root:[ Iteration 306 ] Training loss: 0.102668
DEBUG:root:[ Iteration 309 ] Training loss: 0.105305
DEBUG:root:[ Iteration 312 ] Training loss: 0.102633
DEBUG:root:[ Iteration 315 ] Training loss: 0.096657
DEBUG:root:[ Iteration 318 ] Training loss: 0.107674
DEBUG:root:[ Iteration 320 ] Test loss: 0.11036
DEBUG:root:[ Iteration 321 ] Training loss: 0.105641
DEBUG:root:[ Iteration 324 ] Training loss: 0.093952
DEBUG:root:[ Iteration 327 ] Training loss: 0.104947
DEBUG:root:[ Iteration 330 ] Training loss: 0.101452
DEBUG:root:[ Iteration 333 ] Training loss: 0.0919954
DEBUG:root:[ Iteration 336 ] Training loss: 0.103245
DEBUG:root:[ Iteration 339 ] Training loss: 0.0914561
DEBUG:root:[ Iteration 340 ] Test loss: 0.0944518
DEBUG:root:[ Iteration 342 ] Training loss: 0.0844735
DEBUG:root:[ Iteration 345 ] Training loss: 0.0957442
DEBUG:root:[ Iteration 348 ] Training loss: 0.107595
DEBUG:root:[ Iteration 351 ] Training loss: 0.103593
DEBUG:root:[ Iteration 354 ] Training loss: 0.094453
DEBUG:root:[ Iteration 357 ] Training loss: 0.100382
DEBUG:root:[ Iteration 360 ] Training loss: 0.103585
DEBUG:root:[ Iteration 360 ] Test loss: 0.107241
DEBUG:root:[ Iteration 363 ] Training loss: 0.102433
DEBUG:root:[ Iteration 366 ] Training loss: 0.103477
DEBUG:root:[ Iteration 369 ] Training loss: 0.107274
DEBUG:root:[ Iteration 372 ] Training loss: 0.0906988
DEBUG:root:[ Iteration 375 ] Training loss: 0.0856855
DEBUG:root:[ Iteration 378 ] Training loss: 0.109854
DEBUG:root:[ Iteration 380 ] Test loss: 0.103763
DEBUG:root:[ Iteration 381 ] Training loss: 0.0965314
DEBUG:root:[ Iteration 384 ] Training loss: 0.101526
DEBUG:root:[ Iteration 387 ] Training loss: 0.0932697
DEBUG:root:[ Iteration 390 ] Training loss: 0.098348
DEBUG:root:[ Iteration 393 ] Training loss: 0.113522
DEBUG:root:[ Iteration 396 ] Training loss: 0.103359
DEBUG:root:[ Iteration 399 ] Training loss: 0.0979395
DEBUG:root:[ Iteration 400 ] Test loss: 0.10055
DEBUG:root:[ Iteration 402 ] Training loss: 0.104018
DEBUG:root:[ Iteration 405 ] Training loss: 0.0967418
DEBUG:root:[ Iteration 408 ] Training loss: 0.10248
DEBUG:root:[ Iteration 411 ] Training loss: 0.0946024
DEBUG:root:[ Iteration 414 ] Training loss: 0.0993299
DEBUG:root:[ Iteration 417 ] Training loss: 0.0979459
DEBUG:root:[ Iteration 420 ] Training loss: 0.0967296
DEBUG:root:[ Iteration 420 ] Test loss: 0.116802
DEBUG:root:[ Iteration 423 ] Training loss: 0.0936933
DEBUG:root:[ Iteration 426 ] Training loss: 0.0928102
DEBUG:root:[ Iteration 429 ] Training loss: 0.09832
DEBUG:root:[ Iteration 432 ] Training loss: 0.0968665
DEBUG:root:[ Iteration 435 ] Training loss: 0.0945548
DEBUG:root:[ Iteration 438 ] Training loss: 0.116003
DEBUG:root:[ Iteration 440 ] Test loss: 0.113609
DEBUG:root:[ Iteration 441 ] Training loss: 0.104646
DEBUG:root:[ Iteration 444 ] Training loss: 0.0940921
DEBUG:root:[ Iteration 447 ] Training loss: 0.0943992
DEBUG:root:Saving...
DEBUG:root:Saved model to /media/1tb/Izzy/nets/net10_03-02-2016_00h41m19s.ckpt
DEBUG:root:Optimization done.
