DEBUG:root:[ Iteration 0 ] Training loss: 0.547083
DEBUG:root:[ Iteration 0 ] Test loss: 0.546519
DEBUG:root:[ Iteration 0 ] Training loss: 0.523751
DEBUG:root:[ Iteration 0 ] Test loss: 0.549263
DEBUG:root:[ Iteration 3 ] Training loss: 0.372727
DEBUG:root:[ Iteration 6 ] Training loss: 0.482518
DEBUG:root:[ Iteration 9 ] Training loss: 0.430889
DEBUG:root:[ Iteration 12 ] Training loss: 0.409469
DEBUG:root:[ Iteration 15 ] Training loss: 0.272558
DEBUG:root:[ Iteration 18 ] Training loss: 0.338176
DEBUG:root:[ Iteration 20 ] Test loss: 0.306979
DEBUG:root:[ Iteration 21 ] Training loss: 0.298759
DEBUG:root:[ Iteration 24 ] Training loss: 0.26211
DEBUG:root:[ Iteration 27 ] Training loss: 0.22416
DEBUG:root:[ Iteration 30 ] Training loss: 0.201343
DEBUG:root:[ Iteration 33 ] Training loss: 0.174341
DEBUG:root:[ Iteration 36 ] Training loss: 0.168081
DEBUG:root:[ Iteration 39 ] Training loss: 0.165709
DEBUG:root:[ Iteration 40 ] Test loss: 0.164638
DEBUG:root:[ Iteration 42 ] Training loss: 0.169524
DEBUG:root:[ Iteration 45 ] Training loss: 0.168078
DEBUG:root:[ Iteration 48 ] Training loss: 0.15366
DEBUG:root:[ Iteration 51 ] Training loss: 0.159481
DEBUG:root:[ Iteration 54 ] Training loss: 0.151071
DEBUG:root:[ Iteration 57 ] Training loss: 0.158194
DEBUG:root:[ Iteration 60 ] Training loss: 0.145297
DEBUG:root:[ Iteration 60 ] Test loss: 0.155213
DEBUG:root:[ Iteration 63 ] Training loss: 0.158614
DEBUG:root:[ Iteration 66 ] Training loss: 0.153918
DEBUG:root:[ Iteration 69 ] Training loss: 0.155553
DEBUG:root:[ Iteration 72 ] Training loss: 0.162056
DEBUG:root:[ Iteration 75 ] Training loss: 0.160194
DEBUG:root:[ Iteration 78 ] Training loss: 0.154311
DEBUG:root:[ Iteration 80 ] Test loss: 0.153108
DEBUG:root:[ Iteration 81 ] Training loss: 0.161068
DEBUG:root:[ Iteration 84 ] Training loss: 0.150059
DEBUG:root:[ Iteration 87 ] Training loss: 0.154502
DEBUG:root:[ Iteration 90 ] Training loss: 0.13818
DEBUG:root:[ Iteration 93 ] Training loss: 0.1593
DEBUG:root:[ Iteration 96 ] Training loss: 0.140614
DEBUG:root:[ Iteration 99 ] Training loss: 0.14389
DEBUG:root:[ Iteration 100 ] Test loss: 0.151261
DEBUG:root:[ Iteration 102 ] Training loss: 0.156611
DEBUG:root:[ Iteration 105 ] Training loss: 0.15012
DEBUG:root:[ Iteration 108 ] Training loss: 0.146555
DEBUG:root:[ Iteration 111 ] Training loss: 0.146265
DEBUG:root:[ Iteration 114 ] Training loss: 0.150274
DEBUG:root:[ Iteration 117 ] Training loss: 0.154503
DEBUG:root:[ Iteration 120 ] Training loss: 0.143033
DEBUG:root:[ Iteration 120 ] Test loss: 0.14947
DEBUG:root:[ Iteration 123 ] Training loss: 0.151907
DEBUG:root:[ Iteration 126 ] Training loss: 0.149339
DEBUG:root:[ Iteration 129 ] Training loss: 0.14081
DEBUG:root:[ Iteration 132 ] Training loss: 0.161858
DEBUG:root:[ Iteration 135 ] Training loss: 0.156976
DEBUG:root:[ Iteration 138 ] Training loss: 0.152588
DEBUG:root:[ Iteration 140 ] Test loss: 0.147342
DEBUG:root:[ Iteration 141 ] Training loss: 0.139068
DEBUG:root:[ Iteration 144 ] Training loss: 0.151816
DEBUG:root:[ Iteration 147 ] Training loss: 0.146376
DEBUG:root:[ Iteration 150 ] Training loss: 0.143787
DEBUG:root:[ Iteration 153 ] Training loss: 0.149617
DEBUG:root:[ Iteration 156 ] Training loss: 0.144216
DEBUG:root:[ Iteration 159 ] Training loss: 0.146208
DEBUG:root:[ Iteration 160 ] Test loss: 0.145421
DEBUG:root:[ Iteration 162 ] Training loss: 0.156083
DEBUG:root:[ Iteration 165 ] Training loss: 0.142274
DEBUG:root:[ Iteration 168 ] Training loss: 0.149162
DEBUG:root:[ Iteration 171 ] Training loss: 0.142427
DEBUG:root:[ Iteration 174 ] Training loss: 0.133689
DEBUG:root:[ Iteration 177 ] Training loss: 0.143178
DEBUG:root:[ Iteration 180 ] Training loss: 0.14829
DEBUG:root:[ Iteration 180 ] Test loss: 0.143168
DEBUG:root:[ Iteration 183 ] Training loss: 0.133436
DEBUG:root:[ Iteration 186 ] Training loss: 0.134269
DEBUG:root:[ Iteration 189 ] Training loss: 0.139098
DEBUG:root:[ Iteration 192 ] Training loss: 0.153315
DEBUG:root:[ Iteration 195 ] Training loss: 0.142571
DEBUG:root:[ Iteration 198 ] Training loss: 0.132807
DEBUG:root:Saving...
DEBUG:root:Saved model to /home/annal/Izzy/vision_amt/Net/tensor/./net5/net5_02-14-2016_00h23m24s.ckpt
DEBUG:root:Optimization done.
DEBUG:root:[ Iteration 0 ] Training loss: 0.494179
DEBUG:root:[ Iteration 0 ] Test loss: 0.509967
DEBUG:root:[ Iteration 0 ] Training loss: 0.550704
DEBUG:root:[ Iteration 0 ] Test loss: 0.564484
DEBUG:root:[ Iteration 3 ] Training loss: 0.521717
DEBUG:root:[ Iteration 6 ] Training loss: 0.525993
DEBUG:root:[ Iteration 9 ] Training loss: 0.511999
DEBUG:root:[ Iteration 12 ] Training loss: 0.564331
DEBUG:root:[ Iteration 15 ] Training loss: 0.46643
DEBUG:root:[ Iteration 18 ] Training loss: 0.509722
DEBUG:root:[ Iteration 20 ] Test loss: 0.508824
DEBUG:root:[ Iteration 21 ] Training loss: 0.454718
DEBUG:root:[ Iteration 24 ] Training loss: 0.514921
DEBUG:root:[ Iteration 27 ] Training loss: 0.424534
DEBUG:root:[ Iteration 30 ] Training loss: 0.43931
DEBUG:root:[ Iteration 33 ] Training loss: 0.447718
DEBUG:root:[ Iteration 36 ] Training loss: 0.489987
DEBUG:root:[ Iteration 39 ] Training loss: 0.486009
DEBUG:root:[ Iteration 40 ] Test loss: 0.464581
DEBUG:root:[ Iteration 42 ] Training loss: 0.416458
DEBUG:root:[ Iteration 45 ] Training loss: 0.237718
DEBUG:root:[ Iteration 48 ] Training loss: 0.21316
DEBUG:root:[ Iteration 51 ] Training loss: 0.180616
DEBUG:root:[ Iteration 54 ] Training loss: 0.169297
DEBUG:root:[ Iteration 57 ] Training loss: 0.157429
DEBUG:root:[ Iteration 60 ] Training loss: 0.162364
DEBUG:root:[ Iteration 60 ] Test loss: 0.161038
DEBUG:root:[ Iteration 63 ] Training loss: 0.160766
DEBUG:root:[ Iteration 66 ] Training loss: 0.143656
DEBUG:root:[ Iteration 69 ] Training loss: 0.152419
DEBUG:root:[ Iteration 72 ] Training loss: 0.156279
DEBUG:root:[ Iteration 75 ] Training loss: 0.158856
DEBUG:root:[ Iteration 78 ] Training loss: 0.170615
DEBUG:root:[ Iteration 80 ] Test loss: 0.160026
DEBUG:root:[ Iteration 81 ] Training loss: 0.151667
DEBUG:root:[ Iteration 84 ] Training loss: 0.169387
DEBUG:root:[ Iteration 87 ] Training loss: 0.167225
DEBUG:root:[ Iteration 90 ] Training loss: 0.181394
DEBUG:root:[ Iteration 93 ] Training loss: 0.155839
DEBUG:root:[ Iteration 96 ] Training loss: 0.152016
DEBUG:root:[ Iteration 99 ] Training loss: 0.171065
DEBUG:root:[ Iteration 100 ] Test loss: 0.159838
DEBUG:root:[ Iteration 102 ] Training loss: 0.162262
DEBUG:root:[ Iteration 105 ] Training loss: 0.151696
DEBUG:root:[ Iteration 108 ] Training loss: 0.154366
DEBUG:root:[ Iteration 111 ] Training loss: 0.153225
DEBUG:root:[ Iteration 114 ] Training loss: 0.144389
DEBUG:root:[ Iteration 117 ] Training loss: 0.156939
DEBUG:root:[ Iteration 120 ] Training loss: 0.165016
DEBUG:root:[ Iteration 120 ] Test loss: 0.159792
DEBUG:root:[ Iteration 123 ] Training loss: 0.158605
DEBUG:root:[ Iteration 126 ] Training loss: 0.161861
DEBUG:root:[ Iteration 129 ] Training loss: 0.159151
DEBUG:root:[ Iteration 132 ] Training loss: 0.151241
DEBUG:root:[ Iteration 135 ] Training loss: 0.148813
DEBUG:root:[ Iteration 138 ] Training loss: 0.151022
DEBUG:root:[ Iteration 140 ] Test loss: 0.159676
DEBUG:root:[ Iteration 141 ] Training loss: 0.172378
DEBUG:root:[ Iteration 144 ] Training loss: 0.16178
DEBUG:root:[ Iteration 147 ] Training loss: 0.151375
DEBUG:root:[ Iteration 150 ] Training loss: 0.148064
DEBUG:root:[ Iteration 153 ] Training loss: 0.162024
DEBUG:root:[ Iteration 156 ] Training loss: 0.151994
DEBUG:root:[ Iteration 159 ] Training loss: 0.15335
DEBUG:root:[ Iteration 160 ] Test loss: 0.159594
DEBUG:root:[ Iteration 162 ] Training loss: 0.149388
DEBUG:root:[ Iteration 165 ] Training loss: 0.165174
DEBUG:root:[ Iteration 168 ] Training loss: 0.148286
DEBUG:root:[ Iteration 171 ] Training loss: 0.145535
DEBUG:root:[ Iteration 174 ] Training loss: 0.163763
DEBUG:root:[ Iteration 177 ] Training loss: 0.158462
DEBUG:root:[ Iteration 180 ] Training loss: 0.150836
DEBUG:root:[ Iteration 180 ] Test loss: 0.159638
DEBUG:root:[ Iteration 183 ] Training loss: 0.146145
DEBUG:root:[ Iteration 186 ] Training loss: 0.158584
DEBUG:root:[ Iteration 189 ] Training loss: 0.16619
DEBUG:root:[ Iteration 192 ] Training loss: 0.16002
DEBUG:root:[ Iteration 195 ] Training loss: 0.168603
DEBUG:root:[ Iteration 198 ] Training loss: 0.151539
DEBUG:root:Saving...
DEBUG:root:Saved model to /home/annal/Izzy/vision_amt/Net/tensor/./net5/net5_02-14-2016_00h29m47s.ckpt
DEBUG:root:Optimization done.
DEBUG:root:[ Iteration 0 ] Training loss: 0.790082
DEBUG:root:[ Iteration 0 ] Test loss: 0.750781
DEBUG:root:[ Iteration 3 ] Training loss: 0.772249
DEBUG:root:[ Iteration 6 ] Training loss: 0.77186
DEBUG:root:[ Iteration 9 ] Training loss: 0.754376
DEBUG:root:[ Iteration 12 ] Training loss: 0.74344
DEBUG:root:[ Iteration 15 ] Training loss: 0.703352
DEBUG:root:[ Iteration 18 ] Training loss: 0.754367
DEBUG:root:[ Iteration 20 ] Test loss: 0.750745
DEBUG:root:[ Iteration 21 ] Training loss: 0.765375
DEBUG:root:[ Iteration 24 ] Training loss: 0.768895
DEBUG:root:[ Iteration 27 ] Training loss: 0.772576
DEBUG:root:[ Iteration 30 ] Training loss: 0.789482
DEBUG:root:[ Iteration 33 ] Training loss: 0.750828
DEBUG:root:[ Iteration 36 ] Training loss: 0.783416
DEBUG:root:[ Iteration 39 ] Training loss: 0.766328
DEBUG:root:[ Iteration 40 ] Test loss: 0.750745
DEBUG:root:[ Iteration 42 ] Training loss: 0.765628
DEBUG:root:Saving...
DEBUG:root:Saved model to /home/annal/Izzy/vision_amt/Net/tensor/./net5/net5_02-14-2016_00h31m18s.ckpt
DEBUG:root:Optimization done.
DEBUG:root:[ Iteration 0 ] Training loss: 0.58557
DEBUG:root:[ Iteration 0 ] Test loss: 0.598033
DEBUG:root:[ Iteration 3 ] Training loss: 0.593521
DEBUG:root:[ Iteration 6 ] Training loss: 0.608208
DEBUG:root:[ Iteration 9 ] Training loss: 0.578739
DEBUG:root:[ Iteration 12 ] Training loss: 0.57209
DEBUG:root:[ Iteration 15 ] Training loss: 0.608707
DEBUG:root:[ Iteration 18 ] Training loss: 0.607773
DEBUG:root:[ Iteration 20 ] Test loss: 0.598121
DEBUG:root:[ Iteration 21 ] Training loss: 0.547742
DEBUG:root:[ Iteration 24 ] Training loss: 0.584958
DEBUG:root:[ Iteration 27 ] Training loss: 0.611711
DEBUG:root:[ Iteration 30 ] Training loss: 0.574939
DEBUG:root:[ Iteration 33 ] Training loss: 0.612639
DEBUG:root:[ Iteration 36 ] Training loss: 0.548368
DEBUG:root:[ Iteration 39 ] Training loss: 0.591632
DEBUG:root:[ Iteration 40 ] Test loss: 0.598121
DEBUG:root:[ Iteration 42 ] Training loss: 0.583335
DEBUG:root:[ Iteration 45 ] Training loss: 0.611401
DEBUG:root:[ Iteration 48 ] Training loss: 0.582114
DEBUG:root:[ Iteration 51 ] Training loss: 0.629604
DEBUG:root:[ Iteration 54 ] Training loss: 0.550942
DEBUG:root:[ Iteration 57 ] Training loss: 0.605239
DEBUG:root:[ Iteration 60 ] Training loss: 0.578669
DEBUG:root:[ Iteration 60 ] Test loss: 0.598121
DEBUG:root:[ Iteration 63 ] Training loss: 0.590979
DEBUG:root:[ Iteration 66 ] Training loss: 0.587775
DEBUG:root:Saving...
DEBUG:root:Saved model to /home/annal/Izzy/vision_amt/Net/tensor/./net5/net5_02-14-2016_00h33m24s.ckpt
DEBUG:root:Optimization done.
DEBUG:root:[ Iteration 0 ] Training loss: 0.567986
DEBUG:root:[ Iteration 0 ] Test loss: 0.582039
DEBUG:root:[ Iteration 3 ] Training loss: 0.574546
DEBUG:root:[ Iteration 6 ] Training loss: 0.633606
DEBUG:root:[ Iteration 9 ] Training loss: 0.573353
DEBUG:root:[ Iteration 12 ] Training loss: 0.565407
DEBUG:root:[ Iteration 15 ] Training loss: 0.602796
DEBUG:root:[ Iteration 18 ] Training loss: 0.592132
DEBUG:root:[ Iteration 20 ] Test loss: 0.582038
DEBUG:root:[ Iteration 21 ] Training loss: 0.551096
DEBUG:root:[ Iteration 24 ] Training loss: 0.537576
DEBUG:root:[ Iteration 27 ] Training loss: 0.604514
DEBUG:root:[ Iteration 30 ] Training loss: 0.569517
DEBUG:root:[ Iteration 33 ] Training loss: 0.537285
DEBUG:root:[ Iteration 36 ] Training loss: 0.588534
DEBUG:root:[ Iteration 39 ] Training loss: 0.587291
DEBUG:root:[ Iteration 40 ] Test loss: 0.582036
DEBUG:root:[ Iteration 42 ] Training loss: 0.55458
DEBUG:root:[ Iteration 45 ] Training loss: 0.548611
DEBUG:root:[ Iteration 48 ] Training loss: 0.570964
DEBUG:root:[ Iteration 51 ] Training loss: 0.572881
DEBUG:root:[ Iteration 54 ] Training loss: 0.532653
DEBUG:root:[ Iteration 57 ] Training loss: 0.558662
DEBUG:root:[ Iteration 60 ] Training loss: 0.581744
DEBUG:root:[ Iteration 60 ] Test loss: 0.582033
DEBUG:root:[ Iteration 63 ] Training loss: 0.600213
DEBUG:root:Saving...
DEBUG:root:Saved model to /home/annal/Izzy/vision_amt/Net/tensor/./net5/net5_02-14-2016_00h35m12s.ckpt
DEBUG:root:Optimization done.
DEBUG:root:[ Iteration 0 ] Training loss: 0.551417
DEBUG:root:[ Iteration 0 ] Test loss: 0.535828
DEBUG:root:[ Iteration 3 ] Training loss: 0.525503
DEBUG:root:[ Iteration 6 ] Training loss: 0.460639
DEBUG:root:[ Iteration 9 ] Training loss: 0.477652
DEBUG:root:[ Iteration 12 ] Training loss: 0.515563
DEBUG:root:[ Iteration 15 ] Training loss: 0.475659
DEBUG:root:[ Iteration 18 ] Training loss: 0.479787
DEBUG:root:[ Iteration 20 ] Test loss: 0.452203
DEBUG:root:[ Iteration 21 ] Training loss: 0.445707
DEBUG:root:[ Iteration 24 ] Training loss: 0.419366
DEBUG:root:[ Iteration 27 ] Training loss: 0.385083
DEBUG:root:[ Iteration 30 ] Training loss: 0.342124
DEBUG:root:[ Iteration 33 ] Training loss: 0.334335
DEBUG:root:[ Iteration 36 ] Training loss: 0.289256
DEBUG:root:[ Iteration 39 ] Training loss: 0.287192
DEBUG:root:Saving...
DEBUG:root:Saved model to /home/annal/Izzy/vision_amt/Net/tensor/./net5/net5_02-14-2016_00h36m50s.ckpt
DEBUG:root:Optimization done.
DEBUG:root:[ Iteration 0 ] Training loss: 0.620435
DEBUG:root:[ Iteration 0 ] Test loss: 0.620867
DEBUG:root:[ Iteration 3 ] Training loss: 0.55744
DEBUG:root:[ Iteration 6 ] Training loss: 0.569713
DEBUG:root:[ Iteration 9 ] Training loss: 0.595279
DEBUG:root:[ Iteration 12 ] Training loss: 0.605626
DEBUG:root:[ Iteration 15 ] Training loss: 0.589303
DEBUG:root:[ Iteration 18 ] Training loss: 0.573699
DEBUG:root:[ Iteration 20 ] Test loss: 0.598121
DEBUG:root:[ Iteration 21 ] Training loss: 0.601613
DEBUG:root:[ Iteration 24 ] Training loss: 0.608128
DEBUG:root:[ Iteration 27 ] Training loss: 0.603895
DEBUG:root:[ Iteration 30 ] Training loss: 0.614739
DEBUG:root:[ Iteration 33 ] Training loss: 0.558589
DEBUG:root:[ Iteration 36 ] Training loss: 0.637554
DEBUG:root:[ Iteration 39 ] Training loss: 0.603291
DEBUG:root:[ Iteration 40 ] Test loss: 0.598121
DEBUG:root:[ Iteration 42 ] Training loss: 0.602065
DEBUG:root:[ Iteration 45 ] Training loss: 0.585255
DEBUG:root:[ Iteration 48 ] Training loss: 0.591148
DEBUG:root:[ Iteration 51 ] Training loss: 0.621552
DEBUG:root:[ Iteration 54 ] Training loss: 0.559143
DEBUG:root:[ Iteration 57 ] Training loss: 0.609815
DEBUG:root:[ Iteration 60 ] Training loss: 0.571711
DEBUG:root:[ Iteration 60 ] Test loss: 0.598121
DEBUG:root:[ Iteration 63 ] Training loss: 0.566687
DEBUG:root:[ Iteration 66 ] Training loss: 0.617213
DEBUG:root:[ Iteration 69 ] Training loss: 0.598591
DEBUG:root:[ Iteration 72 ] Training loss: 0.593782
DEBUG:root:[ Iteration 75 ] Training loss: 0.577241
DEBUG:root:[ Iteration 78 ] Training loss: 0.563402
DEBUG:root:[ Iteration 80 ] Test loss: 0.598121
DEBUG:root:[ Iteration 81 ] Training loss: 0.595551
DEBUG:root:[ Iteration 84 ] Training loss: 0.5886
DEBUG:root:[ Iteration 87 ] Training loss: 0.595313
DEBUG:root:[ Iteration 90 ] Training loss: 0.537881
DEBUG:root:Saving...
DEBUG:root:Saved model to /home/annal/Izzy/vision_amt/Net/tensor/./net5/net5_02-14-2016_00h38m53s.ckpt
DEBUG:root:Optimization done.
DEBUG:root:[ Iteration 0 ] Training loss: 0.572421
DEBUG:root:[ Iteration 0 ] Test loss: 0.598121
DEBUG:root:[ Iteration 3 ] Training loss: 0.567005
DEBUG:root:[ Iteration 6 ] Training loss: 0.587275
DEBUG:root:[ Iteration 9 ] Training loss: 0.588135
DEBUG:root:[ Iteration 12 ] Training loss: 0.629511
DEBUG:root:[ Iteration 15 ] Training loss: 0.585326
DEBUG:root:[ Iteration 18 ] Training loss: 0.559161
DEBUG:root:[ Iteration 20 ] Test loss: 0.598121
DEBUG:root:[ Iteration 21 ] Training loss: 0.592457
DEBUG:root:[ Iteration 24 ] Training loss: 0.578332
DEBUG:root:[ Iteration 27 ] Training loss: 0.598422
DEBUG:root:[ Iteration 30 ] Training loss: 0.610018
DEBUG:root:[ Iteration 33 ] Training loss: 0.589203
DEBUG:root:[ Iteration 36 ] Training loss: 0.578185
DEBUG:root:[ Iteration 39 ] Training loss: 0.590787
DEBUG:root:[ Iteration 40 ] Test loss: 0.598121
DEBUG:root:[ Iteration 42 ] Training loss: 0.599789
DEBUG:root:[ Iteration 45 ] Training loss: 0.570133
DEBUG:root:[ Iteration 48 ] Training loss: 0.590791
DEBUG:root:[ Iteration 51 ] Training loss: 0.587512
DEBUG:root:[ Iteration 54 ] Training loss: 0.575508
DEBUG:root:[ Iteration 57 ] Training loss: 0.569513
DEBUG:root:[ Iteration 60 ] Training loss: 0.611239
DEBUG:root:[ Iteration 60 ] Test loss: 0.598121
DEBUG:root:Saving...
DEBUG:root:Saved model to /home/annal/Izzy/vision_amt/Net/tensor/./net5/net5_02-14-2016_00h40m43s.ckpt
DEBUG:root:Optimization done.
DEBUG:root:[ Iteration 0 ] Training loss: 0.807798
DEBUG:root:[ Iteration 0 ] Test loss: 0.766695
DEBUG:root:[ Iteration 3 ] Training loss: 0.798361
DEBUG:root:[ Iteration 6 ] Training loss: 0.823486
DEBUG:root:[ Iteration 9 ] Training loss: 0.79833
DEBUG:root:[ Iteration 12 ] Training loss: 0.806718
DEBUG:root:[ Iteration 15 ] Training loss: 0.79698
DEBUG:root:[ Iteration 18 ] Training loss: 0.830462
DEBUG:root:[ Iteration 20 ] Test loss: 0.766825
DEBUG:root:[ Iteration 21 ] Training loss: 0.811224
DEBUG:root:[ Iteration 24 ] Training loss: 0.762817
DEBUG:root:[ Iteration 27 ] Training loss: 0.764951
DEBUG:root:[ Iteration 30 ] Training loss: 0.792659
DEBUG:root:[ Iteration 33 ] Training loss: 0.81887
DEBUG:root:[ Iteration 36 ] Training loss: 0.791688
DEBUG:root:[ Iteration 39 ] Training loss: 0.780922
DEBUG:root:[ Iteration 40 ] Test loss: 0.766825
DEBUG:root:[ Iteration 42 ] Training loss: 0.793605
DEBUG:root:[ Iteration 45 ] Training loss: 0.823629
DEBUG:root:[ Iteration 48 ] Training loss: 0.799855
DEBUG:root:[ Iteration 51 ] Training loss: 0.79112
DEBUG:root:Saving...
DEBUG:root:Saved model to /home/annal/Izzy/vision_amt/Net/tensor/./net5/net5_02-14-2016_00h43m00s.ckpt
DEBUG:root:Optimization done.
DEBUG:root:[ Iteration 0 ] Training loss: 0.568835
DEBUG:root:[ Iteration 0 ] Test loss: 0.581949
DEBUG:root:[ Iteration 3 ] Training loss: 0.568835
DEBUG:root:[ Iteration 6 ] Training loss: 0.568835
DEBUG:root:[ Iteration 9 ] Training loss: 0.568835
DEBUG:root:[ Iteration 12 ] Training loss: 0.568835
DEBUG:root:[ Iteration 15 ] Training loss: 0.568835
DEBUG:root:[ Iteration 18 ] Training loss: 0.568835
DEBUG:root:[ Iteration 20 ] Test loss: 0.581949
DEBUG:root:[ Iteration 21 ] Training loss: 0.568835
DEBUG:root:[ Iteration 24 ] Training loss: 0.568835
DEBUG:root:[ Iteration 27 ] Training loss: 0.568835
DEBUG:root:[ Iteration 30 ] Training loss: 0.568835
DEBUG:root:[ Iteration 33 ] Training loss: 0.568835
DEBUG:root:[ Iteration 36 ] Training loss: 0.568835
DEBUG:root:[ Iteration 39 ] Training loss: 0.568835
DEBUG:root:[ Iteration 40 ] Test loss: 0.581949
DEBUG:root:[ Iteration 42 ] Training loss: 0.568835
DEBUG:root:[ Iteration 45 ] Training loss: 0.568835
DEBUG:root:[ Iteration 48 ] Training loss: 0.568835
DEBUG:root:Saving...
DEBUG:root:Saved model to /home/annal/Izzy/vision_amt/Net/tensor/./net5/net5_02-14-2016_00h44m55s.ckpt
DEBUG:root:Optimization done.
DEBUG:root:[ Iteration 0 ] Training loss: 0.762835
DEBUG:root:[ Iteration 0 ] Test loss: 0.750722
DEBUG:root:[ Iteration 3 ] Training loss: 0.762835
DEBUG:root:[ Iteration 6 ] Training loss: 0.762835
DEBUG:root:[ Iteration 9 ] Training loss: 0.762835
DEBUG:root:[ Iteration 12 ] Training loss: 0.762835
DEBUG:root:[ Iteration 15 ] Training loss: 0.762835
DEBUG:root:[ Iteration 18 ] Training loss: 0.762835
DEBUG:root:[ Iteration 20 ] Test loss: 0.750722
DEBUG:root:[ Iteration 21 ] Training loss: 0.762835
DEBUG:root:[ Iteration 24 ] Training loss: 0.762835
DEBUG:root:[ Iteration 27 ] Training loss: 0.762835
DEBUG:root:[ Iteration 30 ] Training loss: 0.762835
DEBUG:root:[ Iteration 33 ] Training loss: 0.762835
DEBUG:root:[ Iteration 36 ] Training loss: 0.762835
DEBUG:root:[ Iteration 39 ] Training loss: 0.762835
DEBUG:root:Saving...
DEBUG:root:Saved model to /home/annal/Izzy/vision_amt/Net/tensor/./net5/net5_02-14-2016_00h46m02s.ckpt
DEBUG:root:Optimization done.
DEBUG:root:[ Iteration 0 ] Training loss: 0.784548
DEBUG:root:[ Iteration 0 ] Test loss: 0.690364
DEBUG:root:[ Iteration 3 ] Training loss: 0.584464
DEBUG:root:[ Iteration 6 ] Training loss: 0.533554
DEBUG:root:[ Iteration 9 ] Training loss: 0.489822
DEBUG:root:[ Iteration 12 ] Training loss: 0.489822
DEBUG:root:[ Iteration 15 ] Training loss: 0.48982
DEBUG:root:[ Iteration 18 ] Training loss: 0.489824
DEBUG:root:[ Iteration 20 ] Test loss: 0.57998
DEBUG:root:[ Iteration 21 ] Training loss: 0.489826
DEBUG:root:[ Iteration 24 ] Training loss: 0.489826
DEBUG:root:[ Iteration 27 ] Training loss: 0.489826
DEBUG:root:[ Iteration 30 ] Training loss: 0.489826
DEBUG:root:[ Iteration 33 ] Training loss: 0.489826
DEBUG:root:[ Iteration 36 ] Training loss: 0.489826
DEBUG:root:[ Iteration 39 ] Training loss: 0.489826
DEBUG:root:[ Iteration 40 ] Test loss: 0.581243
DEBUG:root:[ Iteration 42 ] Training loss: 0.489826
DEBUG:root:[ Iteration 45 ] Training loss: 0.489826
DEBUG:root:[ Iteration 48 ] Training loss: 0.489826
DEBUG:root:[ Iteration 51 ] Training loss: 0.489826
DEBUG:root:[ Iteration 54 ] Training loss: 0.489826
DEBUG:root:[ Iteration 57 ] Training loss: 0.489826
DEBUG:root:[ Iteration 60 ] Training loss: 0.489826
DEBUG:root:Saving...
DEBUG:root:Saved model to /home/annal/Izzy/vision_amt/Net/tensor/./net5/net5_02-14-2016_00h47m44s.ckpt
DEBUG:root:Optimization done.
DEBUG:root:[ Iteration 0 ] Training loss: 0.629758
DEBUG:root:[ Iteration 0 ] Test loss: 0.624353
DEBUG:root:[ Iteration 3 ] Training loss: 0.568377
DEBUG:root:[ Iteration 6 ] Training loss: 0.570324
DEBUG:root:[ Iteration 9 ] Training loss: 0.544585
DEBUG:root:[ Iteration 12 ] Training loss: 0.54836
DEBUG:root:[ Iteration 15 ] Training loss: 0.566867
DEBUG:root:[ Iteration 18 ] Training loss: 0.550195
DEBUG:root:[ Iteration 20 ] Test loss: 0.551078
DEBUG:root:[ Iteration 21 ] Training loss: 0.547868
DEBUG:root:[ Iteration 24 ] Training loss: 0.533273
DEBUG:root:[ Iteration 27 ] Training loss: 0.474023
DEBUG:root:[ Iteration 30 ] Training loss: 0.496146
DEBUG:root:[ Iteration 33 ] Training loss: 0.456631
DEBUG:root:[ Iteration 36 ] Training loss: 0.48119
DEBUG:root:[ Iteration 39 ] Training loss: 0.454868
DEBUG:root:[ Iteration 40 ] Test loss: 0.448265
DEBUG:root:[ Iteration 42 ] Training loss: 0.403569
DEBUG:root:[ Iteration 45 ] Training loss: 0.353747
DEBUG:root:[ Iteration 48 ] Training loss: 0.304148
DEBUG:root:[ Iteration 51 ] Training loss: 0.278243
DEBUG:root:[ Iteration 54 ] Training loss: 0.25483
DEBUG:root:[ Iteration 57 ] Training loss: 0.23678
DEBUG:root:Saving...
DEBUG:root:Saved model to /home/annal/Izzy/vision_amt/Net/tensor/./net5/net5_02-14-2016_00h55m44s.ckpt
DEBUG:root:Optimization done.
DEBUG:root:[ Iteration 0 ] Training loss: 0.789347
DEBUG:root:[ Iteration 0 ] Test loss: 0.747634
DEBUG:root:[ Iteration 3 ] Training loss: 0.752448
DEBUG:root:[ Iteration 6 ] Training loss: 0.750317
DEBUG:root:[ Iteration 9 ] Training loss: 0.739169
DEBUG:root:[ Iteration 12 ] Training loss: 0.74661
DEBUG:root:[ Iteration 15 ] Training loss: 0.779192
DEBUG:root:[ Iteration 18 ] Training loss: 0.73705
DEBUG:root:[ Iteration 20 ] Test loss: 0.720423
DEBUG:root:[ Iteration 21 ] Training loss: 0.728557
DEBUG:root:[ Iteration 24 ] Training loss: 0.781549
DEBUG:root:[ Iteration 27 ] Training loss: 0.741668
DEBUG:root:[ Iteration 30 ] Training loss: 0.749679
DEBUG:root:[ Iteration 33 ] Training loss: 0.788448
DEBUG:root:[ Iteration 36 ] Training loss: 0.741277
DEBUG:root:[ Iteration 39 ] Training loss: 0.767825
DEBUG:root:[ Iteration 40 ] Test loss: 0.750745
DEBUG:root:[ Iteration 42 ] Training loss: 0.77932
DEBUG:root:[ Iteration 45 ] Training loss: 0.763364
DEBUG:root:[ Iteration 48 ] Training loss: 0.753565
DEBUG:root:[ Iteration 51 ] Training loss: 0.769945
DEBUG:root:[ Iteration 54 ] Training loss: 0.770546
DEBUG:root:[ Iteration 57 ] Training loss: 0.766463
DEBUG:root:[ Iteration 60 ] Training loss: 0.789489
DEBUG:root:[ Iteration 60 ] Test loss: 0.750745
DEBUG:root:[ Iteration 63 ] Training loss: 0.764011
DEBUG:root:[ Iteration 66 ] Training loss: 0.75774
DEBUG:root:[ Iteration 69 ] Training loss: 0.783616
DEBUG:root:Saving...
DEBUG:root:Saved model to /home/annal/Izzy/vision_amt/Net/tensor/./net5/net5_02-14-2016_00h58m28s.ckpt
DEBUG:root:Optimization done.
DEBUG:root:[ Iteration 0 ] Training loss: 0.317775
DEBUG:root:[ Iteration 0 ] Test loss: 0.335123
DEBUG:root:[ Iteration 3 ] Training loss: 0.269014
DEBUG:root:[ Iteration 6 ] Training loss: 0.176803
DEBUG:root:[ Iteration 9 ] Training loss: 0.166
DEBUG:root:[ Iteration 12 ] Training loss: 0.170132
DEBUG:root:[ Iteration 15 ] Training loss: 0.164695
DEBUG:root:[ Iteration 18 ] Training loss: 0.148023
DEBUG:root:[ Iteration 20 ] Test loss: 0.162411
DEBUG:root:[ Iteration 21 ] Training loss: 0.15883
DEBUG:root:[ Iteration 24 ] Training loss: 0.156083
DEBUG:root:[ Iteration 27 ] Training loss: 0.150147
DEBUG:root:[ Iteration 30 ] Training loss: 0.158315
DEBUG:root:[ Iteration 33 ] Training loss: 0.162652
DEBUG:root:[ Iteration 36 ] Training loss: 0.151112
DEBUG:root:[ Iteration 39 ] Training loss: 0.14781
DEBUG:root:[ Iteration 40 ] Test loss: 0.156052
DEBUG:root:[ Iteration 42 ] Training loss: 0.154677
DEBUG:root:Saving...
DEBUG:root:Saved model to /home/annal/Izzy/vision_amt/Net/tensor/./net5/net5_02-14-2016_01h03m28s.ckpt
DEBUG:root:Optimization done.
DEBUG:root:[ Iteration 0 ] Training loss: 0.6146
DEBUG:root:[ Iteration 0 ] Test loss: 0.573395
DEBUG:root:[ Iteration 3 ] Training loss: 0.562997
DEBUG:root:[ Iteration 6 ] Training loss: 0.563954
DEBUG:root:[ Iteration 9 ] Training loss: 0.553104
DEBUG:root:[ Iteration 12 ] Training loss: 0.574787
DEBUG:root:[ Iteration 15 ] Training loss: 0.566006
DEBUG:root:[ Iteration 18 ] Training loss: 0.520383
DEBUG:root:[ Iteration 20 ] Test loss: 0.526698
DEBUG:root:[ Iteration 21 ] Training loss: 0.51408
DEBUG:root:[ Iteration 24 ] Training loss: 0.449124
DEBUG:root:[ Iteration 27 ] Training loss: 0.439194
DEBUG:root:[ Iteration 30 ] Training loss: 0.438409
DEBUG:root:[ Iteration 33 ] Training loss: 0.438975
DEBUG:root:[ Iteration 36 ] Training loss: 0.431073
DEBUG:root:[ Iteration 39 ] Training loss: 0.427734
DEBUG:root:[ Iteration 40 ] Test loss: 0.43078
DEBUG:root:[ Iteration 42 ] Training loss: 0.410148
DEBUG:root:[ Iteration 45 ] Training loss: 0.38447
DEBUG:root:[ Iteration 48 ] Training loss: 0.345684
DEBUG:root:[ Iteration 51 ] Training loss: 0.315565
DEBUG:root:[ Iteration 54 ] Training loss: 0.307216
DEBUG:root:[ Iteration 57 ] Training loss: 0.293114
DEBUG:root:[ Iteration 60 ] Training loss: 0.270308
DEBUG:root:[ Iteration 60 ] Test loss: 0.287021
DEBUG:root:[ Iteration 63 ] Training loss: 0.231385
DEBUG:root:[ Iteration 66 ] Training loss: 0.190546
DEBUG:root:[ Iteration 69 ] Training loss: 0.184003
DEBUG:root:[ Iteration 72 ] Training loss: 0.185172
DEBUG:root:[ Iteration 75 ] Training loss: 0.188953
DEBUG:root:[ Iteration 78 ] Training loss: 0.170087
DEBUG:root:[ Iteration 80 ] Test loss: 0.186226
DEBUG:root:[ Iteration 81 ] Training loss: 0.176598
DEBUG:root:[ Iteration 84 ] Training loss: 0.170664
DEBUG:root:[ Iteration 87 ] Training loss: 0.185086
DEBUG:root:[ Iteration 90 ] Training loss: 0.169145
DEBUG:root:[ Iteration 93 ] Training loss: 0.160054
DEBUG:root:[ Iteration 96 ] Training loss: 0.165802
DEBUG:root:[ Iteration 99 ] Training loss: 0.171361
DEBUG:root:[ Iteration 100 ] Test loss: 0.176232
DEBUG:root:[ Iteration 102 ] Training loss: 0.173531
DEBUG:root:[ Iteration 105 ] Training loss: 0.162144
DEBUG:root:[ Iteration 108 ] Training loss: 0.157468
DEBUG:root:[ Iteration 111 ] Training loss: 0.183565
DEBUG:root:[ Iteration 114 ] Training loss: 0.168835
DEBUG:root:[ Iteration 117 ] Training loss: 0.168988
DEBUG:root:[ Iteration 120 ] Training loss: 0.170734
DEBUG:root:[ Iteration 120 ] Test loss: 0.170402
DEBUG:root:[ Iteration 123 ] Training loss: 0.163114
DEBUG:root:[ Iteration 126 ] Training loss: 0.159961
DEBUG:root:[ Iteration 129 ] Training loss: 0.156395
DEBUG:root:[ Iteration 132 ] Training loss: 0.16051
DEBUG:root:[ Iteration 135 ] Training loss: 0.167215
DEBUG:root:[ Iteration 138 ] Training loss: 0.163088
DEBUG:root:[ Iteration 140 ] Test loss: 0.166746
DEBUG:root:[ Iteration 141 ] Training loss: 0.163237
DEBUG:root:[ Iteration 144 ] Training loss: 0.168402
DEBUG:root:[ Iteration 147 ] Training loss: 0.166487
DEBUG:root:[ Iteration 150 ] Training loss: 0.163157
DEBUG:root:[ Iteration 153 ] Training loss: 0.159384
DEBUG:root:[ Iteration 156 ] Training loss: 0.169639
DEBUG:root:[ Iteration 159 ] Training loss: 0.16293
DEBUG:root:[ Iteration 160 ] Test loss: 0.164162
DEBUG:root:[ Iteration 162 ] Training loss: 0.162054
DEBUG:root:[ Iteration 165 ] Training loss: 0.163088
DEBUG:root:[ Iteration 168 ] Training loss: 0.163981
DEBUG:root:[ Iteration 171 ] Training loss: 0.159094
DEBUG:root:[ Iteration 174 ] Training loss: 0.150974
DEBUG:root:[ Iteration 177 ] Training loss: 0.169907
DEBUG:root:[ Iteration 180 ] Training loss: 0.159954
DEBUG:root:[ Iteration 180 ] Test loss: 0.162382
DEBUG:root:[ Iteration 183 ] Training loss: 0.162004
DEBUG:root:[ Iteration 186 ] Training loss: 0.15386
DEBUG:root:[ Iteration 189 ] Training loss: 0.170776
DEBUG:root:[ Iteration 192 ] Training loss: 0.163215
DEBUG:root:[ Iteration 195 ] Training loss: 0.156337
DEBUG:root:[ Iteration 198 ] Training loss: 0.168233
DEBUG:root:Saving...
DEBUG:root:Saved model to /home/annal/Izzy/vision_amt/Net/tensor/./net5/net5_02-14-2016_01h07m19s.ckpt
DEBUG:root:Optimization done.
DEBUG:root:[ Iteration 0 ] Training loss: 0.165008
DEBUG:root:[ Iteration 0 ] Test loss: 0.160631
DEBUG:root:[ Iteration 3 ] Training loss: 0.165098
DEBUG:root:[ Iteration 6 ] Training loss: 0.157728
DEBUG:root:[ Iteration 9 ] Training loss: 0.160846
DEBUG:root:[ Iteration 12 ] Training loss: 0.157895
DEBUG:root:[ Iteration 15 ] Training loss: 0.169518
DEBUG:root:[ Iteration 18 ] Training loss: 0.161346
DEBUG:root:[ Iteration 20 ] Test loss: 0.160006
DEBUG:root:[ Iteration 21 ] Training loss: 0.165893
DEBUG:root:[ Iteration 24 ] Training loss: 0.155234
DEBUG:root:[ Iteration 27 ] Training loss: 0.159753
DEBUG:root:[ Iteration 30 ] Training loss: 0.162
DEBUG:root:[ Iteration 33 ] Training loss: 0.17041
DEBUG:root:[ Iteration 36 ] Training loss: 0.159319
DEBUG:root:[ Iteration 39 ] Training loss: 0.153293
DEBUG:root:[ Iteration 40 ] Test loss: 0.159398
DEBUG:root:[ Iteration 42 ] Training loss: 0.163069
DEBUG:root:[ Iteration 45 ] Training loss: 0.149402
DEBUG:root:[ Iteration 48 ] Training loss: 0.160223
DEBUG:root:[ Iteration 51 ] Training loss: 0.145333
DEBUG:root:[ Iteration 54 ] Training loss: 0.162565
DEBUG:root:[ Iteration 57 ] Training loss: 0.152223
DEBUG:root:[ Iteration 60 ] Training loss: 0.157038
DEBUG:root:[ Iteration 60 ] Test loss: 0.158783
DEBUG:root:[ Iteration 63 ] Training loss: 0.159163
DEBUG:root:[ Iteration 66 ] Training loss: 0.155326
DEBUG:root:[ Iteration 69 ] Training loss: 0.151164
DEBUG:root:[ Iteration 72 ] Training loss: 0.151771
DEBUG:root:[ Iteration 75 ] Training loss: 0.162128
DEBUG:root:[ Iteration 78 ] Training loss: 0.156815
DEBUG:root:[ Iteration 80 ] Test loss: 0.15831
DEBUG:root:[ Iteration 81 ] Training loss: 0.161692
DEBUG:root:[ Iteration 84 ] Training loss: 0.161382
DEBUG:root:[ Iteration 87 ] Training loss: 0.149715
DEBUG:root:[ Iteration 90 ] Training loss: 0.156143
DEBUG:root:Saving...
DEBUG:root:Saved model to /home/annal/Izzy/vision_amt/Net/tensor/net5/net5_02-14-2016_01h11m43s.ckpt
DEBUG:root:Optimization done.
DEBUG:root:[ Iteration 0 ] Training loss: 0.375047
DEBUG:root:[ Iteration 0 ] Test loss: 0.42096
DEBUG:root:[ Iteration 3 ] Training loss: 0.310227
DEBUG:root:[ Iteration 6 ] Training loss: 0.296297
DEBUG:root:[ Iteration 9 ] Training loss: 0.28056
DEBUG:root:[ Iteration 12 ] Training loss: 0.25983
DEBUG:root:[ Iteration 15 ] Training loss: 0.23068
DEBUG:root:[ Iteration 18 ] Training loss: 0.204112
DEBUG:root:[ Iteration 20 ] Test loss: 0.226089
DEBUG:root:[ Iteration 21 ] Training loss: 0.193492
DEBUG:root:[ Iteration 24 ] Training loss: 0.189159
DEBUG:root:[ Iteration 27 ] Training loss: 0.185819
DEBUG:root:[ Iteration 30 ] Training loss: 0.182579
DEBUG:root:[ Iteration 33 ] Training loss: 0.179501
DEBUG:root:[ Iteration 36 ] Training loss: 0.176499
DEBUG:root:[ Iteration 39 ] Training loss: 0.173623
DEBUG:root:[ Iteration 40 ] Test loss: 0.215046
DEBUG:root:[ Iteration 42 ] Training loss: 0.171027
DEBUG:root:[ Iteration 45 ] Training loss: 0.168561
DEBUG:root:[ Iteration 48 ] Training loss: 0.166209
DEBUG:root:[ Iteration 51 ] Training loss: 0.16395
DEBUG:root:[ Iteration 54 ] Training loss: 0.161655
DEBUG:root:[ Iteration 57 ] Training loss: 0.159513
DEBUG:root:[ Iteration 60 ] Training loss: 0.157449
DEBUG:root:[ Iteration 60 ] Test loss: 0.207362
DEBUG:root:[ Iteration 63 ] Training loss: 0.155379
DEBUG:root:[ Iteration 66 ] Training loss: 0.153372
DEBUG:root:[ Iteration 69 ] Training loss: 0.151487
DEBUG:root:[ Iteration 72 ] Training loss: 0.149693
DEBUG:root:[ Iteration 75 ] Training loss: 0.147882
DEBUG:root:[ Iteration 78 ] Training loss: 0.146227
DEBUG:root:[ Iteration 80 ] Test loss: 0.20191
DEBUG:root:[ Iteration 81 ] Training loss: 0.144556
DEBUG:root:[ Iteration 84 ] Training loss: 0.142962
DEBUG:root:[ Iteration 87 ] Training loss: 0.141408
DEBUG:root:[ Iteration 90 ] Training loss: 0.139832
DEBUG:root:[ Iteration 93 ] Training loss: 0.138326
DEBUG:root:[ Iteration 96 ] Training loss: 0.136902
DEBUG:root:[ Iteration 99 ] Training loss: 0.135536
DEBUG:root:[ Iteration 100 ] Test loss: 0.198254
DEBUG:root:[ Iteration 102 ] Training loss: 0.134215
DEBUG:root:[ Iteration 105 ] Training loss: 0.132905
DEBUG:root:[ Iteration 108 ] Training loss: 0.131609
DEBUG:root:[ Iteration 111 ] Training loss: 0.1304
DEBUG:root:[ Iteration 114 ] Training loss: 0.129273
DEBUG:root:[ Iteration 117 ] Training loss: 0.128168
DEBUG:root:[ Iteration 120 ] Training loss: 0.127128
DEBUG:root:[ Iteration 120 ] Test loss: 0.195688
DEBUG:root:[ Iteration 123 ] Training loss: 0.126013
DEBUG:root:[ Iteration 126 ] Training loss: 0.124969
DEBUG:root:[ Iteration 129 ] Training loss: 0.123856
DEBUG:root:[ Iteration 132 ] Training loss: 0.122749
DEBUG:root:[ Iteration 135 ] Training loss: 0.121714
DEBUG:root:[ Iteration 138 ] Training loss: 0.120593
DEBUG:root:[ Iteration 140 ] Test loss: 0.193414
DEBUG:root:[ Iteration 141 ] Training loss: 0.119511
DEBUG:root:[ Iteration 144 ] Training loss: 0.118396
DEBUG:root:[ Iteration 147 ] Training loss: 0.117267
DEBUG:root:[ Iteration 150 ] Training loss: 0.116214
DEBUG:root:[ Iteration 153 ] Training loss: 0.115093
DEBUG:root:[ Iteration 156 ] Training loss: 0.114039
DEBUG:root:[ Iteration 159 ] Training loss: 0.113053
DEBUG:root:[ Iteration 160 ] Test loss: 0.192909
DEBUG:root:[ Iteration 162 ] Training loss: 0.111972
DEBUG:root:[ Iteration 165 ] Training loss: 0.110914
DEBUG:root:[ Iteration 168 ] Training loss: 0.109878
DEBUG:root:[ Iteration 171 ] Training loss: 0.108879
DEBUG:root:[ Iteration 174 ] Training loss: 0.107823
DEBUG:root:[ Iteration 177 ] Training loss: 0.106872
DEBUG:root:[ Iteration 180 ] Training loss: 0.105904
DEBUG:root:[ Iteration 180 ] Test loss: 0.191648
DEBUG:root:[ Iteration 183 ] Training loss: 0.105011
DEBUG:root:[ Iteration 186 ] Training loss: 0.104039
DEBUG:root:[ Iteration 189 ] Training loss: 0.103158
DEBUG:root:[ Iteration 192 ] Training loss: 0.102239
DEBUG:root:[ Iteration 195 ] Training loss: 0.101337
DEBUG:root:[ Iteration 198 ] Training loss: 0.100467
DEBUG:root:Saving...
DEBUG:root:Saved model to /home/annal/Izzy/vision_amt/Net/tensor/./net5/net5_02-14-2016_01h14m11s.ckpt
DEBUG:root:Optimization done.
DEBUG:root:[ Iteration 0 ] Training loss: 0.622084
DEBUG:root:[ Iteration 0 ] Test loss: 0.595978
DEBUG:root:[ Iteration 3 ] Training loss: 0.428561
DEBUG:root:[ Iteration 6 ] Training loss: 0.228035
DEBUG:root:[ Iteration 9 ] Training loss: 0.303439
DEBUG:root:[ Iteration 12 ] Training loss: 0.259778
DEBUG:root:[ Iteration 15 ] Training loss: 0.172021
DEBUG:root:[ Iteration 18 ] Training loss: 0.171733
DEBUG:root:[ Iteration 20 ] Test loss: 0.171991
DEBUG:root:[ Iteration 21 ] Training loss: 0.171034
DEBUG:root:[ Iteration 24 ] Training loss: 0.170596
DEBUG:root:[ Iteration 27 ] Training loss: 0.169942
DEBUG:root:[ Iteration 30 ] Training loss: 0.168771
DEBUG:root:[ Iteration 33 ] Training loss: 0.167116
DEBUG:root:[ Iteration 36 ] Training loss: 0.165716
DEBUG:root:[ Iteration 39 ] Training loss: 0.163279
DEBUG:root:[ Iteration 40 ] Test loss: 0.166271
DEBUG:root:[ Iteration 42 ] Training loss: 0.157297
DEBUG:root:[ Iteration 45 ] Training loss: 0.155414
DEBUG:root:[ Iteration 48 ] Training loss: 0.149559
DEBUG:root:[ Iteration 51 ] Training loss: 0.145143
DEBUG:root:[ Iteration 54 ] Training loss: 0.138328
DEBUG:root:[ Iteration 57 ] Training loss: 0.132096
DEBUG:root:[ Iteration 60 ] Training loss: 0.123665
DEBUG:root:[ Iteration 60 ] Test loss: 0.170982
DEBUG:root:[ Iteration 63 ] Training loss: 0.114142
DEBUG:root:[ Iteration 66 ] Training loss: 0.104267
DEBUG:root:[ Iteration 69 ] Training loss: 0.0928361
DEBUG:root:[ Iteration 72 ] Training loss: 0.0804125
DEBUG:root:[ Iteration 75 ] Training loss: 0.0679315
DEBUG:root:[ Iteration 78 ] Training loss: 0.0554311
DEBUG:root:[ Iteration 80 ] Test loss: 0.178845
DEBUG:root:[ Iteration 81 ] Training loss: 0.0443421
DEBUG:root:[ Iteration 84 ] Training loss: 0.0344767
DEBUG:root:[ Iteration 87 ] Training loss: 0.0261063
DEBUG:root:[ Iteration 90 ] Training loss: 0.0193198
DEBUG:root:[ Iteration 93 ] Training loss: 0.0141597
DEBUG:root:[ Iteration 96 ] Training loss: 0.0103757
DEBUG:root:[ Iteration 99 ] Training loss: 0.00769999
DEBUG:root:[ Iteration 100 ] Test loss: 0.200262
DEBUG:root:[ Iteration 102 ] Training loss: 0.00586444
DEBUG:root:[ Iteration 105 ] Training loss: 0.00459368
DEBUG:root:[ Iteration 108 ] Training loss: 0.0037067
DEBUG:root:[ Iteration 111 ] Training loss: 0.00306534
DEBUG:root:[ Iteration 114 ] Training loss: 0.00256708
DEBUG:root:[ Iteration 117 ] Training loss: 0.00217309
DEBUG:root:[ Iteration 120 ] Training loss: 0.00185805
DEBUG:root:[ Iteration 120 ] Test loss: 0.209746
DEBUG:root:[ Iteration 123 ] Training loss: 0.00160933
DEBUG:root:[ Iteration 126 ] Training loss: 0.00141709
DEBUG:root:[ Iteration 129 ] Training loss: 0.00127027
DEBUG:root:[ Iteration 132 ] Training loss: 0.00115975
DEBUG:root:[ Iteration 135 ] Training loss: 0.00107385
DEBUG:root:[ Iteration 138 ] Training loss: 0.0010049
DEBUG:root:[ Iteration 140 ] Test loss: 0.211553
DEBUG:root:[ Iteration 141 ] Training loss: 0.000946743
DEBUG:root:Saving...
DEBUG:root:Saved model to /home/annal/Izzy/vision_amt/Net/tensor/./net5/net5_02-14-2016_01h15m32s.ckpt
DEBUG:root:Optimization done.
DEBUG:root:[ Iteration 0 ] Training loss: 0.445239
DEBUG:root:[ Iteration 0 ] Test loss: 0.425068
DEBUG:root:Saving...
DEBUG:root:Saved model to /home/annal/Izzy/vision_amt/Net/tensor/./net5/net5_02-14-2016_01h16m55s.ckpt
DEBUG:root:Optimization done.
DEBUG:root:[ Iteration 0 ] Training loss: 0.163974
DEBUG:root:[ Iteration 0 ] Test loss: 0.158052
DEBUG:root:[ Iteration 3 ] Training loss: 0.154922
DEBUG:root:[ Iteration 6 ] Training loss: 0.160529
DEBUG:root:[ Iteration 9 ] Training loss: 0.15614
DEBUG:root:[ Iteration 12 ] Training loss: 0.144638
DEBUG:root:[ Iteration 15 ] Training loss: 0.168863
DEBUG:root:[ Iteration 18 ] Training loss: 0.161729
DEBUG:root:[ Iteration 20 ] Test loss: 0.15471
DEBUG:root:[ Iteration 21 ] Training loss: 0.16102
DEBUG:root:[ Iteration 24 ] Training loss: 0.160248
DEBUG:root:[ Iteration 27 ] Training loss: 0.139003
DEBUG:root:[ Iteration 30 ] Training loss: 0.147143
DEBUG:root:[ Iteration 33 ] Training loss: 0.146548
DEBUG:root:[ Iteration 36 ] Training loss: 0.14769
DEBUG:root:[ Iteration 39 ] Training loss: 0.147289
DEBUG:root:[ Iteration 40 ] Test loss: 0.14206
DEBUG:root:[ Iteration 42 ] Training loss: 0.150012
DEBUG:root:[ Iteration 45 ] Training loss: 0.140201
DEBUG:root:[ Iteration 48 ] Training loss: 0.134617
DEBUG:root:[ Iteration 51 ] Training loss: 0.130547
DEBUG:root:[ Iteration 54 ] Training loss: 0.138329
DEBUG:root:[ Iteration 57 ] Training loss: 0.129406
DEBUG:root:[ Iteration 60 ] Training loss: 0.129302
DEBUG:root:[ Iteration 60 ] Test loss: 0.12635
DEBUG:root:[ Iteration 63 ] Training loss: 0.119828
DEBUG:root:[ Iteration 66 ] Training loss: 0.128421
DEBUG:root:[ Iteration 69 ] Training loss: 0.123832
DEBUG:root:[ Iteration 72 ] Training loss: 0.12464
DEBUG:root:[ Iteration 75 ] Training loss: 0.120068
DEBUG:root:[ Iteration 78 ] Training loss: 0.114777
DEBUG:root:[ Iteration 80 ] Test loss: 0.111809
DEBUG:root:[ Iteration 81 ] Training loss: 0.106159
DEBUG:root:[ Iteration 84 ] Training loss: 0.122778
DEBUG:root:[ Iteration 87 ] Training loss: 0.0988978
DEBUG:root:[ Iteration 90 ] Training loss: 0.105439
DEBUG:root:[ Iteration 93 ] Training loss: 0.0980373
DEBUG:root:[ Iteration 96 ] Training loss: 0.111025
DEBUG:root:[ Iteration 99 ] Training loss: 0.10001
DEBUG:root:[ Iteration 100 ] Test loss: 0.0986841
DEBUG:root:[ Iteration 102 ] Training loss: 0.0883433
DEBUG:root:[ Iteration 105 ] Training loss: 0.0835629
DEBUG:root:[ Iteration 108 ] Training loss: 0.102891
DEBUG:root:[ Iteration 111 ] Training loss: 0.093876
DEBUG:root:[ Iteration 114 ] Training loss: 0.0899011
DEBUG:root:[ Iteration 117 ] Training loss: 0.0815441
DEBUG:root:[ Iteration 120 ] Training loss: 0.0871904
DEBUG:root:[ Iteration 120 ] Test loss: 0.0881391
DEBUG:root:[ Iteration 123 ] Training loss: 0.09202
DEBUG:root:[ Iteration 126 ] Training loss: 0.0708979
DEBUG:root:[ Iteration 129 ] Training loss: 0.0737243
DEBUG:root:[ Iteration 132 ] Training loss: 0.0824408
DEBUG:root:[ Iteration 135 ] Training loss: 0.0757785
DEBUG:root:[ Iteration 138 ] Training loss: 0.0799596
DEBUG:root:[ Iteration 140 ] Test loss: 0.0781566
DEBUG:root:[ Iteration 141 ] Training loss: 0.069779
DEBUG:root:[ Iteration 144 ] Training loss: 0.0634503
DEBUG:root:[ Iteration 147 ] Training loss: 0.0723727
DEBUG:root:[ Iteration 150 ] Training loss: 0.0681341
DEBUG:root:[ Iteration 153 ] Training loss: 0.0713547
DEBUG:root:[ Iteration 156 ] Training loss: 0.0729256
DEBUG:root:[ Iteration 159 ] Training loss: 0.0619356
DEBUG:root:[ Iteration 160 ] Test loss: 0.0663757
DEBUG:root:[ Iteration 162 ] Training loss: 0.0603244
DEBUG:root:[ Iteration 165 ] Training loss: 0.0660536
DEBUG:root:[ Iteration 168 ] Training loss: 0.0554694
DEBUG:root:[ Iteration 171 ] Training loss: 0.0546287
DEBUG:root:[ Iteration 174 ] Training loss: 0.0570665
DEBUG:root:[ Iteration 177 ] Training loss: 0.0495262
DEBUG:root:[ Iteration 180 ] Training loss: 0.0637964
DEBUG:root:[ Iteration 180 ] Test loss: 0.0636974
DEBUG:root:[ Iteration 183 ] Training loss: 0.0669771
DEBUG:root:[ Iteration 186 ] Training loss: 0.0522824
DEBUG:root:[ Iteration 189 ] Training loss: 0.0624328
DEBUG:root:[ Iteration 192 ] Training loss: 0.0536687
DEBUG:root:[ Iteration 195 ] Training loss: 0.0564475
DEBUG:root:[ Iteration 198 ] Training loss: 0.0536358
DEBUG:root:Saving...
DEBUG:root:Saved model to /home/annal/Izzy/vision_amt/Net/tensor/net5/net5_02-14-2016_01h20m45s.ckpt
DEBUG:root:Optimization done.
DEBUG:root:[ Iteration 0 ] Training loss: 0.0470502
DEBUG:root:[ Iteration 0 ] Test loss: 0.056218
DEBUG:root:[ Iteration 3 ] Training loss: 0.0588653
DEBUG:root:[ Iteration 6 ] Training loss: 0.0488525
DEBUG:root:[ Iteration 9 ] Training loss: 0.0434022
DEBUG:root:[ Iteration 12 ] Training loss: 0.0424268
DEBUG:root:[ Iteration 15 ] Training loss: 0.0539946
DEBUG:root:[ Iteration 18 ] Training loss: 0.0507552
DEBUG:root:[ Iteration 20 ] Test loss: 0.0504065
DEBUG:root:[ Iteration 21 ] Training loss: 0.0467036
DEBUG:root:[ Iteration 24 ] Training loss: 0.0448591
DEBUG:root:[ Iteration 27 ] Training loss: 0.0487371
DEBUG:root:[ Iteration 30 ] Training loss: 0.0440019
DEBUG:root:[ Iteration 33 ] Training loss: 0.0454605
DEBUG:root:[ Iteration 36 ] Training loss: 0.0455063
DEBUG:root:[ Iteration 39 ] Training loss: 0.0473983
DEBUG:root:[ Iteration 40 ] Test loss: 0.0451141
DEBUG:root:[ Iteration 42 ] Training loss: 0.0462683
DEBUG:root:[ Iteration 45 ] Training loss: 0.0395998
DEBUG:root:[ Iteration 48 ] Training loss: 0.047919
DEBUG:root:[ Iteration 51 ] Training loss: 0.0478233
DEBUG:root:[ Iteration 54 ] Training loss: 0.0389896
DEBUG:root:[ Iteration 57 ] Training loss: 0.0402662
DEBUG:root:[ Iteration 60 ] Training loss: 0.0423432
DEBUG:root:[ Iteration 60 ] Test loss: 0.0410538
DEBUG:root:[ Iteration 63 ] Training loss: 0.0351662
DEBUG:root:[ Iteration 66 ] Training loss: 0.0375457
DEBUG:root:[ Iteration 69 ] Training loss: 0.0368904
DEBUG:root:[ Iteration 72 ] Training loss: 0.0347329
DEBUG:root:[ Iteration 75 ] Training loss: 0.0442457
DEBUG:root:[ Iteration 78 ] Training loss: 0.0285839
DEBUG:root:[ Iteration 80 ] Test loss: 0.0383598
DEBUG:root:[ Iteration 81 ] Training loss: 0.0338384
DEBUG:root:[ Iteration 84 ] Training loss: 0.0403987
DEBUG:root:[ Iteration 87 ] Training loss: 0.0315789
DEBUG:root:[ Iteration 90 ] Training loss: 0.036404
DEBUG:root:[ Iteration 93 ] Training loss: 0.0374655
DEBUG:root:[ Iteration 96 ] Training loss: 0.0353096
DEBUG:root:[ Iteration 99 ] Training loss: 0.0383437
DEBUG:root:[ Iteration 100 ] Test loss: 0.0366722
DEBUG:root:[ Iteration 102 ] Training loss: 0.0358462
DEBUG:root:[ Iteration 105 ] Training loss: 0.0238484
DEBUG:root:[ Iteration 108 ] Training loss: 0.0314539
DEBUG:root:[ Iteration 111 ] Training loss: 0.0364548
DEBUG:root:[ Iteration 114 ] Training loss: 0.0358366
DEBUG:root:[ Iteration 117 ] Training loss: 0.0351873
DEBUG:root:[ Iteration 120 ] Training loss: 0.029207
DEBUG:root:[ Iteration 120 ] Test loss: 0.0332348
DEBUG:root:[ Iteration 123 ] Training loss: 0.0281412
DEBUG:root:[ Iteration 126 ] Training loss: 0.0325852
DEBUG:root:[ Iteration 129 ] Training loss: 0.0295999
DEBUG:root:[ Iteration 132 ] Training loss: 0.0292542
DEBUG:root:[ Iteration 135 ] Training loss: 0.028058
DEBUG:root:[ Iteration 138 ] Training loss: 0.0308878
DEBUG:root:[ Iteration 140 ] Test loss: 0.0328588
DEBUG:root:[ Iteration 141 ] Training loss: 0.0327976
DEBUG:root:[ Iteration 144 ] Training loss: 0.0283874
DEBUG:root:[ Iteration 147 ] Training loss: 0.0337936
DEBUG:root:[ Iteration 150 ] Training loss: 0.0354905
DEBUG:root:[ Iteration 153 ] Training loss: 0.0311765
DEBUG:root:[ Iteration 156 ] Training loss: 0.0274357
DEBUG:root:[ Iteration 159 ] Training loss: 0.0290603
DEBUG:root:[ Iteration 160 ] Test loss: 0.0351591
DEBUG:root:[ Iteration 162 ] Training loss: 0.0305687
DEBUG:root:[ Iteration 165 ] Training loss: 0.0255609
DEBUG:root:[ Iteration 168 ] Training loss: 0.0284044
DEBUG:root:[ Iteration 171 ] Training loss: 0.02572
DEBUG:root:[ Iteration 174 ] Training loss: 0.036142
DEBUG:root:[ Iteration 177 ] Training loss: 0.0289671
DEBUG:root:[ Iteration 180 ] Training loss: 0.0228103
DEBUG:root:[ Iteration 180 ] Test loss: 0.0292139
DEBUG:root:[ Iteration 183 ] Training loss: 0.0328271
DEBUG:root:[ Iteration 186 ] Training loss: 0.0242793
DEBUG:root:[ Iteration 189 ] Training loss: 0.0260122
DEBUG:root:[ Iteration 192 ] Training loss: 0.0284328
DEBUG:root:[ Iteration 195 ] Training loss: 0.0330257
DEBUG:root:[ Iteration 198 ] Training loss: 0.0250219
DEBUG:root:Saving...
DEBUG:root:Saved model to /home/annal/Izzy/vision_amt/Net/tensor/net5/net5_02-14-2016_18h42m49s.ckpt
DEBUG:root:Optimization done.
DEBUG:root:[ Iteration 0 ] Training loss: 0.086127
DEBUG:root:[ Iteration 0 ] Test loss: 0.0782292
DEBUG:root:[ Iteration 3 ] Training loss: 0.0594793
DEBUG:root:[ Iteration 6 ] Training loss: 0.0790577
DEBUG:root:[ Iteration 9 ] Training loss: 0.077381
DEBUG:root:[ Iteration 12 ] Training loss: 0.0790182
DEBUG:root:[ Iteration 15 ] Training loss: 0.071782
DEBUG:root:[ Iteration 18 ] Training loss: 0.0570829
DEBUG:root:[ Iteration 20 ] Test loss: 0.0572486
DEBUG:root:[ Iteration 21 ] Training loss: 0.053399
DEBUG:root:[ Iteration 24 ] Training loss: 0.0552619
DEBUG:root:[ Iteration 27 ] Training loss: 0.0450318
DEBUG:root:[ Iteration 30 ] Training loss: 0.0629631
DEBUG:root:[ Iteration 33 ] Training loss: 0.0492938
DEBUG:root:[ Iteration 36 ] Training loss: 0.0521739
DEBUG:root:[ Iteration 39 ] Training loss: 0.0436448
DEBUG:root:[ Iteration 40 ] Test loss: 0.050192
DEBUG:root:[ Iteration 42 ] Training loss: 0.0452711
DEBUG:root:[ Iteration 45 ] Training loss: 0.0442229
DEBUG:root:[ Iteration 48 ] Training loss: 0.0432934
DEBUG:root:[ Iteration 51 ] Training loss: 0.0471526
DEBUG:root:[ Iteration 54 ] Training loss: 0.0455306
DEBUG:root:[ Iteration 57 ] Training loss: 0.0387
DEBUG:root:[ Iteration 60 ] Training loss: 0.0466258
DEBUG:root:[ Iteration 60 ] Test loss: 0.0441924
DEBUG:root:[ Iteration 63 ] Training loss: 0.0435253
DEBUG:root:[ Iteration 66 ] Training loss: 0.0405125
DEBUG:root:[ Iteration 69 ] Training loss: 0.0365602
DEBUG:root:[ Iteration 72 ] Training loss: 0.0334904
DEBUG:root:[ Iteration 75 ] Training loss: 0.039236
DEBUG:root:[ Iteration 78 ] Training loss: 0.0380774
DEBUG:root:[ Iteration 80 ] Test loss: 0.0426189
DEBUG:root:[ Iteration 81 ] Training loss: 0.0379204
DEBUG:root:[ Iteration 84 ] Training loss: 0.043608
DEBUG:root:[ Iteration 87 ] Training loss: 0.0457609
DEBUG:root:[ Iteration 90 ] Training loss: 0.0452016
DEBUG:root:[ Iteration 93 ] Training loss: 0.0353554
DEBUG:root:[ Iteration 96 ] Training loss: 0.0367098
DEBUG:root:[ Iteration 99 ] Training loss: 0.0495058
DEBUG:root:[ Iteration 100 ] Test loss: 0.0406566
DEBUG:root:[ Iteration 102 ] Training loss: 0.0431486
DEBUG:root:[ Iteration 105 ] Training loss: 0.0472522
DEBUG:root:[ Iteration 108 ] Training loss: 0.0364083
DEBUG:root:[ Iteration 111 ] Training loss: 0.0445412
DEBUG:root:[ Iteration 114 ] Training loss: 0.0438192
DEBUG:root:[ Iteration 117 ] Training loss: 0.0459987
DEBUG:root:[ Iteration 120 ] Training loss: 0.0262066
DEBUG:root:[ Iteration 120 ] Test loss: 0.0391276
DEBUG:root:[ Iteration 123 ] Training loss: 0.0479278
DEBUG:root:[ Iteration 126 ] Training loss: 0.0351507
DEBUG:root:[ Iteration 129 ] Training loss: 0.0436872
DEBUG:root:[ Iteration 132 ] Training loss: 0.0413673
DEBUG:root:[ Iteration 135 ] Training loss: 0.0308727
DEBUG:root:[ Iteration 138 ] Training loss: 0.0356027
DEBUG:root:[ Iteration 140 ] Test loss: 0.0399109
DEBUG:root:[ Iteration 141 ] Training loss: 0.0361139
DEBUG:root:[ Iteration 144 ] Training loss: 0.0417497
DEBUG:root:[ Iteration 147 ] Training loss: 0.0379244
DEBUG:root:[ Iteration 150 ] Training loss: 0.0472567
DEBUG:root:[ Iteration 153 ] Training loss: 0.0301589
DEBUG:root:[ Iteration 156 ] Training loss: 0.0349954
DEBUG:root:[ Iteration 159 ] Training loss: 0.0372265
DEBUG:root:[ Iteration 160 ] Test loss: 0.0359798
DEBUG:root:[ Iteration 162 ] Training loss: 0.0389598
DEBUG:root:[ Iteration 165 ] Training loss: 0.0351025
DEBUG:root:[ Iteration 168 ] Training loss: 0.0323929
DEBUG:root:[ Iteration 171 ] Training loss: 0.0366745
DEBUG:root:[ Iteration 174 ] Training loss: 0.0361895
DEBUG:root:[ Iteration 177 ] Training loss: 0.0365521
DEBUG:root:[ Iteration 180 ] Training loss: 0.0314894
DEBUG:root:[ Iteration 180 ] Test loss: 0.035143
DEBUG:root:[ Iteration 183 ] Training loss: 0.0364937
DEBUG:root:[ Iteration 186 ] Training loss: 0.0409991
DEBUG:root:[ Iteration 189 ] Training loss: 0.0373255
DEBUG:root:[ Iteration 192 ] Training loss: 0.0354729
DEBUG:root:[ Iteration 195 ] Training loss: 0.0343789
DEBUG:root:[ Iteration 198 ] Training loss: 0.0328332
DEBUG:root:Saving...
DEBUG:root:Saved model to /home/annal/Izzy/vision_amt/Net/tensor/net5/net5_02-15-2016_11h58m56s.ckpt
DEBUG:root:Optimization done.
DEBUG:root:[ Iteration 0 ] Training loss: 0.105281
DEBUG:root:[ Iteration 0 ] Test loss: 0.102335
DEBUG:root:[ Iteration 0 ] Training loss: 0.116975
DEBUG:root:[ Iteration 0 ] Test loss: 0.102335
DEBUG:root:[ Iteration 3 ] Training loss: 0.0822154
DEBUG:root:[ Iteration 6 ] Training loss: 0.0993486
DEBUG:root:[ Iteration 9 ] Training loss: 0.0955815
DEBUG:root:[ Iteration 12 ] Training loss: 0.0799941
DEBUG:root:[ Iteration 15 ] Training loss: 0.0731667
DEBUG:root:[ Iteration 18 ] Training loss: 0.0806932
DEBUG:root:[ Iteration 20 ] Test loss: 0.0705925
DEBUG:root:[ Iteration 21 ] Training loss: 0.0465108
DEBUG:root:[ Iteration 24 ] Training loss: 0.0628353
DEBUG:root:[ Iteration 27 ] Training loss: 0.0553722
DEBUG:root:[ Iteration 30 ] Training loss: 0.0697882
DEBUG:root:[ Iteration 33 ] Training loss: 0.0579926
DEBUG:root:[ Iteration 36 ] Training loss: 0.0553777
DEBUG:root:[ Iteration 39 ] Training loss: 0.065438
DEBUG:root:[ Iteration 40 ] Test loss: 0.0593425
DEBUG:root:[ Iteration 42 ] Training loss: 0.0536095
DEBUG:root:[ Iteration 45 ] Training loss: 0.0475632
DEBUG:root:[ Iteration 48 ] Training loss: 0.0594537
DEBUG:root:[ Iteration 51 ] Training loss: 0.057638
DEBUG:root:[ Iteration 54 ] Training loss: 0.0579173
DEBUG:root:[ Iteration 57 ] Training loss: 0.0565478
DEBUG:root:[ Iteration 60 ] Training loss: 0.0528945
DEBUG:root:[ Iteration 60 ] Test loss: 0.0546377
DEBUG:root:[ Iteration 63 ] Training loss: 0.0631794
DEBUG:root:[ Iteration 66 ] Training loss: 0.0511939
DEBUG:root:[ Iteration 69 ] Training loss: 0.0731122
DEBUG:root:[ Iteration 72 ] Training loss: 0.041224
DEBUG:root:[ Iteration 75 ] Training loss: 0.0476246
DEBUG:root:[ Iteration 78 ] Training loss: 0.0550295
DEBUG:root:[ Iteration 80 ] Test loss: 0.0499359
DEBUG:root:[ Iteration 81 ] Training loss: 0.0555328
DEBUG:root:[ Iteration 84 ] Training loss: 0.0658321
DEBUG:root:[ Iteration 87 ] Training loss: 0.0444338
DEBUG:root:[ Iteration 90 ] Training loss: 0.0540379
DEBUG:root:[ Iteration 93 ] Training loss: 0.0531373
DEBUG:root:[ Iteration 96 ] Training loss: 0.0379593
DEBUG:root:[ Iteration 99 ] Training loss: 0.0436313
DEBUG:root:[ Iteration 100 ] Test loss: 0.0477058
DEBUG:root:[ Iteration 102 ] Training loss: 0.0443152
DEBUG:root:[ Iteration 105 ] Training loss: 0.0460692
DEBUG:root:[ Iteration 108 ] Training loss: 0.0565311
DEBUG:root:[ Iteration 111 ] Training loss: 0.0405813
DEBUG:root:[ Iteration 114 ] Training loss: 0.0525223
DEBUG:root:[ Iteration 117 ] Training loss: 0.0425444
DEBUG:root:[ Iteration 120 ] Training loss: 0.0453174
DEBUG:root:[ Iteration 120 ] Test loss: 0.0471294
DEBUG:root:[ Iteration 123 ] Training loss: 0.0315777
DEBUG:root:[ Iteration 126 ] Training loss: 0.041776
DEBUG:root:[ Iteration 129 ] Training loss: 0.0402915
DEBUG:root:[ Iteration 132 ] Training loss: 0.0396652
DEBUG:root:[ Iteration 135 ] Training loss: 0.0415007
DEBUG:root:[ Iteration 138 ] Training loss: 0.0439433
DEBUG:root:[ Iteration 140 ] Test loss: 0.0429153
DEBUG:root:[ Iteration 141 ] Training loss: 0.043306
DEBUG:root:[ Iteration 144 ] Training loss: 0.0434882
DEBUG:root:[ Iteration 147 ] Training loss: 0.0521676
DEBUG:root:[ Iteration 150 ] Training loss: 0.024922
DEBUG:root:[ Iteration 153 ] Training loss: 0.050532
DEBUG:root:[ Iteration 156 ] Training loss: 0.0643607
DEBUG:root:[ Iteration 159 ] Training loss: 0.0407507
DEBUG:root:[ Iteration 160 ] Test loss: 0.0425047
DEBUG:root:[ Iteration 162 ] Training loss: 0.0469665
DEBUG:root:[ Iteration 165 ] Training loss: 0.0365887
DEBUG:root:[ Iteration 168 ] Training loss: 0.0422202
DEBUG:root:[ Iteration 171 ] Training loss: 0.0459579
DEBUG:root:[ Iteration 174 ] Training loss: 0.0309612
DEBUG:root:[ Iteration 177 ] Training loss: 0.0302414
DEBUG:root:[ Iteration 180 ] Training loss: 0.0348584
DEBUG:root:[ Iteration 180 ] Test loss: 0.0415478
DEBUG:root:[ Iteration 183 ] Training loss: 0.032407
DEBUG:root:[ Iteration 186 ] Training loss: 0.0423083
DEBUG:root:[ Iteration 189 ] Training loss: 0.0314838
DEBUG:root:[ Iteration 192 ] Training loss: 0.0477484
DEBUG:root:[ Iteration 195 ] Training loss: 0.0397688
DEBUG:root:[ Iteration 198 ] Training loss: 0.0400566
DEBUG:root:Saving...
DEBUG:root:Saved model to /home/annal/Izzy/vision_amt/Net/tensor/net5/net5_02-15-2016_13h22m34s.ckpt
DEBUG:root:Optimization done.
