DEBUG:root:[ Iteration 0 ] Training loss: 0.173918
DEBUG:root:[ Iteration 0 ] Training loss: 0.168318
DEBUG:root:[ Iteration 0 ] Training loss: 0.166708
DEBUG:root:[ Iteration 0 ] Test loss: 0.178611
DEBUG:root:[ Iteration 3 ] Training loss: 0.16868
DEBUG:root:[ Iteration 6 ] Training loss: 0.169881
DEBUG:root:[ Iteration 9 ] Training loss: 0.170621
DEBUG:root:[ Iteration 12 ] Training loss: 0.168061
DEBUG:root:[ Iteration 15 ] Training loss: 0.160505
DEBUG:root:[ Iteration 18 ] Training loss: 0.153419
DEBUG:root:[ Iteration 20 ] Test loss: 0.156093
DEBUG:root:[ Iteration 21 ] Training loss: 0.16014
DEBUG:root:[ Iteration 24 ] Training loss: 0.15096
DEBUG:root:[ Iteration 27 ] Training loss: 0.147809
DEBUG:root:[ Iteration 30 ] Training loss: 0.134083
DEBUG:root:[ Iteration 33 ] Training loss: 0.107824
DEBUG:root:[ Iteration 36 ] Training loss: 0.107244
DEBUG:root:[ Iteration 39 ] Training loss: 0.117177
DEBUG:root:[ Iteration 40 ] Test loss: 0.121794
DEBUG:root:[ Iteration 42 ] Training loss: 0.119259
DEBUG:root:[ Iteration 45 ] Training loss: 0.1093
DEBUG:root:[ Iteration 48 ] Training loss: 0.132861
DEBUG:root:[ Iteration 51 ] Training loss: 0.1281
DEBUG:root:[ Iteration 54 ] Training loss: 0.108837
DEBUG:root:[ Iteration 57 ] Training loss: 0.122648
DEBUG:root:[ Iteration 60 ] Training loss: 0.118073
DEBUG:root:[ Iteration 60 ] Test loss: 0.113803
DEBUG:root:[ Iteration 63 ] Training loss: 0.117327
DEBUG:root:[ Iteration 66 ] Training loss: 0.11415
DEBUG:root:[ Iteration 69 ] Training loss: 0.107157
DEBUG:root:[ Iteration 72 ] Training loss: 0.105813
DEBUG:root:[ Iteration 75 ] Training loss: 0.107403
DEBUG:root:[ Iteration 78 ] Training loss: 0.101453
DEBUG:root:[ Iteration 80 ] Test loss: 0.105452
DEBUG:root:[ Iteration 81 ] Training loss: 0.128411
DEBUG:root:[ Iteration 84 ] Training loss: 0.117484
DEBUG:root:[ Iteration 87 ] Training loss: 0.116564
DEBUG:root:[ Iteration 90 ] Training loss: 0.112424
DEBUG:root:[ Iteration 93 ] Training loss: 0.112122
DEBUG:root:[ Iteration 96 ] Training loss: 0.114763
DEBUG:root:[ Iteration 99 ] Training loss: 0.0925398
DEBUG:root:[ Iteration 100 ] Test loss: 0.116665
DEBUG:root:[ Iteration 102 ] Training loss: 0.0956777
DEBUG:root:[ Iteration 105 ] Training loss: 0.116917
DEBUG:root:[ Iteration 108 ] Training loss: 0.108733
DEBUG:root:[ Iteration 111 ] Training loss: 0.114403
DEBUG:root:[ Iteration 114 ] Training loss: 0.103655
DEBUG:root:[ Iteration 117 ] Training loss: 0.106608
DEBUG:root:[ Iteration 120 ] Training loss: 0.114565
DEBUG:root:[ Iteration 120 ] Test loss: 0.106984
DEBUG:root:[ Iteration 123 ] Training loss: 0.116108
DEBUG:root:[ Iteration 126 ] Training loss: 0.100406
DEBUG:root:[ Iteration 129 ] Training loss: 0.117413
DEBUG:root:[ Iteration 132 ] Training loss: 0.124962
DEBUG:root:[ Iteration 135 ] Training loss: 0.108859
DEBUG:root:[ Iteration 138 ] Training loss: 0.127635
DEBUG:root:[ Iteration 140 ] Test loss: 0.134557
DEBUG:root:[ Iteration 141 ] Training loss: 0.119006
DEBUG:root:[ Iteration 144 ] Training loss: 0.113193
DEBUG:root:[ Iteration 147 ] Training loss: 0.115308
DEBUG:root:[ Iteration 150 ] Training loss: 0.12031
DEBUG:root:[ Iteration 153 ] Training loss: 0.112742
DEBUG:root:[ Iteration 156 ] Training loss: 0.106192
DEBUG:root:[ Iteration 159 ] Training loss: 0.10479
DEBUG:root:[ Iteration 160 ] Test loss: 0.117428
DEBUG:root:[ Iteration 162 ] Training loss: 0.110655
DEBUG:root:[ Iteration 165 ] Training loss: 0.114092
DEBUG:root:[ Iteration 168 ] Training loss: 0.124312
DEBUG:root:[ Iteration 171 ] Training loss: 0.114465
DEBUG:root:[ Iteration 174 ] Training loss: 0.128165
DEBUG:root:[ Iteration 177 ] Training loss: 0.124287
DEBUG:root:[ Iteration 180 ] Training loss: 0.105278
DEBUG:root:[ Iteration 180 ] Test loss: 0.104138
DEBUG:root:[ Iteration 183 ] Training loss: 0.105823
DEBUG:root:[ Iteration 186 ] Training loss: 0.109165
DEBUG:root:[ Iteration 189 ] Training loss: 0.118317
DEBUG:root:[ Iteration 192 ] Training loss: 0.107184
DEBUG:root:[ Iteration 195 ] Training loss: 0.116226
DEBUG:root:[ Iteration 198 ] Training loss: 0.102605
DEBUG:root:[ Iteration 200 ] Test loss: 0.114708
DEBUG:root:[ Iteration 201 ] Training loss: 0.124537
DEBUG:root:[ Iteration 204 ] Training loss: 0.109089
DEBUG:root:[ Iteration 207 ] Training loss: 0.10406
DEBUG:root:[ Iteration 210 ] Training loss: 0.109472
DEBUG:root:[ Iteration 213 ] Training loss: 0.087317
DEBUG:root:[ Iteration 216 ] Training loss: 0.130308
DEBUG:root:[ Iteration 219 ] Training loss: 0.113566
DEBUG:root:[ Iteration 220 ] Test loss: 0.106916
DEBUG:root:[ Iteration 222 ] Training loss: 0.110431
DEBUG:root:[ Iteration 225 ] Training loss: 0.113044
DEBUG:root:[ Iteration 228 ] Training loss: 0.122063
DEBUG:root:[ Iteration 231 ] Training loss: 0.105386
DEBUG:root:[ Iteration 234 ] Training loss: 0.115642
DEBUG:root:[ Iteration 237 ] Training loss: 0.12975
DEBUG:root:[ Iteration 240 ] Training loss: 0.103054
DEBUG:root:[ Iteration 240 ] Test loss: 0.108153
DEBUG:root:[ Iteration 243 ] Training loss: 0.102103
DEBUG:root:[ Iteration 246 ] Training loss: 0.123621
DEBUG:root:[ Iteration 249 ] Training loss: 0.126764
DEBUG:root:[ Iteration 252 ] Training loss: 0.122534
DEBUG:root:[ Iteration 255 ] Training loss: 0.123125
DEBUG:root:[ Iteration 258 ] Training loss: 0.100273
DEBUG:root:[ Iteration 260 ] Test loss: 0.112967
DEBUG:root:[ Iteration 261 ] Training loss: 0.11968
DEBUG:root:[ Iteration 264 ] Training loss: 0.109303
DEBUG:root:[ Iteration 267 ] Training loss: 0.134999
DEBUG:root:[ Iteration 270 ] Training loss: 0.105435
DEBUG:root:[ Iteration 273 ] Training loss: 0.109585
DEBUG:root:[ Iteration 276 ] Training loss: 0.117055
DEBUG:root:[ Iteration 279 ] Training loss: 0.11432
DEBUG:root:[ Iteration 280 ] Test loss: 0.123175
DEBUG:root:[ Iteration 282 ] Training loss: 0.125108
DEBUG:root:[ Iteration 285 ] Training loss: 0.114326
DEBUG:root:[ Iteration 288 ] Training loss: 0.0970335
DEBUG:root:[ Iteration 291 ] Training loss: 0.122766
DEBUG:root:[ Iteration 294 ] Training loss: 0.120614
DEBUG:root:[ Iteration 297 ] Training loss: 0.112936
DEBUG:root:[ Iteration 300 ] Training loss: 0.105416
DEBUG:root:[ Iteration 300 ] Test loss: 0.120237
DEBUG:root:[ Iteration 303 ] Training loss: 0.106367
DEBUG:root:[ Iteration 306 ] Training loss: 0.111945
DEBUG:root:[ Iteration 309 ] Training loss: 0.116611
DEBUG:root:[ Iteration 312 ] Training loss: 0.134589
DEBUG:root:[ Iteration 315 ] Training loss: 0.099941
DEBUG:root:[ Iteration 318 ] Training loss: 0.102709
DEBUG:root:[ Iteration 320 ] Test loss: 0.127337
DEBUG:root:[ Iteration 321 ] Training loss: 0.117514
DEBUG:root:[ Iteration 324 ] Training loss: 0.0990643
DEBUG:root:[ Iteration 327 ] Training loss: 0.116851
DEBUG:root:[ Iteration 330 ] Training loss: 0.117898
DEBUG:root:[ Iteration 333 ] Training loss: 0.104585
DEBUG:root:[ Iteration 336 ] Training loss: 0.110834
DEBUG:root:[ Iteration 339 ] Training loss: 0.119922
DEBUG:root:[ Iteration 340 ] Test loss: 0.124509
DEBUG:root:[ Iteration 342 ] Training loss: 0.123644
DEBUG:root:[ Iteration 345 ] Training loss: 0.102522
DEBUG:root:[ Iteration 348 ] Training loss: 0.107784
DEBUG:root:[ Iteration 351 ] Training loss: 0.119716
DEBUG:root:[ Iteration 354 ] Training loss: 0.10621
DEBUG:root:[ Iteration 357 ] Training loss: 0.111875
DEBUG:root:[ Iteration 360 ] Training loss: 0.122134
DEBUG:root:[ Iteration 360 ] Test loss: 0.118697
DEBUG:root:[ Iteration 363 ] Training loss: 0.107556
DEBUG:root:[ Iteration 366 ] Training loss: 0.102625
DEBUG:root:[ Iteration 369 ] Training loss: 0.103768
DEBUG:root:[ Iteration 372 ] Training loss: 0.106877
DEBUG:root:[ Iteration 375 ] Training loss: 0.108444
DEBUG:root:[ Iteration 378 ] Training loss: 0.0974285
DEBUG:root:[ Iteration 380 ] Test loss: 0.100689
DEBUG:root:[ Iteration 381 ] Training loss: 0.113891
DEBUG:root:[ Iteration 384 ] Training loss: 0.101381
DEBUG:root:[ Iteration 387 ] Training loss: 0.124406
DEBUG:root:[ Iteration 390 ] Training loss: 0.129532
DEBUG:root:[ Iteration 393 ] Training loss: 0.107546
DEBUG:root:[ Iteration 396 ] Training loss: 0.134543
DEBUG:root:[ Iteration 399 ] Training loss: 0.13673
DEBUG:root:Saving...
DEBUG:root:Saved model to /media/1tb/Izzy/nets/net8_02-16-2016_20h27m50s.ckpt
DEBUG:root:Optimization done.
