DEBUG:root:[ Iteration 0 ] Training loss: 0.436584
DEBUG:root:[ Iteration 0 ] Test loss: 0.439716
DEBUG:root:[ Iteration 3 ] Training loss: 0.423576
DEBUG:root:[ Iteration 6 ] Training loss: 0.409045
DEBUG:root:[ Iteration 9 ] Training loss: 0.422921
DEBUG:root:[ Iteration 12 ] Training loss: 0.41143
DEBUG:root:[ Iteration 15 ] Training loss: 0.391924
DEBUG:root:[ Iteration 18 ] Training loss: 0.396995
DEBUG:root:[ Iteration 20 ] Test loss: 0.390483
DEBUG:root:[ Iteration 21 ] Training loss: 0.39023
DEBUG:root:[ Iteration 24 ] Training loss: 0.377133
DEBUG:root:[ Iteration 27 ] Training loss: 0.366963
DEBUG:root:[ Iteration 30 ] Training loss: 0.36154
DEBUG:root:[ Iteration 33 ] Training loss: 0.354497
DEBUG:root:[ Iteration 36 ] Training loss: 0.345153
DEBUG:root:[ Iteration 39 ] Training loss: 0.333619
DEBUG:root:[ Iteration 40 ] Test loss: 0.348584
DEBUG:root:[ Iteration 42 ] Training loss: 0.332496
DEBUG:root:[ Iteration 45 ] Training loss: 0.315317
DEBUG:root:[ Iteration 48 ] Training loss: 0.318497
DEBUG:root:[ Iteration 51 ] Training loss: 0.304773
DEBUG:root:[ Iteration 54 ] Training loss: 0.29078
DEBUG:root:[ Iteration 57 ] Training loss: 0.288141
DEBUG:root:[ Iteration 60 ] Training loss: 0.281789
DEBUG:root:[ Iteration 60 ] Test loss: 0.293119
DEBUG:root:[ Iteration 63 ] Training loss: 0.26966
DEBUG:root:[ Iteration 66 ] Training loss: 0.25466
DEBUG:root:[ Iteration 69 ] Training loss: 0.251499
DEBUG:root:[ Iteration 72 ] Training loss: 0.242062
DEBUG:root:[ Iteration 75 ] Training loss: 0.221518
DEBUG:root:[ Iteration 78 ] Training loss: 0.209392
DEBUG:root:[ Iteration 80 ] Test loss: 0.239221
DEBUG:root:[ Iteration 81 ] Training loss: 0.216882
DEBUG:root:[ Iteration 84 ] Training loss: 0.206815
DEBUG:root:[ Iteration 87 ] Training loss: 0.196987
DEBUG:root:[ Iteration 90 ] Training loss: 0.207476
DEBUG:root:[ Iteration 93 ] Training loss: 0.1855
DEBUG:root:[ Iteration 96 ] Training loss: 0.180792
DEBUG:root:[ Iteration 99 ] Training loss: 0.166032
DEBUG:root:[ Iteration 100 ] Test loss: 0.189628
DEBUG:root:[ Iteration 102 ] Training loss: 0.155739
DEBUG:root:[ Iteration 105 ] Training loss: 0.161371
DEBUG:root:[ Iteration 108 ] Training loss: 0.148878
DEBUG:root:[ Iteration 111 ] Training loss: 0.13606
DEBUG:root:[ Iteration 114 ] Training loss: 0.135496
DEBUG:root:[ Iteration 117 ] Training loss: 0.12757
DEBUG:root:[ Iteration 120 ] Training loss: 0.117196
DEBUG:root:[ Iteration 120 ] Test loss: 0.138719
DEBUG:root:[ Iteration 123 ] Training loss: 0.121648
DEBUG:root:[ Iteration 126 ] Training loss: 0.103193
DEBUG:root:[ Iteration 129 ] Training loss: 0.0978736
DEBUG:root:[ Iteration 132 ] Training loss: 0.10315
DEBUG:root:[ Iteration 135 ] Training loss: 0.0934386
DEBUG:root:[ Iteration 138 ] Training loss: 0.0893167
DEBUG:root:[ Iteration 140 ] Test loss: 0.0985935
DEBUG:root:[ Iteration 141 ] Training loss: 0.0758788
DEBUG:root:[ Iteration 144 ] Training loss: 0.0753532
DEBUG:root:[ Iteration 147 ] Training loss: 0.076852
DEBUG:root:[ Iteration 150 ] Training loss: 0.0694103
DEBUG:root:[ Iteration 153 ] Training loss: 0.0634677
DEBUG:root:[ Iteration 156 ] Training loss: 0.0618667
DEBUG:root:[ Iteration 159 ] Training loss: 0.0596804
DEBUG:root:[ Iteration 160 ] Test loss: 0.0706007
DEBUG:root:[ Iteration 162 ] Training loss: 0.0539207
DEBUG:root:[ Iteration 165 ] Training loss: 0.0480666
DEBUG:root:[ Iteration 168 ] Training loss: 0.0488122
DEBUG:root:[ Iteration 171 ] Training loss: 0.044785
DEBUG:root:[ Iteration 174 ] Training loss: 0.0405363
DEBUG:root:[ Iteration 177 ] Training loss: 0.0399981
DEBUG:root:[ Iteration 180 ] Training loss: 0.0414103
DEBUG:root:[ Iteration 180 ] Test loss: 0.0505808
DEBUG:root:[ Iteration 183 ] Training loss: 0.0378838
DEBUG:root:[ Iteration 186 ] Training loss: 0.0373547
DEBUG:root:[ Iteration 189 ] Training loss: 0.0317216
DEBUG:root:[ Iteration 192 ] Training loss: 0.0302991
DEBUG:root:[ Iteration 195 ] Training loss: 0.0329977
DEBUG:root:[ Iteration 198 ] Training loss: 0.0291039
DEBUG:root:[ Iteration 200 ] Test loss: 0.0363385
DEBUG:root:[ Iteration 201 ] Training loss: 0.0267641
DEBUG:root:[ Iteration 204 ] Training loss: 0.027236
DEBUG:root:[ Iteration 207 ] Training loss: 0.0228031
DEBUG:root:[ Iteration 210 ] Training loss: 0.0259711
DEBUG:root:[ Iteration 213 ] Training loss: 0.0224833
DEBUG:root:[ Iteration 216 ] Training loss: 0.0204946
DEBUG:root:[ Iteration 219 ] Training loss: 0.0205175
DEBUG:root:[ Iteration 220 ] Test loss: 0.027124
DEBUG:root:[ Iteration 222 ] Training loss: 0.0190157
DEBUG:root:[ Iteration 225 ] Training loss: 0.0190022
DEBUG:root:[ Iteration 228 ] Training loss: 0.0162988
DEBUG:root:[ Iteration 231 ] Training loss: 0.0160388
DEBUG:root:[ Iteration 234 ] Training loss: 0.0166204
DEBUG:root:[ Iteration 237 ] Training loss: 0.0146732
DEBUG:root:[ Iteration 240 ] Training loss: 0.0154028
DEBUG:root:[ Iteration 240 ] Test loss: 0.0197161
DEBUG:root:[ Iteration 243 ] Training loss: 0.0136799
DEBUG:root:[ Iteration 246 ] Training loss: 0.0116617
DEBUG:root:[ Iteration 249 ] Training loss: 0.0109677
DEBUG:root:[ Iteration 252 ] Training loss: 0.0118337
DEBUG:root:[ Iteration 255 ] Training loss: 0.0120782
DEBUG:root:[ Iteration 258 ] Training loss: 0.0107957
DEBUG:root:[ Iteration 260 ] Test loss: 0.0148991
DEBUG:root:[ Iteration 261 ] Training loss: 0.0104767
DEBUG:root:[ Iteration 264 ] Training loss: 0.0100925
DEBUG:root:[ Iteration 267 ] Training loss: 0.0102028
DEBUG:root:[ Iteration 270 ] Training loss: 0.00977484
DEBUG:root:[ Iteration 273 ] Training loss: 0.0096379
DEBUG:root:[ Iteration 276 ] Training loss: 0.00929133
DEBUG:root:[ Iteration 279 ] Training loss: 0.0090761
DEBUG:root:[ Iteration 280 ] Test loss: 0.011654
DEBUG:root:[ Iteration 282 ] Training loss: 0.00787884
DEBUG:root:[ Iteration 285 ] Training loss: 0.00876428
DEBUG:root:[ Iteration 288 ] Training loss: 0.00827659
DEBUG:root:[ Iteration 291 ] Training loss: 0.00693471
DEBUG:root:[ Iteration 294 ] Training loss: 0.00693963
DEBUG:root:[ Iteration 297 ] Training loss: 0.00654653
DEBUG:root:[ Iteration 300 ] Training loss: 0.00652869
DEBUG:root:[ Iteration 300 ] Test loss: 0.00893754
DEBUG:root:[ Iteration 303 ] Training loss: 0.00566833
DEBUG:root:[ Iteration 306 ] Training loss: 0.00616855
DEBUG:root:[ Iteration 309 ] Training loss: 0.00672326
DEBUG:root:[ Iteration 312 ] Training loss: 0.00589464
DEBUG:root:[ Iteration 315 ] Training loss: 0.00546642
DEBUG:root:[ Iteration 318 ] Training loss: 0.00480614
DEBUG:root:[ Iteration 320 ] Test loss: 0.00712607
DEBUG:root:[ Iteration 321 ] Training loss: 0.0053711
DEBUG:root:[ Iteration 324 ] Training loss: 0.00546821
DEBUG:root:[ Iteration 327 ] Training loss: 0.00520596
DEBUG:root:[ Iteration 330 ] Training loss: 0.00490139
DEBUG:root:[ Iteration 333 ] Training loss: 0.00457937
DEBUG:root:[ Iteration 336 ] Training loss: 0.00437915
DEBUG:root:[ Iteration 339 ] Training loss: 0.00415237
DEBUG:root:[ Iteration 340 ] Test loss: 0.00607118
DEBUG:root:[ Iteration 342 ] Training loss: 0.00399492
DEBUG:root:[ Iteration 345 ] Training loss: 0.00423234
DEBUG:root:[ Iteration 348 ] Training loss: 0.00428724
DEBUG:root:[ Iteration 351 ] Training loss: 0.00351027
DEBUG:root:[ Iteration 354 ] Training loss: 0.00362214
DEBUG:root:[ Iteration 357 ] Training loss: 0.00311908
DEBUG:root:[ Iteration 360 ] Training loss: 0.00393865
DEBUG:root:[ Iteration 360 ] Test loss: 0.00484928
DEBUG:root:[ Iteration 363 ] Training loss: 0.00360765
DEBUG:root:[ Iteration 366 ] Training loss: 0.00297758
DEBUG:root:[ Iteration 369 ] Training loss: 0.00305217
DEBUG:root:[ Iteration 372 ] Training loss: 0.00304979
DEBUG:root:[ Iteration 375 ] Training loss: 0.00276062
DEBUG:root:[ Iteration 378 ] Training loss: 0.00265483
DEBUG:root:[ Iteration 380 ] Test loss: 0.00390468
DEBUG:root:[ Iteration 381 ] Training loss: 0.00322893
DEBUG:root:[ Iteration 384 ] Training loss: 0.00267521
DEBUG:root:[ Iteration 387 ] Training loss: 0.00302912
DEBUG:root:[ Iteration 390 ] Training loss: 0.00248646
DEBUG:root:[ Iteration 393 ] Training loss: 0.00281338
DEBUG:root:[ Iteration 396 ] Training loss: 0.0023939
DEBUG:root:[ Iteration 399 ] Training loss: 0.0022899
DEBUG:root:Saving...
DEBUG:root:[ Iteration 0 ] Training loss: 0.465026
DEBUG:root:[ Iteration 0 ] Test loss: 0.469438
DEBUG:root:[ Iteration 3 ] Training loss: 0.459914
DEBUG:root:[ Iteration 6 ] Training loss: 0.468668
DEBUG:root:[ Iteration 9 ] Training loss: 0.454795
DEBUG:root:[ Iteration 12 ] Training loss: 0.454121
DEBUG:root:[ Iteration 15 ] Training loss: 0.459949
DEBUG:root:[ Iteration 18 ] Training loss: 0.448759
DEBUG:root:[ Iteration 20 ] Test loss: 0.464181
DEBUG:root:[ Iteration 21 ] Training loss: 0.456997
DEBUG:root:[ Iteration 24 ] Training loss: 0.454466
DEBUG:root:[ Iteration 27 ] Training loss: 0.45048
DEBUG:root:[ Iteration 30 ] Training loss: 0.454426
DEBUG:root:[ Iteration 33 ] Training loss: 0.43417
DEBUG:root:[ Iteration 36 ] Training loss: 0.451701
DEBUG:root:[ Iteration 39 ] Training loss: 0.443823
DEBUG:root:[ Iteration 40 ] Test loss: 0.449516
DEBUG:root:[ Iteration 42 ] Training loss: 0.440032
DEBUG:root:[ Iteration 45 ] Training loss: 0.429212
DEBUG:root:[ Iteration 48 ] Training loss: 0.439039
DEBUG:root:[ Iteration 51 ] Training loss: 0.452694
DEBUG:root:[ Iteration 54 ] Training loss: 0.421078
DEBUG:root:[ Iteration 57 ] Training loss: 0.427432
DEBUG:root:[ Iteration 60 ] Training loss: 0.440422
DEBUG:root:[ Iteration 60 ] Test loss: 0.437962
DEBUG:root:[ Iteration 63 ] Training loss: 0.403616
DEBUG:root:[ Iteration 66 ] Training loss: 0.430583
DEBUG:root:[ Iteration 69 ] Training loss: 0.419532
DEBUG:root:[ Iteration 72 ] Training loss: 0.423855
DEBUG:root:[ Iteration 75 ] Training loss: 0.389526
DEBUG:root:[ Iteration 78 ] Training loss: 0.375934
DEBUG:root:[ Iteration 80 ] Test loss: 0.391497
DEBUG:root:[ Iteration 81 ] Training loss: 0.393459
DEBUG:root:[ Iteration 84 ] Training loss: 0.381483
DEBUG:root:[ Iteration 87 ] Training loss: 0.383113
DEBUG:root:[ Iteration 90 ] Training loss: 0.350941
DEBUG:root:[ Iteration 93 ] Training loss: 0.364133
DEBUG:root:[ Iteration 96 ] Training loss: 0.346227
DEBUG:root:[ Iteration 99 ] Training loss: 0.340688
DEBUG:root:[ Iteration 100 ] Test loss: 0.34628
DEBUG:root:[ Iteration 102 ] Training loss: 0.336862
DEBUG:root:[ Iteration 105 ] Training loss: 0.330743
DEBUG:root:[ Iteration 108 ] Training loss: 0.321011
DEBUG:root:[ Iteration 111 ] Training loss: 0.305714
DEBUG:root:[ Iteration 114 ] Training loss: 0.299647
DEBUG:root:[ Iteration 117 ] Training loss: 0.288258
DEBUG:root:[ Iteration 120 ] Training loss: 0.278547
DEBUG:root:[ Iteration 120 ] Test loss: 0.296174
DEBUG:root:[ Iteration 123 ] Training loss: 0.28183
DEBUG:root:[ Iteration 126 ] Training loss: 0.272042
DEBUG:root:[ Iteration 129 ] Training loss: 0.263614
DEBUG:root:[ Iteration 132 ] Training loss: 0.26116
DEBUG:root:[ Iteration 135 ] Training loss: 0.240307
DEBUG:root:[ Iteration 138 ] Training loss: 0.239422
DEBUG:root:[ Iteration 140 ] Test loss: 0.241697
DEBUG:root:[ Iteration 141 ] Training loss: 0.222626
DEBUG:root:[ Iteration 144 ] Training loss: 0.166289
DEBUG:root:[ Iteration 147 ] Training loss: 0.181898
DEBUG:root:[ Iteration 150 ] Training loss: 0.163406
DEBUG:root:[ Iteration 153 ] Training loss: 0.148801
DEBUG:root:[ Iteration 156 ] Training loss: 0.138731
DEBUG:root:[ Iteration 159 ] Training loss: 0.140786
DEBUG:root:[ Iteration 160 ] Test loss: 0.146009
DEBUG:root:[ Iteration 162 ] Training loss: 0.120659
DEBUG:root:[ Iteration 165 ] Training loss: 0.118985
DEBUG:root:[ Iteration 168 ] Training loss: 0.104759
DEBUG:root:[ Iteration 171 ] Training loss: 0.102246
DEBUG:root:[ Iteration 174 ] Training loss: 0.107553
DEBUG:root:[ Iteration 177 ] Training loss: 0.0696205
DEBUG:root:[ Iteration 180 ] Training loss: 0.0808455
DEBUG:root:[ Iteration 180 ] Test loss: 0.0926137
DEBUG:root:[ Iteration 183 ] Training loss: 0.074797
DEBUG:root:[ Iteration 186 ] Training loss: 0.0658342
DEBUG:root:[ Iteration 189 ] Training loss: 0.0556022
DEBUG:root:[ Iteration 192 ] Training loss: 0.0546338
DEBUG:root:[ Iteration 195 ] Training loss: 0.0566487
DEBUG:root:[ Iteration 198 ] Training loss: 0.0506077
DEBUG:root:Saving...
DEBUG:root:[ Iteration 0 ] Training loss: 0.43742
DEBUG:root:[ Iteration 0 ] Test loss: 0.423669
DEBUG:root:[ Iteration 3 ] Training loss: 0.424089
DEBUG:root:[ Iteration 6 ] Training loss: 0.425536
DEBUG:root:[ Iteration 9 ] Training loss: 0.418406
DEBUG:root:[ Iteration 12 ] Training loss: 0.404637
DEBUG:root:[ Iteration 15 ] Training loss: 0.399182
DEBUG:root:[ Iteration 18 ] Training loss: 0.404217
DEBUG:root:[ Iteration 20 ] Test loss: 0.394426
DEBUG:root:[ Iteration 21 ] Training loss: 0.403293
DEBUG:root:[ Iteration 24 ] Training loss: 0.375211
DEBUG:root:[ Iteration 27 ] Training loss: 0.366699
DEBUG:root:[ Iteration 30 ] Training loss: 0.348772
DEBUG:root:[ Iteration 33 ] Training loss: 0.343657
DEBUG:root:[ Iteration 36 ] Training loss: 0.343078
DEBUG:root:[ Iteration 39 ] Training loss: 0.312223
DEBUG:root:[ Iteration 40 ] Test loss: 0.320842
DEBUG:root:[ Iteration 42 ] Training loss: 0.320086
DEBUG:root:[ Iteration 45 ] Training loss: 0.28973
DEBUG:root:[ Iteration 48 ] Training loss: 0.283447
DEBUG:root:[ Iteration 51 ] Training loss: 0.276069
DEBUG:root:[ Iteration 54 ] Training loss: 0.23536
DEBUG:root:[ Iteration 57 ] Training loss: 0.255098
DEBUG:root:[ Iteration 60 ] Training loss: 0.255528
DEBUG:root:[ Iteration 60 ] Test loss: 0.237933
DEBUG:root:[ Iteration 63 ] Training loss: 0.217521
DEBUG:root:[ Iteration 66 ] Training loss: 0.215246
DEBUG:root:[ Iteration 69 ] Training loss: 0.198212
DEBUG:root:[ Iteration 72 ] Training loss: 0.190309
DEBUG:root:[ Iteration 75 ] Training loss: 0.176449
DEBUG:root:[ Iteration 78 ] Training loss: 0.18322
DEBUG:root:[ Iteration 80 ] Test loss: 0.178403
DEBUG:root:[ Iteration 81 ] Training loss: 0.175766
DEBUG:root:[ Iteration 84 ] Training loss: 0.164524
DEBUG:root:[ Iteration 87 ] Training loss: 0.136502
DEBUG:root:[ Iteration 90 ] Training loss: 0.128149
DEBUG:root:[ Iteration 93 ] Training loss: 0.125953
DEBUG:root:[ Iteration 96 ] Training loss: 0.128195
DEBUG:root:[ Iteration 99 ] Training loss: 0.110173
DEBUG:root:[ Iteration 100 ] Test loss: 0.128018
DEBUG:root:[ Iteration 102 ] Training loss: 0.107849
DEBUG:root:[ Iteration 105 ] Training loss: 0.100291
DEBUG:root:[ Iteration 108 ] Training loss: 0.0929259
DEBUG:root:[ Iteration 111 ] Training loss: 0.0961372
DEBUG:root:[ Iteration 114 ] Training loss: 0.0858468
DEBUG:root:[ Iteration 117 ] Training loss: 0.0723365
DEBUG:root:[ Iteration 120 ] Training loss: 0.0815931
DEBUG:root:[ Iteration 120 ] Test loss: 0.0848157
DEBUG:root:[ Iteration 123 ] Training loss: 0.0714204
DEBUG:root:[ Iteration 126 ] Training loss: 0.0700982
DEBUG:root:[ Iteration 129 ] Training loss: 0.0582676
DEBUG:root:[ Iteration 132 ] Training loss: 0.0633857
DEBUG:root:[ Iteration 135 ] Training loss: 0.052774
DEBUG:root:[ Iteration 138 ] Training loss: 0.0493117
DEBUG:root:[ Iteration 140 ] Test loss: 0.0557709
DEBUG:root:[ Iteration 141 ] Training loss: 0.0438812
DEBUG:root:[ Iteration 144 ] Training loss: 0.0383332
DEBUG:root:[ Iteration 147 ] Training loss: 0.0381887
DEBUG:root:[ Iteration 150 ] Training loss: 0.0408271
DEBUG:root:[ Iteration 153 ] Training loss: 0.0441071
DEBUG:root:[ Iteration 156 ] Training loss: 0.0342974
DEBUG:root:[ Iteration 159 ] Training loss: 0.0268539
DEBUG:root:[ Iteration 160 ] Test loss: 0.0389334
DEBUG:root:[ Iteration 162 ] Training loss: 0.0279223
DEBUG:root:[ Iteration 165 ] Training loss: 0.025914
DEBUG:root:[ Iteration 168 ] Training loss: 0.0289282
DEBUG:root:[ Iteration 171 ] Training loss: 0.0243239
DEBUG:root:[ Iteration 174 ] Training loss: 0.0256068
DEBUG:root:[ Iteration 177 ] Training loss: 0.021459
DEBUG:root:[ Iteration 180 ] Training loss: 0.0198082
DEBUG:root:[ Iteration 180 ] Test loss: 0.0263708
DEBUG:root:[ Iteration 183 ] Training loss: 0.0197415
DEBUG:root:[ Iteration 186 ] Training loss: 0.0218648
DEBUG:root:[ Iteration 189 ] Training loss: 0.0157872
DEBUG:root:[ Iteration 192 ] Training loss: 0.0150783
DEBUG:root:[ Iteration 195 ] Training loss: 0.0193191
DEBUG:root:[ Iteration 198 ] Training loss: 0.0170992
DEBUG:root:Saving...
DEBUG:root:Saved model to /home/annal/Izzy/vision_amt/Net/tensor/./net3/net3_02-10-2016_14h17m27s.ckpt
DEBUG:root:Optimization done.
DEBUG:root:[ Iteration 0 ] Training loss: 0.441758
DEBUG:root:[ Iteration 0 ] Test loss: 0.446178
DEBUG:root:[ Iteration 3 ] Training loss: 0.440519
DEBUG:root:[ Iteration 6 ] Training loss: 0.411469
DEBUG:root:[ Iteration 9 ] Training loss: 0.403133
DEBUG:root:[ Iteration 12 ] Training loss: 0.406357
DEBUG:root:[ Iteration 15 ] Training loss: 0.3978
DEBUG:root:[ Iteration 18 ] Training loss: 0.404856
DEBUG:root:[ Iteration 20 ] Test loss: 0.381454
DEBUG:root:[ Iteration 21 ] Training loss: 0.382
DEBUG:root:[ Iteration 24 ] Training loss: 0.375132
DEBUG:root:[ Iteration 27 ] Training loss: 0.364971
DEBUG:root:[ Iteration 30 ] Training loss: 0.346852
DEBUG:root:[ Iteration 33 ] Training loss: 0.351808
DEBUG:root:[ Iteration 36 ] Training loss: 0.343448
DEBUG:root:[ Iteration 39 ] Training loss: 0.337087
DEBUG:root:[ Iteration 40 ] Test loss: 0.345294
DEBUG:root:[ Iteration 42 ] Training loss: 0.312986
DEBUG:root:[ Iteration 45 ] Training loss: 0.314933
DEBUG:root:[ Iteration 48 ] Training loss: 0.300045
DEBUG:root:[ Iteration 51 ] Training loss: 0.287306
DEBUG:root:[ Iteration 54 ] Training loss: 0.277213
DEBUG:root:[ Iteration 57 ] Training loss: 0.257725
DEBUG:root:[ Iteration 60 ] Training loss: 0.234418
DEBUG:root:[ Iteration 60 ] Test loss: 0.261997
DEBUG:root:[ Iteration 63 ] Training loss: 0.229352
DEBUG:root:[ Iteration 66 ] Training loss: 0.247743
DEBUG:root:[ Iteration 69 ] Training loss: 0.229368
DEBUG:root:[ Iteration 72 ] Training loss: 0.230533
DEBUG:root:[ Iteration 75 ] Training loss: 0.20697
DEBUG:root:[ Iteration 78 ] Training loss: 0.185528
DEBUG:root:[ Iteration 80 ] Test loss: 0.208954
DEBUG:root:[ Iteration 81 ] Training loss: 0.185699
DEBUG:root:[ Iteration 84 ] Training loss: 0.178661
DEBUG:root:[ Iteration 87 ] Training loss: 0.172845
DEBUG:root:[ Iteration 90 ] Training loss: 0.1618
DEBUG:root:[ Iteration 93 ] Training loss: 0.148519
DEBUG:root:[ Iteration 96 ] Training loss: 0.142022
DEBUG:root:[ Iteration 99 ] Training loss: 0.137075
DEBUG:root:[ Iteration 100 ] Test loss: 0.149405
DEBUG:root:[ Iteration 102 ] Training loss: 0.122778
DEBUG:root:[ Iteration 105 ] Training loss: 0.121713
DEBUG:root:[ Iteration 108 ] Training loss: 0.112839
DEBUG:root:[ Iteration 111 ] Training loss: 0.104593
DEBUG:root:[ Iteration 114 ] Training loss: 0.0875621
DEBUG:root:[ Iteration 117 ] Training loss: 0.0885857
DEBUG:root:[ Iteration 120 ] Training loss: 0.0783595
DEBUG:root:[ Iteration 120 ] Test loss: 0.09834
DEBUG:root:[ Iteration 123 ] Training loss: 0.0772905
DEBUG:root:[ Iteration 126 ] Training loss: 0.0695899
DEBUG:root:[ Iteration 129 ] Training loss: 0.0664895
DEBUG:root:[ Iteration 132 ] Training loss: 0.0618145
DEBUG:root:[ Iteration 135 ] Training loss: 0.0570052
DEBUG:root:[ Iteration 138 ] Training loss: 0.054923
DEBUG:root:[ Iteration 140 ] Test loss: 0.0653703
DEBUG:root:[ Iteration 141 ] Training loss: 0.0535213
DEBUG:root:[ Iteration 144 ] Training loss: 0.0407127
DEBUG:root:[ Iteration 147 ] Training loss: 0.0467549
DEBUG:root:[ Iteration 150 ] Training loss: 0.0435171
DEBUG:root:[ Iteration 153 ] Training loss: 0.0441941
DEBUG:root:[ Iteration 156 ] Training loss: 0.0397407
DEBUG:root:[ Iteration 159 ] Training loss: 0.0376965
DEBUG:root:[ Iteration 160 ] Test loss: 0.0449644
DEBUG:root:[ Iteration 162 ] Training loss: 0.0309861
DEBUG:root:[ Iteration 165 ] Training loss: 0.03214
DEBUG:root:[ Iteration 168 ] Training loss: 0.0369285
DEBUG:root:[ Iteration 171 ] Training loss: 0.0289246
DEBUG:root:[ Iteration 174 ] Training loss: 0.0321584
DEBUG:root:[ Iteration 177 ] Training loss: 0.0253143
DEBUG:root:[ Iteration 180 ] Training loss: 0.0258858
DEBUG:root:[ Iteration 180 ] Test loss: 0.0320666
DEBUG:root:[ Iteration 183 ] Training loss: 0.0216005
DEBUG:root:[ Iteration 186 ] Training loss: 0.0241345
DEBUG:root:[ Iteration 189 ] Training loss: 0.0218479
DEBUG:root:[ Iteration 192 ] Training loss: 0.0211975
DEBUG:root:[ Iteration 195 ] Training loss: 0.0212557
DEBUG:root:[ Iteration 198 ] Training loss: 0.019205
DEBUG:root:Saving...
DEBUG:root:Saved model to /home/annal/Izzy/vision_amt/Net/tensor/./net3/net3_02-11-2016_17h03m16s.ckpt
DEBUG:root:Optimization done.
DEBUG:root:[ Iteration 0 ] Training loss: 0.540805
DEBUG:root:[ Iteration 0 ] Test loss: 0.544548
DEBUG:root:[ Iteration 3 ] Training loss: 0.55014
DEBUG:root:[ Iteration 6 ] Training loss: 0.433871
DEBUG:root:[ Iteration 9 ] Training loss: 0.43733
DEBUG:root:[ Iteration 12 ] Training loss: 0.434885
DEBUG:root:[ Iteration 15 ] Training loss: 0.435581
DEBUG:root:[ Iteration 18 ] Training loss: 0.423898
DEBUG:root:[ Iteration 20 ] Test loss: 0.436679
DEBUG:root:[ Iteration 21 ] Training loss: 0.433176
DEBUG:root:[ Iteration 24 ] Training loss: 0.422497
DEBUG:root:[ Iteration 27 ] Training loss: 0.430414
DEBUG:root:[ Iteration 30 ] Training loss: 0.436677
DEBUG:root:[ Iteration 33 ] Training loss: 0.432949
DEBUG:root:[ Iteration 36 ] Training loss: 0.433772
DEBUG:root:[ Iteration 39 ] Training loss: 0.435098
DEBUG:root:[ Iteration 40 ] Test loss: 0.436679
DEBUG:root:[ Iteration 42 ] Training loss: 0.440968
DEBUG:root:[ Iteration 45 ] Training loss: 0.428038
DEBUG:root:[ Iteration 48 ] Training loss: 0.439893
DEBUG:root:[ Iteration 51 ] Training loss: 0.431639
DEBUG:root:[ Iteration 54 ] Training loss: 0.437032
DEBUG:root:[ Iteration 57 ] Training loss: 0.425803
DEBUG:root:[ Iteration 60 ] Training loss: 0.432699
DEBUG:root:[ Iteration 60 ] Test loss: 0.436679
DEBUG:root:[ Iteration 63 ] Training loss: 0.441493
DEBUG:root:[ Iteration 66 ] Training loss: 0.427359
DEBUG:root:[ Iteration 69 ] Training loss: 0.426393
DEBUG:root:[ Iteration 72 ] Training loss: 0.440813
DEBUG:root:[ Iteration 75 ] Training loss: 0.438108
DEBUG:root:[ Iteration 78 ] Training loss: 0.439254
DEBUG:root:[ Iteration 80 ] Test loss: 0.436679
DEBUG:root:[ Iteration 81 ] Training loss: 0.425248
DEBUG:root:[ Iteration 84 ] Training loss: 0.428853
DEBUG:root:[ Iteration 87 ] Training loss: 0.438362
DEBUG:root:[ Iteration 90 ] Training loss: 0.433945
DEBUG:root:[ Iteration 93 ] Training loss: 0.440838
DEBUG:root:[ Iteration 96 ] Training loss: 0.424124
DEBUG:root:[ Iteration 99 ] Training loss: 0.430831
DEBUG:root:[ Iteration 100 ] Test loss: 0.436679
DEBUG:root:[ Iteration 102 ] Training loss: 0.434048
DEBUG:root:[ Iteration 105 ] Training loss: 0.438461
DEBUG:root:[ Iteration 108 ] Training loss: 0.432013
DEBUG:root:[ Iteration 111 ] Training loss: 0.435875
DEBUG:root:[ Iteration 114 ] Training loss: 0.427674
DEBUG:root:[ Iteration 117 ] Training loss: 0.429063
DEBUG:root:[ Iteration 120 ] Training loss: 0.433176
DEBUG:root:[ Iteration 120 ] Test loss: 0.436679
DEBUG:root:[ Iteration 123 ] Training loss: 0.43461
DEBUG:root:[ Iteration 126 ] Training loss: 0.430256
DEBUG:root:[ Iteration 129 ] Training loss: 0.431623
DEBUG:root:[ Iteration 132 ] Training loss: 0.435939
DEBUG:root:[ Iteration 135 ] Training loss: 0.439205
DEBUG:root:[ Iteration 138 ] Training loss: 0.432963
DEBUG:root:[ Iteration 140 ] Test loss: 0.436679
DEBUG:root:[ Iteration 141 ] Training loss: 0.438186
DEBUG:root:[ Iteration 144 ] Training loss: 0.432471
DEBUG:root:[ Iteration 147 ] Training loss: 0.429637
DEBUG:root:[ Iteration 150 ] Training loss: 0.420386
DEBUG:root:[ Iteration 153 ] Training loss: 0.427082
DEBUG:root:[ Iteration 156 ] Training loss: 0.430394
DEBUG:root:[ Iteration 159 ] Training loss: 0.432622
DEBUG:root:[ Iteration 160 ] Test loss: 0.436679
DEBUG:root:[ Iteration 162 ] Training loss: 0.434584
DEBUG:root:[ Iteration 165 ] Training loss: 0.439871
DEBUG:root:[ Iteration 168 ] Training loss: 0.426764
DEBUG:root:[ Iteration 171 ] Training loss: 0.429283
DEBUG:root:[ Iteration 174 ] Training loss: 0.428354
DEBUG:root:[ Iteration 177 ] Training loss: 0.440622
DEBUG:root:[ Iteration 180 ] Training loss: 0.440318
DEBUG:root:[ Iteration 180 ] Test loss: 0.436679
DEBUG:root:[ Iteration 183 ] Training loss: 0.436974
DEBUG:root:[ Iteration 186 ] Training loss: 0.440257
DEBUG:root:[ Iteration 189 ] Training loss: 0.430305
DEBUG:root:[ Iteration 192 ] Training loss: 0.440897
DEBUG:root:[ Iteration 195 ] Training loss: 0.433137
DEBUG:root:[ Iteration 198 ] Training loss: 0.436696
DEBUG:root:Saving...
DEBUG:root:Saved model to /home/annal/Izzy/vision_amt/Net/tensor/./net3/net3_02-11-2016_17h26m54s.ckpt
DEBUG:root:Optimization done.
DEBUG:root:[ Iteration 0 ] Training loss: 0.568145
DEBUG:root:[ Iteration 0 ] Test loss: 0.530168
DEBUG:root:[ Iteration 3 ] Training loss: 0.545664
DEBUG:root:[ Iteration 6 ] Training loss: 0.543355
DEBUG:root:[ Iteration 9 ] Training loss: 0.547166
DEBUG:root:[ Iteration 12 ] Training loss: 0.537233
DEBUG:root:[ Iteration 15 ] Training loss: 0.543483
DEBUG:root:[ Iteration 18 ] Training loss: 0.499042
DEBUG:root:[ Iteration 20 ] Test loss: 0.431183
DEBUG:root:[ Iteration 21 ] Training loss: 0.428826
DEBUG:root:[ Iteration 24 ] Training loss: 0.424098
DEBUG:root:[ Iteration 27 ] Training loss: 0.43051
DEBUG:root:[ Iteration 30 ] Training loss: 0.438613
DEBUG:root:[ Iteration 33 ] Training loss: 0.439366
DEBUG:root:[ Iteration 36 ] Training loss: 0.431127
DEBUG:root:[ Iteration 39 ] Training loss: 0.434802
DEBUG:root:[ Iteration 40 ] Test loss: 0.436413
DEBUG:root:[ Iteration 42 ] Training loss: 0.433041
DEBUG:root:[ Iteration 45 ] Training loss: 0.437075
DEBUG:root:[ Iteration 48 ] Training loss: 0.432065
DEBUG:root:[ Iteration 51 ] Training loss: 0.432579
DEBUG:root:[ Iteration 54 ] Training loss: 0.432328
DEBUG:root:[ Iteration 57 ] Training loss: 0.425227
DEBUG:root:[ Iteration 60 ] Training loss: 0.429617
DEBUG:root:[ Iteration 60 ] Test loss: 0.436413
DEBUG:root:[ Iteration 63 ] Training loss: 0.430304
DEBUG:root:[ Iteration 66 ] Training loss: 0.435763
DEBUG:root:[ Iteration 69 ] Training loss: 0.43412
DEBUG:root:[ Iteration 72 ] Training loss: 0.436811
DEBUG:root:[ Iteration 75 ] Training loss: 0.434044
DEBUG:root:[ Iteration 78 ] Training loss: 0.44107
DEBUG:root:[ Iteration 80 ] Test loss: 0.436413
DEBUG:root:[ Iteration 81 ] Training loss: 0.43446
DEBUG:root:[ Iteration 84 ] Training loss: 0.435414
DEBUG:root:[ Iteration 87 ] Training loss: 0.441036
DEBUG:root:[ Iteration 90 ] Training loss: 0.42715
DEBUG:root:[ Iteration 93 ] Training loss: 0.434384
DEBUG:root:[ Iteration 96 ] Training loss: 0.439826
DEBUG:root:[ Iteration 99 ] Training loss: 0.435537
DEBUG:root:[ Iteration 100 ] Test loss: 0.436413
DEBUG:root:[ Iteration 102 ] Training loss: 0.423775
DEBUG:root:[ Iteration 105 ] Training loss: 0.432464
DEBUG:root:[ Iteration 108 ] Training loss: 0.434999
DEBUG:root:[ Iteration 111 ] Training loss: 0.429689
DEBUG:root:[ Iteration 114 ] Training loss: 0.43518
DEBUG:root:[ Iteration 117 ] Training loss: 0.425781
DEBUG:root:[ Iteration 120 ] Training loss: 0.442241
DEBUG:root:[ Iteration 120 ] Test loss: 0.436413
DEBUG:root:[ Iteration 123 ] Training loss: 0.431871
DEBUG:root:[ Iteration 126 ] Training loss: 0.443161
DEBUG:root:[ Iteration 129 ] Training loss: 0.432
DEBUG:root:[ Iteration 132 ] Training loss: 0.441892
DEBUG:root:[ Iteration 135 ] Training loss: 0.429238
DEBUG:root:[ Iteration 138 ] Training loss: 0.433791
DEBUG:root:[ Iteration 140 ] Test loss: 0.436413
DEBUG:root:[ Iteration 141 ] Training loss: 0.437166
DEBUG:root:[ Iteration 144 ] Training loss: 0.439935
DEBUG:root:[ Iteration 147 ] Training loss: 0.4279
DEBUG:root:[ Iteration 150 ] Training loss: 0.432161
DEBUG:root:[ Iteration 153 ] Training loss: 0.438383
DEBUG:root:[ Iteration 156 ] Training loss: 0.434607
DEBUG:root:[ Iteration 159 ] Training loss: 0.43116
DEBUG:root:[ Iteration 160 ] Test loss: 0.436413
DEBUG:root:[ Iteration 162 ] Training loss: 0.435425
DEBUG:root:[ Iteration 165 ] Training loss: 0.436447
DEBUG:root:[ Iteration 168 ] Training loss: 0.436035
DEBUG:root:[ Iteration 171 ] Training loss: 0.44379
DEBUG:root:[ Iteration 174 ] Training loss: 0.430829
DEBUG:root:[ Iteration 177 ] Training loss: 0.435423
DEBUG:root:[ Iteration 180 ] Training loss: 0.437597
DEBUG:root:[ Iteration 180 ] Test loss: 0.436413
DEBUG:root:[ Iteration 183 ] Training loss: 0.430665
DEBUG:root:[ Iteration 186 ] Training loss: 0.428463
DEBUG:root:[ Iteration 189 ] Training loss: 0.430054
DEBUG:root:[ Iteration 192 ] Training loss: 0.438906
DEBUG:root:[ Iteration 195 ] Training loss: 0.434672
DEBUG:root:[ Iteration 198 ] Training loss: 0.435306
DEBUG:root:Saving...
DEBUG:root:[ Iteration 0 ] Training loss: 0.534847
DEBUG:root:[ Iteration 0 ] Test loss: 0.522365
DEBUG:root:[ Iteration 3 ] Training loss: 0.518316
DEBUG:root:[ Iteration 6 ] Training loss: 0.516655
DEBUG:root:[ Iteration 9 ] Training loss: 0.50975
DEBUG:root:[ Iteration 12 ] Training loss: 0.529059
DEBUG:root:[ Iteration 15 ] Training loss: 0.51858
DEBUG:root:[ Iteration 18 ] Training loss: 0.523109
DEBUG:root:[ Iteration 20 ] Test loss: 0.505318
DEBUG:root:[ Iteration 21 ] Training loss: 0.507857
DEBUG:root:[ Iteration 24 ] Training loss: 0.437383
DEBUG:root:[ Iteration 27 ] Training loss: 0.472616
DEBUG:root:[ Iteration 30 ] Training loss: 0.463727
DEBUG:root:[ Iteration 33 ] Training loss: 0.464006
DEBUG:root:[ Iteration 36 ] Training loss: 0.467105
DEBUG:root:[ Iteration 39 ] Training loss: 0.46672
DEBUG:root:[ Iteration 40 ] Test loss: 0.466503
DEBUG:root:[ Iteration 42 ] Training loss: 0.460087
DEBUG:root:[ Iteration 45 ] Training loss: 0.464629
DEBUG:root:[ Iteration 48 ] Training loss: 0.461031
DEBUG:root:[ Iteration 51 ] Training loss: 0.465786
DEBUG:root:[ Iteration 54 ] Training loss: 0.469721
DEBUG:root:[ Iteration 57 ] Training loss: 0.459692
DEBUG:root:[ Iteration 60 ] Training loss: 0.463187
DEBUG:root:[ Iteration 60 ] Test loss: 0.466503
DEBUG:root:[ Iteration 63 ] Training loss: 0.465557
DEBUG:root:[ Iteration 66 ] Training loss: 0.473248
DEBUG:root:[ Iteration 69 ] Training loss: 0.48134
DEBUG:root:[ Iteration 72 ] Training loss: 0.484335
DEBUG:root:[ Iteration 75 ] Training loss: 0.470667
DEBUG:root:[ Iteration 78 ] Training loss: 0.466714
DEBUG:root:[ Iteration 80 ] Test loss: 0.466503
DEBUG:root:[ Iteration 81 ] Training loss: 0.459924
DEBUG:root:[ Iteration 84 ] Training loss: 0.466985
DEBUG:root:[ Iteration 87 ] Training loss: 0.468601
DEBUG:root:[ Iteration 90 ] Training loss: 0.476189
DEBUG:root:[ Iteration 93 ] Training loss: 0.466201
DEBUG:root:[ Iteration 96 ] Training loss: 0.465823
DEBUG:root:[ Iteration 99 ] Training loss: 0.464983
DEBUG:root:[ Iteration 100 ] Test loss: 0.466503
DEBUG:root:[ Iteration 102 ] Training loss: 0.465909
DEBUG:root:[ Iteration 105 ] Training loss: 0.472701
DEBUG:root:[ Iteration 108 ] Training loss: 0.467217
DEBUG:root:[ Iteration 111 ] Training loss: 0.467779
DEBUG:root:[ Iteration 114 ] Training loss: 0.472641
DEBUG:root:[ Iteration 117 ] Training loss: 0.476128
DEBUG:root:[ Iteration 120 ] Training loss: 0.466845
DEBUG:root:[ Iteration 120 ] Test loss: 0.466503
DEBUG:root:[ Iteration 123 ] Training loss: 0.477765
DEBUG:root:[ Iteration 126 ] Training loss: 0.468295
DEBUG:root:[ Iteration 129 ] Training loss: 0.472258
DEBUG:root:[ Iteration 132 ] Training loss: 0.473909
DEBUG:root:[ Iteration 135 ] Training loss: 0.462548
DEBUG:root:[ Iteration 138 ] Training loss: 0.473876
DEBUG:root:[ Iteration 140 ] Test loss: 0.466503
DEBUG:root:[ Iteration 141 ] Training loss: 0.477256
DEBUG:root:[ Iteration 144 ] Training loss: 0.471347
DEBUG:root:[ Iteration 147 ] Training loss: 0.479671
DEBUG:root:[ Iteration 150 ] Training loss: 0.466998
DEBUG:root:[ Iteration 153 ] Training loss: 0.48299
DEBUG:root:[ Iteration 156 ] Training loss: 0.47268
DEBUG:root:[ Iteration 159 ] Training loss: 0.465084
DEBUG:root:[ Iteration 160 ] Test loss: 0.466503
DEBUG:root:[ Iteration 162 ] Training loss: 0.468068
DEBUG:root:[ Iteration 165 ] Training loss: 0.47132
DEBUG:root:[ Iteration 168 ] Training loss: 0.462258
DEBUG:root:[ Iteration 171 ] Training loss: 0.468674
DEBUG:root:[ Iteration 174 ] Training loss: 0.46943
DEBUG:root:[ Iteration 177 ] Training loss: 0.465053
DEBUG:root:[ Iteration 180 ] Training loss: 0.472723
DEBUG:root:[ Iteration 180 ] Test loss: 0.466503
DEBUG:root:[ Iteration 183 ] Training loss: 0.469214
DEBUG:root:[ Iteration 186 ] Training loss: 0.473271
DEBUG:root:[ Iteration 189 ] Training loss: 0.468351
DEBUG:root:[ Iteration 192 ] Training loss: 0.474128
DEBUG:root:[ Iteration 195 ] Training loss: 0.47268
DEBUG:root:[ Iteration 198 ] Training loss: 0.468024
DEBUG:root:Saving...
DEBUG:root:[ Iteration 0 ] Training loss: 0.449669
DEBUG:root:[ Iteration 0 ] Test loss: 0.450738
DEBUG:root:[ Iteration 3 ] Training loss: 0.442496
DEBUG:root:[ Iteration 6 ] Training loss: 0.487295
DEBUG:root:[ Iteration 9 ] Training loss: 0.457179
DEBUG:root:[ Iteration 12 ] Training loss: 0.446254
DEBUG:root:[ Iteration 15 ] Training loss: 0.449834
DEBUG:root:[ Iteration 18 ] Training loss: 0.45429
DEBUG:root:[ Iteration 20 ] Test loss: 0.456754
DEBUG:root:[ Iteration 21 ] Training loss: 0.460087
DEBUG:root:[ Iteration 24 ] Training loss: 0.455476
DEBUG:root:[ Iteration 27 ] Training loss: 0.464171
DEBUG:root:[ Iteration 30 ] Training loss: 0.468953
DEBUG:root:[ Iteration 33 ] Training loss: 0.475041
DEBUG:root:[ Iteration 36 ] Training loss: 0.467102
DEBUG:root:[ Iteration 39 ] Training loss: 0.475681
DEBUG:root:[ Iteration 40 ] Test loss: 0.459342
DEBUG:root:[ Iteration 42 ] Training loss: 0.466161
DEBUG:root:[ Iteration 45 ] Training loss: 0.469031
DEBUG:root:[ Iteration 48 ] Training loss: 0.466449
DEBUG:root:[ Iteration 51 ] Training loss: 0.465152
DEBUG:root:[ Iteration 54 ] Training loss: 0.461888
DEBUG:root:[ Iteration 57 ] Training loss: 0.46557
DEBUG:root:[ Iteration 60 ] Training loss: 0.46505
DEBUG:root:[ Iteration 60 ] Test loss: 0.466836
DEBUG:root:[ Iteration 63 ] Training loss: 0.441531
DEBUG:root:[ Iteration 66 ] Training loss: 0.478877
DEBUG:root:[ Iteration 69 ] Training loss: 0.455501
DEBUG:root:[ Iteration 72 ] Training loss: 0.471534
DEBUG:root:[ Iteration 75 ] Training loss: 0.442356
DEBUG:root:[ Iteration 78 ] Training loss: 0.456985
DEBUG:root:[ Iteration 80 ] Test loss: 0.454103
DEBUG:root:[ Iteration 81 ] Training loss: 0.471485
DEBUG:root:[ Iteration 84 ] Training loss: 0.412752
DEBUG:root:[ Iteration 87 ] Training loss: 0.436633
DEBUG:root:[ Iteration 90 ] Training loss: 0.474878
DEBUG:root:[ Iteration 93 ] Training loss: 0.439212
DEBUG:root:[ Iteration 96 ] Training loss: 0.475442
DEBUG:root:[ Iteration 99 ] Training loss: 0.474075
DEBUG:root:[ Iteration 100 ] Test loss: 0.46185
DEBUG:root:[ Iteration 102 ] Training loss: 0.462634
DEBUG:root:[ Iteration 105 ] Training loss: 0.481155
DEBUG:root:[ Iteration 108 ] Training loss: 0.468435
DEBUG:root:[ Iteration 111 ] Training loss: 0.463338
DEBUG:root:[ Iteration 114 ] Training loss: 0.470588
DEBUG:root:[ Iteration 117 ] Training loss: 0.457997
DEBUG:root:[ Iteration 120 ] Training loss: 0.463236
DEBUG:root:[ Iteration 120 ] Test loss: 0.467839
DEBUG:root:[ Iteration 123 ] Training loss: 0.464686
DEBUG:root:[ Iteration 126 ] Training loss: 0.473452
DEBUG:root:[ Iteration 129 ] Training loss: 0.473761
DEBUG:root:[ Iteration 132 ] Training loss: 0.471552
DEBUG:root:[ Iteration 135 ] Training loss: 0.478678
DEBUG:root:[ Iteration 138 ] Training loss: 0.458668
DEBUG:root:[ Iteration 140 ] Test loss: 0.467935
DEBUG:root:[ Iteration 141 ] Training loss: 0.468131
DEBUG:root:[ Iteration 144 ] Training loss: 0.484157
DEBUG:root:[ Iteration 147 ] Training loss: 0.476209
DEBUG:root:[ Iteration 150 ] Training loss: 0.466276
DEBUG:root:[ Iteration 153 ] Training loss: 0.47283
DEBUG:root:[ Iteration 156 ] Training loss: 0.475777
DEBUG:root:[ Iteration 159 ] Training loss: 0.466679
DEBUG:root:[ Iteration 160 ] Test loss: 0.469638
DEBUG:root:[ Iteration 162 ] Training loss: 0.47104
DEBUG:root:[ Iteration 165 ] Training loss: 0.465377
DEBUG:root:[ Iteration 168 ] Training loss: 0.479092
DEBUG:root:[ Iteration 171 ] Training loss: 0.48609
DEBUG:root:[ Iteration 174 ] Training loss: 0.482534
DEBUG:root:[ Iteration 177 ] Training loss: 0.485809
DEBUG:root:[ Iteration 180 ] Training loss: 0.469882
DEBUG:root:[ Iteration 180 ] Test loss: 0.469266
DEBUG:root:[ Iteration 183 ] Training loss: 0.465725
DEBUG:root:[ Iteration 186 ] Training loss: 0.476695
DEBUG:root:[ Iteration 189 ] Training loss: 0.471047
DEBUG:root:[ Iteration 192 ] Training loss: 0.464446
DEBUG:root:[ Iteration 195 ] Training loss: 0.475955
DEBUG:root:[ Iteration 198 ] Training loss: 0.474958
DEBUG:root:Saving...
DEBUG:root:Saved model to /home/annal/Izzy/vision_amt/Net/tensor/./net3/net3_02-11-2016_20h53m07s.ckpt
DEBUG:root:Optimization done.
DEBUG:root:[ Iteration 0 ] Training loss: 0.506313
DEBUG:root:[ Iteration 0 ] Test loss: 0.511257
DEBUG:root:[ Iteration 3 ] Training loss: 0.504425
DEBUG:root:[ Iteration 6 ] Training loss: 0.505995
DEBUG:root:[ Iteration 9 ] Training loss: 0.508304
DEBUG:root:[ Iteration 12 ] Training loss: 0.495667
DEBUG:root:[ Iteration 15 ] Training loss: 0.497174
DEBUG:root:[ Iteration 18 ] Training loss: 0.488412
DEBUG:root:[ Iteration 20 ] Test loss: 0.508002
DEBUG:root:[ Iteration 21 ] Training loss: 0.493854
DEBUG:root:[ Iteration 24 ] Training loss: 0.476827
DEBUG:root:[ Iteration 27 ] Training loss: 0.479588
DEBUG:root:[ Iteration 30 ] Training loss: 0.477428
DEBUG:root:[ Iteration 33 ] Training loss: 0.484303
DEBUG:root:[ Iteration 36 ] Training loss: 0.469655
DEBUG:root:[ Iteration 39 ] Training loss: 0.464996
DEBUG:root:[ Iteration 40 ] Test loss: 0.488327
DEBUG:root:[ Iteration 42 ] Training loss: 0.462655
DEBUG:root:[ Iteration 45 ] Training loss: 0.455975
DEBUG:root:[ Iteration 48 ] Training loss: 0.469564
DEBUG:root:[ Iteration 51 ] Training loss: 0.463536
DEBUG:root:[ Iteration 54 ] Training loss: 0.465718
DEBUG:root:[ Iteration 57 ] Training loss: 0.46774
DEBUG:root:[ Iteration 60 ] Training loss: 0.453256
DEBUG:root:[ Iteration 60 ] Test loss: 0.460157
DEBUG:root:[ Iteration 63 ] Training loss: 0.464905
DEBUG:root:[ Iteration 66 ] Training loss: 0.445495
DEBUG:root:[ Iteration 69 ] Training loss: 0.438526
DEBUG:root:[ Iteration 72 ] Training loss: 0.439719
DEBUG:root:[ Iteration 75 ] Training loss: 0.446773
DEBUG:root:[ Iteration 78 ] Training loss: 0.456474
DEBUG:root:[ Iteration 80 ] Test loss: 0.459016
DEBUG:root:[ Iteration 81 ] Training loss: 0.475421
DEBUG:root:[ Iteration 84 ] Training loss: 0.449121
DEBUG:root:[ Iteration 87 ] Training loss: 0.457166
DEBUG:root:[ Iteration 90 ] Training loss: 0.441315
DEBUG:root:[ Iteration 93 ] Training loss: 0.446864
DEBUG:root:[ Iteration 96 ] Training loss: 0.43237
DEBUG:root:[ Iteration 99 ] Training loss: 0.442461
DEBUG:root:[ Iteration 100 ] Test loss: 0.445854
DEBUG:root:[ Iteration 102 ] Training loss: 0.428068
DEBUG:root:[ Iteration 105 ] Training loss: 0.423358
DEBUG:root:[ Iteration 108 ] Training loss: 0.424648
DEBUG:root:[ Iteration 111 ] Training loss: 0.436238
DEBUG:root:[ Iteration 114 ] Training loss: 0.417861
DEBUG:root:[ Iteration 117 ] Training loss: 0.422106
DEBUG:root:[ Iteration 120 ] Training loss: 0.402812
DEBUG:root:[ Iteration 120 ] Test loss: 0.436932
DEBUG:root:[ Iteration 123 ] Training loss: 0.390863
DEBUG:root:[ Iteration 126 ] Training loss: 0.402579
DEBUG:root:[ Iteration 129 ] Training loss: 0.38049
DEBUG:root:[ Iteration 132 ] Training loss: 0.390791
DEBUG:root:[ Iteration 135 ] Training loss: 0.347129
DEBUG:root:[ Iteration 138 ] Training loss: 0.35973
DEBUG:root:[ Iteration 140 ] Test loss: 0.363146
DEBUG:root:[ Iteration 141 ] Training loss: 0.337614
DEBUG:root:[ Iteration 144 ] Training loss: 0.326469
DEBUG:root:[ Iteration 147 ] Training loss: 0.323672
DEBUG:root:[ Iteration 150 ] Training loss: 0.287123
DEBUG:root:[ Iteration 153 ] Training loss: 0.246207
DEBUG:root:[ Iteration 156 ] Training loss: 0.219209
DEBUG:root:[ Iteration 159 ] Training loss: 0.181449
DEBUG:root:[ Iteration 160 ] Test loss: 0.171045
DEBUG:root:[ Iteration 162 ] Training loss: 0.153289
DEBUG:root:[ Iteration 165 ] Training loss: 0.139827
DEBUG:root:[ Iteration 168 ] Training loss: 0.134437
DEBUG:root:[ Iteration 171 ] Training loss: 0.118841
DEBUG:root:[ Iteration 174 ] Training loss: 0.11013
DEBUG:root:[ Iteration 177 ] Training loss: 0.0980205
DEBUG:root:[ Iteration 180 ] Training loss: 0.0879077
DEBUG:root:[ Iteration 180 ] Test loss: 0.0916187
DEBUG:root:[ Iteration 183 ] Training loss: 0.0800006
DEBUG:root:[ Iteration 186 ] Training loss: 0.0666573
DEBUG:root:[ Iteration 189 ] Training loss: 0.0639398
DEBUG:root:[ Iteration 192 ] Training loss: 0.0562055
DEBUG:root:[ Iteration 195 ] Training loss: 0.0473433
DEBUG:root:[ Iteration 198 ] Training loss: 0.0425372
DEBUG:root:Saving...
DEBUG:root:Saved model to /home/annal/Izzy/vision_amt/Net/tensor/./net3/net3_02-11-2016_20h55m21s.ckpt
DEBUG:root:Optimization done.
DEBUG:root:[ Iteration 0 ] Training loss: 0.510144
DEBUG:root:[ Iteration 0 ] Test loss: 0.488651
DEBUG:root:[ Iteration 3 ] Training loss: 0.48643
DEBUG:root:[ Iteration 6 ] Training loss: 0.473292
DEBUG:root:[ Iteration 9 ] Training loss: 0.494053
DEBUG:root:[ Iteration 12 ] Training loss: 0.488602
DEBUG:root:[ Iteration 15 ] Training loss: 0.479542
DEBUG:root:[ Iteration 18 ] Training loss: 0.485175
DEBUG:root:[ Iteration 20 ] Test loss: 0.466604
DEBUG:root:[ Iteration 21 ] Training loss: 0.481922
DEBUG:root:[ Iteration 24 ] Training loss: 0.484468
DEBUG:root:[ Iteration 27 ] Training loss: 0.462422
DEBUG:root:[ Iteration 30 ] Training loss: 0.476737
DEBUG:root:[ Iteration 33 ] Training loss: 0.451855
DEBUG:root:[ Iteration 36 ] Training loss: 0.461814
DEBUG:root:[ Iteration 39 ] Training loss: 0.464349
DEBUG:root:[ Iteration 40 ] Test loss: 0.456557
DEBUG:root:[ Iteration 42 ] Training loss: 0.454903
DEBUG:root:[ Iteration 45 ] Training loss: 0.443813
DEBUG:root:[ Iteration 48 ] Training loss: 0.442005
DEBUG:root:[ Iteration 51 ] Training loss: 0.408822
DEBUG:root:[ Iteration 54 ] Training loss: 0.408091
DEBUG:root:[ Iteration 57 ] Training loss: 0.407134
DEBUG:root:[ Iteration 60 ] Training loss: 0.391744
DEBUG:root:[ Iteration 60 ] Test loss: 0.404767
DEBUG:root:[ Iteration 63 ] Training loss: 0.378844
DEBUG:root:[ Iteration 66 ] Training loss: 0.384176
DEBUG:root:[ Iteration 69 ] Training loss: 0.388168
DEBUG:root:[ Iteration 72 ] Training loss: 0.387847
DEBUG:root:[ Iteration 75 ] Training loss: 0.373124
DEBUG:root:[ Iteration 78 ] Training loss: 0.379001
DEBUG:root:[ Iteration 80 ] Test loss: 0.381851
DEBUG:root:[ Iteration 81 ] Training loss: 0.370083
DEBUG:root:[ Iteration 84 ] Training loss: 0.364166
DEBUG:root:[ Iteration 87 ] Training loss: 0.36573
DEBUG:root:[ Iteration 90 ] Training loss: 0.345506
DEBUG:root:[ Iteration 93 ] Training loss: 0.35626
DEBUG:root:[ Iteration 96 ] Training loss: 0.354236
DEBUG:root:[ Iteration 99 ] Training loss: 0.345511
DEBUG:root:[ Iteration 100 ] Test loss: 0.367614
DEBUG:root:[ Iteration 102 ] Training loss: 0.334665
DEBUG:root:[ Iteration 105 ] Training loss: 0.335399
DEBUG:root:[ Iteration 108 ] Training loss: 0.333347
DEBUG:root:[ Iteration 111 ] Training loss: 0.330092
DEBUG:root:[ Iteration 114 ] Training loss: 0.32731
DEBUG:root:[ Iteration 117 ] Training loss: 0.321356
DEBUG:root:[ Iteration 120 ] Training loss: 0.310943
DEBUG:root:[ Iteration 120 ] Test loss: 0.346969
DEBUG:root:[ Iteration 123 ] Training loss: 0.298524
DEBUG:root:[ Iteration 126 ] Training loss: 0.28946
DEBUG:root:[ Iteration 129 ] Training loss: 0.267429
DEBUG:root:[ Iteration 132 ] Training loss: 0.242097
DEBUG:root:[ Iteration 135 ] Training loss: 0.239017
DEBUG:root:[ Iteration 138 ] Training loss: 0.20942
DEBUG:root:[ Iteration 140 ] Test loss: 0.230042
DEBUG:root:[ Iteration 141 ] Training loss: 0.19011
DEBUG:root:[ Iteration 144 ] Training loss: 0.166709
DEBUG:root:[ Iteration 147 ] Training loss: 0.154679
DEBUG:root:[ Iteration 150 ] Training loss: 0.129338
DEBUG:root:[ Iteration 153 ] Training loss: 0.135065
DEBUG:root:[ Iteration 156 ] Training loss: 0.117005
DEBUG:root:[ Iteration 159 ] Training loss: 0.107964
DEBUG:root:[ Iteration 160 ] Test loss: 0.12664
DEBUG:root:[ Iteration 162 ] Training loss: 0.094953
DEBUG:root:[ Iteration 165 ] Training loss: 0.0846744
DEBUG:root:[ Iteration 168 ] Training loss: 0.0792538
DEBUG:root:[ Iteration 171 ] Training loss: 0.0686015
DEBUG:root:[ Iteration 174 ] Training loss: 0.0679945
DEBUG:root:[ Iteration 177 ] Training loss: 0.058356
DEBUG:root:[ Iteration 180 ] Training loss: 0.0541007
DEBUG:root:[ Iteration 180 ] Test loss: 0.0717202
DEBUG:root:[ Iteration 183 ] Training loss: 0.054699
DEBUG:root:[ Iteration 186 ] Training loss: 0.0476144
DEBUG:root:[ Iteration 189 ] Training loss: 0.0430215
DEBUG:root:[ Iteration 192 ] Training loss: 0.0378921
DEBUG:root:[ Iteration 195 ] Training loss: 0.0395557
DEBUG:root:[ Iteration 198 ] Training loss: 0.0364887
DEBUG:root:[ Iteration 200 ] Test loss: 0.0537393
DEBUG:root:[ Iteration 201 ] Training loss: 0.0353827
DEBUG:root:[ Iteration 204 ] Training loss: 0.035496
DEBUG:root:[ Iteration 207 ] Training loss: 0.0329886
DEBUG:root:[ Iteration 210 ] Training loss: 0.0262259
DEBUG:root:[ Iteration 213 ] Training loss: 0.0294839
DEBUG:root:[ Iteration 216 ] Training loss: 0.0242575
DEBUG:root:[ Iteration 219 ] Training loss: 0.0249339
DEBUG:root:[ Iteration 220 ] Test loss: 0.040054
DEBUG:root:[ Iteration 222 ] Training loss: 0.0225099
DEBUG:root:[ Iteration 225 ] Training loss: 0.0221403
DEBUG:root:[ Iteration 228 ] Training loss: 0.0230872
DEBUG:root:[ Iteration 231 ] Training loss: 0.0224055
DEBUG:root:[ Iteration 234 ] Training loss: 0.0186852
DEBUG:root:[ Iteration 237 ] Training loss: 0.0181215
DEBUG:root:[ Iteration 240 ] Training loss: 0.0197916
DEBUG:root:[ Iteration 240 ] Test loss: 0.0357925
DEBUG:root:[ Iteration 243 ] Training loss: 0.0174416
DEBUG:root:[ Iteration 246 ] Training loss: 0.0150643
DEBUG:root:[ Iteration 249 ] Training loss: 0.0189011
DEBUG:root:[ Iteration 252 ] Training loss: 0.0157349
DEBUG:root:[ Iteration 255 ] Training loss: 0.0156874
DEBUG:root:[ Iteration 258 ] Training loss: 0.0142764
DEBUG:root:[ Iteration 260 ] Test loss: 0.0293607
DEBUG:root:[ Iteration 261 ] Training loss: 0.0148297
DEBUG:root:[ Iteration 264 ] Training loss: 0.0129354
DEBUG:root:[ Iteration 267 ] Training loss: 0.0142378
DEBUG:root:[ Iteration 270 ] Training loss: 0.0128309
DEBUG:root:[ Iteration 273 ] Training loss: 0.0142698
DEBUG:root:[ Iteration 276 ] Training loss: 0.0126367
DEBUG:root:[ Iteration 279 ] Training loss: 0.0123575
DEBUG:root:[ Iteration 280 ] Test loss: 0.0270436
DEBUG:root:[ Iteration 282 ] Training loss: 0.0122691
DEBUG:root:[ Iteration 285 ] Training loss: 0.0119004
DEBUG:root:[ Iteration 288 ] Training loss: 0.0102251
DEBUG:root:[ Iteration 291 ] Training loss: 0.0109221
DEBUG:root:[ Iteration 294 ] Training loss: 0.0108663
DEBUG:root:[ Iteration 297 ] Training loss: 0.00969883
DEBUG:root:[ Iteration 300 ] Training loss: 0.00974742
DEBUG:root:[ Iteration 300 ] Test loss: 0.0235132
DEBUG:root:[ Iteration 303 ] Training loss: 0.0107863
DEBUG:root:[ Iteration 306 ] Training loss: 0.00923973
DEBUG:root:[ Iteration 309 ] Training loss: 0.00902378
DEBUG:root:[ Iteration 312 ] Training loss: 0.00935624
DEBUG:root:[ Iteration 315 ] Training loss: 0.00878763
DEBUG:root:[ Iteration 318 ] Training loss: 0.0098545
DEBUG:root:[ Iteration 320 ] Test loss: 0.0222151
DEBUG:root:[ Iteration 321 ] Training loss: 0.0078019
DEBUG:root:[ Iteration 324 ] Training loss: 0.00734619
DEBUG:root:[ Iteration 327 ] Training loss: 0.00886312
DEBUG:root:[ Iteration 330 ] Training loss: 0.00855192
DEBUG:root:[ Iteration 333 ] Training loss: 0.00789652
DEBUG:root:[ Iteration 336 ] Training loss: 0.00789259
DEBUG:root:[ Iteration 339 ] Training loss: 0.00704141
DEBUG:root:[ Iteration 340 ] Test loss: 0.0203402
DEBUG:root:[ Iteration 342 ] Training loss: 0.0066617
DEBUG:root:[ Iteration 345 ] Training loss: 0.00677075
DEBUG:root:[ Iteration 348 ] Training loss: 0.00728188
DEBUG:root:[ Iteration 351 ] Training loss: 0.0076513
DEBUG:root:[ Iteration 354 ] Training loss: 0.00741459
DEBUG:root:[ Iteration 357 ] Training loss: 0.00671289
DEBUG:root:[ Iteration 360 ] Training loss: 0.00641954
DEBUG:root:[ Iteration 360 ] Test loss: 0.0185756
DEBUG:root:[ Iteration 363 ] Training loss: 0.00625558
DEBUG:root:[ Iteration 366 ] Training loss: 0.00586761
DEBUG:root:[ Iteration 369 ] Training loss: 0.00628442
DEBUG:root:[ Iteration 372 ] Training loss: 0.00609521
DEBUG:root:[ Iteration 375 ] Training loss: 0.00583283
DEBUG:root:[ Iteration 378 ] Training loss: 0.00504001
DEBUG:root:[ Iteration 380 ] Test loss: 0.0179679
DEBUG:root:[ Iteration 381 ] Training loss: 0.00576285
DEBUG:root:[ Iteration 384 ] Training loss: 0.00547119
DEBUG:root:[ Iteration 387 ] Training loss: 0.00549417
DEBUG:root:[ Iteration 390 ] Training loss: 0.00569271
DEBUG:root:[ Iteration 393 ] Training loss: 0.00491249
DEBUG:root:[ Iteration 396 ] Training loss: 0.00564253
DEBUG:root:[ Iteration 399 ] Training loss: 0.00486488
DEBUG:root:Saving...
DEBUG:root:Saved model to /home/annal/Izzy/vision_amt/Net/tensor/./net3/net3_02-11-2016_21h16m25s.ckpt
DEBUG:root:Optimization done.
