DEBUG:root:[ Iteration 0 ] Training loss: 0.63255
DEBUG:root:[ Iteration 1 ] Training loss: 0.645615
DEBUG:root:Saving...
DEBUG:root:Saved model to ./net2/net2_01-19-2016_15h08m38s.ckpt
DEBUG:root:Optimization done.
DEBUG:root:[ Iteration 0 ] Training loss: 0.550804
DEBUG:root:Saving...
DEBUG:root:Saved model to ./net2/net2_01-19-2016_15h12m51s.ckpt
DEBUG:root:Optimization done.
DEBUG:root:Saving...
DEBUG:root:Saved model to ./net2/net2_01-19-2016_15h14m33s.ckpt
DEBUG:root:Optimization done.
DEBUG:root:[ Iteration 0 ] Training loss: 0.554755
DEBUG:root:Saving...
DEBUG:root:Saved model to ./net2/net2_01-19-2016_15h27m30s.ckpt
DEBUG:root:Optimization done.
DEBUG:root:[ Iteration 0 ] Training loss: 0.655223
DEBUG:root:[ Iteration 5 ] Training loss: 0.592821
DEBUG:root:[ Iteration 10 ] Training loss: 0.539573
DEBUG:root:Saving...
DEBUG:root:Saved model to ./net2/net2_01-19-2016_15h33m02s.ckpt
DEBUG:root:Optimization done.
DEBUG:root:[ Iteration 0 ] Training loss: 0.615939
DEBUG:root:[ Iteration 0 ] Training loss: 0.583695
DEBUG:root:[ Iteration 5 ] Training loss: 0.506494
DEBUG:root:[ Iteration 10 ] Training loss: 0.514003
DEBUG:root:[ Iteration 15 ] Training loss: 0.501264
DEBUG:root:[ Iteration 20 ] Training loss: 0.480142
DEBUG:root:[ Iteration 25 ] Training loss: 0.474973
DEBUG:root:[ Iteration 30 ] Training loss: 0.415107
DEBUG:root:[ Iteration 35 ] Training loss: 0.411865
DEBUG:root:[ Iteration 40 ] Training loss: 0.420939
DEBUG:root:[ Iteration 45 ] Training loss: 0.389907
DEBUG:root:[ Iteration 50 ] Training loss: 0.370869
DEBUG:root:[ Iteration 55 ] Training loss: 0.34925
DEBUG:root:[ Iteration 60 ] Training loss: 0.322508
DEBUG:root:[ Iteration 65 ] Training loss: 0.281915
DEBUG:root:[ Iteration 70 ] Training loss: 0.274295
DEBUG:root:[ Iteration 75 ] Training loss: 0.271252
DEBUG:root:[ Iteration 80 ] Training loss: 0.237116
DEBUG:root:[ Iteration 85 ] Training loss: 0.228548
DEBUG:root:[ Iteration 90 ] Training loss: 0.194396
DEBUG:root:[ Iteration 95 ] Training loss: 0.178024
DEBUG:root:Saving...
DEBUG:root:Saved model to ./net2/net2_01-21-2016_02h14m08s.ckpt
DEBUG:root:Optimization done.
DEBUG:root:[ Iteration 0 ] Training loss: 0.159737
DEBUG:root:[ Iteration 5 ] Training loss: 0.147316
DEBUG:root:[ Iteration 10 ] Training loss: 0.131477
DEBUG:root:[ Iteration 15 ] Training loss: 0.126555
DEBUG:root:[ Iteration 20 ] Training loss: 0.141791
DEBUG:root:[ Iteration 25 ] Training loss: 0.123706
DEBUG:root:[ Iteration 30 ] Training loss: 0.125363
DEBUG:root:[ Iteration 35 ] Training loss: 0.117381
DEBUG:root:[ Iteration 40 ] Training loss: 0.104424
DEBUG:root:[ Iteration 45 ] Training loss: 0.113165
DEBUG:root:[ Iteration 50 ] Training loss: 0.110836
DEBUG:root:[ Iteration 55 ] Training loss: 0.115741
DEBUG:root:[ Iteration 60 ] Training loss: 0.102845
DEBUG:root:[ Iteration 65 ] Training loss: 0.111072
DEBUG:root:[ Iteration 70 ] Training loss: 0.112455
DEBUG:root:[ Iteration 75 ] Training loss: 0.108018
DEBUG:root:[ Iteration 80 ] Training loss: 0.101678
DEBUG:root:[ Iteration 85 ] Training loss: 0.116794
DEBUG:root:[ Iteration 90 ] Training loss: 0.111663
DEBUG:root:[ Iteration 95 ] Training loss: 0.107484
DEBUG:root:[ Iteration 100 ] Training loss: 0.104256
DEBUG:root:[ Iteration 105 ] Training loss: 0.101766
DEBUG:root:[ Iteration 110 ] Training loss: 0.109277
DEBUG:root:[ Iteration 115 ] Training loss: 0.109134
DEBUG:root:[ Iteration 120 ] Training loss: 0.1007
DEBUG:root:[ Iteration 125 ] Training loss: 0.102354
DEBUG:root:[ Iteration 130 ] Training loss: 0.0985823
DEBUG:root:[ Iteration 135 ] Training loss: 0.0971849
DEBUG:root:[ Iteration 140 ] Training loss: 0.0967903
DEBUG:root:[ Iteration 145 ] Training loss: 0.10013
DEBUG:root:[ Iteration 150 ] Training loss: 0.094482
DEBUG:root:[ Iteration 155 ] Training loss: 0.0966946
DEBUG:root:[ Iteration 160 ] Training loss: 0.0991043
DEBUG:root:[ Iteration 165 ] Training loss: 0.0954673
DEBUG:root:[ Iteration 170 ] Training loss: 0.0937834
DEBUG:root:[ Iteration 175 ] Training loss: 0.0908793
DEBUG:root:[ Iteration 180 ] Training loss: 0.0899597
DEBUG:root:[ Iteration 185 ] Training loss: 0.0940764
DEBUG:root:[ Iteration 190 ] Training loss: 0.0978923
DEBUG:root:[ Iteration 195 ] Training loss: 0.101057
DEBUG:root:[ Iteration 200 ] Training loss: 0.0905998
DEBUG:root:[ Iteration 205 ] Training loss: 0.0920158
DEBUG:root:[ Iteration 210 ] Training loss: 0.0931174
DEBUG:root:[ Iteration 215 ] Training loss: 0.0972325
DEBUG:root:[ Iteration 220 ] Training loss: 0.0936714
DEBUG:root:[ Iteration 225 ] Training loss: 0.0920038
DEBUG:root:[ Iteration 230 ] Training loss: 0.0875553
DEBUG:root:[ Iteration 235 ] Training loss: 0.0867725
DEBUG:root:[ Iteration 240 ] Training loss: 0.0908343
DEBUG:root:[ Iteration 245 ] Training loss: 0.0925726
DEBUG:root:[ Iteration 250 ] Training loss: 0.0859913
DEBUG:root:[ Iteration 255 ] Training loss: 0.0902558
DEBUG:root:[ Iteration 260 ] Training loss: 0.0899548
DEBUG:root:[ Iteration 265 ] Training loss: 0.088673
DEBUG:root:[ Iteration 270 ] Training loss: 0.0849882
DEBUG:root:[ Iteration 275 ] Training loss: 0.0885565
DEBUG:root:[ Iteration 280 ] Training loss: 0.0828722
DEBUG:root:[ Iteration 285 ] Training loss: 0.089469
DEBUG:root:[ Iteration 290 ] Training loss: 0.0887752
DEBUG:root:[ Iteration 295 ] Training loss: 0.0869224
DEBUG:root:Saving...
DEBUG:root:Saved model to net2/net2_01-21-2016_02h14m08s.ckpt
DEBUG:root:Optimization done.
